Starting event loop
Total Number of Files in this Job: 53
File 1 out of 53
Total Entries is:
23970
0/23970
1000/23970
2000/23970
3000/23970
4000/23970
5000/23970
6000/23970
7000/23970
8000/23970
9000/23970
10000/23970
11000/23970
12000/23970
13000/23970
14000/23970
15000/23970
16000/23970
17000/23970
18000/23970
19000/23970
20000/23970
21000/23970
22000/23970
23000/23970
File 2 out of 53
Total Entries is:
18902
0/18902
1000/18902
2000/18902
3000/18902
4000/18902
5000/18902
6000/18902
7000/18902
8000/18902
9000/18902
10000/18902
11000/18902
12000/18902
13000/18902
14000/18902
15000/18902
16000/18902
17000/18902
18000/18902
File 3 out of 53
Total Entries is:
17447
0/17447
1000/17447
2000/17447
3000/17447
4000/17447
5000/17447
6000/17447
7000/17447
8000/17447
9000/17447
10000/17447
11000/17447
12000/17447
13000/17447
14000/17447
15000/17447
16000/17447
17000/17447
File 4 out of 53
Total Entries is:
27056
0/27056
1000/27056
2000/27056
3000/27056
4000/27056
5000/27056
6000/27056
7000/27056
8000/27056
9000/27056
10000/27056
11000/27056
12000/27056
13000/27056
14000/27056
15000/27056
16000/27056
17000/27056
18000/27056
19000/27056
20000/27056
21000/27056
22000/27056
23000/27056
24000/27056
25000/27056
26000/27056
27000/27056
File 5 out of 53
Total Entries is:
29570
0/29570
1000/29570
2000/29570
3000/29570
4000/29570
5000/29570
6000/29570
7000/29570
8000/29570
9000/29570
10000/29570
11000/29570
12000/29570
13000/29570
14000/29570
15000/29570
16000/29570
17000/29570
18000/29570
19000/29570
20000/29570
21000/29570
22000/29570
23000/29570
24000/29570
25000/29570
26000/29570
27000/29570
28000/29570
29000/29570
File 6 out of 53
Total Entries is:
28478
0/28478
1000/28478
2000/28478
3000/28478
4000/28478
5000/28478
6000/28478
7000/28478
8000/28478
9000/28478
10000/28478
11000/28478
12000/28478
13000/28478
14000/28478
15000/28478
16000/28478
17000/28478
18000/28478
19000/28478
20000/28478
21000/28478
22000/28478
23000/28478
24000/28478
25000/28478
26000/28478
27000/28478
28000/28478
File 7 out of 53
Total Entries is:
18628
0/18628
1000/18628
2000/18628
3000/18628
4000/18628
5000/18628
6000/18628
7000/18628
8000/18628
9000/18628
10000/18628
11000/18628
12000/18628
13000/18628
14000/18628
15000/18628
16000/18628
17000/18628
18000/18628
File 8 out of 53
Total Entries is:
32301
0/32301
1000/32301
2000/32301
3000/32301
4000/32301
5000/32301
6000/32301
7000/32301
8000/32301
9000/32301
10000/32301
11000/32301
12000/32301
13000/32301
14000/32301
15000/32301
16000/32301
17000/32301
18000/32301
19000/32301
20000/32301
21000/32301
22000/32301
23000/32301
24000/32301
25000/32301
26000/32301
27000/32301
28000/32301
29000/32301
30000/32301
31000/32301
32000/32301
File 9 out of 53
Total Entries is:
23850
0/23850
1000/23850
2000/23850
3000/23850
4000/23850
5000/23850
6000/23850
7000/23850
8000/23850
9000/23850
10000/23850
11000/23850
12000/23850
13000/23850
14000/23850
15000/23850
16000/23850
17000/23850
18000/23850
19000/23850
20000/23850
21000/23850
22000/23850
23000/23850
File 10 out of 53
Total Entries is:
21707
0/21707
1000/21707
2000/21707
3000/21707
4000/21707
5000/21707
6000/21707
7000/21707
8000/21707
9000/21707
10000/21707
11000/21707
12000/21707
13000/21707
14000/21707
15000/21707
16000/21707
17000/21707
18000/21707
19000/21707
20000/21707
21000/21707
File 11 out of 53
Total Entries is:
34902
0/34902
1000/34902
2000/34902
3000/34902
4000/34902
5000/34902
6000/34902
7000/34902
8000/34902
9000/34902
10000/34902
11000/34902
12000/34902
13000/34902
14000/34902
15000/34902
16000/34902
17000/34902
18000/34902
19000/34902
20000/34902
21000/34902
22000/34902
23000/34902
24000/34902
25000/34902
26000/34902
27000/34902
28000/34902
29000/34902
30000/34902
31000/34902
32000/34902
33000/34902
34000/34902
File 12 out of 53
Total Entries is:
22782
0/22782
1000/22782
2000/22782
3000/22782
4000/22782
5000/22782
6000/22782
7000/22782
8000/22782
9000/22782
10000/22782
11000/22782
12000/22782
13000/22782
14000/22782
15000/22782
16000/22782
17000/22782
18000/22782
19000/22782
20000/22782
21000/22782
22000/22782
File 13 out of 53
Total Entries is:
25865
0/25865
1000/25865
2000/25865
3000/25865
4000/25865
5000/25865
6000/25865
7000/25865
8000/25865
9000/25865
10000/25865
11000/25865
12000/25865
13000/25865
14000/25865
15000/25865
16000/25865
17000/25865
18000/25865
19000/25865
20000/25865
21000/25865
22000/25865
23000/25865
24000/25865
25000/25865
File 14 out of 53
Total Entries is:
25885
0/25885
1000/25885
2000/25885
3000/25885
4000/25885
5000/25885
6000/25885
7000/25885
8000/25885
9000/25885
10000/25885
11000/25885
12000/25885
13000/25885
14000/25885
15000/25885
16000/25885
17000/25885
18000/25885
19000/25885
20000/25885
21000/25885
22000/25885
23000/25885
24000/25885
25000/25885
File 15 out of 53
Total Entries is:
26919
0/26919
1000/26919
2000/26919
3000/26919
4000/26919
5000/26919
6000/26919
7000/26919
8000/26919
9000/26919
10000/26919
11000/26919
12000/26919
13000/26919
14000/26919
15000/26919
16000/26919
17000/26919
18000/26919
19000/26919
20000/26919
21000/26919
22000/26919
23000/26919
24000/26919
25000/26919
26000/26919
File 16 out of 53
Total Entries is:
23316
0/23316
1000/23316
2000/23316
3000/23316
4000/23316
5000/23316
6000/23316
7000/23316
8000/23316
9000/23316
10000/23316
11000/23316
12000/23316
13000/23316
14000/23316
15000/23316
16000/23316
17000/23316
18000/23316
19000/23316
20000/23316
21000/23316
22000/23316
23000/23316
File 17 out of 53
Total Entries is:
20353
0/20353
1000/20353
2000/20353
3000/20353
4000/20353
5000/20353
6000/20353
7000/20353
8000/20353
9000/20353
10000/20353
11000/20353
12000/20353
13000/20353
14000/20353
15000/20353
16000/20353
17000/20353
18000/20353
19000/20353
20000/20353
File 18 out of 53
Total Entries is:
28943
0/28943
1000/28943
2000/28943
3000/28943
4000/28943
5000/28943
6000/28943
7000/28943
8000/28943
9000/28943
10000/28943
11000/28943
12000/28943
13000/28943
14000/28943
15000/28943
16000/28943
17000/28943
18000/28943
19000/28943
20000/28943
21000/28943
22000/28943
23000/28943
24000/28943
25000/28943
26000/28943
27000/28943
28000/28943
File 19 out of 53
Total Entries is:
35780
0/35780
1000/35780
2000/35780
3000/35780
4000/35780
5000/35780
6000/35780
7000/35780
8000/35780
9000/35780
10000/35780
11000/35780
12000/35780
13000/35780
14000/35780
15000/35780
16000/35780
17000/35780
18000/35780
19000/35780
20000/35780
21000/35780
22000/35780
23000/35780
24000/35780
25000/35780
26000/35780
27000/35780
28000/35780
29000/35780
30000/35780
31000/35780
32000/35780
33000/35780
34000/35780
35000/35780
File 20 out of 53
Total Entries is:
26626
0/26626
1000/26626
2000/26626
3000/26626
4000/26626
5000/26626
6000/26626
7000/26626
8000/26626
9000/26626
10000/26626
11000/26626
12000/26626
13000/26626
14000/26626
15000/26626
16000/26626
17000/26626
18000/26626
19000/26626
20000/26626
21000/26626
22000/26626
23000/26626
24000/26626
25000/26626
26000/26626
File 21 out of 53
Total Entries is:
29055
0/29055
1000/29055
2000/29055
3000/29055
4000/29055
5000/29055
6000/29055
7000/29055
8000/29055
9000/29055
10000/29055
11000/29055
12000/29055
13000/29055
14000/29055
15000/29055
16000/29055
17000/29055
18000/29055
19000/29055
20000/29055
21000/29055
22000/29055
23000/29055
24000/29055
25000/29055
26000/29055
27000/29055
28000/29055
29000/29055
File 22 out of 53
Total Entries is:
27189
0/27189
1000/27189
2000/27189
3000/27189
4000/27189
5000/27189
6000/27189
7000/27189
8000/27189
9000/27189
10000/27189
11000/27189
12000/27189
13000/27189
14000/27189
15000/27189
16000/27189
17000/27189
18000/27189
19000/27189
20000/27189
21000/27189
22000/27189
23000/27189
24000/27189
25000/27189
26000/27189
27000/27189
File 23 out of 53
Total Entries is:
18934
0/18934
1000/18934
2000/18934
3000/18934
4000/18934
5000/18934
6000/18934
7000/18934
8000/18934
9000/18934
10000/18934
11000/18934
12000/18934
13000/18934
14000/18934
15000/18934
16000/18934
17000/18934
18000/18934
File 24 out of 53
Total Entries is:
26525
0/26525
1000/26525
2000/26525
3000/26525
4000/26525
5000/26525
6000/26525
7000/26525
8000/26525
9000/26525
10000/26525
11000/26525
12000/26525
13000/26525
14000/26525
15000/26525
16000/26525
17000/26525
18000/26525
19000/26525
20000/26525
21000/26525
22000/26525
23000/26525
24000/26525
25000/26525
26000/26525
File 25 out of 53
Total Entries is:
25543
0/25543
1000/25543
2000/25543
3000/25543
4000/25543
5000/25543
6000/25543
7000/25543
8000/25543
9000/25543
10000/25543
11000/25543
12000/25543
13000/25543
14000/25543
15000/25543
16000/25543
17000/25543
18000/25543
19000/25543
20000/25543
21000/25543
22000/25543
23000/25543
24000/25543
25000/25543
File 26 out of 53
Total Entries is:
21027
0/21027
1000/21027
2000/21027
3000/21027
4000/21027
5000/21027
6000/21027
7000/21027
8000/21027
9000/21027
10000/21027
11000/21027
12000/21027
13000/21027
14000/21027
15000/21027
16000/21027
17000/21027
18000/21027
19000/21027
20000/21027
21000/21027
File 27 out of 53
Total Entries is:
28614
0/28614
1000/28614
2000/28614
3000/28614
4000/28614
5000/28614
6000/28614
7000/28614
8000/28614
9000/28614
10000/28614
11000/28614
12000/28614
13000/28614
14000/28614
15000/28614
16000/28614
17000/28614
18000/28614
19000/28614
20000/28614
21000/28614
22000/28614
23000/28614
24000/28614
25000/28614
26000/28614
27000/28614
28000/28614
File 28 out of 53
Total Entries is:
29529
0/29529
1000/29529
2000/29529
3000/29529
4000/29529
5000/29529
6000/29529
7000/29529
8000/29529
9000/29529
10000/29529
11000/29529
12000/29529
13000/29529
14000/29529
15000/29529
16000/29529
17000/29529
18000/29529
19000/29529
20000/29529
21000/29529
22000/29529
23000/29529
24000/29529
25000/29529
26000/29529
27000/29529
28000/29529
29000/29529
File 29 out of 53
Total Entries is:
27695
0/27695
1000/27695
2000/27695
3000/27695
4000/27695
5000/27695
6000/27695
7000/27695
8000/27695
9000/27695
10000/27695
11000/27695
12000/27695
13000/27695
14000/27695
15000/27695
16000/27695
17000/27695
18000/27695
19000/27695
20000/27695
21000/27695
22000/27695
23000/27695
24000/27695
25000/27695
26000/27695
27000/27695
File 30 out of 53
Total Entries is:
29982
0/29982
1000/29982
2000/29982
3000/29982
4000/29982
5000/29982
6000/29982
7000/29982
8000/29982
9000/29982
10000/29982
11000/29982
12000/29982
13000/29982
14000/29982
15000/29982
16000/29982
17000/29982
18000/29982
19000/29982
20000/29982
21000/29982
22000/29982
23000/29982
24000/29982
25000/29982
26000/29982
27000/29982
28000/29982
29000/29982
File 31 out of 53
Total Entries is:
32867
0/32867
1000/32867
2000/32867
3000/32867
4000/32867
5000/32867
6000/32867
7000/32867
8000/32867
9000/32867
10000/32867
11000/32867
12000/32867
13000/32867
14000/32867
15000/32867
16000/32867
17000/32867
18000/32867
19000/32867
20000/32867
21000/32867
22000/32867
23000/32867
24000/32867
25000/32867
26000/32867
27000/32867
28000/32867
29000/32867
30000/32867
31000/32867
32000/32867
File 32 out of 53
Total Entries is:
19555
0/19555
1000/19555
2000/19555
3000/19555
4000/19555
5000/19555
6000/19555
7000/19555
8000/19555
9000/19555
10000/19555
11000/19555
12000/19555
13000/19555
14000/19555
15000/19555
16000/19555
17000/19555
18000/19555
19000/19555
File 33 out of 53
Total Entries is:
20157
0/20157
1000/20157
2000/20157
3000/20157
4000/20157
5000/20157
6000/20157
7000/20157
8000/20157
9000/20157
10000/20157
11000/20157
12000/20157
13000/20157
14000/20157
15000/20157
16000/20157
17000/20157
18000/20157
19000/20157
20000/20157
File 34 out of 53
Total Entries is:
22828
0/22828
1000/22828
2000/22828
3000/22828
4000/22828
5000/22828
6000/22828
7000/22828
8000/22828
9000/22828
10000/22828
11000/22828
12000/22828
13000/22828
14000/22828
15000/22828
16000/22828
17000/22828
18000/22828
19000/22828
20000/22828
21000/22828
22000/22828
File 35 out of 53
Total Entries is:
31701
0/31701
1000/31701
2000/31701
3000/31701
4000/31701
5000/31701
6000/31701
7000/31701
8000/31701
9000/31701
10000/31701
11000/31701
12000/31701
13000/31701
14000/31701
15000/31701
16000/31701
17000/31701
18000/31701
19000/31701
20000/31701
21000/31701
22000/31701
23000/31701
24000/31701
25000/31701
26000/31701
27000/31701
28000/31701
29000/31701
30000/31701
31000/31701
File 36 out of 53
Total Entries is:
28105
0/28105
1000/28105
2000/28105
3000/28105
4000/28105
5000/28105
6000/28105
7000/28105
8000/28105
9000/28105
10000/28105
11000/28105
12000/28105
13000/28105
14000/28105
15000/28105
16000/28105
17000/28105
18000/28105
19000/28105
20000/28105
21000/28105
22000/28105
23000/28105
24000/28105
25000/28105
26000/28105
27000/28105
28000/28105
File 37 out of 53
Total Entries is:
24760
0/24760
1000/24760
2000/24760
3000/24760
4000/24760
5000/24760
6000/24760
7000/24760
8000/24760
9000/24760
10000/24760
11000/24760
12000/24760
13000/24760
14000/24760
15000/24760
16000/24760
17000/24760
18000/24760
19000/24760
20000/24760
21000/24760
22000/24760
23000/24760
24000/24760
File 38 out of 53
Total Entries is:
24742
0/24742
1000/24742
2000/24742
3000/24742
4000/24742
5000/24742
6000/24742
7000/24742
8000/24742
9000/24742
10000/24742
11000/24742
12000/24742
13000/24742
14000/24742
15000/24742
16000/24742
17000/24742
18000/24742
19000/24742
20000/24742
21000/24742
22000/24742
23000/24742
24000/24742
File 39 out of 53
Total Entries is:
26231
0/26231
1000/26231
2000/26231
3000/26231
4000/26231
5000/26231
6000/26231
7000/26231
8000/26231
9000/26231
10000/26231
11000/26231
12000/26231
13000/26231
14000/26231
15000/26231
16000/26231
17000/26231
18000/26231
19000/26231
20000/26231
21000/26231
22000/26231
23000/26231
24000/26231
25000/26231
26000/26231
File 40 out of 53
Total Entries is:
22495
0/22495
1000/22495
2000/22495
3000/22495
4000/22495
5000/22495
6000/22495
7000/22495
8000/22495
9000/22495
10000/22495
11000/22495
12000/22495
13000/22495
14000/22495
15000/22495
16000/22495
17000/22495
18000/22495
19000/22495
20000/22495
21000/22495
22000/22495
File 41 out of 53
Total Entries is:
29504
0/29504
1000/29504
2000/29504
3000/29504
4000/29504
5000/29504
6000/29504
7000/29504
8000/29504
9000/29504
10000/29504
11000/29504
12000/29504
13000/29504
14000/29504
15000/29504
16000/29504
17000/29504
18000/29504
19000/29504
20000/29504
21000/29504
22000/29504
23000/29504
24000/29504
25000/29504
26000/29504
27000/29504
28000/29504
29000/29504
File 42 out of 53
Total Entries is:
27214
0/27214
1000/27214
2000/27214
3000/27214
4000/27214
5000/27214
6000/27214
7000/27214
8000/27214
9000/27214
10000/27214
11000/27214
12000/27214
13000/27214
14000/27214
15000/27214
16000/27214
17000/27214
18000/27214
19000/27214
20000/27214
21000/27214
22000/27214
23000/27214
24000/27214
25000/27214
26000/27214
27000/27214
File 43 out of 53
Total Entries is:
34272
0/34272
1000/34272
2000/34272
3000/34272
4000/34272
5000/34272
6000/34272
7000/34272
8000/34272
9000/34272
10000/34272
11000/34272
12000/34272
13000/34272
14000/34272
15000/34272
16000/34272
17000/34272
18000/34272
19000/34272
20000/34272
21000/34272
22000/34272
23000/34272
24000/34272
25000/34272
26000/34272
27000/34272
28000/34272
29000/34272
30000/34272
31000/34272
32000/34272
33000/34272
34000/34272
File 44 out of 53
Total Entries is:
21888
0/21888
1000/21888
2000/21888
3000/21888
4000/21888
5000/21888
6000/21888
7000/21888
8000/21888
9000/21888
10000/21888
11000/21888
12000/21888
13000/21888
14000/21888
15000/21888
16000/21888
17000/21888
18000/21888
19000/21888
20000/21888
21000/21888
File 45 out of 53
Total Entries is:
26398
0/26398
1000/26398
2000/26398
3000/26398
4000/26398
5000/26398
6000/26398
7000/26398
8000/26398
9000/26398
10000/26398
11000/26398
12000/26398
13000/26398
14000/26398
15000/26398
16000/26398
17000/26398
18000/26398
19000/26398
20000/26398
21000/26398
22000/26398
23000/26398
24000/26398
25000/26398
26000/26398
File 46 out of 53
Total Entries is:
23160
0/23160
1000/23160
2000/23160
3000/23160
4000/23160
5000/23160
6000/23160
7000/23160
8000/23160
9000/23160
10000/23160
11000/23160
12000/23160
13000/23160
14000/23160
15000/23160
16000/23160
17000/23160
18000/23160
19000/23160
20000/23160
21000/23160
22000/23160
23000/23160
File 47 out of 53
Total Entries is:
22915
0/22915
1000/22915
2000/22915
3000/22915
4000/22915
5000/22915
6000/22915
7000/22915
8000/22915
9000/22915
10000/22915
11000/22915
12000/22915
13000/22915
14000/22915
15000/22915
16000/22915
17000/22915
18000/22915
19000/22915
20000/22915
21000/22915
22000/22915
File 48 out of 53
Total Entries is:
28196
0/28196
1000/28196
2000/28196
3000/28196
4000/28196
5000/28196
6000/28196
7000/28196
8000/28196
9000/28196
10000/28196
11000/28196
12000/28196
13000/28196
14000/28196
15000/28196
16000/28196
17000/28196
18000/28196
19000/28196
20000/28196
21000/28196
22000/28196
23000/28196
24000/28196
25000/28196
26000/28196
27000/28196
28000/28196
File 49 out of 53
Total Entries is:
25225
0/25225
1000/25225
2000/25225
3000/25225
4000/25225
5000/25225
6000/25225
7000/25225
8000/25225
9000/25225
10000/25225
11000/25225
12000/25225
13000/25225
14000/25225
15000/25225
16000/25225
17000/25225
18000/25225
19000/25225
20000/25225
21000/25225
22000/25225
23000/25225
24000/25225
25000/25225
File 50 out of 53
Total Entries is:
20666
0/20666
1000/20666
2000/20666
3000/20666
4000/20666
5000/20666
6000/20666
7000/20666
8000/20666
9000/20666
10000/20666
11000/20666
12000/20666
13000/20666
14000/20666
15000/20666
16000/20666
17000/20666
18000/20666
19000/20666
20000/20666
File 51 out of 53
Total Entries is:
18418
0/18418
1000/18418
2000/18418
3000/18418
4000/18418
5000/18418
6000/18418
7000/18418
8000/18418
9000/18418
10000/18418
11000/18418
12000/18418
13000/18418
14000/18418
15000/18418
16000/18418
17000/18418
18000/18418
File 52 out of 53
Total Entries is:
18450
0/18450
1000/18450
2000/18450
3000/18450
4000/18450
5000/18450
6000/18450
7000/18450
8000/18450
9000/18450
10000/18450
11000/18450
12000/18450
13000/18450
14000/18450
15000/18450
16000/18450
17000/18450
18000/18450
File 53 out of 53
Total Entries is:
22895
0/22895
1000/22895
2000/22895
3000/22895
4000/22895
5000/22895
6000/22895
7000/22895
8000/22895
9000/22895
10000/22895
11000/22895
12000/22895
13000/22895
14000/22895
15000/22895
16000/22895
17000/22895
18000/22895
19000/22895
20000/22895
21000/22895
22000/22895
skipper is: 703332178
tripper is: 778029236
ppt is 1 and trk is 1
***
hSig ent are: 55751116 ... and hBack ent are: 5.5755e+08
***
ppt is 2 and trk is 1
***
hSig ent are: 1151872 ... and hBack ent are: 1.15226e+07
***
ppt is 3 and trk is 1
***
hSig ent are: 675928 ... and hBack ent are: 6.7626e+06
***
ppt is 1 and trk is 2
***
hSig ent are: 500510320 ... and hBack ent are: 5.00521e+09
***
ppt is 2 and trk is 2
***
hSig ent are: 21709624 ... and hBack ent are: 2.17105e+08
***
ppt is 3 and trk is 2
***
hSig ent are: 24810652 ... and hBack ent are: 2.4811e+08
***
ppt is 1 and trk is 3
***
hSig ent are: 538096900 ... and hBack ent are: 5.38103e+09
***
ppt is 2 and trk is 3
***
hSig ent are: 38808060 ... and hBack ent are: 3.8811e+08
***
ppt is 3 and trk is 3
***
hSig ent are: 56835236 ... and hBack ent are: 5.68369e+08
***
ppt is 1 and trk is 4
***
hSig ent are: 206716740 ... and hBack ent are: 2.0672e+09
***
ppt is 2 and trk is 4
***
hSig ent are: 19463180 ... and hBack ent are: 1.94644e+08
***
ppt is 3 and trk is 4
***
hSig ent are: 31815088 ... and hBack ent are: 3.18176e+08
***
ppt is 1 and trk is 5
***
hSig ent are: 40041008 ... and hBack ent are: 4.0042e+08
***
ppt is 2 and trk is 5
***
hSig ent are: 4313556 ... and hBack ent are: 4.31452e+07
***
ppt is 3 and trk is 5
***
hSig ent are: 7532620 ... and hBack ent are: 7.53337e+07
***
ppt is 1 and trk is 6
***
hSig ent are: 5328400 ... and hBack ent are: 5.32973e+07
***
ppt is 2 and trk is 6
***
hSig ent are: 625392 ... and hBack ent are: 6.2575e+06
***
ppt is 3 and trk is 6
***
hSig ent are: 1099844 ... and hBack ent are: 1.09992e+07
***
ppt is 1 and trk is 7
***
hSig ent are: 576852 ... and hBack ent are: 5.77201e+06
***
ppt is 2 and trk is 7
***
hSig ent are: 62776 ... and hBack ent are: 628056
***
ppt is 3 and trk is 7
***
hSig ent are: 133308 ... and hBack ent are: 1.33518e+06
***
Time: 3727.86 seconds.
Split Times (in seconds)...
Start Up        0          (0 %)
Opening Files   0.28       (0.00751 %)
Loading Events  1.64e+03   (44 %)
Event Selection 585        (15.7 %)
Jet Selection   0.342      (0.00917 %)
Track Loops     836        (22.4 %)
EndJob          667        (17.9 %)
Split Total: 3.73e+03s
