Starting event loop
Total Number of Files in this Job: 53
File 1 out of 53
Total Entries is:
18520
0/18520
1000/18520
2000/18520
3000/18520
4000/18520
5000/18520
6000/18520
7000/18520
8000/18520
9000/18520
10000/18520
11000/18520
12000/18520
13000/18520
14000/18520
15000/18520
16000/18520
17000/18520
18000/18520
File 2 out of 53
Total Entries is:
21082
0/21082
1000/21082
2000/21082
3000/21082
4000/21082
5000/21082
6000/21082
7000/21082
8000/21082
9000/21082
10000/21082
11000/21082
12000/21082
13000/21082
14000/21082
15000/21082
16000/21082
17000/21082
18000/21082
19000/21082
20000/21082
21000/21082
File 3 out of 53
Total Entries is:
22496
0/22496
1000/22496
2000/22496
3000/22496
4000/22496
5000/22496
6000/22496
7000/22496
8000/22496
9000/22496
10000/22496
11000/22496
12000/22496
13000/22496
14000/22496
15000/22496
16000/22496
17000/22496
18000/22496
19000/22496
20000/22496
21000/22496
22000/22496
File 4 out of 53
Total Entries is:
27458
0/27458
1000/27458
2000/27458
3000/27458
4000/27458
5000/27458
6000/27458
7000/27458
8000/27458
9000/27458
10000/27458
11000/27458
12000/27458
13000/27458
14000/27458
15000/27458
16000/27458
17000/27458
18000/27458
19000/27458
20000/27458
21000/27458
22000/27458
23000/27458
24000/27458
25000/27458
26000/27458
27000/27458
File 5 out of 53
Total Entries is:
22949
0/22949
1000/22949
2000/22949
3000/22949
4000/22949
5000/22949
6000/22949
7000/22949
8000/22949
9000/22949
10000/22949
11000/22949
12000/22949
13000/22949
14000/22949
15000/22949
16000/22949
17000/22949
18000/22949
19000/22949
20000/22949
21000/22949
22000/22949
File 6 out of 53
Total Entries is:
23293
0/23293
1000/23293
2000/23293
3000/23293
4000/23293
5000/23293
6000/23293
7000/23293
8000/23293
9000/23293
10000/23293
11000/23293
12000/23293
13000/23293
14000/23293
15000/23293
16000/23293
17000/23293
18000/23293
19000/23293
20000/23293
21000/23293
22000/23293
23000/23293
File 7 out of 53
Total Entries is:
29997
0/29997
1000/29997
2000/29997
3000/29997
4000/29997
5000/29997
6000/29997
7000/29997
8000/29997
9000/29997
10000/29997
11000/29997
12000/29997
13000/29997
14000/29997
15000/29997
16000/29997
17000/29997
18000/29997
19000/29997
20000/29997
21000/29997
22000/29997
23000/29997
24000/29997
25000/29997
26000/29997
27000/29997
28000/29997
29000/29997
File 8 out of 53
Total Entries is:
31485
0/31485
1000/31485
2000/31485
3000/31485
4000/31485
5000/31485
6000/31485
7000/31485
8000/31485
9000/31485
10000/31485
11000/31485
12000/31485
13000/31485
14000/31485
15000/31485
16000/31485
17000/31485
18000/31485
19000/31485
20000/31485
21000/31485
22000/31485
23000/31485
24000/31485
25000/31485
26000/31485
27000/31485
28000/31485
29000/31485
30000/31485
31000/31485
File 9 out of 53
Total Entries is:
23126
0/23126
1000/23126
2000/23126
3000/23126
4000/23126
5000/23126
6000/23126
7000/23126
8000/23126
9000/23126
10000/23126
11000/23126
12000/23126
13000/23126
14000/23126
15000/23126
16000/23126
17000/23126
18000/23126
19000/23126
20000/23126
21000/23126
22000/23126
23000/23126
File 10 out of 53
Total Entries is:
24198
0/24198
1000/24198
2000/24198
3000/24198
4000/24198
5000/24198
6000/24198
7000/24198
8000/24198
9000/24198
10000/24198
11000/24198
12000/24198
13000/24198
14000/24198
15000/24198
16000/24198
17000/24198
18000/24198
19000/24198
20000/24198
21000/24198
22000/24198
23000/24198
24000/24198
File 11 out of 53
Total Entries is:
35791
0/35791
1000/35791
2000/35791
3000/35791
4000/35791
5000/35791
6000/35791
7000/35791
8000/35791
9000/35791
10000/35791
11000/35791
12000/35791
13000/35791
14000/35791
15000/35791
16000/35791
17000/35791
18000/35791
19000/35791
20000/35791
21000/35791
22000/35791
23000/35791
24000/35791
25000/35791
26000/35791
27000/35791
28000/35791
29000/35791
30000/35791
31000/35791
32000/35791
33000/35791
34000/35791
35000/35791
File 12 out of 53
Total Entries is:
28219
0/28219
1000/28219
2000/28219
3000/28219
4000/28219
5000/28219
6000/28219
7000/28219
8000/28219
9000/28219
10000/28219
11000/28219
12000/28219
13000/28219
14000/28219
15000/28219
16000/28219
17000/28219
18000/28219
19000/28219
20000/28219
21000/28219
22000/28219
23000/28219
24000/28219
25000/28219
26000/28219
27000/28219
28000/28219
File 13 out of 53
Total Entries is:
27708
0/27708
1000/27708
2000/27708
3000/27708
4000/27708
5000/27708
6000/27708
7000/27708
8000/27708
9000/27708
10000/27708
11000/27708
12000/27708
13000/27708
14000/27708
15000/27708
16000/27708
17000/27708
18000/27708
19000/27708
20000/27708
21000/27708
22000/27708
23000/27708
24000/27708
25000/27708
26000/27708
27000/27708
File 14 out of 53
Total Entries is:
20986
0/20986
1000/20986
2000/20986
3000/20986
4000/20986
5000/20986
6000/20986
7000/20986
8000/20986
9000/20986
10000/20986
11000/20986
12000/20986
13000/20986
14000/20986
15000/20986
16000/20986
17000/20986
18000/20986
19000/20986
20000/20986
File 15 out of 53
Total Entries is:
30165
0/30165
1000/30165
2000/30165
3000/30165
4000/30165
5000/30165
6000/30165
7000/30165
8000/30165
9000/30165
10000/30165
11000/30165
12000/30165
13000/30165
14000/30165
15000/30165
16000/30165
17000/30165
18000/30165
19000/30165
20000/30165
21000/30165
22000/30165
23000/30165
24000/30165
25000/30165
26000/30165
27000/30165
28000/30165
29000/30165
30000/30165
File 16 out of 53
Total Entries is:
22195
0/22195
1000/22195
2000/22195
3000/22195
4000/22195
5000/22195
6000/22195
7000/22195
8000/22195
9000/22195
10000/22195
11000/22195
12000/22195
13000/22195
14000/22195
15000/22195
16000/22195
17000/22195
18000/22195
19000/22195
20000/22195
21000/22195
22000/22195
File 17 out of 53
Total Entries is:
21643
0/21643
1000/21643
2000/21643
3000/21643
4000/21643
5000/21643
6000/21643
7000/21643
8000/21643
9000/21643
10000/21643
11000/21643
12000/21643
13000/21643
14000/21643
15000/21643
16000/21643
17000/21643
18000/21643
19000/21643
20000/21643
21000/21643
File 18 out of 53
Total Entries is:
26742
0/26742
1000/26742
2000/26742
3000/26742
4000/26742
5000/26742
6000/26742
7000/26742
8000/26742
9000/26742
10000/26742
11000/26742
12000/26742
13000/26742
14000/26742
15000/26742
16000/26742
17000/26742
18000/26742
19000/26742
20000/26742
21000/26742
22000/26742
23000/26742
24000/26742
25000/26742
26000/26742
File 19 out of 53
Total Entries is:
28515
0/28515
1000/28515
2000/28515
3000/28515
4000/28515
5000/28515
6000/28515
7000/28515
8000/28515
9000/28515
10000/28515
11000/28515
12000/28515
13000/28515
14000/28515
15000/28515
16000/28515
17000/28515
18000/28515
19000/28515
20000/28515
21000/28515
22000/28515
23000/28515
24000/28515
25000/28515
26000/28515
27000/28515
28000/28515
File 20 out of 53
Total Entries is:
26506
0/26506
1000/26506
2000/26506
3000/26506
4000/26506
5000/26506
6000/26506
7000/26506
8000/26506
9000/26506
10000/26506
11000/26506
12000/26506
13000/26506
14000/26506
15000/26506
16000/26506
17000/26506
18000/26506
19000/26506
20000/26506
21000/26506
22000/26506
23000/26506
24000/26506
25000/26506
26000/26506
File 21 out of 53
Total Entries is:
29589
0/29589
1000/29589
2000/29589
3000/29589
4000/29589
5000/29589
6000/29589
7000/29589
8000/29589
9000/29589
10000/29589
11000/29589
12000/29589
13000/29589
14000/29589
15000/29589
16000/29589
17000/29589
18000/29589
19000/29589
20000/29589
21000/29589
22000/29589
23000/29589
24000/29589
25000/29589
26000/29589
27000/29589
28000/29589
29000/29589
File 22 out of 53
Total Entries is:
33782
0/33782
1000/33782
2000/33782
3000/33782
4000/33782
5000/33782
6000/33782
7000/33782
8000/33782
9000/33782
10000/33782
11000/33782
12000/33782
13000/33782
14000/33782
15000/33782
16000/33782
17000/33782
18000/33782
19000/33782
20000/33782
21000/33782
22000/33782
23000/33782
24000/33782
25000/33782
26000/33782
27000/33782
28000/33782
29000/33782
30000/33782
31000/33782
32000/33782
33000/33782
File 23 out of 53
Total Entries is:
31298
0/31298
1000/31298
2000/31298
3000/31298
4000/31298
5000/31298
6000/31298
7000/31298
8000/31298
9000/31298
10000/31298
11000/31298
12000/31298
13000/31298
14000/31298
15000/31298
16000/31298
17000/31298
18000/31298
19000/31298
20000/31298
21000/31298
22000/31298
23000/31298
24000/31298
25000/31298
26000/31298
27000/31298
28000/31298
29000/31298
30000/31298
31000/31298
File 24 out of 53
Total Entries is:
30868
0/30868
1000/30868
2000/30868
3000/30868
4000/30868
5000/30868
6000/30868
7000/30868
8000/30868
9000/30868
10000/30868
11000/30868
12000/30868
13000/30868
14000/30868
15000/30868
16000/30868
17000/30868
18000/30868
19000/30868
20000/30868
21000/30868
22000/30868
23000/30868
24000/30868
25000/30868
26000/30868
27000/30868
28000/30868
29000/30868
30000/30868
File 25 out of 53
Total Entries is:
24472
0/24472
1000/24472
2000/24472
3000/24472
4000/24472
5000/24472
6000/24472
7000/24472
8000/24472
9000/24472
10000/24472
11000/24472
12000/24472
13000/24472
14000/24472
15000/24472
16000/24472
17000/24472
18000/24472
19000/24472
20000/24472
21000/24472
22000/24472
23000/24472
24000/24472
File 26 out of 53
Total Entries is:
25549
0/25549
1000/25549
2000/25549
3000/25549
4000/25549
5000/25549
6000/25549
7000/25549
8000/25549
9000/25549
10000/25549
11000/25549
12000/25549
13000/25549
14000/25549
15000/25549
16000/25549
17000/25549
18000/25549
19000/25549
20000/25549
21000/25549
22000/25549
23000/25549
24000/25549
25000/25549
File 27 out of 53
Total Entries is:
29836
0/29836
1000/29836
2000/29836
3000/29836
4000/29836
5000/29836
6000/29836
7000/29836
8000/29836
9000/29836
10000/29836
11000/29836
12000/29836
13000/29836
14000/29836
15000/29836
16000/29836
17000/29836
18000/29836
19000/29836
20000/29836
21000/29836
22000/29836
23000/29836
24000/29836
25000/29836
26000/29836
27000/29836
28000/29836
29000/29836
File 28 out of 53
Total Entries is:
29195
0/29195
1000/29195
2000/29195
3000/29195
4000/29195
5000/29195
6000/29195
7000/29195
8000/29195
9000/29195
10000/29195
11000/29195
12000/29195
13000/29195
14000/29195
15000/29195
16000/29195
17000/29195
18000/29195
19000/29195
20000/29195
21000/29195
22000/29195
23000/29195
24000/29195
25000/29195
26000/29195
27000/29195
28000/29195
29000/29195
File 29 out of 53
Total Entries is:
26596
0/26596
1000/26596
2000/26596
3000/26596
4000/26596
5000/26596
6000/26596
7000/26596
8000/26596
9000/26596
10000/26596
11000/26596
12000/26596
13000/26596
14000/26596
15000/26596
16000/26596
17000/26596
18000/26596
19000/26596
20000/26596
21000/26596
22000/26596
23000/26596
24000/26596
25000/26596
26000/26596
File 30 out of 53
Total Entries is:
30985
0/30985
1000/30985
2000/30985
3000/30985
4000/30985
5000/30985
6000/30985
7000/30985
8000/30985
9000/30985
10000/30985
11000/30985
12000/30985
13000/30985
14000/30985
15000/30985
16000/30985
17000/30985
18000/30985
19000/30985
20000/30985
21000/30985
22000/30985
23000/30985
24000/30985
25000/30985
26000/30985
27000/30985
28000/30985
29000/30985
30000/30985
File 31 out of 53
Total Entries is:
31750
0/31750
1000/31750
2000/31750
3000/31750
4000/31750
5000/31750
6000/31750
7000/31750
8000/31750
9000/31750
10000/31750
11000/31750
12000/31750
13000/31750
14000/31750
15000/31750
16000/31750
17000/31750
18000/31750
19000/31750
20000/31750
21000/31750
22000/31750
23000/31750
24000/31750
25000/31750
26000/31750
27000/31750
28000/31750
29000/31750
30000/31750
31000/31750
File 32 out of 53
Total Entries is:
27661
0/27661
1000/27661
2000/27661
3000/27661
4000/27661
5000/27661
6000/27661
7000/27661
8000/27661
9000/27661
10000/27661
11000/27661
12000/27661
13000/27661
14000/27661
15000/27661
16000/27661
17000/27661
18000/27661
19000/27661
20000/27661
21000/27661
22000/27661
23000/27661
24000/27661
25000/27661
26000/27661
27000/27661
File 33 out of 53
Total Entries is:
17759
0/17759
1000/17759
2000/17759
3000/17759
4000/17759
5000/17759
6000/17759
7000/17759
8000/17759
9000/17759
10000/17759
11000/17759
12000/17759
13000/17759
14000/17759
15000/17759
16000/17759
17000/17759
File 34 out of 53
Total Entries is:
29211
0/29211
1000/29211
2000/29211
3000/29211
4000/29211
5000/29211
6000/29211
7000/29211
8000/29211
9000/29211
10000/29211
11000/29211
12000/29211
13000/29211
14000/29211
15000/29211
16000/29211
17000/29211
18000/29211
19000/29211
20000/29211
21000/29211
22000/29211
23000/29211
24000/29211
25000/29211
26000/29211
27000/29211
28000/29211
29000/29211
File 35 out of 53
Total Entries is:
33136
0/33136
1000/33136
2000/33136
3000/33136
4000/33136
5000/33136
6000/33136
7000/33136
8000/33136
9000/33136
10000/33136
11000/33136
12000/33136
13000/33136
14000/33136
15000/33136
16000/33136
17000/33136
18000/33136
19000/33136
20000/33136
21000/33136
22000/33136
23000/33136
24000/33136
25000/33136
26000/33136
27000/33136
28000/33136
29000/33136
30000/33136
31000/33136
32000/33136
33000/33136
File 36 out of 53
Total Entries is:
29429
0/29429
1000/29429
2000/29429
3000/29429
4000/29429
5000/29429
6000/29429
7000/29429
8000/29429
9000/29429
10000/29429
11000/29429
12000/29429
13000/29429
14000/29429
15000/29429
16000/29429
17000/29429
18000/29429
19000/29429
20000/29429
21000/29429
22000/29429
23000/29429
24000/29429
25000/29429
26000/29429
27000/29429
28000/29429
29000/29429
File 37 out of 53
Total Entries is:
24990
0/24990
1000/24990
2000/24990
3000/24990
4000/24990
5000/24990
6000/24990
7000/24990
8000/24990
9000/24990
10000/24990
11000/24990
12000/24990
13000/24990
14000/24990
15000/24990
16000/24990
17000/24990
18000/24990
19000/24990
20000/24990
21000/24990
22000/24990
23000/24990
24000/24990
File 38 out of 53
Total Entries is:
25206
0/25206
1000/25206
2000/25206
3000/25206
4000/25206
5000/25206
6000/25206
7000/25206
8000/25206
9000/25206
10000/25206
11000/25206
12000/25206
13000/25206
14000/25206
15000/25206
16000/25206
17000/25206
18000/25206
19000/25206
20000/25206
21000/25206
22000/25206
23000/25206
24000/25206
25000/25206
File 39 out of 53
Total Entries is:
28791
0/28791
1000/28791
2000/28791
3000/28791
4000/28791
5000/28791
6000/28791
7000/28791
8000/28791
9000/28791
10000/28791
11000/28791
12000/28791
13000/28791
14000/28791
15000/28791
16000/28791
17000/28791
18000/28791
19000/28791
20000/28791
21000/28791
22000/28791
23000/28791
24000/28791
25000/28791
26000/28791
27000/28791
28000/28791
File 40 out of 53
Total Entries is:
27462
0/27462
1000/27462
2000/27462
3000/27462
4000/27462
5000/27462
6000/27462
7000/27462
8000/27462
9000/27462
10000/27462
11000/27462
12000/27462
13000/27462
14000/27462
15000/27462
16000/27462
17000/27462
18000/27462
19000/27462
20000/27462
21000/27462
22000/27462
23000/27462
24000/27462
25000/27462
26000/27462
27000/27462
File 41 out of 53
Total Entries is:
30367
0/30367
1000/30367
2000/30367
3000/30367
4000/30367
5000/30367
6000/30367
7000/30367
8000/30367
9000/30367
10000/30367
11000/30367
12000/30367
13000/30367
14000/30367
15000/30367
16000/30367
17000/30367
18000/30367
19000/30367
20000/30367
21000/30367
22000/30367
23000/30367
24000/30367
25000/30367
26000/30367
27000/30367
28000/30367
29000/30367
30000/30367
File 42 out of 53
Total Entries is:
31430
0/31430
1000/31430
2000/31430
3000/31430
4000/31430
5000/31430
6000/31430
7000/31430
8000/31430
9000/31430
10000/31430
11000/31430
12000/31430
13000/31430
14000/31430
15000/31430
16000/31430
17000/31430
18000/31430
19000/31430
20000/31430
21000/31430
22000/31430
23000/31430
24000/31430
25000/31430
26000/31430
27000/31430
28000/31430
29000/31430
30000/31430
31000/31430
File 43 out of 53
Total Entries is:
26481
0/26481
1000/26481
2000/26481
3000/26481
4000/26481
5000/26481
6000/26481
7000/26481
8000/26481
9000/26481
10000/26481
11000/26481
12000/26481
13000/26481
14000/26481
15000/26481
16000/26481
17000/26481
18000/26481
19000/26481
20000/26481
21000/26481
22000/26481
23000/26481
24000/26481
25000/26481
26000/26481
File 44 out of 53
Total Entries is:
25650
0/25650
1000/25650
2000/25650
3000/25650
4000/25650
5000/25650
6000/25650
7000/25650
8000/25650
9000/25650
10000/25650
11000/25650
12000/25650
13000/25650
14000/25650
15000/25650
16000/25650
17000/25650
18000/25650
19000/25650
20000/25650
21000/25650
22000/25650
23000/25650
24000/25650
25000/25650
File 45 out of 53
Total Entries is:
24261
0/24261
1000/24261
2000/24261
3000/24261
4000/24261
5000/24261
6000/24261
7000/24261
8000/24261
9000/24261
10000/24261
11000/24261
12000/24261
13000/24261
14000/24261
15000/24261
16000/24261
17000/24261
18000/24261
19000/24261
20000/24261
21000/24261
22000/24261
23000/24261
24000/24261
File 46 out of 53
Total Entries is:
23637
0/23637
1000/23637
2000/23637
3000/23637
4000/23637
5000/23637
6000/23637
7000/23637
8000/23637
9000/23637
10000/23637
11000/23637
12000/23637
13000/23637
14000/23637
15000/23637
16000/23637
17000/23637
18000/23637
19000/23637
20000/23637
21000/23637
22000/23637
23000/23637
File 47 out of 53
Total Entries is:
19170
0/19170
1000/19170
2000/19170
3000/19170
4000/19170
5000/19170
6000/19170
7000/19170
8000/19170
9000/19170
10000/19170
11000/19170
12000/19170
13000/19170
14000/19170
15000/19170
16000/19170
17000/19170
18000/19170
19000/19170
File 48 out of 53
Total Entries is:
25743
0/25743
1000/25743
2000/25743
3000/25743
4000/25743
5000/25743
6000/25743
7000/25743
8000/25743
9000/25743
10000/25743
11000/25743
12000/25743
13000/25743
14000/25743
15000/25743
16000/25743
17000/25743
18000/25743
19000/25743
20000/25743
21000/25743
22000/25743
23000/25743
24000/25743
25000/25743
File 49 out of 53
Total Entries is:
25296
0/25296
1000/25296
2000/25296
3000/25296
4000/25296
5000/25296
6000/25296
7000/25296
8000/25296
9000/25296
10000/25296
11000/25296
12000/25296
13000/25296
14000/25296
15000/25296
16000/25296
17000/25296
18000/25296
19000/25296
20000/25296
21000/25296
22000/25296
23000/25296
24000/25296
25000/25296
File 50 out of 53
Total Entries is:
26023
0/26023
1000/26023
2000/26023
3000/26023
4000/26023
5000/26023
6000/26023
7000/26023
8000/26023
9000/26023
10000/26023
11000/26023
12000/26023
13000/26023
14000/26023
15000/26023
16000/26023
17000/26023
18000/26023
19000/26023
20000/26023
21000/26023
22000/26023
23000/26023
24000/26023
25000/26023
26000/26023
File 51 out of 53
Total Entries is:
26448
0/26448
1000/26448
2000/26448
3000/26448
4000/26448
5000/26448
6000/26448
7000/26448
8000/26448
9000/26448
10000/26448
11000/26448
12000/26448
13000/26448
14000/26448
15000/26448
16000/26448
17000/26448
18000/26448
19000/26448
20000/26448
21000/26448
22000/26448
23000/26448
24000/26448
25000/26448
26000/26448
File 52 out of 53
Total Entries is:
16766
0/16766
1000/16766
2000/16766
3000/16766
4000/16766
5000/16766
6000/16766
7000/16766
8000/16766
9000/16766
10000/16766
11000/16766
12000/16766
13000/16766
14000/16766
15000/16766
16000/16766
File 53 out of 53
Total Entries is:
19975
0/19975
1000/19975
2000/19975
3000/19975
4000/19975
5000/19975
6000/19975
7000/19975
8000/19975
9000/19975
10000/19975
11000/19975
12000/19975
13000/19975
14000/19975
15000/19975
16000/19975
17000/19975
18000/19975
19000/19975
skipper is: 728162374
tripper is: 805489906
ppt is 1 and trk is 1
***
hSig ent are: 58001632 ... and hBack ent are: 5.80063e+08
***
ppt is 2 and trk is 1
***
hSig ent are: 1200416 ... and hBack ent are: 1.20097e+07
***
ppt is 3 and trk is 1
***
hSig ent are: 708192 ... and hBack ent are: 7.08358e+06
***
ppt is 1 and trk is 2
***
hSig ent are: 519227044 ... and hBack ent are: 5.19228e+09
***
ppt is 2 and trk is 2
***
hSig ent are: 22460184 ... and hBack ent are: 2.24625e+08
***
ppt is 3 and trk is 2
***
hSig ent are: 25612684 ... and hBack ent are: 2.56144e+08
***
ppt is 1 and trk is 3
***
hSig ent are: 556703196 ... and hBack ent are: 5.56717e+09
***
ppt is 2 and trk is 3
***
hSig ent are: 40135608 ... and hBack ent are: 4.01381e+08
***
ppt is 3 and trk is 3
***
hSig ent are: 58803472 ... and hBack ent are: 5.88038e+08
***
ppt is 1 and trk is 4
***
hSig ent are: 212587700 ... and hBack ent are: 2.1259e+09
***
ppt is 2 and trk is 4
***
hSig ent are: 20155972 ... and hBack ent are: 2.01569e+08
***
ppt is 3 and trk is 4
***
hSig ent are: 33082296 ... and hBack ent are: 3.30858e+08
***
ppt is 1 and trk is 5
***
hSig ent are: 42074088 ... and hBack ent are: 4.20763e+08
***
ppt is 2 and trk is 5
***
hSig ent are: 4504956 ... and hBack ent are: 4.50577e+07
***
ppt is 3 and trk is 5
***
hSig ent are: 7773412 ... and hBack ent are: 7.77483e+07
***
ppt is 1 and trk is 6
***
hSig ent are: 5371100 ... and hBack ent are: 5.37216e+07
***
ppt is 2 and trk is 6
***
hSig ent are: 625104 ... and hBack ent are: 6.2525e+06
***
ppt is 3 and trk is 6
***
hSig ent are: 1125360 ... and hBack ent are: 1.12594e+07
***
ppt is 1 and trk is 7
***
hSig ent are: 620092 ... and hBack ent are: 6.20259e+06
***
ppt is 2 and trk is 7
***
hSig ent are: 72732 ... and hBack ent are: 728462
***
ppt is 3 and trk is 7
***
hSig ent are: 134572 ... and hBack ent are: 1.34676e+06
***
Time: 3810.12 seconds.
Split Times (in seconds)...
Start Up        0          (0 %)
Opening Files   0.268      (0.00704 %)
Loading Events  1.66e+03   (43.7 %)
Event Selection 618        (16.2 %)
Jet Selection   0.304      (0.00798 %)
Track Loops     847        (22.2 %)
EndJob          679        (17.8 %)
Split Total: 3.81e+03s
