Starting event loop
Total Number of Files in this Job: 52
File 1 out of 52
Total Entries is:
28057
0/28057
1000/28057
2000/28057
3000/28057
4000/28057
5000/28057
6000/28057
7000/28057
8000/28057
9000/28057
10000/28057
11000/28057
12000/28057
13000/28057
14000/28057
15000/28057
16000/28057
17000/28057
18000/28057
19000/28057
20000/28057
21000/28057
22000/28057
23000/28057
24000/28057
25000/28057
26000/28057
27000/28057
28000/28057
File 2 out of 52
Total Entries is:
17848
0/17848
1000/17848
2000/17848
3000/17848
4000/17848
5000/17848
6000/17848
7000/17848
8000/17848
9000/17848
10000/17848
11000/17848
12000/17848
13000/17848
14000/17848
15000/17848
16000/17848
17000/17848
File 3 out of 52
Total Entries is:
20234
0/20234
1000/20234
2000/20234
3000/20234
4000/20234
5000/20234
6000/20234
7000/20234
8000/20234
9000/20234
10000/20234
11000/20234
12000/20234
13000/20234
14000/20234
15000/20234
16000/20234
17000/20234
18000/20234
19000/20234
20000/20234
File 4 out of 52
Total Entries is:
30662
0/30662
1000/30662
2000/30662
3000/30662
4000/30662
5000/30662
6000/30662
7000/30662
8000/30662
9000/30662
10000/30662
11000/30662
12000/30662
13000/30662
14000/30662
15000/30662
16000/30662
17000/30662
18000/30662
19000/30662
20000/30662
21000/30662
22000/30662
23000/30662
24000/30662
25000/30662
26000/30662
27000/30662
28000/30662
29000/30662
30000/30662
File 5 out of 52
Total Entries is:
19358
0/19358
1000/19358
2000/19358
3000/19358
4000/19358
5000/19358
6000/19358
7000/19358
8000/19358
9000/19358
10000/19358
11000/19358
12000/19358
13000/19358
14000/19358
15000/19358
16000/19358
17000/19358
18000/19358
19000/19358
File 6 out of 52
Total Entries is:
27206
0/27206
1000/27206
2000/27206
3000/27206
4000/27206
5000/27206
6000/27206
7000/27206
8000/27206
9000/27206
10000/27206
11000/27206
12000/27206
13000/27206
14000/27206
15000/27206
16000/27206
17000/27206
18000/27206
19000/27206
20000/27206
21000/27206
22000/27206
23000/27206
24000/27206
25000/27206
26000/27206
27000/27206
File 7 out of 52
Total Entries is:
23540
0/23540
1000/23540
2000/23540
3000/23540
4000/23540
5000/23540
6000/23540
7000/23540
8000/23540
9000/23540
10000/23540
11000/23540
12000/23540
13000/23540
14000/23540
15000/23540
16000/23540
17000/23540
18000/23540
19000/23540
20000/23540
21000/23540
22000/23540
23000/23540
File 8 out of 52
Total Entries is:
30157
0/30157
1000/30157
2000/30157
3000/30157
4000/30157
5000/30157
6000/30157
7000/30157
8000/30157
9000/30157
10000/30157
11000/30157
12000/30157
13000/30157
14000/30157
15000/30157
16000/30157
17000/30157
18000/30157
19000/30157
20000/30157
21000/30157
22000/30157
23000/30157
24000/30157
25000/30157
26000/30157
27000/30157
28000/30157
29000/30157
30000/30157
File 9 out of 52
Total Entries is:
26079
0/26079
1000/26079
2000/26079
3000/26079
4000/26079
5000/26079
6000/26079
7000/26079
8000/26079
9000/26079
10000/26079
11000/26079
12000/26079
13000/26079
14000/26079
15000/26079
16000/26079
17000/26079
18000/26079
19000/26079
20000/26079
21000/26079
22000/26079
23000/26079
24000/26079
25000/26079
26000/26079
File 10 out of 52
Total Entries is:
20723
0/20723
1000/20723
2000/20723
3000/20723
4000/20723
5000/20723
6000/20723
7000/20723
8000/20723
9000/20723
10000/20723
11000/20723
12000/20723
13000/20723
14000/20723
15000/20723
16000/20723
17000/20723
18000/20723
19000/20723
20000/20723
File 11 out of 52
Total Entries is:
30595
0/30595
1000/30595
2000/30595
3000/30595
4000/30595
5000/30595
6000/30595
7000/30595
8000/30595
9000/30595
10000/30595
11000/30595
12000/30595
13000/30595
14000/30595
15000/30595
16000/30595
17000/30595
18000/30595
19000/30595
20000/30595
21000/30595
22000/30595
23000/30595
24000/30595
25000/30595
26000/30595
27000/30595
28000/30595
29000/30595
30000/30595
File 12 out of 52
Total Entries is:
28797
0/28797
1000/28797
2000/28797
3000/28797
4000/28797
5000/28797
6000/28797
7000/28797
8000/28797
9000/28797
10000/28797
11000/28797
12000/28797
13000/28797
14000/28797
15000/28797
16000/28797
17000/28797
18000/28797
19000/28797
20000/28797
21000/28797
22000/28797
23000/28797
24000/28797
25000/28797
26000/28797
27000/28797
28000/28797
File 13 out of 52
Total Entries is:
20583
0/20583
1000/20583
2000/20583
3000/20583
4000/20583
5000/20583
6000/20583
7000/20583
8000/20583
9000/20583
10000/20583
11000/20583
12000/20583
13000/20583
14000/20583
15000/20583
16000/20583
17000/20583
18000/20583
19000/20583
20000/20583
File 14 out of 52
Total Entries is:
35076
0/35076
1000/35076
2000/35076
3000/35076
4000/35076
5000/35076
6000/35076
7000/35076
8000/35076
9000/35076
10000/35076
11000/35076
12000/35076
13000/35076
14000/35076
15000/35076
16000/35076
17000/35076
18000/35076
19000/35076
20000/35076
21000/35076
22000/35076
23000/35076
24000/35076
25000/35076
26000/35076
27000/35076
28000/35076
29000/35076
30000/35076
31000/35076
32000/35076
33000/35076
34000/35076
35000/35076
File 15 out of 52
Total Entries is:
26980
0/26980
1000/26980
2000/26980
3000/26980
4000/26980
5000/26980
6000/26980
7000/26980
8000/26980
9000/26980
10000/26980
11000/26980
12000/26980
13000/26980
14000/26980
15000/26980
16000/26980
17000/26980
18000/26980
19000/26980
20000/26980
21000/26980
22000/26980
23000/26980
24000/26980
25000/26980
26000/26980
File 16 out of 52
Total Entries is:
21038
0/21038
1000/21038
2000/21038
3000/21038
4000/21038
5000/21038
6000/21038
7000/21038
8000/21038
9000/21038
10000/21038
11000/21038
12000/21038
13000/21038
14000/21038
15000/21038
16000/21038
17000/21038
18000/21038
19000/21038
20000/21038
21000/21038
File 17 out of 52
Total Entries is:
26410
0/26410
1000/26410
2000/26410
3000/26410
4000/26410
5000/26410
6000/26410
7000/26410
8000/26410
9000/26410
10000/26410
11000/26410
12000/26410
13000/26410
14000/26410
15000/26410
16000/26410
17000/26410
18000/26410
19000/26410
20000/26410
21000/26410
22000/26410
23000/26410
24000/26410
25000/26410
26000/26410
File 18 out of 52
Total Entries is:
19938
0/19938
1000/19938
2000/19938
3000/19938
4000/19938
5000/19938
6000/19938
7000/19938
8000/19938
9000/19938
10000/19938
11000/19938
12000/19938
13000/19938
14000/19938
15000/19938
16000/19938
17000/19938
18000/19938
19000/19938
File 19 out of 52
Total Entries is:
31974
0/31974
1000/31974
2000/31974
3000/31974
4000/31974
5000/31974
6000/31974
7000/31974
8000/31974
9000/31974
10000/31974
11000/31974
12000/31974
13000/31974
14000/31974
15000/31974
16000/31974
17000/31974
18000/31974
19000/31974
20000/31974
21000/31974
22000/31974
23000/31974
24000/31974
25000/31974
26000/31974
27000/31974
28000/31974
29000/31974
30000/31974
31000/31974
File 20 out of 52
Total Entries is:
23443
0/23443
1000/23443
2000/23443
3000/23443
4000/23443
5000/23443
6000/23443
7000/23443
8000/23443
9000/23443
10000/23443
11000/23443
12000/23443
13000/23443
14000/23443
15000/23443
16000/23443
17000/23443
18000/23443
19000/23443
20000/23443
21000/23443
22000/23443
23000/23443
File 21 out of 52
Total Entries is:
29706
0/29706
1000/29706
2000/29706
3000/29706
4000/29706
5000/29706
6000/29706
7000/29706
8000/29706
9000/29706
10000/29706
11000/29706
12000/29706
13000/29706
14000/29706
15000/29706
16000/29706
17000/29706
18000/29706
19000/29706
20000/29706
21000/29706
22000/29706
23000/29706
24000/29706
25000/29706
26000/29706
27000/29706
28000/29706
29000/29706
File 22 out of 52
Total Entries is:
28042
0/28042
1000/28042
2000/28042
3000/28042
4000/28042
5000/28042
6000/28042
7000/28042
8000/28042
9000/28042
10000/28042
11000/28042
12000/28042
13000/28042
14000/28042
15000/28042
16000/28042
17000/28042
18000/28042
19000/28042
20000/28042
21000/28042
22000/28042
23000/28042
24000/28042
25000/28042
26000/28042
27000/28042
28000/28042
File 23 out of 52
Total Entries is:
32380
0/32380
1000/32380
2000/32380
3000/32380
4000/32380
5000/32380
6000/32380
7000/32380
8000/32380
9000/32380
10000/32380
11000/32380
12000/32380
13000/32380
14000/32380
15000/32380
16000/32380
17000/32380
18000/32380
19000/32380
20000/32380
21000/32380
22000/32380
23000/32380
24000/32380
25000/32380
26000/32380
27000/32380
28000/32380
29000/32380
30000/32380
31000/32380
32000/32380
File 24 out of 52
Total Entries is:
26648
0/26648
1000/26648
2000/26648
3000/26648
4000/26648
5000/26648
6000/26648
7000/26648
8000/26648
9000/26648
10000/26648
11000/26648
12000/26648
13000/26648
14000/26648
15000/26648
16000/26648
17000/26648
18000/26648
19000/26648
20000/26648
21000/26648
22000/26648
23000/26648
24000/26648
25000/26648
26000/26648
File 25 out of 52
Total Entries is:
32716
0/32716
1000/32716
2000/32716
3000/32716
4000/32716
5000/32716
6000/32716
7000/32716
8000/32716
9000/32716
10000/32716
11000/32716
12000/32716
13000/32716
14000/32716
15000/32716
16000/32716
17000/32716
18000/32716
19000/32716
20000/32716
21000/32716
22000/32716
23000/32716
24000/32716
25000/32716
26000/32716
27000/32716
28000/32716
29000/32716
30000/32716
31000/32716
32000/32716
File 26 out of 52
Total Entries is:
26884
0/26884
1000/26884
2000/26884
3000/26884
4000/26884
5000/26884
6000/26884
7000/26884
8000/26884
9000/26884
10000/26884
11000/26884
12000/26884
13000/26884
14000/26884
15000/26884
16000/26884
17000/26884
18000/26884
19000/26884
20000/26884
21000/26884
22000/26884
23000/26884
24000/26884
25000/26884
26000/26884
File 27 out of 52
Total Entries is:
32940
0/32940
1000/32940
2000/32940
3000/32940
4000/32940
5000/32940
6000/32940
7000/32940
8000/32940
9000/32940
10000/32940
11000/32940
12000/32940
13000/32940
14000/32940
15000/32940
16000/32940
17000/32940
18000/32940
19000/32940
20000/32940
21000/32940
22000/32940
23000/32940
24000/32940
25000/32940
26000/32940
27000/32940
28000/32940
29000/32940
30000/32940
31000/32940
32000/32940
File 28 out of 52
Total Entries is:
27380
0/27380
1000/27380
2000/27380
3000/27380
4000/27380
5000/27380
6000/27380
7000/27380
8000/27380
9000/27380
10000/27380
11000/27380
12000/27380
13000/27380
14000/27380
15000/27380
16000/27380
17000/27380
18000/27380
19000/27380
20000/27380
21000/27380
22000/27380
23000/27380
24000/27380
25000/27380
26000/27380
27000/27380
File 29 out of 52
Total Entries is:
29169
0/29169
1000/29169
2000/29169
3000/29169
4000/29169
5000/29169
6000/29169
7000/29169
8000/29169
9000/29169
10000/29169
11000/29169
12000/29169
13000/29169
14000/29169
15000/29169
16000/29169
17000/29169
18000/29169
19000/29169
20000/29169
21000/29169
22000/29169
23000/29169
24000/29169
25000/29169
26000/29169
27000/29169
28000/29169
29000/29169
File 30 out of 52
Total Entries is:
24582
0/24582
1000/24582
2000/24582
3000/24582
4000/24582
5000/24582
6000/24582
7000/24582
8000/24582
9000/24582
10000/24582
11000/24582
12000/24582
13000/24582
14000/24582
15000/24582
16000/24582
17000/24582
18000/24582
19000/24582
20000/24582
21000/24582
22000/24582
23000/24582
24000/24582
File 31 out of 52
Total Entries is:
22915
0/22915
1000/22915
2000/22915
3000/22915
4000/22915
5000/22915
6000/22915
7000/22915
8000/22915
9000/22915
10000/22915
11000/22915
12000/22915
13000/22915
14000/22915
15000/22915
16000/22915
17000/22915
18000/22915
19000/22915
20000/22915
21000/22915
22000/22915
File 32 out of 52
Total Entries is:
19190
0/19190
1000/19190
2000/19190
3000/19190
4000/19190
5000/19190
6000/19190
7000/19190
8000/19190
9000/19190
10000/19190
11000/19190
12000/19190
13000/19190
14000/19190
15000/19190
16000/19190
17000/19190
18000/19190
19000/19190
File 33 out of 52
Total Entries is:
21522
0/21522
1000/21522
2000/21522
3000/21522
4000/21522
5000/21522
6000/21522
7000/21522
8000/21522
9000/21522
10000/21522
11000/21522
12000/21522
13000/21522
14000/21522
15000/21522
16000/21522
17000/21522
18000/21522
19000/21522
20000/21522
21000/21522
File 34 out of 52
Total Entries is:
25711
0/25711
1000/25711
2000/25711
3000/25711
4000/25711
5000/25711
6000/25711
7000/25711
8000/25711
9000/25711
10000/25711
11000/25711
12000/25711
13000/25711
14000/25711
15000/25711
16000/25711
17000/25711
18000/25711
19000/25711
20000/25711
21000/25711
22000/25711
23000/25711
24000/25711
25000/25711
File 35 out of 52
Total Entries is:
26542
0/26542
1000/26542
2000/26542
3000/26542
4000/26542
5000/26542
6000/26542
7000/26542
8000/26542
9000/26542
10000/26542
11000/26542
12000/26542
13000/26542
14000/26542
15000/26542
16000/26542
17000/26542
18000/26542
19000/26542
20000/26542
21000/26542
22000/26542
23000/26542
24000/26542
25000/26542
26000/26542
File 36 out of 52
Total Entries is:
23950
0/23950
1000/23950
2000/23950
3000/23950
4000/23950
5000/23950
6000/23950
7000/23950
8000/23950
9000/23950
10000/23950
11000/23950
12000/23950
13000/23950
14000/23950
15000/23950
16000/23950
17000/23950
18000/23950
19000/23950
20000/23950
21000/23950
22000/23950
23000/23950
File 37 out of 52
Total Entries is:
24221
0/24221
1000/24221
2000/24221
3000/24221
4000/24221
5000/24221
6000/24221
7000/24221
8000/24221
9000/24221
10000/24221
11000/24221
12000/24221
13000/24221
14000/24221
15000/24221
16000/24221
17000/24221
18000/24221
19000/24221
20000/24221
21000/24221
22000/24221
23000/24221
24000/24221
File 38 out of 52
Total Entries is:
23066
0/23066
1000/23066
2000/23066
3000/23066
4000/23066
5000/23066
6000/23066
7000/23066
8000/23066
9000/23066
10000/23066
11000/23066
12000/23066
13000/23066
14000/23066
15000/23066
16000/23066
17000/23066
18000/23066
19000/23066
20000/23066
21000/23066
22000/23066
23000/23066
File 39 out of 52
Total Entries is:
31596
0/31596
1000/31596
2000/31596
3000/31596
4000/31596
5000/31596
6000/31596
7000/31596
8000/31596
9000/31596
10000/31596
11000/31596
12000/31596
13000/31596
14000/31596
15000/31596
16000/31596
17000/31596
18000/31596
19000/31596
20000/31596
21000/31596
22000/31596
23000/31596
24000/31596
25000/31596
26000/31596
27000/31596
28000/31596
29000/31596
30000/31596
31000/31596
File 40 out of 52
Total Entries is:
25137
0/25137
1000/25137
2000/25137
3000/25137
4000/25137
5000/25137
6000/25137
7000/25137
8000/25137
9000/25137
10000/25137
11000/25137
12000/25137
13000/25137
14000/25137
15000/25137
16000/25137
17000/25137
18000/25137
19000/25137
20000/25137
21000/25137
22000/25137
23000/25137
24000/25137
25000/25137
File 41 out of 52
Total Entries is:
19555
0/19555
1000/19555
2000/19555
3000/19555
4000/19555
5000/19555
6000/19555
7000/19555
8000/19555
9000/19555
10000/19555
11000/19555
12000/19555
13000/19555
14000/19555
15000/19555
16000/19555
17000/19555
18000/19555
19000/19555
File 42 out of 52
Total Entries is:
26510
0/26510
1000/26510
2000/26510
3000/26510
4000/26510
5000/26510
6000/26510
7000/26510
8000/26510
9000/26510
10000/26510
11000/26510
12000/26510
13000/26510
14000/26510
15000/26510
16000/26510
17000/26510
18000/26510
19000/26510
20000/26510
21000/26510
22000/26510
23000/26510
24000/26510
25000/26510
26000/26510
File 43 out of 52
Total Entries is:
21294
0/21294
1000/21294
2000/21294
3000/21294
4000/21294
5000/21294
6000/21294
7000/21294
8000/21294
9000/21294
10000/21294
11000/21294
12000/21294
13000/21294
14000/21294
15000/21294
16000/21294
17000/21294
18000/21294
19000/21294
20000/21294
21000/21294
File 44 out of 52
Total Entries is:
23330
0/23330
1000/23330
2000/23330
3000/23330
4000/23330
5000/23330
6000/23330
7000/23330
8000/23330
9000/23330
10000/23330
11000/23330
12000/23330
13000/23330
14000/23330
15000/23330
16000/23330
17000/23330
18000/23330
19000/23330
20000/23330
21000/23330
22000/23330
23000/23330
File 45 out of 52
Total Entries is:
20320
0/20320
1000/20320
2000/20320
3000/20320
4000/20320
5000/20320
6000/20320
7000/20320
8000/20320
9000/20320
10000/20320
11000/20320
12000/20320
13000/20320
14000/20320
15000/20320
16000/20320
17000/20320
18000/20320
19000/20320
20000/20320
File 46 out of 52
Total Entries is:
18987
0/18987
1000/18987
2000/18987
3000/18987
4000/18987
5000/18987
6000/18987
7000/18987
8000/18987
9000/18987
10000/18987
11000/18987
12000/18987
13000/18987
14000/18987
15000/18987
16000/18987
17000/18987
18000/18987
File 47 out of 52
Total Entries is:
26398
0/26398
1000/26398
2000/26398
3000/26398
4000/26398
5000/26398
6000/26398
7000/26398
8000/26398
9000/26398
10000/26398
11000/26398
12000/26398
13000/26398
14000/26398
15000/26398
16000/26398
17000/26398
18000/26398
19000/26398
20000/26398
21000/26398
22000/26398
23000/26398
24000/26398
25000/26398
26000/26398
File 48 out of 52
Total Entries is:
20302
0/20302
1000/20302
2000/20302
3000/20302
4000/20302
5000/20302
6000/20302
7000/20302
8000/20302
9000/20302
10000/20302
11000/20302
12000/20302
13000/20302
14000/20302
15000/20302
16000/20302
17000/20302
18000/20302
19000/20302
20000/20302
File 49 out of 52
Total Entries is:
28746
0/28746
1000/28746
2000/28746
3000/28746
4000/28746
5000/28746
6000/28746
7000/28746
8000/28746
9000/28746
10000/28746
11000/28746
12000/28746
13000/28746
14000/28746
15000/28746
16000/28746
17000/28746
18000/28746
19000/28746
20000/28746
21000/28746
22000/28746
23000/28746
24000/28746
25000/28746
26000/28746
27000/28746
28000/28746
File 50 out of 52
Total Entries is:
29379
0/29379
1000/29379
2000/29379
3000/29379
4000/29379
5000/29379
6000/29379
7000/29379
8000/29379
9000/29379
10000/29379
11000/29379
12000/29379
13000/29379
14000/29379
15000/29379
16000/29379
17000/29379
18000/29379
19000/29379
20000/29379
21000/29379
22000/29379
23000/29379
24000/29379
25000/29379
26000/29379
27000/29379
28000/29379
29000/29379
File 51 out of 52
Total Entries is:
21650
0/21650
1000/21650
2000/21650
3000/21650
4000/21650
5000/21650
6000/21650
7000/21650
8000/21650
9000/21650
10000/21650
11000/21650
12000/21650
13000/21650
14000/21650
15000/21650
16000/21650
17000/21650
18000/21650
19000/21650
20000/21650
21000/21650
File 52 out of 52
Total Entries is:
23851
0/23851
1000/23851
2000/23851
3000/23851
4000/23851
5000/23851
6000/23851
7000/23851
8000/23851
9000/23851
10000/23851
11000/23851
12000/23851
13000/23851
14000/23851
15000/23851
16000/23851
17000/23851
18000/23851
19000/23851
20000/23851
21000/23851
22000/23851
23000/23851
skipper is: 691275240
tripper is: 764546156
ppt is 1 and trk is 1
***
hSig ent are: 54488548 ... and hBack ent are: 5.44919e+08
***
ppt is 2 and trk is 1
***
hSig ent are: 1130600 ... and hBack ent are: 1.13064e+07
***
ppt is 3 and trk is 1
***
hSig ent are: 663032 ... and hBack ent are: 6.6332e+06
***
ppt is 1 and trk is 2
***
hSig ent are: 490759196 ... and hBack ent are: 4.90763e+09
***
ppt is 2 and trk is 2
***
hSig ent are: 21308744 ... and hBack ent are: 2.13116e+08
***
ppt is 3 and trk is 2
***
hSig ent are: 24328520 ... and hBack ent are: 2.43313e+08
***
ppt is 1 and trk is 3
***
hSig ent are: 527899412 ... and hBack ent are: 5.27911e+09
***
ppt is 2 and trk is 3
***
hSig ent are: 38064128 ... and hBack ent are: 3.8066e+08
***
ppt is 3 and trk is 3
***
hSig ent are: 55611812 ... and hBack ent are: 5.56134e+08
***
ppt is 1 and trk is 4
***
hSig ent are: 204550860 ... and hBack ent are: 2.04553e+09
***
ppt is 2 and trk is 4
***
hSig ent are: 19331552 ... and hBack ent are: 1.93335e+08
***
ppt is 3 and trk is 4
***
hSig ent are: 31750136 ... and hBack ent are: 3.17535e+08
***
ppt is 1 and trk is 5
***
hSig ent are: 39833524 ... and hBack ent are: 3.98342e+08
***
ppt is 2 and trk is 5
***
hSig ent are: 4192220 ... and hBack ent are: 4.19321e+07
***
ppt is 3 and trk is 5
***
hSig ent are: 7241992 ... and hBack ent are: 7.24286e+07
***
ppt is 1 and trk is 6
***
hSig ent are: 5475976 ... and hBack ent are: 5.47674e+07
***
ppt is 2 and trk is 6
***
hSig ent are: 602012 ... and hBack ent are: 6.02457e+06
***
ppt is 3 and trk is 6
***
hSig ent are: 1088340 ... and hBack ent are: 1.08867e+07
***
ppt is 1 and trk is 7
***
hSig ent are: 540768 ... and hBack ent are: 5.40795e+06
***
ppt is 2 and trk is 7
***
hSig ent are: 70652 ... and hBack ent are: 708122
***
ppt is 3 and trk is 7
***
hSig ent are: 160288 ... and hBack ent are: 1.60402e+06
***
Time: 3604.62 seconds.
Split Times (in seconds)...
Start Up        0          (0 %)
Opening Files   0.275      (0.00763 %)
Loading Events  1.58e+03   (43.9 %)
Event Selection 562        (15.6 %)
Jet Selection   0.324      (0.00899 %)
Track Loops     807        (22.4 %)
EndJob          650        (18 %)
Split Total: 3.6e+03s
