Starting event loop
Total Number of Files in this Job: 52
File 1 out of 52
Total Entries is:
19970
0/19970
1000/19970
2000/19970
3000/19970
4000/19970
5000/19970
6000/19970
7000/19970
8000/19970
9000/19970
10000/19970
11000/19970
12000/19970
13000/19970
14000/19970
15000/19970
16000/19970
17000/19970
18000/19970
19000/19970
File 2 out of 52
Total Entries is:
20144
0/20144
1000/20144
2000/20144
3000/20144
4000/20144
5000/20144
6000/20144
7000/20144
8000/20144
9000/20144
10000/20144
11000/20144
12000/20144
13000/20144
14000/20144
15000/20144
16000/20144
17000/20144
18000/20144
19000/20144
20000/20144
File 3 out of 52
Total Entries is:
21329
0/21329
1000/21329
2000/21329
3000/21329
4000/21329
5000/21329
6000/21329
7000/21329
8000/21329
9000/21329
10000/21329
11000/21329
12000/21329
13000/21329
14000/21329
15000/21329
16000/21329
17000/21329
18000/21329
19000/21329
20000/21329
21000/21329
File 4 out of 52
Total Entries is:
26800
0/26800
1000/26800
2000/26800
3000/26800
4000/26800
5000/26800
6000/26800
7000/26800
8000/26800
9000/26800
10000/26800
11000/26800
12000/26800
13000/26800
14000/26800
15000/26800
16000/26800
17000/26800
18000/26800
19000/26800
20000/26800
21000/26800
22000/26800
23000/26800
24000/26800
25000/26800
26000/26800
File 5 out of 52
Total Entries is:
18432
0/18432
1000/18432
2000/18432
3000/18432
4000/18432
5000/18432
6000/18432
7000/18432
8000/18432
9000/18432
10000/18432
11000/18432
12000/18432
13000/18432
14000/18432
15000/18432
16000/18432
17000/18432
18000/18432
File 6 out of 52
Total Entries is:
25356
0/25356
1000/25356
2000/25356
3000/25356
4000/25356
5000/25356
6000/25356
7000/25356
8000/25356
9000/25356
10000/25356
11000/25356
12000/25356
13000/25356
14000/25356
15000/25356
16000/25356
17000/25356
18000/25356
19000/25356
20000/25356
21000/25356
22000/25356
23000/25356
24000/25356
25000/25356
File 7 out of 52
Total Entries is:
27079
0/27079
1000/27079
2000/27079
3000/27079
4000/27079
5000/27079
6000/27079
7000/27079
8000/27079
9000/27079
10000/27079
11000/27079
12000/27079
13000/27079
14000/27079
15000/27079
16000/27079
17000/27079
18000/27079
19000/27079
20000/27079
21000/27079
22000/27079
23000/27079
24000/27079
25000/27079
26000/27079
27000/27079
File 8 out of 52
Total Entries is:
25232
0/25232
1000/25232
2000/25232
3000/25232
4000/25232
5000/25232
6000/25232
7000/25232
8000/25232
9000/25232
10000/25232
11000/25232
12000/25232
13000/25232
14000/25232
15000/25232
16000/25232
17000/25232
18000/25232
19000/25232
20000/25232
21000/25232
22000/25232
23000/25232
24000/25232
25000/25232
File 9 out of 52
Total Entries is:
26287
0/26287
1000/26287
2000/26287
3000/26287
4000/26287
5000/26287
6000/26287
7000/26287
8000/26287
9000/26287
10000/26287
11000/26287
12000/26287
13000/26287
14000/26287
15000/26287
16000/26287
17000/26287
18000/26287
19000/26287
20000/26287
21000/26287
22000/26287
23000/26287
24000/26287
25000/26287
26000/26287
File 10 out of 52
Total Entries is:
27724
0/27724
1000/27724
2000/27724
3000/27724
4000/27724
5000/27724
6000/27724
7000/27724
8000/27724
9000/27724
10000/27724
11000/27724
12000/27724
13000/27724
14000/27724
15000/27724
16000/27724
17000/27724
18000/27724
19000/27724
20000/27724
21000/27724
22000/27724
23000/27724
24000/27724
25000/27724
26000/27724
27000/27724
File 11 out of 52
Total Entries is:
29949
0/29949
1000/29949
2000/29949
3000/29949
4000/29949
5000/29949
6000/29949
7000/29949
8000/29949
9000/29949
10000/29949
11000/29949
12000/29949
13000/29949
14000/29949
15000/29949
16000/29949
17000/29949
18000/29949
19000/29949
20000/29949
21000/29949
22000/29949
23000/29949
24000/29949
25000/29949
26000/29949
27000/29949
28000/29949
29000/29949
File 12 out of 52
Total Entries is:
29372
0/29372
1000/29372
2000/29372
3000/29372
4000/29372
5000/29372
6000/29372
7000/29372
8000/29372
9000/29372
10000/29372
11000/29372
12000/29372
13000/29372
14000/29372
15000/29372
16000/29372
17000/29372
18000/29372
19000/29372
20000/29372
21000/29372
22000/29372
23000/29372
24000/29372
25000/29372
26000/29372
27000/29372
28000/29372
29000/29372
File 13 out of 52
Total Entries is:
20843
0/20843
1000/20843
2000/20843
3000/20843
4000/20843
5000/20843
6000/20843
7000/20843
8000/20843
9000/20843
10000/20843
11000/20843
12000/20843
13000/20843
14000/20843
15000/20843
16000/20843
17000/20843
18000/20843
19000/20843
20000/20843
File 14 out of 52
Total Entries is:
28368
0/28368
1000/28368
2000/28368
3000/28368
4000/28368
5000/28368
6000/28368
7000/28368
8000/28368
9000/28368
10000/28368
11000/28368
12000/28368
13000/28368
14000/28368
15000/28368
16000/28368
17000/28368
18000/28368
19000/28368
20000/28368
21000/28368
22000/28368
23000/28368
24000/28368
25000/28368
26000/28368
27000/28368
28000/28368
File 15 out of 52
Total Entries is:
30531
0/30531
1000/30531
2000/30531
3000/30531
4000/30531
5000/30531
6000/30531
7000/30531
8000/30531
9000/30531
10000/30531
11000/30531
12000/30531
13000/30531
14000/30531
15000/30531
16000/30531
17000/30531
18000/30531
19000/30531
20000/30531
21000/30531
22000/30531
23000/30531
24000/30531
25000/30531
26000/30531
27000/30531
28000/30531
29000/30531
30000/30531
File 16 out of 52
Total Entries is:
17819
0/17819
1000/17819
2000/17819
3000/17819
4000/17819
5000/17819
6000/17819
7000/17819
8000/17819
9000/17819
10000/17819
11000/17819
12000/17819
13000/17819
14000/17819
15000/17819
16000/17819
17000/17819
File 17 out of 52
Total Entries is:
30996
0/30996
1000/30996
2000/30996
3000/30996
4000/30996
5000/30996
6000/30996
7000/30996
8000/30996
9000/30996
10000/30996
11000/30996
12000/30996
13000/30996
14000/30996
15000/30996
16000/30996
17000/30996
18000/30996
19000/30996
20000/30996
21000/30996
22000/30996
23000/30996
24000/30996
25000/30996
26000/30996
27000/30996
28000/30996
29000/30996
30000/30996
File 18 out of 52
Total Entries is:
29711
0/29711
1000/29711
2000/29711
3000/29711
4000/29711
5000/29711
6000/29711
7000/29711
8000/29711
9000/29711
10000/29711
11000/29711
12000/29711
13000/29711
14000/29711
15000/29711
16000/29711
17000/29711
18000/29711
19000/29711
20000/29711
21000/29711
22000/29711
23000/29711
24000/29711
25000/29711
26000/29711
27000/29711
28000/29711
29000/29711
File 19 out of 52
Total Entries is:
31579
0/31579
1000/31579
2000/31579
3000/31579
4000/31579
5000/31579
6000/31579
7000/31579
8000/31579
9000/31579
10000/31579
11000/31579
12000/31579
13000/31579
14000/31579
15000/31579
16000/31579
17000/31579
18000/31579
19000/31579
20000/31579
21000/31579
22000/31579
23000/31579
24000/31579
25000/31579
26000/31579
27000/31579
28000/31579
29000/31579
30000/31579
31000/31579
File 20 out of 52
Total Entries is:
29559
0/29559
1000/29559
2000/29559
3000/29559
4000/29559
5000/29559
6000/29559
7000/29559
8000/29559
9000/29559
10000/29559
11000/29559
12000/29559
13000/29559
14000/29559
15000/29559
16000/29559
17000/29559
18000/29559
19000/29559
20000/29559
21000/29559
22000/29559
23000/29559
24000/29559
25000/29559
26000/29559
27000/29559
28000/29559
29000/29559
File 21 out of 52
Total Entries is:
29905
0/29905
1000/29905
2000/29905
3000/29905
4000/29905
5000/29905
6000/29905
7000/29905
8000/29905
9000/29905
10000/29905
11000/29905
12000/29905
13000/29905
14000/29905
15000/29905
16000/29905
17000/29905
18000/29905
19000/29905
20000/29905
21000/29905
22000/29905
23000/29905
24000/29905
25000/29905
26000/29905
27000/29905
28000/29905
29000/29905
File 22 out of 52
Total Entries is:
28671
0/28671
1000/28671
2000/28671
3000/28671
4000/28671
5000/28671
6000/28671
7000/28671
8000/28671
9000/28671
10000/28671
11000/28671
12000/28671
13000/28671
14000/28671
15000/28671
16000/28671
17000/28671
18000/28671
19000/28671
20000/28671
21000/28671
22000/28671
23000/28671
24000/28671
25000/28671
26000/28671
27000/28671
28000/28671
File 23 out of 52
Total Entries is:
32528
0/32528
1000/32528
2000/32528
3000/32528
4000/32528
5000/32528
6000/32528
7000/32528
8000/32528
9000/32528
10000/32528
11000/32528
12000/32528
13000/32528
14000/32528
15000/32528
16000/32528
17000/32528
18000/32528
19000/32528
20000/32528
21000/32528
22000/32528
23000/32528
24000/32528
25000/32528
26000/32528
27000/32528
28000/32528
29000/32528
30000/32528
31000/32528
32000/32528
File 24 out of 52
Total Entries is:
23123
0/23123
1000/23123
2000/23123
3000/23123
4000/23123
5000/23123
6000/23123
7000/23123
8000/23123
9000/23123
10000/23123
11000/23123
12000/23123
13000/23123
14000/23123
15000/23123
16000/23123
17000/23123
18000/23123
19000/23123
20000/23123
21000/23123
22000/23123
23000/23123
File 25 out of 52
Total Entries is:
28942
0/28942
1000/28942
2000/28942
3000/28942
4000/28942
5000/28942
6000/28942
7000/28942
8000/28942
9000/28942
10000/28942
11000/28942
12000/28942
13000/28942
14000/28942
15000/28942
16000/28942
17000/28942
18000/28942
19000/28942
20000/28942
21000/28942
22000/28942
23000/28942
24000/28942
25000/28942
26000/28942
27000/28942
28000/28942
File 26 out of 52
Total Entries is:
31550
0/31550
1000/31550
2000/31550
3000/31550
4000/31550
5000/31550
6000/31550
7000/31550
8000/31550
9000/31550
10000/31550
11000/31550
12000/31550
13000/31550
14000/31550
15000/31550
16000/31550
17000/31550
18000/31550
19000/31550
20000/31550
21000/31550
22000/31550
23000/31550
24000/31550
25000/31550
26000/31550
27000/31550
28000/31550
29000/31550
30000/31550
31000/31550
File 27 out of 52
Total Entries is:
33196
0/33196
1000/33196
2000/33196
3000/33196
4000/33196
5000/33196
6000/33196
7000/33196
8000/33196
9000/33196
10000/33196
11000/33196
12000/33196
13000/33196
14000/33196
15000/33196
16000/33196
17000/33196
18000/33196
19000/33196
20000/33196
21000/33196
22000/33196
23000/33196
24000/33196
25000/33196
26000/33196
27000/33196
28000/33196
29000/33196
30000/33196
31000/33196
32000/33196
33000/33196
File 28 out of 52
Total Entries is:
28930
0/28930
1000/28930
2000/28930
3000/28930
4000/28930
5000/28930
6000/28930
7000/28930
8000/28930
9000/28930
10000/28930
11000/28930
12000/28930
13000/28930
14000/28930
15000/28930
16000/28930
17000/28930
18000/28930
19000/28930
20000/28930
21000/28930
22000/28930
23000/28930
24000/28930
25000/28930
26000/28930
27000/28930
28000/28930
File 29 out of 52
Total Entries is:
29978
0/29978
1000/29978
2000/29978
3000/29978
4000/29978
5000/29978
6000/29978
7000/29978
8000/29978
9000/29978
10000/29978
11000/29978
12000/29978
13000/29978
14000/29978
15000/29978
16000/29978
17000/29978
18000/29978
19000/29978
20000/29978
21000/29978
22000/29978
23000/29978
24000/29978
25000/29978
26000/29978
27000/29978
28000/29978
29000/29978
File 30 out of 52
Total Entries is:
18482
0/18482
1000/18482
2000/18482
3000/18482
4000/18482
5000/18482
6000/18482
7000/18482
8000/18482
9000/18482
10000/18482
11000/18482
12000/18482
13000/18482
14000/18482
15000/18482
16000/18482
17000/18482
18000/18482
File 31 out of 52
Total Entries is:
28607
0/28607
1000/28607
2000/28607
3000/28607
4000/28607
5000/28607
6000/28607
7000/28607
8000/28607
9000/28607
10000/28607
11000/28607
12000/28607
13000/28607
14000/28607
15000/28607
16000/28607
17000/28607
18000/28607
19000/28607
20000/28607
21000/28607
22000/28607
23000/28607
24000/28607
25000/28607
26000/28607
27000/28607
28000/28607
File 32 out of 52
Total Entries is:
21616
0/21616
1000/21616
2000/21616
3000/21616
4000/21616
5000/21616
6000/21616
7000/21616
8000/21616
9000/21616
10000/21616
11000/21616
12000/21616
13000/21616
14000/21616
15000/21616
16000/21616
17000/21616
18000/21616
19000/21616
20000/21616
21000/21616
File 33 out of 52
Total Entries is:
26260
0/26260
1000/26260
2000/26260
3000/26260
4000/26260
5000/26260
6000/26260
7000/26260
8000/26260
9000/26260
10000/26260
11000/26260
12000/26260
13000/26260
14000/26260
15000/26260
16000/26260
17000/26260
18000/26260
19000/26260
20000/26260
21000/26260
22000/26260
23000/26260
24000/26260
25000/26260
26000/26260
File 34 out of 52
Total Entries is:
33822
0/33822
1000/33822
2000/33822
3000/33822
4000/33822
5000/33822
6000/33822
7000/33822
8000/33822
9000/33822
10000/33822
11000/33822
12000/33822
13000/33822
14000/33822
15000/33822
16000/33822
17000/33822
18000/33822
19000/33822
20000/33822
21000/33822
22000/33822
23000/33822
24000/33822
25000/33822
26000/33822
27000/33822
28000/33822
29000/33822
30000/33822
31000/33822
32000/33822
33000/33822
File 35 out of 52
Total Entries is:
26124
0/26124
1000/26124
2000/26124
3000/26124
4000/26124
5000/26124
6000/26124
7000/26124
8000/26124
9000/26124
10000/26124
11000/26124
12000/26124
13000/26124
14000/26124
15000/26124
16000/26124
17000/26124
18000/26124
19000/26124
20000/26124
21000/26124
22000/26124
23000/26124
24000/26124
25000/26124
26000/26124
File 36 out of 52
Total Entries is:
27609
0/27609
1000/27609
2000/27609
3000/27609
4000/27609
5000/27609
6000/27609
7000/27609
8000/27609
9000/27609
10000/27609
11000/27609
12000/27609
13000/27609
14000/27609
15000/27609
16000/27609
17000/27609
18000/27609
19000/27609
20000/27609
21000/27609
22000/27609
23000/27609
24000/27609
25000/27609
26000/27609
27000/27609
File 37 out of 52
Total Entries is:
25287
0/25287
1000/25287
2000/25287
3000/25287
4000/25287
5000/25287
6000/25287
7000/25287
8000/25287
9000/25287
10000/25287
11000/25287
12000/25287
13000/25287
14000/25287
15000/25287
16000/25287
17000/25287
18000/25287
19000/25287
20000/25287
21000/25287
22000/25287
23000/25287
24000/25287
25000/25287
File 38 out of 52
Total Entries is:
30879
0/30879
1000/30879
2000/30879
3000/30879
4000/30879
5000/30879
6000/30879
7000/30879
8000/30879
9000/30879
10000/30879
11000/30879
12000/30879
13000/30879
14000/30879
15000/30879
16000/30879
17000/30879
18000/30879
19000/30879
20000/30879
21000/30879
22000/30879
23000/30879
24000/30879
25000/30879
26000/30879
27000/30879
28000/30879
29000/30879
30000/30879
File 39 out of 52
Total Entries is:
28586
0/28586
1000/28586
2000/28586
3000/28586
4000/28586
5000/28586
6000/28586
7000/28586
8000/28586
9000/28586
10000/28586
11000/28586
12000/28586
13000/28586
14000/28586
15000/28586
16000/28586
17000/28586
18000/28586
19000/28586
20000/28586
21000/28586
22000/28586
23000/28586
24000/28586
25000/28586
26000/28586
27000/28586
28000/28586
File 40 out of 52
Total Entries is:
32667
0/32667
1000/32667
2000/32667
3000/32667
4000/32667
5000/32667
6000/32667
7000/32667
8000/32667
9000/32667
10000/32667
11000/32667
12000/32667
13000/32667
14000/32667
15000/32667
16000/32667
17000/32667
18000/32667
19000/32667
20000/32667
21000/32667
22000/32667
23000/32667
24000/32667
25000/32667
26000/32667
27000/32667
28000/32667
29000/32667
30000/32667
31000/32667
32000/32667
File 41 out of 52
Total Entries is:
28802
0/28802
1000/28802
2000/28802
3000/28802
4000/28802
5000/28802
6000/28802
7000/28802
8000/28802
9000/28802
10000/28802
11000/28802
12000/28802
13000/28802
14000/28802
15000/28802
16000/28802
17000/28802
18000/28802
19000/28802
20000/28802
21000/28802
22000/28802
23000/28802
24000/28802
25000/28802
26000/28802
27000/28802
28000/28802
File 42 out of 52
Total Entries is:
23643
0/23643
1000/23643
2000/23643
3000/23643
4000/23643
5000/23643
6000/23643
7000/23643
8000/23643
9000/23643
10000/23643
11000/23643
12000/23643
13000/23643
14000/23643
15000/23643
16000/23643
17000/23643
18000/23643
19000/23643
20000/23643
21000/23643
22000/23643
23000/23643
File 43 out of 52
Total Entries is:
21524
0/21524
1000/21524
2000/21524
3000/21524
4000/21524
5000/21524
6000/21524
7000/21524
8000/21524
9000/21524
10000/21524
11000/21524
12000/21524
13000/21524
14000/21524
15000/21524
16000/21524
17000/21524
18000/21524
19000/21524
20000/21524
21000/21524
File 44 out of 52
Total Entries is:
21616
0/21616
1000/21616
2000/21616
3000/21616
4000/21616
5000/21616
6000/21616
7000/21616
8000/21616
9000/21616
10000/21616
11000/21616
12000/21616
13000/21616
14000/21616
15000/21616
16000/21616
17000/21616
18000/21616
19000/21616
20000/21616
21000/21616
File 45 out of 52
Total Entries is:
21219
0/21219
1000/21219
2000/21219
3000/21219
4000/21219
5000/21219
6000/21219
7000/21219
8000/21219
9000/21219
10000/21219
11000/21219
12000/21219
13000/21219
14000/21219
15000/21219
16000/21219
17000/21219
18000/21219
19000/21219
20000/21219
21000/21219
File 46 out of 52
Total Entries is:
24837
0/24837
1000/24837
2000/24837
3000/24837
4000/24837
5000/24837
6000/24837
7000/24837
8000/24837
9000/24837
10000/24837
11000/24837
12000/24837
13000/24837
14000/24837
15000/24837
16000/24837
17000/24837
18000/24837
19000/24837
20000/24837
21000/24837
22000/24837
23000/24837
24000/24837
File 47 out of 52
Total Entries is:
26869
0/26869
1000/26869
2000/26869
3000/26869
4000/26869
5000/26869
6000/26869
7000/26869
8000/26869
9000/26869
10000/26869
11000/26869
12000/26869
13000/26869
14000/26869
15000/26869
16000/26869
17000/26869
18000/26869
19000/26869
20000/26869
21000/26869
22000/26869
23000/26869
24000/26869
25000/26869
26000/26869
File 48 out of 52
Total Entries is:
23124
0/23124
1000/23124
2000/23124
3000/23124
4000/23124
5000/23124
6000/23124
7000/23124
8000/23124
9000/23124
10000/23124
11000/23124
12000/23124
13000/23124
14000/23124
15000/23124
16000/23124
17000/23124
18000/23124
19000/23124
20000/23124
21000/23124
22000/23124
23000/23124
File 49 out of 52
Total Entries is:
24430
0/24430
1000/24430
2000/24430
3000/24430
4000/24430
5000/24430
6000/24430
7000/24430
8000/24430
9000/24430
10000/24430
11000/24430
12000/24430
13000/24430
14000/24430
15000/24430
16000/24430
17000/24430
18000/24430
19000/24430
20000/24430
21000/24430
22000/24430
23000/24430
24000/24430
File 50 out of 52
Total Entries is:
23956
0/23956
1000/23956
2000/23956
3000/23956
4000/23956
5000/23956
6000/23956
7000/23956
8000/23956
9000/23956
10000/23956
11000/23956
12000/23956
13000/23956
14000/23956
15000/23956
16000/23956
17000/23956
18000/23956
19000/23956
20000/23956
21000/23956
22000/23956
23000/23956
File 51 out of 52
Total Entries is:
25673
0/25673
1000/25673
2000/25673
3000/25673
4000/25673
5000/25673
6000/25673
7000/25673
8000/25673
9000/25673
10000/25673
11000/25673
12000/25673
13000/25673
14000/25673
15000/25673
16000/25673
17000/25673
18000/25673
19000/25673
20000/25673
21000/25673
22000/25673
23000/25673
24000/25673
25000/25673
File 52 out of 52
Total Entries is:
22175
0/22175
1000/22175
2000/22175
3000/22175
4000/22175
5000/22175
6000/22175
7000/22175
8000/22175
9000/22175
10000/22175
11000/22175
12000/22175
13000/22175
14000/22175
15000/22175
16000/22175
17000/22175
18000/22175
19000/22175
20000/22175
21000/22175
22000/22175
skipper is: 714590742
tripper is: 790808456
ppt is 1 and trk is 1
***
hSig ent are: 56589288 ... and hBack ent are: 5.6594e+08
***
ppt is 2 and trk is 1
***
hSig ent are: 1166300 ... and hBack ent are: 1.16656e+07
***
ppt is 3 and trk is 1
***
hSig ent are: 695264 ... and hBack ent are: 6.95641e+06
***
ppt is 1 and trk is 2
***
hSig ent are: 508263228 ... and hBack ent are: 5.08276e+09
***
ppt is 2 and trk is 2
***
hSig ent are: 22064048 ... and hBack ent are: 2.20656e+08
***
ppt is 3 and trk is 2
***
hSig ent are: 25201720 ... and hBack ent are: 2.52032e+08
***
ppt is 1 and trk is 3
***
hSig ent are: 546929112 ... and hBack ent are: 5.46942e+09
***
ppt is 2 and trk is 3
***
hSig ent are: 39407000 ... and hBack ent are: 3.94082e+08
***
ppt is 3 and trk is 3
***
hSig ent are: 57555128 ... and hBack ent are: 5.75592e+08
***
ppt is 1 and trk is 4
***
hSig ent are: 210436556 ... and hBack ent are: 2.10438e+09
***
ppt is 2 and trk is 4
***
hSig ent are: 19787736 ... and hBack ent are: 1.97895e+08
***
ppt is 3 and trk is 4
***
hSig ent are: 32481400 ... and hBack ent are: 3.24847e+08
***
ppt is 1 and trk is 5
***
hSig ent are: 41372940 ... and hBack ent are: 4.13736e+08
***
ppt is 2 and trk is 5
***
hSig ent are: 4428348 ... and hBack ent are: 4.42957e+07
***
ppt is 3 and trk is 5
***
hSig ent are: 7590852 ... and hBack ent are: 7.59251e+07
***
ppt is 1 and trk is 6
***
hSig ent are: 5200112 ... and hBack ent are: 5.20057e+07
***
ppt is 2 and trk is 6
***
hSig ent are: 614416 ... and hBack ent are: 6.14792e+06
***
ppt is 3 and trk is 6
***
hSig ent are: 1063864 ... and hBack ent are: 1.06439e+07
***
ppt is 1 and trk is 7
***
hSig ent are: 577972 ... and hBack ent are: 5.78162e+06
***
ppt is 2 and trk is 7
***
hSig ent are: 65432 ... and hBack ent are: 655290
***
ppt is 3 and trk is 7
***
hSig ent are: 126196 ... and hBack ent are: 1.26225e+06
***
Time: 3740.68 seconds.
Split Times (in seconds)...
Start Up        0          (0 %)
Opening Files   0.224      (0.00599 %)
Loading Events  1.65e+03   (44 %)
Event Selection 588        (15.7 %)
Jet Selection   0.324      (0.00867 %)
Track Loops     839        (22.4 %)
EndJob          667        (17.8 %)
Split Total: 3.74e+03s
