Starting event loop
Total Number of Files in this Job: 52
File 1 out of 52
Total Entries is:
24263
0/24263
1000/24263
2000/24263
3000/24263
4000/24263
5000/24263
6000/24263
7000/24263
8000/24263
9000/24263
10000/24263
11000/24263
12000/24263
13000/24263
14000/24263
15000/24263
16000/24263
17000/24263
18000/24263
19000/24263
20000/24263
21000/24263
22000/24263
23000/24263
24000/24263
File 2 out of 52
Total Entries is:
20960
0/20960
1000/20960
2000/20960
3000/20960
4000/20960
5000/20960
6000/20960
7000/20960
8000/20960
9000/20960
10000/20960
11000/20960
12000/20960
13000/20960
14000/20960
15000/20960
16000/20960
17000/20960
18000/20960
19000/20960
20000/20960
File 3 out of 52
Total Entries is:
17614
0/17614
1000/17614
2000/17614
3000/17614
4000/17614
5000/17614
6000/17614
7000/17614
8000/17614
9000/17614
10000/17614
11000/17614
12000/17614
13000/17614
14000/17614
15000/17614
16000/17614
17000/17614
File 4 out of 52
Total Entries is:
16102
0/16102
1000/16102
2000/16102
3000/16102
4000/16102
5000/16102
6000/16102
7000/16102
8000/16102
9000/16102
10000/16102
11000/16102
12000/16102
13000/16102
14000/16102
15000/16102
16000/16102
File 5 out of 52
Total Entries is:
23439
0/23439
1000/23439
2000/23439
3000/23439
4000/23439
5000/23439
6000/23439
7000/23439
8000/23439
9000/23439
10000/23439
11000/23439
12000/23439
13000/23439
14000/23439
15000/23439
16000/23439
17000/23439
18000/23439
19000/23439
20000/23439
21000/23439
22000/23439
23000/23439
File 6 out of 52
Total Entries is:
25378
0/25378
1000/25378
2000/25378
3000/25378
4000/25378
5000/25378
6000/25378
7000/25378
8000/25378
9000/25378
10000/25378
11000/25378
12000/25378
13000/25378
14000/25378
15000/25378
16000/25378
17000/25378
18000/25378
19000/25378
20000/25378
21000/25378
22000/25378
23000/25378
24000/25378
25000/25378
File 7 out of 52
Total Entries is:
14564
0/14564
1000/14564
2000/14564
3000/14564
4000/14564
5000/14564
6000/14564
7000/14564
8000/14564
9000/14564
10000/14564
11000/14564
12000/14564
13000/14564
14000/14564
File 8 out of 52
Total Entries is:
33744
0/33744
1000/33744
2000/33744
3000/33744
4000/33744
5000/33744
6000/33744
7000/33744
8000/33744
9000/33744
10000/33744
11000/33744
12000/33744
13000/33744
14000/33744
15000/33744
16000/33744
17000/33744
18000/33744
19000/33744
20000/33744
21000/33744
22000/33744
23000/33744
24000/33744
25000/33744
26000/33744
27000/33744
28000/33744
29000/33744
30000/33744
31000/33744
32000/33744
33000/33744
File 9 out of 52
Total Entries is:
25468
0/25468
1000/25468
2000/25468
3000/25468
4000/25468
5000/25468
6000/25468
7000/25468
8000/25468
9000/25468
10000/25468
11000/25468
12000/25468
13000/25468
14000/25468
15000/25468
16000/25468
17000/25468
18000/25468
19000/25468
20000/25468
21000/25468
22000/25468
23000/25468
24000/25468
25000/25468
File 10 out of 52
Total Entries is:
33541
0/33541
1000/33541
2000/33541
3000/33541
4000/33541
5000/33541
6000/33541
7000/33541
8000/33541
9000/33541
10000/33541
11000/33541
12000/33541
13000/33541
14000/33541
15000/33541
16000/33541
17000/33541
18000/33541
19000/33541
20000/33541
21000/33541
22000/33541
23000/33541
24000/33541
25000/33541
26000/33541
27000/33541
28000/33541
29000/33541
30000/33541
31000/33541
32000/33541
33000/33541
File 11 out of 52
Total Entries is:
32905
0/32905
1000/32905
2000/32905
3000/32905
4000/32905
5000/32905
6000/32905
7000/32905
8000/32905
9000/32905
10000/32905
11000/32905
12000/32905
13000/32905
14000/32905
15000/32905
16000/32905
17000/32905
18000/32905
19000/32905
20000/32905
21000/32905
22000/32905
23000/32905
24000/32905
25000/32905
26000/32905
27000/32905
28000/32905
29000/32905
30000/32905
31000/32905
32000/32905
File 12 out of 52
Total Entries is:
29471
0/29471
1000/29471
2000/29471
3000/29471
4000/29471
5000/29471
6000/29471
7000/29471
8000/29471
9000/29471
10000/29471
11000/29471
12000/29471
13000/29471
14000/29471
15000/29471
16000/29471
17000/29471
18000/29471
19000/29471
20000/29471
21000/29471
22000/29471
23000/29471
24000/29471
25000/29471
26000/29471
27000/29471
28000/29471
29000/29471
File 13 out of 52
Total Entries is:
24533
0/24533
1000/24533
2000/24533
3000/24533
4000/24533
5000/24533
6000/24533
7000/24533
8000/24533
9000/24533
10000/24533
11000/24533
12000/24533
13000/24533
14000/24533
15000/24533
16000/24533
17000/24533
18000/24533
19000/24533
20000/24533
21000/24533
22000/24533
23000/24533
24000/24533
File 14 out of 52
Total Entries is:
34934
0/34934
1000/34934
2000/34934
3000/34934
4000/34934
5000/34934
6000/34934
7000/34934
8000/34934
9000/34934
10000/34934
11000/34934
12000/34934
13000/34934
14000/34934
15000/34934
16000/34934
17000/34934
18000/34934
19000/34934
20000/34934
21000/34934
22000/34934
23000/34934
24000/34934
25000/34934
26000/34934
27000/34934
28000/34934
29000/34934
30000/34934
31000/34934
32000/34934
33000/34934
34000/34934
File 15 out of 52
Total Entries is:
22193
0/22193
1000/22193
2000/22193
3000/22193
4000/22193
5000/22193
6000/22193
7000/22193
8000/22193
9000/22193
10000/22193
11000/22193
12000/22193
13000/22193
14000/22193
15000/22193
16000/22193
17000/22193
18000/22193
19000/22193
20000/22193
21000/22193
22000/22193
File 16 out of 52
Total Entries is:
26863
0/26863
1000/26863
2000/26863
3000/26863
4000/26863
5000/26863
6000/26863
7000/26863
8000/26863
9000/26863
10000/26863
11000/26863
12000/26863
13000/26863
14000/26863
15000/26863
16000/26863
17000/26863
18000/26863
19000/26863
20000/26863
21000/26863
22000/26863
23000/26863
24000/26863
25000/26863
26000/26863
File 17 out of 52
Total Entries is:
21875
0/21875
1000/21875
2000/21875
3000/21875
4000/21875
5000/21875
6000/21875
7000/21875
8000/21875
9000/21875
10000/21875
11000/21875
12000/21875
13000/21875
14000/21875
15000/21875
16000/21875
17000/21875
18000/21875
19000/21875
20000/21875
21000/21875
File 18 out of 52
Total Entries is:
25179
0/25179
1000/25179
2000/25179
3000/25179
4000/25179
5000/25179
6000/25179
7000/25179
8000/25179
9000/25179
10000/25179
11000/25179
12000/25179
13000/25179
14000/25179
15000/25179
16000/25179
17000/25179
18000/25179
19000/25179
20000/25179
21000/25179
22000/25179
23000/25179
24000/25179
25000/25179
File 19 out of 52
Total Entries is:
26580
0/26580
1000/26580
2000/26580
3000/26580
4000/26580
5000/26580
6000/26580
7000/26580
8000/26580
9000/26580
10000/26580
11000/26580
12000/26580
13000/26580
14000/26580
15000/26580
16000/26580
17000/26580
18000/26580
19000/26580
20000/26580
21000/26580
22000/26580
23000/26580
24000/26580
25000/26580
26000/26580
File 20 out of 52
Total Entries is:
27931
0/27931
1000/27931
2000/27931
3000/27931
4000/27931
5000/27931
6000/27931
7000/27931
8000/27931
9000/27931
10000/27931
11000/27931
12000/27931
13000/27931
14000/27931
15000/27931
16000/27931
17000/27931
18000/27931
19000/27931
20000/27931
21000/27931
22000/27931
23000/27931
24000/27931
25000/27931
26000/27931
27000/27931
File 21 out of 52
Total Entries is:
31671
0/31671
1000/31671
2000/31671
3000/31671
4000/31671
5000/31671
6000/31671
7000/31671
8000/31671
9000/31671
10000/31671
11000/31671
12000/31671
13000/31671
14000/31671
15000/31671
16000/31671
17000/31671
18000/31671
19000/31671
20000/31671
21000/31671
22000/31671
23000/31671
24000/31671
25000/31671
26000/31671
27000/31671
28000/31671
29000/31671
30000/31671
31000/31671
File 22 out of 52
Total Entries is:
28577
0/28577
1000/28577
2000/28577
3000/28577
4000/28577
5000/28577
6000/28577
7000/28577
8000/28577
9000/28577
10000/28577
11000/28577
12000/28577
13000/28577
14000/28577
15000/28577
16000/28577
17000/28577
18000/28577
19000/28577
20000/28577
21000/28577
22000/28577
23000/28577
24000/28577
25000/28577
26000/28577
27000/28577
28000/28577
File 23 out of 52
Total Entries is:
28986
0/28986
1000/28986
2000/28986
3000/28986
4000/28986
5000/28986
6000/28986
7000/28986
8000/28986
9000/28986
10000/28986
11000/28986
12000/28986
13000/28986
14000/28986
15000/28986
16000/28986
17000/28986
18000/28986
19000/28986
20000/28986
21000/28986
22000/28986
23000/28986
24000/28986
25000/28986
26000/28986
27000/28986
28000/28986
File 24 out of 52
Total Entries is:
20784
0/20784
1000/20784
2000/20784
3000/20784
4000/20784
5000/20784
6000/20784
7000/20784
8000/20784
9000/20784
10000/20784
11000/20784
12000/20784
13000/20784
14000/20784
15000/20784
16000/20784
17000/20784
18000/20784
19000/20784
20000/20784
File 25 out of 52
Total Entries is:
25245
0/25245
1000/25245
2000/25245
3000/25245
4000/25245
5000/25245
6000/25245
7000/25245
8000/25245
9000/25245
10000/25245
11000/25245
12000/25245
13000/25245
14000/25245
15000/25245
16000/25245
17000/25245
18000/25245
19000/25245
20000/25245
21000/25245
22000/25245
23000/25245
24000/25245
25000/25245
File 26 out of 52
Total Entries is:
25879
0/25879
1000/25879
2000/25879
3000/25879
4000/25879
5000/25879
6000/25879
7000/25879
8000/25879
9000/25879
10000/25879
11000/25879
12000/25879
13000/25879
14000/25879
15000/25879
16000/25879
17000/25879
18000/25879
19000/25879
20000/25879
21000/25879
22000/25879
23000/25879
24000/25879
25000/25879
File 27 out of 52
Total Entries is:
29031
0/29031
1000/29031
2000/29031
3000/29031
4000/29031
5000/29031
6000/29031
7000/29031
8000/29031
9000/29031
10000/29031
11000/29031
12000/29031
13000/29031
14000/29031
15000/29031
16000/29031
17000/29031
18000/29031
19000/29031
20000/29031
21000/29031
22000/29031
23000/29031
24000/29031
25000/29031
26000/29031
27000/29031
28000/29031
29000/29031
File 28 out of 52
Total Entries is:
32790
0/32790
1000/32790
2000/32790
3000/32790
4000/32790
5000/32790
6000/32790
7000/32790
8000/32790
9000/32790
10000/32790
11000/32790
12000/32790
13000/32790
14000/32790
15000/32790
16000/32790
17000/32790
18000/32790
19000/32790
20000/32790
21000/32790
22000/32790
23000/32790
24000/32790
25000/32790
26000/32790
27000/32790
28000/32790
29000/32790
30000/32790
31000/32790
32000/32790
File 29 out of 52
Total Entries is:
14970
0/14970
1000/14970
2000/14970
3000/14970
4000/14970
5000/14970
6000/14970
7000/14970
8000/14970
9000/14970
10000/14970
11000/14970
12000/14970
13000/14970
14000/14970
File 30 out of 52
Total Entries is:
32005
0/32005
1000/32005
2000/32005
3000/32005
4000/32005
5000/32005
6000/32005
7000/32005
8000/32005
9000/32005
10000/32005
11000/32005
12000/32005
13000/32005
14000/32005
15000/32005
16000/32005
17000/32005
18000/32005
19000/32005
20000/32005
21000/32005
22000/32005
23000/32005
24000/32005
25000/32005
26000/32005
27000/32005
28000/32005
29000/32005
30000/32005
31000/32005
32000/32005
File 31 out of 52
Total Entries is:
30673
0/30673
1000/30673
2000/30673
3000/30673
4000/30673
5000/30673
6000/30673
7000/30673
8000/30673
9000/30673
10000/30673
11000/30673
12000/30673
13000/30673
14000/30673
15000/30673
16000/30673
17000/30673
18000/30673
19000/30673
20000/30673
21000/30673
22000/30673
23000/30673
24000/30673
25000/30673
26000/30673
27000/30673
28000/30673
29000/30673
30000/30673
File 32 out of 52
Total Entries is:
28028
0/28028
1000/28028
2000/28028
3000/28028
4000/28028
5000/28028
6000/28028
7000/28028
8000/28028
9000/28028
10000/28028
11000/28028
12000/28028
13000/28028
14000/28028
15000/28028
16000/28028
17000/28028
18000/28028
19000/28028
20000/28028
21000/28028
22000/28028
23000/28028
24000/28028
25000/28028
26000/28028
27000/28028
28000/28028
File 33 out of 52
Total Entries is:
18494
0/18494
1000/18494
2000/18494
3000/18494
4000/18494
5000/18494
6000/18494
7000/18494
8000/18494
9000/18494
10000/18494
11000/18494
12000/18494
13000/18494
14000/18494
15000/18494
16000/18494
17000/18494
18000/18494
File 34 out of 52
Total Entries is:
29541
0/29541
1000/29541
2000/29541
3000/29541
4000/29541
5000/29541
6000/29541
7000/29541
8000/29541
9000/29541
10000/29541
11000/29541
12000/29541
13000/29541
14000/29541
15000/29541
16000/29541
17000/29541
18000/29541
19000/29541
20000/29541
21000/29541
22000/29541
23000/29541
24000/29541
25000/29541
26000/29541
27000/29541
28000/29541
29000/29541
File 35 out of 52
Total Entries is:
28423
0/28423
1000/28423
2000/28423
3000/28423
4000/28423
5000/28423
6000/28423
7000/28423
8000/28423
9000/28423
10000/28423
11000/28423
12000/28423
13000/28423
14000/28423
15000/28423
16000/28423
17000/28423
18000/28423
19000/28423
20000/28423
21000/28423
22000/28423
23000/28423
24000/28423
25000/28423
26000/28423
27000/28423
28000/28423
File 36 out of 52
Total Entries is:
26314
0/26314
1000/26314
2000/26314
3000/26314
4000/26314
5000/26314
6000/26314
7000/26314
8000/26314
9000/26314
10000/26314
11000/26314
12000/26314
13000/26314
14000/26314
15000/26314
16000/26314
17000/26314
18000/26314
19000/26314
20000/26314
21000/26314
22000/26314
23000/26314
24000/26314
25000/26314
26000/26314
File 37 out of 52
Total Entries is:
24434
0/24434
1000/24434
2000/24434
3000/24434
4000/24434
5000/24434
6000/24434
7000/24434
8000/24434
9000/24434
10000/24434
11000/24434
12000/24434
13000/24434
14000/24434
15000/24434
16000/24434
17000/24434
18000/24434
19000/24434
20000/24434
21000/24434
22000/24434
23000/24434
24000/24434
File 38 out of 52
Total Entries is:
22515
0/22515
1000/22515
2000/22515
3000/22515
4000/22515
5000/22515
6000/22515
7000/22515
8000/22515
9000/22515
10000/22515
11000/22515
12000/22515
13000/22515
14000/22515
15000/22515
16000/22515
17000/22515
18000/22515
19000/22515
20000/22515
21000/22515
22000/22515
File 39 out of 52
Total Entries is:
27193
0/27193
1000/27193
2000/27193
3000/27193
4000/27193
5000/27193
6000/27193
7000/27193
8000/27193
9000/27193
10000/27193
11000/27193
12000/27193
13000/27193
14000/27193
15000/27193
16000/27193
17000/27193
18000/27193
19000/27193
20000/27193
21000/27193
22000/27193
23000/27193
24000/27193
25000/27193
26000/27193
27000/27193
File 40 out of 52
Total Entries is:
28731
0/28731
1000/28731
2000/28731
3000/28731
4000/28731
5000/28731
6000/28731
7000/28731
8000/28731
9000/28731
10000/28731
11000/28731
12000/28731
13000/28731
14000/28731
15000/28731
16000/28731
17000/28731
18000/28731
19000/28731
20000/28731
21000/28731
22000/28731
23000/28731
24000/28731
25000/28731
26000/28731
27000/28731
28000/28731
File 41 out of 52
Total Entries is:
28067
0/28067
1000/28067
2000/28067
3000/28067
4000/28067
5000/28067
6000/28067
7000/28067
8000/28067
9000/28067
10000/28067
11000/28067
12000/28067
13000/28067
14000/28067
15000/28067
16000/28067
17000/28067
18000/28067
19000/28067
20000/28067
21000/28067
22000/28067
23000/28067
24000/28067
25000/28067
26000/28067
27000/28067
28000/28067
File 42 out of 52
Total Entries is:
29826
0/29826
1000/29826
2000/29826
3000/29826
4000/29826
5000/29826
6000/29826
7000/29826
8000/29826
9000/29826
10000/29826
11000/29826
12000/29826
13000/29826
14000/29826
15000/29826
16000/29826
17000/29826
18000/29826
19000/29826
20000/29826
21000/29826
22000/29826
23000/29826
24000/29826
25000/29826
26000/29826
27000/29826
28000/29826
29000/29826
File 43 out of 52
Total Entries is:
21082
0/21082
1000/21082
2000/21082
3000/21082
4000/21082
5000/21082
6000/21082
7000/21082
8000/21082
9000/21082
10000/21082
11000/21082
12000/21082
13000/21082
14000/21082
15000/21082
16000/21082
17000/21082
18000/21082
19000/21082
20000/21082
21000/21082
File 44 out of 52
Total Entries is:
21752
0/21752
1000/21752
2000/21752
3000/21752
4000/21752
5000/21752
6000/21752
7000/21752
8000/21752
9000/21752
10000/21752
11000/21752
12000/21752
13000/21752
14000/21752
15000/21752
16000/21752
17000/21752
18000/21752
19000/21752
20000/21752
21000/21752
File 45 out of 52
Total Entries is:
19496
0/19496
1000/19496
2000/19496
3000/19496
4000/19496
5000/19496
6000/19496
7000/19496
8000/19496
9000/19496
10000/19496
11000/19496
12000/19496
13000/19496
14000/19496
15000/19496
16000/19496
17000/19496
18000/19496
19000/19496
File 46 out of 52
Total Entries is:
19537
0/19537
1000/19537
2000/19537
3000/19537
4000/19537
5000/19537
6000/19537
7000/19537
8000/19537
9000/19537
10000/19537
11000/19537
12000/19537
13000/19537
14000/19537
15000/19537
16000/19537
17000/19537
18000/19537
19000/19537
File 47 out of 52
Total Entries is:
20108
0/20108
1000/20108
2000/20108
3000/20108
4000/20108
5000/20108
6000/20108
7000/20108
8000/20108
9000/20108
10000/20108
11000/20108
12000/20108
13000/20108
14000/20108
15000/20108
16000/20108
17000/20108
18000/20108
19000/20108
20000/20108
File 48 out of 52
Total Entries is:
29981
0/29981
1000/29981
2000/29981
3000/29981
4000/29981
5000/29981
6000/29981
7000/29981
8000/29981
9000/29981
10000/29981
11000/29981
12000/29981
13000/29981
14000/29981
15000/29981
16000/29981
17000/29981
18000/29981
19000/29981
20000/29981
21000/29981
22000/29981
23000/29981
24000/29981
25000/29981
26000/29981
27000/29981
28000/29981
29000/29981
File 49 out of 52
Total Entries is:
25324
0/25324
1000/25324
2000/25324
3000/25324
4000/25324
5000/25324
6000/25324
7000/25324
8000/25324
9000/25324
10000/25324
11000/25324
12000/25324
13000/25324
14000/25324
15000/25324
16000/25324
17000/25324
18000/25324
19000/25324
20000/25324
21000/25324
22000/25324
23000/25324
24000/25324
25000/25324
File 50 out of 52
Total Entries is:
27815
0/27815
1000/27815
2000/27815
3000/27815
4000/27815
5000/27815
6000/27815
7000/27815
8000/27815
9000/27815
10000/27815
11000/27815
12000/27815
13000/27815
14000/27815
15000/27815
16000/27815
17000/27815
18000/27815
19000/27815
20000/27815
21000/27815
22000/27815
23000/27815
24000/27815
25000/27815
26000/27815
27000/27815
File 51 out of 52
Total Entries is:
22998
0/22998
1000/22998
2000/22998
3000/22998
4000/22998
5000/22998
6000/22998
7000/22998
8000/22998
9000/22998
10000/22998
11000/22998
12000/22998
13000/22998
14000/22998
15000/22998
16000/22998
17000/22998
18000/22998
19000/22998
20000/22998
21000/22998
22000/22998
File 52 out of 52
Total Entries is:
23929
0/23929
1000/23929
2000/23929
3000/23929
4000/23929
5000/23929
6000/23929
7000/23929
8000/23929
9000/23929
10000/23929
11000/23929
12000/23929
13000/23929
14000/23929
15000/23929
16000/23929
17000/23929
18000/23929
19000/23929
20000/23929
21000/23929
22000/23929
23000/23929
skipper is: 695654576
tripper is: 769352130
ppt is 1 and trk is 1
***
hSig ent are: 54946036 ... and hBack ent are: 5.49504e+08
***
ppt is 2 and trk is 1
***
hSig ent are: 1135032 ... and hBack ent are: 1.13535e+07
***
ppt is 3 and trk is 1
***
hSig ent are: 670432 ... and hBack ent are: 6.70551e+06
***
ppt is 1 and trk is 2
***
hSig ent are: 494088500 ... and hBack ent are: 4.94089e+09
***
ppt is 2 and trk is 2
***
hSig ent are: 21430644 ... and hBack ent are: 2.14315e+08
***
ppt is 3 and trk is 2
***
hSig ent are: 24478768 ... and hBack ent are: 2.44813e+08
***
ppt is 1 and trk is 3
***
hSig ent are: 532058948 ... and hBack ent are: 5.32061e+09
***
ppt is 2 and trk is 3
***
hSig ent are: 38351096 ... and hBack ent are: 3.83513e+08
***
ppt is 3 and trk is 3
***
hSig ent are: 56192648 ... and hBack ent are: 5.61951e+08
***
ppt is 1 and trk is 4
***
hSig ent are: 204757860 ... and hBack ent are: 2.04761e+09
***
ppt is 2 and trk is 4
***
hSig ent are: 19287972 ... and hBack ent are: 1.9289e+08
***
ppt is 3 and trk is 4
***
hSig ent are: 31802152 ... and hBack ent are: 3.18034e+08
***
ppt is 1 and trk is 5
***
hSig ent are: 40239604 ... and hBack ent are: 4.02424e+08
***
ppt is 2 and trk is 5
***
hSig ent are: 4337376 ... and hBack ent are: 4.3382e+07
***
ppt is 3 and trk is 5
***
hSig ent are: 7509172 ... and hBack ent are: 7.51082e+07
***
ppt is 1 and trk is 6
***
hSig ent are: 4975784 ... and hBack ent are: 4.9766e+07
***
ppt is 2 and trk is 6
***
hSig ent are: 560940 ... and hBack ent are: 5.60979e+06
***
ppt is 3 and trk is 6
***
hSig ent are: 1039700 ... and hBack ent are: 1.03974e+07
***
ppt is 1 and trk is 7
***
hSig ent are: 617564 ... and hBack ent are: 6.17771e+06
***
ppt is 2 and trk is 7
***
hSig ent are: 78852 ... and hBack ent are: 789432
***
ppt is 3 and trk is 7
***
hSig ent are: 145180 ... and hBack ent are: 1.45323e+06
***
Time: 3670.57 seconds.
Split Times (in seconds)...
Start Up        0          (0 %)
Opening Files   0.263      (0.00716 %)
Loading Events  1.61e+03   (43.9 %)
Event Selection 575        (15.7 %)
Jet Selection   0.334      (0.00911 %)
Track Loops     826        (22.5 %)
EndJob          658        (17.9 %)
Split Total: 3.67e+03s
