Starting event loop
Total Number of Files in this Job: 52
File 1 out of 52
Total Entries is:
23549
0/23549
1000/23549
2000/23549
3000/23549
4000/23549
5000/23549
6000/23549
7000/23549
8000/23549
9000/23549
10000/23549
11000/23549
12000/23549
13000/23549
14000/23549
15000/23549
16000/23549
17000/23549
18000/23549
19000/23549
20000/23549
21000/23549
22000/23549
23000/23549
File 2 out of 52
Total Entries is:
18500
0/18500
1000/18500
2000/18500
3000/18500
4000/18500
5000/18500
6000/18500
7000/18500
8000/18500
9000/18500
10000/18500
11000/18500
12000/18500
13000/18500
14000/18500
15000/18500
16000/18500
17000/18500
18000/18500
File 3 out of 52
Total Entries is:
21217
0/21217
1000/21217
2000/21217
3000/21217
4000/21217
5000/21217
6000/21217
7000/21217
8000/21217
9000/21217
10000/21217
11000/21217
12000/21217
13000/21217
14000/21217
15000/21217
16000/21217
17000/21217
18000/21217
19000/21217
20000/21217
21000/21217
File 4 out of 52
Total Entries is:
25187
0/25187
1000/25187
2000/25187
3000/25187
4000/25187
5000/25187
6000/25187
7000/25187
8000/25187
9000/25187
10000/25187
11000/25187
12000/25187
13000/25187
14000/25187
15000/25187
16000/25187
17000/25187
18000/25187
19000/25187
20000/25187
21000/25187
22000/25187
23000/25187
24000/25187
25000/25187
File 5 out of 52
Total Entries is:
15389
0/15389
1000/15389
2000/15389
3000/15389
4000/15389
5000/15389
6000/15389
7000/15389
8000/15389
9000/15389
10000/15389
11000/15389
12000/15389
13000/15389
14000/15389
15000/15389
File 6 out of 52
Total Entries is:
25909
0/25909
1000/25909
2000/25909
3000/25909
4000/25909
5000/25909
6000/25909
7000/25909
8000/25909
9000/25909
10000/25909
11000/25909
12000/25909
13000/25909
14000/25909
15000/25909
16000/25909
17000/25909
18000/25909
19000/25909
20000/25909
21000/25909
22000/25909
23000/25909
24000/25909
25000/25909
File 7 out of 52
Total Entries is:
31652
0/31652
1000/31652
2000/31652
3000/31652
4000/31652
5000/31652
6000/31652
7000/31652
8000/31652
9000/31652
10000/31652
11000/31652
12000/31652
13000/31652
14000/31652
15000/31652
16000/31652
17000/31652
18000/31652
19000/31652
20000/31652
21000/31652
22000/31652
23000/31652
24000/31652
25000/31652
26000/31652
27000/31652
28000/31652
29000/31652
30000/31652
31000/31652
File 8 out of 52
Total Entries is:
22303
0/22303
1000/22303
2000/22303
3000/22303
4000/22303
5000/22303
6000/22303
7000/22303
8000/22303
9000/22303
10000/22303
11000/22303
12000/22303
13000/22303
14000/22303
15000/22303
16000/22303
17000/22303
18000/22303
19000/22303
20000/22303
21000/22303
22000/22303
File 9 out of 52
Total Entries is:
28864
0/28864
1000/28864
2000/28864
3000/28864
4000/28864
5000/28864
6000/28864
7000/28864
8000/28864
9000/28864
10000/28864
11000/28864
12000/28864
13000/28864
14000/28864
15000/28864
16000/28864
17000/28864
18000/28864
19000/28864
20000/28864
21000/28864
22000/28864
23000/28864
24000/28864
25000/28864
26000/28864
27000/28864
28000/28864
File 10 out of 52
Total Entries is:
33884
0/33884
1000/33884
2000/33884
3000/33884
4000/33884
5000/33884
6000/33884
7000/33884
8000/33884
9000/33884
10000/33884
11000/33884
12000/33884
13000/33884
14000/33884
15000/33884
16000/33884
17000/33884
18000/33884
19000/33884
20000/33884
21000/33884
22000/33884
23000/33884
24000/33884
25000/33884
26000/33884
27000/33884
28000/33884
29000/33884
30000/33884
31000/33884
32000/33884
33000/33884
File 11 out of 52
Total Entries is:
27297
0/27297
1000/27297
2000/27297
3000/27297
4000/27297
5000/27297
6000/27297
7000/27297
8000/27297
9000/27297
10000/27297
11000/27297
12000/27297
13000/27297
14000/27297
15000/27297
16000/27297
17000/27297
18000/27297
19000/27297
20000/27297
21000/27297
22000/27297
23000/27297
24000/27297
25000/27297
26000/27297
27000/27297
File 12 out of 52
Total Entries is:
28948
0/28948
1000/28948
2000/28948
3000/28948
4000/28948
5000/28948
6000/28948
7000/28948
8000/28948
9000/28948
10000/28948
11000/28948
12000/28948
13000/28948
14000/28948
15000/28948
16000/28948
17000/28948
18000/28948
19000/28948
20000/28948
21000/28948
22000/28948
23000/28948
24000/28948
25000/28948
26000/28948
27000/28948
28000/28948
File 13 out of 52
Total Entries is:
22569
0/22569
1000/22569
2000/22569
3000/22569
4000/22569
5000/22569
6000/22569
7000/22569
8000/22569
9000/22569
10000/22569
11000/22569
12000/22569
13000/22569
14000/22569
15000/22569
16000/22569
17000/22569
18000/22569
19000/22569
20000/22569
21000/22569
22000/22569
File 14 out of 52
Total Entries is:
32469
0/32469
1000/32469
2000/32469
3000/32469
4000/32469
5000/32469
6000/32469
7000/32469
8000/32469
9000/32469
10000/32469
11000/32469
12000/32469
13000/32469
14000/32469
15000/32469
16000/32469
17000/32469
18000/32469
19000/32469
20000/32469
21000/32469
22000/32469
23000/32469
24000/32469
25000/32469
26000/32469
27000/32469
28000/32469
29000/32469
30000/32469
31000/32469
32000/32469
File 15 out of 52
Total Entries is:
31659
0/31659
1000/31659
2000/31659
3000/31659
4000/31659
5000/31659
6000/31659
7000/31659
8000/31659
9000/31659
10000/31659
11000/31659
12000/31659
13000/31659
14000/31659
15000/31659
16000/31659
17000/31659
18000/31659
19000/31659
20000/31659
21000/31659
22000/31659
23000/31659
24000/31659
25000/31659
26000/31659
27000/31659
28000/31659
29000/31659
30000/31659
31000/31659
File 16 out of 52
Total Entries is:
21439
0/21439
1000/21439
2000/21439
3000/21439
4000/21439
5000/21439
6000/21439
7000/21439
8000/21439
9000/21439
10000/21439
11000/21439
12000/21439
13000/21439
14000/21439
15000/21439
16000/21439
17000/21439
18000/21439
19000/21439
20000/21439
21000/21439
File 17 out of 52
Total Entries is:
26357
0/26357
1000/26357
2000/26357
3000/26357
4000/26357
5000/26357
6000/26357
7000/26357
8000/26357
9000/26357
10000/26357
11000/26357
12000/26357
13000/26357
14000/26357
15000/26357
16000/26357
17000/26357
18000/26357
19000/26357
20000/26357
21000/26357
22000/26357
23000/26357
24000/26357
25000/26357
26000/26357
File 18 out of 52
Total Entries is:
26939
0/26939
1000/26939
2000/26939
3000/26939
4000/26939
5000/26939
6000/26939
7000/26939
8000/26939
9000/26939
10000/26939
11000/26939
12000/26939
13000/26939
14000/26939
15000/26939
16000/26939
17000/26939
18000/26939
19000/26939
20000/26939
21000/26939
22000/26939
23000/26939
24000/26939
25000/26939
26000/26939
File 19 out of 52
Total Entries is:
32276
0/32276
1000/32276
2000/32276
3000/32276
4000/32276
5000/32276
6000/32276
7000/32276
8000/32276
9000/32276
10000/32276
11000/32276
12000/32276
13000/32276
14000/32276
15000/32276
16000/32276
17000/32276
18000/32276
19000/32276
20000/32276
21000/32276
22000/32276
23000/32276
24000/32276
25000/32276
26000/32276
27000/32276
28000/32276
29000/32276
30000/32276
31000/32276
32000/32276
File 20 out of 52
Total Entries is:
28132
0/28132
1000/28132
2000/28132
3000/28132
4000/28132
5000/28132
6000/28132
7000/28132
8000/28132
9000/28132
10000/28132
11000/28132
12000/28132
13000/28132
14000/28132
15000/28132
16000/28132
17000/28132
18000/28132
19000/28132
20000/28132
21000/28132
22000/28132
23000/28132
24000/28132
25000/28132
26000/28132
27000/28132
28000/28132
File 21 out of 52
Total Entries is:
21693
0/21693
1000/21693
2000/21693
3000/21693
4000/21693
5000/21693
6000/21693
7000/21693
8000/21693
9000/21693
10000/21693
11000/21693
12000/21693
13000/21693
14000/21693
15000/21693
16000/21693
17000/21693
18000/21693
19000/21693
20000/21693
21000/21693
File 22 out of 52
Total Entries is:
29726
0/29726
1000/29726
2000/29726
3000/29726
4000/29726
5000/29726
6000/29726
7000/29726
8000/29726
9000/29726
10000/29726
11000/29726
12000/29726
13000/29726
14000/29726
15000/29726
16000/29726
17000/29726
18000/29726
19000/29726
20000/29726
21000/29726
22000/29726
23000/29726
24000/29726
25000/29726
26000/29726
27000/29726
28000/29726
29000/29726
File 23 out of 52
Total Entries is:
31001
0/31001
1000/31001
2000/31001
3000/31001
4000/31001
5000/31001
6000/31001
7000/31001
8000/31001
9000/31001
10000/31001
11000/31001
12000/31001
13000/31001
14000/31001
15000/31001
16000/31001
17000/31001
18000/31001
19000/31001
20000/31001
21000/31001
22000/31001
23000/31001
24000/31001
25000/31001
26000/31001
27000/31001
28000/31001
29000/31001
30000/31001
31000/31001
File 24 out of 52
Total Entries is:
19367
0/19367
1000/19367
2000/19367
3000/19367
4000/19367
5000/19367
6000/19367
7000/19367
8000/19367
9000/19367
10000/19367
11000/19367
12000/19367
13000/19367
14000/19367
15000/19367
16000/19367
17000/19367
18000/19367
19000/19367
File 25 out of 52
Total Entries is:
31891
0/31891
1000/31891
2000/31891
3000/31891
4000/31891
5000/31891
6000/31891
7000/31891
8000/31891
9000/31891
10000/31891
11000/31891
12000/31891
13000/31891
14000/31891
15000/31891
16000/31891
17000/31891
18000/31891
19000/31891
20000/31891
21000/31891
22000/31891
23000/31891
24000/31891
25000/31891
26000/31891
27000/31891
28000/31891
29000/31891
30000/31891
31000/31891
File 26 out of 52
Total Entries is:
29830
0/29830
1000/29830
2000/29830
3000/29830
4000/29830
5000/29830
6000/29830
7000/29830
8000/29830
9000/29830
10000/29830
11000/29830
12000/29830
13000/29830
14000/29830
15000/29830
16000/29830
17000/29830
18000/29830
19000/29830
20000/29830
21000/29830
22000/29830
23000/29830
24000/29830
25000/29830
26000/29830
27000/29830
28000/29830
29000/29830
File 27 out of 52
Total Entries is:
19953
0/19953
1000/19953
2000/19953
3000/19953
4000/19953
5000/19953
6000/19953
7000/19953
8000/19953
9000/19953
10000/19953
11000/19953
12000/19953
13000/19953
14000/19953
15000/19953
16000/19953
17000/19953
18000/19953
19000/19953
File 28 out of 52
Total Entries is:
32876
0/32876
1000/32876
2000/32876
3000/32876
4000/32876
5000/32876
6000/32876
7000/32876
8000/32876
9000/32876
10000/32876
11000/32876
12000/32876
13000/32876
14000/32876
15000/32876
16000/32876
17000/32876
18000/32876
19000/32876
20000/32876
21000/32876
22000/32876
23000/32876
24000/32876
25000/32876
26000/32876
27000/32876
28000/32876
29000/32876
30000/32876
31000/32876
32000/32876
File 29 out of 52
Total Entries is:
32283
0/32283
1000/32283
2000/32283
3000/32283
4000/32283
5000/32283
6000/32283
7000/32283
8000/32283
9000/32283
10000/32283
11000/32283
12000/32283
13000/32283
14000/32283
15000/32283
16000/32283
17000/32283
18000/32283
19000/32283
20000/32283
21000/32283
22000/32283
23000/32283
24000/32283
25000/32283
26000/32283
27000/32283
28000/32283
29000/32283
30000/32283
31000/32283
32000/32283
File 30 out of 52
Total Entries is:
21099
0/21099
1000/21099
2000/21099
3000/21099
4000/21099
5000/21099
6000/21099
7000/21099
8000/21099
9000/21099
10000/21099
11000/21099
12000/21099
13000/21099
14000/21099
15000/21099
16000/21099
17000/21099
18000/21099
19000/21099
20000/21099
21000/21099
File 31 out of 52
Total Entries is:
24847
0/24847
1000/24847
2000/24847
3000/24847
4000/24847
5000/24847
6000/24847
7000/24847
8000/24847
9000/24847
10000/24847
11000/24847
12000/24847
13000/24847
14000/24847
15000/24847
16000/24847
17000/24847
18000/24847
19000/24847
20000/24847
21000/24847
22000/24847
23000/24847
24000/24847
File 32 out of 52
Total Entries is:
25032
0/25032
1000/25032
2000/25032
3000/25032
4000/25032
5000/25032
6000/25032
7000/25032
8000/25032
9000/25032
10000/25032
11000/25032
12000/25032
13000/25032
14000/25032
15000/25032
16000/25032
17000/25032
18000/25032
19000/25032
20000/25032
21000/25032
22000/25032
23000/25032
24000/25032
25000/25032
File 33 out of 52
Total Entries is:
31856
0/31856
1000/31856
2000/31856
3000/31856
4000/31856
5000/31856
6000/31856
7000/31856
8000/31856
9000/31856
10000/31856
11000/31856
12000/31856
13000/31856
14000/31856
15000/31856
16000/31856
17000/31856
18000/31856
19000/31856
20000/31856
21000/31856
22000/31856
23000/31856
24000/31856
25000/31856
26000/31856
27000/31856
28000/31856
29000/31856
30000/31856
31000/31856
File 34 out of 52
Total Entries is:
33499
0/33499
1000/33499
2000/33499
3000/33499
4000/33499
5000/33499
6000/33499
7000/33499
8000/33499
9000/33499
10000/33499
11000/33499
12000/33499
13000/33499
14000/33499
15000/33499
16000/33499
17000/33499
18000/33499
19000/33499
20000/33499
21000/33499
22000/33499
23000/33499
24000/33499
25000/33499
26000/33499
27000/33499
28000/33499
29000/33499
30000/33499
31000/33499
32000/33499
33000/33499
File 35 out of 52
Total Entries is:
21166
0/21166
1000/21166
2000/21166
3000/21166
4000/21166
5000/21166
6000/21166
7000/21166
8000/21166
9000/21166
10000/21166
11000/21166
12000/21166
13000/21166
14000/21166
15000/21166
16000/21166
17000/21166
18000/21166
19000/21166
20000/21166
21000/21166
File 36 out of 52
Total Entries is:
24964
0/24964
1000/24964
2000/24964
3000/24964
4000/24964
5000/24964
6000/24964
7000/24964
8000/24964
9000/24964
10000/24964
11000/24964
12000/24964
13000/24964
14000/24964
15000/24964
16000/24964
17000/24964
18000/24964
19000/24964
20000/24964
21000/24964
22000/24964
23000/24964
24000/24964
File 37 out of 52
Total Entries is:
23547
0/23547
1000/23547
2000/23547
3000/23547
4000/23547
5000/23547
6000/23547
7000/23547
8000/23547
9000/23547
10000/23547
11000/23547
12000/23547
13000/23547
14000/23547
15000/23547
16000/23547
17000/23547
18000/23547
19000/23547
20000/23547
21000/23547
22000/23547
23000/23547
File 38 out of 52
Total Entries is:
21840
0/21840
1000/21840
2000/21840
3000/21840
4000/21840
5000/21840
6000/21840
7000/21840
8000/21840
9000/21840
10000/21840
11000/21840
12000/21840
13000/21840
14000/21840
15000/21840
16000/21840
17000/21840
18000/21840
19000/21840
20000/21840
21000/21840
File 39 out of 52
Total Entries is:
32321
0/32321
1000/32321
2000/32321
3000/32321
4000/32321
5000/32321
6000/32321
7000/32321
8000/32321
9000/32321
10000/32321
11000/32321
12000/32321
13000/32321
14000/32321
15000/32321
16000/32321
17000/32321
18000/32321
19000/32321
20000/32321
21000/32321
22000/32321
23000/32321
24000/32321
25000/32321
26000/32321
27000/32321
28000/32321
29000/32321
30000/32321
31000/32321
32000/32321
File 40 out of 52
Total Entries is:
29918
0/29918
1000/29918
2000/29918
3000/29918
4000/29918
5000/29918
6000/29918
7000/29918
8000/29918
9000/29918
10000/29918
11000/29918
12000/29918
13000/29918
14000/29918
15000/29918
16000/29918
17000/29918
18000/29918
19000/29918
20000/29918
21000/29918
22000/29918
23000/29918
24000/29918
25000/29918
26000/29918
27000/29918
28000/29918
29000/29918
File 41 out of 52
Total Entries is:
24540
0/24540
1000/24540
2000/24540
3000/24540
4000/24540
5000/24540
6000/24540
7000/24540
8000/24540
9000/24540
10000/24540
11000/24540
12000/24540
13000/24540
14000/24540
15000/24540
16000/24540
17000/24540
18000/24540
19000/24540
20000/24540
21000/24540
22000/24540
23000/24540
24000/24540
File 42 out of 52
Total Entries is:
28080
0/28080
1000/28080
2000/28080
3000/28080
4000/28080
5000/28080
6000/28080
7000/28080
8000/28080
9000/28080
10000/28080
11000/28080
12000/28080
13000/28080
14000/28080
15000/28080
16000/28080
17000/28080
18000/28080
19000/28080
20000/28080
21000/28080
22000/28080
23000/28080
24000/28080
25000/28080
26000/28080
27000/28080
28000/28080
File 43 out of 52
Total Entries is:
20344
0/20344
1000/20344
2000/20344
3000/20344
4000/20344
5000/20344
6000/20344
7000/20344
8000/20344
9000/20344
10000/20344
11000/20344
12000/20344
13000/20344
14000/20344
15000/20344
16000/20344
17000/20344
18000/20344
19000/20344
20000/20344
File 44 out of 52
Total Entries is:
19225
0/19225
1000/19225
2000/19225
3000/19225
4000/19225
5000/19225
6000/19225
7000/19225
8000/19225
9000/19225
10000/19225
11000/19225
12000/19225
13000/19225
14000/19225
15000/19225
16000/19225
17000/19225
18000/19225
19000/19225
File 45 out of 52
Total Entries is:
20140
0/20140
1000/20140
2000/20140
3000/20140
4000/20140
5000/20140
6000/20140
7000/20140
8000/20140
9000/20140
10000/20140
11000/20140
12000/20140
13000/20140
14000/20140
15000/20140
16000/20140
17000/20140
18000/20140
19000/20140
20000/20140
File 46 out of 52
Total Entries is:
22440
0/22440
1000/22440
2000/22440
3000/22440
4000/22440
5000/22440
6000/22440
7000/22440
8000/22440
9000/22440
10000/22440
11000/22440
12000/22440
13000/22440
14000/22440
15000/22440
16000/22440
17000/22440
18000/22440
19000/22440
20000/22440
21000/22440
22000/22440
File 47 out of 52
Total Entries is:
23967
0/23967
1000/23967
2000/23967
3000/23967
4000/23967
5000/23967
6000/23967
7000/23967
8000/23967
9000/23967
10000/23967
11000/23967
12000/23967
13000/23967
14000/23967
15000/23967
16000/23967
17000/23967
18000/23967
19000/23967
20000/23967
21000/23967
22000/23967
23000/23967
File 48 out of 52
Total Entries is:
27337
0/27337
1000/27337
2000/27337
3000/27337
4000/27337
5000/27337
6000/27337
7000/27337
8000/27337
9000/27337
10000/27337
11000/27337
12000/27337
13000/27337
14000/27337
15000/27337
16000/27337
17000/27337
18000/27337
19000/27337
20000/27337
21000/27337
22000/27337
23000/27337
24000/27337
25000/27337
26000/27337
27000/27337
File 49 out of 52
Total Entries is:
27227
0/27227
1000/27227
2000/27227
3000/27227
4000/27227
5000/27227
6000/27227
7000/27227
8000/27227
9000/27227
10000/27227
11000/27227
12000/27227
13000/27227
14000/27227
15000/27227
16000/27227
17000/27227
18000/27227
19000/27227
20000/27227
21000/27227
22000/27227
23000/27227
24000/27227
25000/27227
26000/27227
27000/27227
File 50 out of 52
Total Entries is:
27370
0/27370
1000/27370
2000/27370
3000/27370
4000/27370
5000/27370
6000/27370
7000/27370
8000/27370
9000/27370
10000/27370
11000/27370
12000/27370
13000/27370
14000/27370
15000/27370
16000/27370
17000/27370
18000/27370
19000/27370
20000/27370
21000/27370
22000/27370
23000/27370
24000/27370
25000/27370
26000/27370
27000/27370
File 51 out of 52
Total Entries is:
22476
0/22476
1000/22476
2000/22476
3000/22476
4000/22476
5000/22476
6000/22476
7000/22476
8000/22476
9000/22476
10000/22476
11000/22476
12000/22476
13000/22476
14000/22476
15000/22476
16000/22476
17000/22476
18000/22476
19000/22476
20000/22476
21000/22476
22000/22476
File 52 out of 52
Total Entries is:
22287
0/22287
1000/22287
2000/22287
3000/22287
4000/22287
5000/22287
6000/22287
7000/22287
8000/22287
9000/22287
10000/22287
11000/22287
12000/22287
13000/22287
14000/22287
15000/22287
16000/22287
17000/22287
18000/22287
19000/22287
20000/22287
21000/22287
22000/22287
skipper is: 700307052
tripper is: 776158722
ppt is 1 and trk is 1
***
hSig ent are: 55656616 ... and hBack ent are: 5.56606e+08
***
ppt is 2 and trk is 1
***
hSig ent are: 1149600 ... and hBack ent are: 1.15023e+07
***
ppt is 3 and trk is 1
***
hSig ent are: 685904 ... and hBack ent are: 6.86178e+06
***
ppt is 1 and trk is 2
***
hSig ent are: 499949392 ... and hBack ent are: 4.99955e+09
***
ppt is 2 and trk is 2
***
hSig ent are: 21650472 ... and hBack ent are: 2.16517e+08
***
ppt is 3 and trk is 2
***
hSig ent are: 24623032 ... and hBack ent are: 2.46255e+08
***
ppt is 1 and trk is 3
***
hSig ent are: 537204280 ... and hBack ent are: 5.37208e+09
***
ppt is 2 and trk is 3
***
hSig ent are: 38574880 ... and hBack ent are: 3.85749e+08
***
ppt is 3 and trk is 3
***
hSig ent are: 56226676 ... and hBack ent are: 5.62283e+08
***
ppt is 1 and trk is 4
***
hSig ent are: 205664192 ... and hBack ent are: 2.05667e+09
***
ppt is 2 and trk is 4
***
hSig ent are: 19389608 ... and hBack ent are: 1.9392e+08
***
ppt is 3 and trk is 4
***
hSig ent are: 31819980 ... and hBack ent are: 3.18212e+08
***
ppt is 1 and trk is 5
***
hSig ent are: 40400064 ... and hBack ent are: 4.0403e+08
***
ppt is 2 and trk is 5
***
hSig ent are: 4331300 ... and hBack ent are: 4.33161e+07
***
ppt is 3 and trk is 5
***
hSig ent are: 7638864 ... and hBack ent are: 7.63963e+07
***
ppt is 1 and trk is 6
***
hSig ent are: 5099024 ... and hBack ent are: 5.1001e+07
***
ppt is 2 and trk is 6
***
hSig ent are: 561928 ... and hBack ent are: 5.62401e+06
***
ppt is 3 and trk is 6
***
hSig ent are: 1025924 ... and hBack ent are: 1.02624e+07
***
ppt is 1 and trk is 7
***
hSig ent are: 487000 ... and hBack ent are: 4.87306e+06
***
ppt is 2 and trk is 7
***
hSig ent are: 62924 ... and hBack ent are: 629642
***
ppt is 3 and trk is 7
***
hSig ent are: 115784 ... and hBack ent are: 1.15885e+06
***
Time: 3705.05 seconds.
Split Times (in seconds)...
Start Up        0          (0 %)
Opening Files   0.251      (0.00676 %)
Loading Events  1.63e+03   (44 %)
Event Selection 582        (15.7 %)
Jet Selection   0.347      (0.00938 %)
Track Loops     828        (22.4 %)
EndJob          664        (17.9 %)
Split Total: 3.7e+03s
