Starting event loop
Total Number of Files in this Job: 52
File 1 out of 52
Total Entries is:
24913
0/24913
1000/24913
2000/24913
3000/24913
4000/24913
5000/24913
6000/24913
7000/24913
8000/24913
9000/24913
10000/24913
11000/24913
12000/24913
13000/24913
14000/24913
15000/24913
16000/24913
17000/24913
18000/24913
19000/24913
20000/24913
21000/24913
22000/24913
23000/24913
24000/24913
File 2 out of 52
Total Entries is:
22141
0/22141
1000/22141
2000/22141
3000/22141
4000/22141
5000/22141
6000/22141
7000/22141
8000/22141
9000/22141
10000/22141
11000/22141
12000/22141
13000/22141
14000/22141
15000/22141
16000/22141
17000/22141
18000/22141
19000/22141
20000/22141
21000/22141
22000/22141
File 3 out of 52
Total Entries is:
19022
0/19022
1000/19022
2000/19022
3000/19022
4000/19022
5000/19022
6000/19022
7000/19022
8000/19022
9000/19022
10000/19022
11000/19022
12000/19022
13000/19022
14000/19022
15000/19022
16000/19022
17000/19022
18000/19022
19000/19022
File 4 out of 52
Total Entries is:
23349
0/23349
1000/23349
2000/23349
3000/23349
4000/23349
5000/23349
6000/23349
7000/23349
8000/23349
9000/23349
10000/23349
11000/23349
12000/23349
13000/23349
14000/23349
15000/23349
16000/23349
17000/23349
18000/23349
19000/23349
20000/23349
21000/23349
22000/23349
23000/23349
File 5 out of 52
Total Entries is:
19965
0/19965
1000/19965
2000/19965
3000/19965
4000/19965
5000/19965
6000/19965
7000/19965
8000/19965
9000/19965
10000/19965
11000/19965
12000/19965
13000/19965
14000/19965
15000/19965
16000/19965
17000/19965
18000/19965
19000/19965
File 6 out of 52
Total Entries is:
26757
0/26757
1000/26757
2000/26757
3000/26757
4000/26757
5000/26757
6000/26757
7000/26757
8000/26757
9000/26757
10000/26757
11000/26757
12000/26757
13000/26757
14000/26757
15000/26757
16000/26757
17000/26757
18000/26757
19000/26757
20000/26757
21000/26757
22000/26757
23000/26757
24000/26757
25000/26757
26000/26757
File 7 out of 52
Total Entries is:
21602
0/21602
1000/21602
2000/21602
3000/21602
4000/21602
5000/21602
6000/21602
7000/21602
8000/21602
9000/21602
10000/21602
11000/21602
12000/21602
13000/21602
14000/21602
15000/21602
16000/21602
17000/21602
18000/21602
19000/21602
20000/21602
21000/21602
File 8 out of 52
Total Entries is:
31378
0/31378
1000/31378
2000/31378
3000/31378
4000/31378
5000/31378
6000/31378
7000/31378
8000/31378
9000/31378
10000/31378
11000/31378
12000/31378
13000/31378
14000/31378
15000/31378
16000/31378
17000/31378
18000/31378
19000/31378
20000/31378
21000/31378
22000/31378
23000/31378
24000/31378
25000/31378
26000/31378
27000/31378
28000/31378
29000/31378
30000/31378
31000/31378
File 9 out of 52
Total Entries is:
23251
0/23251
1000/23251
2000/23251
3000/23251
4000/23251
5000/23251
6000/23251
7000/23251
8000/23251
9000/23251
10000/23251
11000/23251
12000/23251
13000/23251
14000/23251
15000/23251
16000/23251
17000/23251
18000/23251
19000/23251
20000/23251
21000/23251
22000/23251
23000/23251
File 10 out of 52
Total Entries is:
36227
0/36227
1000/36227
2000/36227
3000/36227
4000/36227
5000/36227
6000/36227
7000/36227
8000/36227
9000/36227
10000/36227
11000/36227
12000/36227
13000/36227
14000/36227
15000/36227
16000/36227
17000/36227
18000/36227
19000/36227
20000/36227
21000/36227
22000/36227
23000/36227
24000/36227
25000/36227
26000/36227
27000/36227
28000/36227
29000/36227
30000/36227
31000/36227
32000/36227
33000/36227
34000/36227
35000/36227
36000/36227
File 11 out of 52
Total Entries is:
25047
0/25047
1000/25047
2000/25047
3000/25047
4000/25047
5000/25047
6000/25047
7000/25047
8000/25047
9000/25047
10000/25047
11000/25047
12000/25047
13000/25047
14000/25047
15000/25047
16000/25047
17000/25047
18000/25047
19000/25047
20000/25047
21000/25047
22000/25047
23000/25047
24000/25047
25000/25047
File 12 out of 52
Total Entries is:
28778
0/28778
1000/28778
2000/28778
3000/28778
4000/28778
5000/28778
6000/28778
7000/28778
8000/28778
9000/28778
10000/28778
11000/28778
12000/28778
13000/28778
14000/28778
15000/28778
16000/28778
17000/28778
18000/28778
19000/28778
20000/28778
21000/28778
22000/28778
23000/28778
24000/28778
25000/28778
26000/28778
27000/28778
28000/28778
File 13 out of 52
Total Entries is:
20059
0/20059
1000/20059
2000/20059
3000/20059
4000/20059
5000/20059
6000/20059
7000/20059
8000/20059
9000/20059
10000/20059
11000/20059
12000/20059
13000/20059
14000/20059
15000/20059
16000/20059
17000/20059
18000/20059
19000/20059
20000/20059
File 14 out of 52
Total Entries is:
36868
0/36868
1000/36868
2000/36868
3000/36868
4000/36868
5000/36868
6000/36868
7000/36868
8000/36868
9000/36868
10000/36868
11000/36868
12000/36868
13000/36868
14000/36868
15000/36868
16000/36868
17000/36868
18000/36868
19000/36868
20000/36868
21000/36868
22000/36868
23000/36868
24000/36868
25000/36868
26000/36868
27000/36868
28000/36868
29000/36868
30000/36868
31000/36868
32000/36868
33000/36868
34000/36868
35000/36868
36000/36868
File 15 out of 52
Total Entries is:
26590
0/26590
1000/26590
2000/26590
3000/26590
4000/26590
5000/26590
6000/26590
7000/26590
8000/26590
9000/26590
10000/26590
11000/26590
12000/26590
13000/26590
14000/26590
15000/26590
16000/26590
17000/26590
18000/26590
19000/26590
20000/26590
21000/26590
22000/26590
23000/26590
24000/26590
25000/26590
26000/26590
File 16 out of 52
Total Entries is:
25431
0/25431
1000/25431
2000/25431
3000/25431
4000/25431
5000/25431
6000/25431
7000/25431
8000/25431
9000/25431
10000/25431
11000/25431
12000/25431
13000/25431
14000/25431
15000/25431
16000/25431
17000/25431
18000/25431
19000/25431
20000/25431
21000/25431
22000/25431
23000/25431
24000/25431
25000/25431
File 17 out of 52
Total Entries is:
23591
0/23591
1000/23591
2000/23591
3000/23591
4000/23591
5000/23591
6000/23591
7000/23591
8000/23591
9000/23591
10000/23591
11000/23591
12000/23591
13000/23591
14000/23591
15000/23591
16000/23591
17000/23591
18000/23591
19000/23591
20000/23591
21000/23591
22000/23591
23000/23591
File 18 out of 52
Total Entries is:
23178
0/23178
1000/23178
2000/23178
3000/23178
4000/23178
5000/23178
6000/23178
7000/23178
8000/23178
9000/23178
10000/23178
11000/23178
12000/23178
13000/23178
14000/23178
15000/23178
16000/23178
17000/23178
18000/23178
19000/23178
20000/23178
21000/23178
22000/23178
23000/23178
File 19 out of 52
Total Entries is:
30531
0/30531
1000/30531
2000/30531
3000/30531
4000/30531
5000/30531
6000/30531
7000/30531
8000/30531
9000/30531
10000/30531
11000/30531
12000/30531
13000/30531
14000/30531
15000/30531
16000/30531
17000/30531
18000/30531
19000/30531
20000/30531
21000/30531
22000/30531
23000/30531
24000/30531
25000/30531
26000/30531
27000/30531
28000/30531
29000/30531
30000/30531
File 20 out of 52
Total Entries is:
28202
0/28202
1000/28202
2000/28202
3000/28202
4000/28202
5000/28202
6000/28202
7000/28202
8000/28202
9000/28202
10000/28202
11000/28202
12000/28202
13000/28202
14000/28202
15000/28202
16000/28202
17000/28202
18000/28202
19000/28202
20000/28202
21000/28202
22000/28202
23000/28202
24000/28202
25000/28202
26000/28202
27000/28202
28000/28202
File 21 out of 52
Total Entries is:
29849
0/29849
1000/29849
2000/29849
3000/29849
4000/29849
5000/29849
6000/29849
7000/29849
8000/29849
9000/29849
10000/29849
11000/29849
12000/29849
13000/29849
14000/29849
15000/29849
16000/29849
17000/29849
18000/29849
19000/29849
20000/29849
21000/29849
22000/29849
23000/29849
24000/29849
25000/29849
26000/29849
27000/29849
28000/29849
29000/29849
File 22 out of 52
Total Entries is:
27352
0/27352
1000/27352
2000/27352
3000/27352
4000/27352
5000/27352
6000/27352
7000/27352
8000/27352
9000/27352
10000/27352
11000/27352
12000/27352
13000/27352
14000/27352
15000/27352
16000/27352
17000/27352
18000/27352
19000/27352
20000/27352
21000/27352
22000/27352
23000/27352
24000/27352
25000/27352
26000/27352
27000/27352
File 23 out of 52
Total Entries is:
27265
0/27265
1000/27265
2000/27265
3000/27265
4000/27265
5000/27265
6000/27265
7000/27265
8000/27265
9000/27265
10000/27265
11000/27265
12000/27265
13000/27265
14000/27265
15000/27265
16000/27265
17000/27265
18000/27265
19000/27265
20000/27265
21000/27265
22000/27265
23000/27265
24000/27265
25000/27265
26000/27265
27000/27265
File 24 out of 52
Total Entries is:
19725
0/19725
1000/19725
2000/19725
3000/19725
4000/19725
5000/19725
6000/19725
7000/19725
8000/19725
9000/19725
10000/19725
11000/19725
12000/19725
13000/19725
14000/19725
15000/19725
16000/19725
17000/19725
18000/19725
19000/19725
File 25 out of 52
Total Entries is:
23678
0/23678
1000/23678
2000/23678
3000/23678
4000/23678
5000/23678
6000/23678
7000/23678
8000/23678
9000/23678
10000/23678
11000/23678
12000/23678
13000/23678
14000/23678
15000/23678
16000/23678
17000/23678
18000/23678
19000/23678
20000/23678
21000/23678
22000/23678
23000/23678
File 26 out of 52
Total Entries is:
29972
0/29972
1000/29972
2000/29972
3000/29972
4000/29972
5000/29972
6000/29972
7000/29972
8000/29972
9000/29972
10000/29972
11000/29972
12000/29972
13000/29972
14000/29972
15000/29972
16000/29972
17000/29972
18000/29972
19000/29972
20000/29972
21000/29972
22000/29972
23000/29972
24000/29972
25000/29972
26000/29972
27000/29972
28000/29972
29000/29972
File 27 out of 52
Total Entries is:
27195
0/27195
1000/27195
2000/27195
3000/27195
4000/27195
5000/27195
6000/27195
7000/27195
8000/27195
9000/27195
10000/27195
11000/27195
12000/27195
13000/27195
14000/27195
15000/27195
16000/27195
17000/27195
18000/27195
19000/27195
20000/27195
21000/27195
22000/27195
23000/27195
24000/27195
25000/27195
26000/27195
27000/27195
File 28 out of 52
Total Entries is:
32846
0/32846
1000/32846
2000/32846
3000/32846
4000/32846
5000/32846
6000/32846
7000/32846
8000/32846
9000/32846
10000/32846
11000/32846
12000/32846
13000/32846
14000/32846
15000/32846
16000/32846
17000/32846
18000/32846
19000/32846
20000/32846
21000/32846
22000/32846
23000/32846
24000/32846
25000/32846
26000/32846
27000/32846
28000/32846
29000/32846
30000/32846
31000/32846
32000/32846
File 29 out of 52
Total Entries is:
24546
0/24546
1000/24546
2000/24546
3000/24546
4000/24546
5000/24546
6000/24546
7000/24546
8000/24546
9000/24546
10000/24546
11000/24546
12000/24546
13000/24546
14000/24546
15000/24546
16000/24546
17000/24546
18000/24546
19000/24546
20000/24546
21000/24546
22000/24546
23000/24546
24000/24546
File 30 out of 52
Total Entries is:
25329
0/25329
1000/25329
2000/25329
3000/25329
4000/25329
5000/25329
6000/25329
7000/25329
8000/25329
9000/25329
10000/25329
11000/25329
12000/25329
13000/25329
14000/25329
15000/25329
16000/25329
17000/25329
18000/25329
19000/25329
20000/25329
21000/25329
22000/25329
23000/25329
24000/25329
25000/25329
File 31 out of 52
Total Entries is:
26346
0/26346
1000/26346
2000/26346
3000/26346
4000/26346
5000/26346
6000/26346
7000/26346
8000/26346
9000/26346
10000/26346
11000/26346
12000/26346
13000/26346
14000/26346
15000/26346
16000/26346
17000/26346
18000/26346
19000/26346
20000/26346
21000/26346
22000/26346
23000/26346
24000/26346
25000/26346
26000/26346
File 32 out of 52
Total Entries is:
19815
0/19815
1000/19815
2000/19815
3000/19815
4000/19815
5000/19815
6000/19815
7000/19815
8000/19815
9000/19815
10000/19815
11000/19815
12000/19815
13000/19815
14000/19815
15000/19815
16000/19815
17000/19815
18000/19815
19000/19815
File 33 out of 52
Total Entries is:
27155
0/27155
1000/27155
2000/27155
3000/27155
4000/27155
5000/27155
6000/27155
7000/27155
8000/27155
9000/27155
10000/27155
11000/27155
12000/27155
13000/27155
14000/27155
15000/27155
16000/27155
17000/27155
18000/27155
19000/27155
20000/27155
21000/27155
22000/27155
23000/27155
24000/27155
25000/27155
26000/27155
27000/27155
File 34 out of 52
Total Entries is:
31567
0/31567
1000/31567
2000/31567
3000/31567
4000/31567
5000/31567
6000/31567
7000/31567
8000/31567
9000/31567
10000/31567
11000/31567
12000/31567
13000/31567
14000/31567
15000/31567
16000/31567
17000/31567
18000/31567
19000/31567
20000/31567
21000/31567
22000/31567
23000/31567
24000/31567
25000/31567
26000/31567
27000/31567
28000/31567
29000/31567
30000/31567
31000/31567
File 35 out of 52
Total Entries is:
26228
0/26228
1000/26228
2000/26228
3000/26228
4000/26228
5000/26228
6000/26228
7000/26228
8000/26228
9000/26228
10000/26228
11000/26228
12000/26228
13000/26228
14000/26228
15000/26228
16000/26228
17000/26228
18000/26228
19000/26228
20000/26228
21000/26228
22000/26228
23000/26228
24000/26228
25000/26228
26000/26228
File 36 out of 52
Total Entries is:
29656
0/29656
1000/29656
2000/29656
3000/29656
4000/29656
5000/29656
6000/29656
7000/29656
8000/29656
9000/29656
10000/29656
11000/29656
12000/29656
13000/29656
14000/29656
15000/29656
16000/29656
17000/29656
18000/29656
19000/29656
20000/29656
21000/29656
22000/29656
23000/29656
24000/29656
25000/29656
26000/29656
27000/29656
28000/29656
29000/29656
File 37 out of 52
Total Entries is:
23933
0/23933
1000/23933
2000/23933
3000/23933
4000/23933
5000/23933
6000/23933
7000/23933
8000/23933
9000/23933
10000/23933
11000/23933
12000/23933
13000/23933
14000/23933
15000/23933
16000/23933
17000/23933
18000/23933
19000/23933
20000/23933
21000/23933
22000/23933
23000/23933
File 38 out of 52
Total Entries is:
22498
0/22498
1000/22498
2000/22498
3000/22498
4000/22498
5000/22498
6000/22498
7000/22498
8000/22498
9000/22498
10000/22498
11000/22498
12000/22498
13000/22498
14000/22498
15000/22498
16000/22498
17000/22498
18000/22498
19000/22498
20000/22498
21000/22498
22000/22498
File 39 out of 52
Total Entries is:
26991
0/26991
1000/26991
2000/26991
3000/26991
4000/26991
5000/26991
6000/26991
7000/26991
8000/26991
9000/26991
10000/26991
11000/26991
12000/26991
13000/26991
14000/26991
15000/26991
16000/26991
17000/26991
18000/26991
19000/26991
20000/26991
21000/26991
22000/26991
23000/26991
24000/26991
25000/26991
26000/26991
File 40 out of 52
Total Entries is:
26590
0/26590
1000/26590
2000/26590
3000/26590
4000/26590
5000/26590
6000/26590
7000/26590
8000/26590
9000/26590
10000/26590
11000/26590
12000/26590
13000/26590
14000/26590
15000/26590
16000/26590
17000/26590
18000/26590
19000/26590
20000/26590
21000/26590
22000/26590
23000/26590
24000/26590
25000/26590
26000/26590
File 41 out of 52
Total Entries is:
25932
0/25932
1000/25932
2000/25932
3000/25932
4000/25932
5000/25932
6000/25932
7000/25932
8000/25932
9000/25932
10000/25932
11000/25932
12000/25932
13000/25932
14000/25932
15000/25932
16000/25932
17000/25932
18000/25932
19000/25932
20000/25932
21000/25932
22000/25932
23000/25932
24000/25932
25000/25932
File 42 out of 52
Total Entries is:
27680
0/27680
1000/27680
2000/27680
3000/27680
4000/27680
5000/27680
6000/27680
7000/27680
8000/27680
9000/27680
10000/27680
11000/27680
12000/27680
13000/27680
14000/27680
15000/27680
16000/27680
17000/27680
18000/27680
19000/27680
20000/27680
21000/27680
22000/27680
23000/27680
24000/27680
25000/27680
26000/27680
27000/27680
File 43 out of 52
Total Entries is:
7791
0/7791
1000/7791
2000/7791
3000/7791
4000/7791
5000/7791
6000/7791
7000/7791
File 44 out of 52
Total Entries is:
18742
0/18742
1000/18742
2000/18742
3000/18742
4000/18742
5000/18742
6000/18742
7000/18742
8000/18742
9000/18742
10000/18742
11000/18742
12000/18742
13000/18742
14000/18742
15000/18742
16000/18742
17000/18742
18000/18742
File 45 out of 52
Total Entries is:
16230
0/16230
1000/16230
2000/16230
3000/16230
4000/16230
5000/16230
6000/16230
7000/16230
8000/16230
9000/16230
10000/16230
11000/16230
12000/16230
13000/16230
14000/16230
15000/16230
16000/16230
File 46 out of 52
Total Entries is:
23251
0/23251
1000/23251
2000/23251
3000/23251
4000/23251
5000/23251
6000/23251
7000/23251
8000/23251
9000/23251
10000/23251
11000/23251
12000/23251
13000/23251
14000/23251
15000/23251
16000/23251
17000/23251
18000/23251
19000/23251
20000/23251
21000/23251
22000/23251
23000/23251
File 47 out of 52
Total Entries is:
23098
0/23098
1000/23098
2000/23098
3000/23098
4000/23098
5000/23098
6000/23098
7000/23098
8000/23098
9000/23098
10000/23098
11000/23098
12000/23098
13000/23098
14000/23098
15000/23098
16000/23098
17000/23098
18000/23098
19000/23098
20000/23098
21000/23098
22000/23098
23000/23098
File 48 out of 52
Total Entries is:
27627
0/27627
1000/27627
2000/27627
3000/27627
4000/27627
5000/27627
6000/27627
7000/27627
8000/27627
9000/27627
10000/27627
11000/27627
12000/27627
13000/27627
14000/27627
15000/27627
16000/27627
17000/27627
18000/27627
19000/27627
20000/27627
21000/27627
22000/27627
23000/27627
24000/27627
25000/27627
26000/27627
27000/27627
File 49 out of 52
Total Entries is:
30056
0/30056
1000/30056
2000/30056
3000/30056
4000/30056
5000/30056
6000/30056
7000/30056
8000/30056
9000/30056
10000/30056
11000/30056
12000/30056
13000/30056
14000/30056
15000/30056
16000/30056
17000/30056
18000/30056
19000/30056
20000/30056
21000/30056
22000/30056
23000/30056
24000/30056
25000/30056
26000/30056
27000/30056
28000/30056
29000/30056
30000/30056
File 50 out of 52
Total Entries is:
30069
0/30069
1000/30069
2000/30069
3000/30069
4000/30069
5000/30069
6000/30069
7000/30069
8000/30069
9000/30069
10000/30069
11000/30069
12000/30069
13000/30069
14000/30069
15000/30069
16000/30069
17000/30069
18000/30069
19000/30069
20000/30069
21000/30069
22000/30069
23000/30069
24000/30069
25000/30069
26000/30069
27000/30069
28000/30069
29000/30069
30000/30069
File 51 out of 52
Total Entries is:
27460
0/27460
1000/27460
2000/27460
3000/27460
4000/27460
5000/27460
6000/27460
7000/27460
8000/27460
9000/27460
10000/27460
11000/27460
12000/27460
13000/27460
14000/27460
15000/27460
16000/27460
17000/27460
18000/27460
19000/27460
20000/27460
21000/27460
22000/27460
23000/27460
24000/27460
25000/27460
26000/27460
27000/27460
File 52 out of 52
Total Entries is:
24704
0/24704
1000/24704
2000/24704
3000/24704
4000/24704
5000/24704
6000/24704
7000/24704
8000/24704
9000/24704
10000/24704
11000/24704
12000/24704
13000/24704
14000/24704
15000/24704
16000/24704
17000/24704
18000/24704
19000/24704
20000/24704
21000/24704
22000/24704
23000/24704
24000/24704
skipper is: 694214918
tripper is: 768358504
ppt is 1 and trk is 1
***
hSig ent are: 54903876 ... and hBack ent are: 5.49082e+08
***
ppt is 2 and trk is 1
***
hSig ent are: 1132992 ... and hBack ent are: 1.13333e+07
***
ppt is 3 and trk is 1
***
hSig ent are: 671644 ... and hBack ent are: 6.72106e+06
***
ppt is 1 and trk is 2
***
hSig ent are: 492845832 ... and hBack ent are: 4.92853e+09
***
ppt is 2 and trk is 2
***
hSig ent are: 21373448 ... and hBack ent are: 2.13759e+08
***
ppt is 3 and trk is 2
***
hSig ent are: 24291684 ... and hBack ent are: 2.42939e+08
***
ppt is 1 and trk is 3
***
hSig ent are: 531451332 ... and hBack ent are: 5.31463e+09
***
ppt is 2 and trk is 3
***
hSig ent are: 38278232 ... and hBack ent are: 3.82809e+08
***
ppt is 3 and trk is 3
***
hSig ent are: 56089864 ... and hBack ent are: 5.60908e+08
***
ppt is 1 and trk is 4
***
hSig ent are: 205183652 ... and hBack ent are: 2.05186e+09
***
ppt is 2 and trk is 4
***
hSig ent are: 19268956 ... and hBack ent are: 1.92696e+08
***
ppt is 3 and trk is 4
***
hSig ent are: 31538360 ... and hBack ent are: 3.154e+08
***
ppt is 1 and trk is 5
***
hSig ent are: 40320312 ... and hBack ent are: 4.03226e+08
***
ppt is 2 and trk is 5
***
hSig ent are: 4314240 ... and hBack ent are: 4.31452e+07
***
ppt is 3 and trk is 5
***
hSig ent are: 7526472 ... and hBack ent are: 7.52817e+07
***
ppt is 1 and trk is 6
***
hSig ent are: 5134108 ... and hBack ent are: 5.13444e+07
***
ppt is 2 and trk is 6
***
hSig ent are: 579116 ... and hBack ent are: 5.79124e+06
***
ppt is 3 and trk is 6
***
hSig ent are: 1083732 ... and hBack ent are: 1.08406e+07
***
ppt is 1 and trk is 7
***
hSig ent are: 540616 ... and hBack ent are: 5.40795e+06
***
ppt is 2 and trk is 7
***
hSig ent are: 59964 ... and hBack ent are: 599850
***
ppt is 3 and trk is 7
***
hSig ent are: 128576 ... and hBack ent are: 1.28709e+06
***
Time: 3678.49 seconds.
Split Times (in seconds)...
Start Up        0          (0 %)
Opening Files   0.21       (0.00571 %)
Loading Events  1.63e+03   (44.2 %)
Event Selection 570        (15.5 %)
Jet Selection   0.302      (0.0082 %)
Track Loops     832        (22.6 %)
EndJob          649        (17.7 %)
Split Total: 3.68e+03s
