Starting event loop
Total Number of Files in this Job: 2
File 1 out of 2
Total Entries is:
27041
0/27041
1000/27041
2000/27041
3000/27041
4000/27041
5000/27041
6000/27041
7000/27041
8000/27041
9000/27041
10000/27041
11000/27041
12000/27041
13000/27041
14000/27041
15000/27041
16000/27041
17000/27041
18000/27041
19000/27041
20000/27041
21000/27041
22000/27041
23000/27041
24000/27041
25000/27041
26000/27041
27000/27041
File 2 out of 2
Total Entries is:
26645
0/26645
1000/26645
2000/26645
3000/26645
4000/26645
5000/26645
6000/26645
7000/26645
8000/26645
9000/26645
10000/26645
11000/26645
12000/26645
13000/26645
14000/26645
15000/26645
16000/26645
17000/26645
18000/26645
19000/26645
20000/26645
21000/26645
22000/26645
23000/26645
24000/26645
25000/26645
26000/26645
skipper is: 26513646
tripper is: 29081510
ppt is 1 and trk is 1
***
hSig ent are: 2180772 ... and hBack ent are: 2.18136e+07
***
ppt is 2 and trk is 1
***
hSig ent are: 47032 ... and hBack ent are: 471282
***
ppt is 3 and trk is 1
***
hSig ent are: 30728 ... and hBack ent are: 307470
***
ppt is 1 and trk is 2
***
hSig ent are: 18899060 ... and hBack ent are: 1.88994e+08
***
ppt is 2 and trk is 2
***
hSig ent are: 847036 ... and hBack ent are: 8.47101e+06
***
ppt is 3 and trk is 2
***
hSig ent are: 979876 ... and hBack ent are: 9.80003e+06
***
ppt is 1 and trk is 3
***
hSig ent are: 20043876 ... and hBack ent are: 2.00463e+08
***
ppt is 2 and trk is 3
***
hSig ent are: 1495072 ... and hBack ent are: 1.49576e+07
***
ppt is 3 and trk is 3
***
hSig ent are: 2179260 ... and hBack ent are: 2.17949e+07
***
ppt is 1 and trk is 4
***
hSig ent are: 7423308 ... and hBack ent are: 7.42441e+07
***
ppt is 2 and trk is 4
***
hSig ent are: 723728 ... and hBack ent are: 7.23879e+06
***
ppt is 3 and trk is 4
***
hSig ent are: 1180096 ... and hBack ent are: 1.18027e+07
***
ppt is 1 and trk is 5
***
hSig ent are: 1423304 ... and hBack ent are: 1.42393e+07
***
ppt is 2 and trk is 5
***
hSig ent are: 148788 ... and hBack ent are: 1.48962e+06
***
ppt is 3 and trk is 5
***
hSig ent are: 257416 ... and hBack ent are: 2.57442e+06
***
ppt is 1 and trk is 6
***
hSig ent are: 193652 ... and hBack ent are: 1.93906e+06
***
ppt is 2 and trk is 6
***
hSig ent are: 20044 ... and hBack ent are: 201152
***
ppt is 3 and trk is 6
***
hSig ent are: 43008 ... and hBack ent are: 430992
***
ppt is 1 and trk is 7
***
hSig ent are: 38312 ... and hBack ent are: 383780
***
ppt is 2 and trk is 7
***
hSig ent are: 3496 ... and hBack ent are: 35156
***
ppt is 3 and trk is 7
***
hSig ent are: 5156 ... and hBack ent are: 51756
***
Time: 90.6557 seconds.
Split Times (in seconds)...
Start Up        0          (0 %)
Opening Files   0.0112     (0.0124 %)
Loading Events  45.5       (50.2 %)
Event Selection 4.67       (5.16 %)
Jet Selection   0.00988    (0.0109 %)
Track Loops     22         (24.3 %)
EndJob          18.5       (20.4 %)
Split Total: 90.6s
