Starting event loop
Total Number of Files in this Job: 2
File 1 out of 2
Total Entries is:
23942
0/23942
1000/23942
2000/23942
3000/23942
4000/23942
5000/23942
6000/23942
7000/23942
8000/23942
9000/23942
10000/23942
11000/23942
12000/23942
13000/23942
14000/23942
15000/23942
16000/23942
17000/23942
18000/23942
19000/23942
20000/23942
21000/23942
22000/23942
23000/23942
File 2 out of 2
Total Entries is:
27221
0/27221
1000/27221
2000/27221
3000/27221
4000/27221
5000/27221
6000/27221
7000/27221
8000/27221
9000/27221
10000/27221
11000/27221
12000/27221
13000/27221
14000/27221
15000/27221
16000/27221
17000/27221
18000/27221
19000/27221
20000/27221
21000/27221
22000/27221
23000/27221
24000/27221
25000/27221
26000/27221
27000/27221
skipper is: 25060044
tripper is: 27482442
ppt is 1 and trk is 1
***
hSig ent are: 2075336 ... and hBack ent are: 2.07617e+07
***
ppt is 2 and trk is 1
***
hSig ent are: 44616 ... and hBack ent are: 446892
***
ppt is 3 and trk is 1
***
hSig ent are: 25992 ... and hBack ent are: 260610
***
ppt is 1 and trk is 2
***
hSig ent are: 17937144 ... and hBack ent are: 1.79386e+08
***
ppt is 2 and trk is 2
***
hSig ent are: 805952 ... and hBack ent are: 8.06276e+06
***
ppt is 3 and trk is 2
***
hSig ent are: 929200 ... and hBack ent are: 9.29335e+06
***
ppt is 1 and trk is 3
***
hSig ent are: 18814492 ... and hBack ent are: 1.8817e+08
***
ppt is 2 and trk is 3
***
hSig ent are: 1391292 ... and hBack ent are: 1.39166e+07
***
ppt is 3 and trk is 3
***
hSig ent are: 2048260 ... and hBack ent are: 2.04892e+07
***
ppt is 1 and trk is 4
***
hSig ent are: 7120952 ... and hBack ent are: 7.12252e+07
***
ppt is 2 and trk is 4
***
hSig ent are: 700556 ... and hBack ent are: 7.00926e+06
***
ppt is 3 and trk is 4
***
hSig ent are: 1125660 ... and hBack ent are: 1.12594e+07
***
ppt is 1 and trk is 5
***
hSig ent are: 1320572 ... and hBack ent are: 1.32096e+07
***
ppt is 2 and trk is 5
***
hSig ent are: 144340 ... and hBack ent are: 1.4436e+06
***
ppt is 3 and trk is 5
***
hSig ent are: 265004 ... and hBack ent are: 2.65201e+06
***
ppt is 1 and trk is 6
***
hSig ent are: 152476 ... and hBack ent are: 1.52646e+06
***
ppt is 2 and trk is 6
***
hSig ent are: 17472 ... and hBack ent are: 175142
***
ppt is 3 and trk is 6
***
hSig ent are: 32324 ... and hBack ent are: 324330
***
ppt is 1 and trk is 7
***
hSig ent are: 9440 ... and hBack ent are: 94556
***
ppt is 2 and trk is 7
***
hSig ent are: 1520 ... and hBack ent are: 15252
***
ppt is 3 and trk is 7
***
hSig ent are: 2284 ... and hBack ent are: 22952
***
Time: 86.2374 seconds.
Split Times (in seconds)...
Start Up        0          (0 %)
Opening Files   0.013      (0.015 %)
Loading Events  43.3       (50.2 %)
Event Selection 4.46       (5.17 %)
Jet Selection   0.00898    (0.0104 %)
Track Loops     20.8       (24.1 %)
EndJob          17.6       (20.4 %)
Split Total: 86.2s
