Starting event loop
Total Number of Files in this Job: 2
File 1 out of 2
Total Entries is:
21319
0/21319
1000/21319
2000/21319
3000/21319
4000/21319
5000/21319
6000/21319
7000/21319
8000/21319
9000/21319
10000/21319
11000/21319
12000/21319
13000/21319
14000/21319
15000/21319
16000/21319
17000/21319
18000/21319
19000/21319
20000/21319
21000/21319
File 2 out of 2
Total Entries is:
27183
0/27183
1000/27183
2000/27183
3000/27183
4000/27183
5000/27183
6000/27183
7000/27183
8000/27183
9000/27183
10000/27183
11000/27183
12000/27183
13000/27183
14000/27183
15000/27183
16000/27183
17000/27183
18000/27183
19000/27183
20000/27183
21000/27183
22000/27183
23000/27183
24000/27183
25000/27183
26000/27183
27000/27183
skipper is: 23688488
tripper is: 26041462
ppt is 1 and trk is 1
***
hSig ent are: 2001856 ... and hBack ent are: 2.00212e+07
***
ppt is 2 and trk is 1
***
hSig ent are: 40864 ... and hBack ent are: 408960
***
ppt is 3 and trk is 1
***
hSig ent are: 23644 ... and hBack ent are: 236682
***
ppt is 1 and trk is 2
***
hSig ent are: 17011940 ... and hBack ent are: 1.70133e+08
***
ppt is 2 and trk is 2
***
hSig ent are: 767200 ... and hBack ent are: 7.67567e+06
***
ppt is 3 and trk is 2
***
hSig ent are: 878236 ... and hBack ent are: 8.78826e+06
***
ppt is 1 and trk is 3
***
hSig ent are: 17861404 ... and hBack ent are: 1.78637e+08
***
ppt is 2 and trk is 3
***
hSig ent are: 1314020 ... and hBack ent are: 1.31442e+07
***
ppt is 3 and trk is 3
***
hSig ent are: 1937064 ... and hBack ent are: 1.93732e+07
***
ppt is 1 and trk is 4
***
hSig ent are: 6658216 ... and hBack ent are: 6.65938e+07
***
ppt is 2 and trk is 4
***
hSig ent are: 630240 ... and hBack ent are: 6.30261e+06
***
ppt is 3 and trk is 4
***
hSig ent are: 1049664 ... and hBack ent are: 1.05008e+07
***
ppt is 1 and trk is 5
***
hSig ent are: 1253892 ... and hBack ent are: 1.25422e+07
***
ppt is 2 and trk is 5
***
hSig ent are: 136004 ... and hBack ent are: 1.36072e+06
***
ppt is 3 and trk is 5
***
hSig ent are: 238388 ... and hBack ent are: 2.38548e+06
***
ppt is 1 and trk is 6
***
hSig ent are: 196516 ... and hBack ent are: 1.96701e+06
***
ppt is 2 and trk is 6
***
hSig ent are: 23504 ... and hBack ent are: 235710
***
ppt is 3 and trk is 6
***
hSig ent are: 41812 ... and hBack ent are: 419256
***
ppt is 1 and trk is 7
***
hSig ent are: 15900 ... and hBack ent are: 159600
***
ppt is 2 and trk is 7
***
hSig ent are: 948 ... and hBack ent are: 9506
***
ppt is 3 and trk is 7
***
hSig ent are: 1612 ... and hBack ent are: 16256
***
Time: 82.7053 seconds.
Split Times (in seconds)...
Start Up        0          (0 %)
Opening Files   0.00873    (0.0106 %)
Loading Events  41.9       (50.7 %)
Event Selection 4.22       (5.1 %)
Jet Selection   0.00876    (0.0106 %)
Track Loops     19.7       (23.8 %)
EndJob          16.9       (20.4 %)
Split Total: 82.7s
