Starting event loop
Total Number of Files in this Job: 67
File 1 out of 67
Total Entries is:
26524
0/26524
1000/26524
2000/26524
3000/26524
4000/26524
5000/26524
6000/26524
7000/26524
8000/26524
9000/26524
10000/26524
11000/26524
12000/26524
13000/26524
14000/26524
15000/26524
16000/26524
17000/26524
18000/26524
19000/26524
20000/26524
21000/26524
22000/26524
23000/26524
24000/26524
25000/26524
26000/26524
File 2 out of 67
Total Entries is:
29912
0/29912
1000/29912
2000/29912
3000/29912
4000/29912
5000/29912
6000/29912
7000/29912
8000/29912
9000/29912
10000/29912
11000/29912
12000/29912
13000/29912
14000/29912
15000/29912
16000/29912
17000/29912
18000/29912
19000/29912
20000/29912
21000/29912
22000/29912
23000/29912
24000/29912
25000/29912
26000/29912
27000/29912
28000/29912
29000/29912
File 3 out of 67
Total Entries is:
22940
0/22940
1000/22940
2000/22940
3000/22940
4000/22940
5000/22940
6000/22940
7000/22940
8000/22940
9000/22940
10000/22940
11000/22940
12000/22940
13000/22940
14000/22940
15000/22940
16000/22940
17000/22940
18000/22940
19000/22940
20000/22940
21000/22940
22000/22940
File 4 out of 67
Total Entries is:
25516
0/25516
1000/25516
2000/25516
3000/25516
4000/25516
5000/25516
6000/25516
7000/25516
8000/25516
9000/25516
10000/25516
11000/25516
12000/25516
13000/25516
14000/25516
15000/25516
16000/25516
17000/25516
18000/25516
19000/25516
20000/25516
21000/25516
22000/25516
23000/25516
24000/25516
25000/25516
File 5 out of 67
Total Entries is:
24298
0/24298
1000/24298
2000/24298
3000/24298
4000/24298
5000/24298
6000/24298
7000/24298
8000/24298
9000/24298
10000/24298
11000/24298
12000/24298
13000/24298
14000/24298
15000/24298
16000/24298
17000/24298
18000/24298
19000/24298
20000/24298
21000/24298
22000/24298
23000/24298
24000/24298
File 6 out of 67
Total Entries is:
32197
0/32197
1000/32197
2000/32197
3000/32197
4000/32197
5000/32197
6000/32197
7000/32197
8000/32197
9000/32197
10000/32197
11000/32197
12000/32197
13000/32197
14000/32197
15000/32197
16000/32197
17000/32197
18000/32197
19000/32197
20000/32197
21000/32197
22000/32197
23000/32197
24000/32197
25000/32197
26000/32197
27000/32197
28000/32197
29000/32197
30000/32197
31000/32197
32000/32197
File 7 out of 67
Total Entries is:
30694
0/30694
1000/30694
2000/30694
3000/30694
4000/30694
5000/30694
6000/30694
7000/30694
8000/30694
9000/30694
10000/30694
11000/30694
12000/30694
13000/30694
14000/30694
15000/30694
16000/30694
17000/30694
18000/30694
19000/30694
20000/30694
21000/30694
22000/30694
23000/30694
24000/30694
25000/30694
26000/30694
27000/30694
28000/30694
29000/30694
30000/30694
File 8 out of 67
Total Entries is:
27229
0/27229
1000/27229
2000/27229
3000/27229
4000/27229
5000/27229
6000/27229
7000/27229
8000/27229
9000/27229
10000/27229
11000/27229
12000/27229
13000/27229
14000/27229
15000/27229
16000/27229
17000/27229
18000/27229
19000/27229
20000/27229
21000/27229
22000/27229
23000/27229
24000/27229
25000/27229
26000/27229
27000/27229
File 9 out of 67
Total Entries is:
31524
0/31524
1000/31524
2000/31524
3000/31524
4000/31524
5000/31524
6000/31524
7000/31524
8000/31524
9000/31524
10000/31524
11000/31524
12000/31524
13000/31524
14000/31524
15000/31524
16000/31524
17000/31524
18000/31524
19000/31524
20000/31524
21000/31524
22000/31524
23000/31524
24000/31524
25000/31524
26000/31524
27000/31524
28000/31524
29000/31524
30000/31524
31000/31524
File 10 out of 67
Total Entries is:
29833
0/29833
1000/29833
2000/29833
3000/29833
4000/29833
5000/29833
6000/29833
7000/29833
8000/29833
9000/29833
10000/29833
11000/29833
12000/29833
13000/29833
14000/29833
15000/29833
16000/29833
17000/29833
18000/29833
19000/29833
20000/29833
21000/29833
22000/29833
23000/29833
24000/29833
25000/29833
26000/29833
27000/29833
28000/29833
29000/29833
File 11 out of 67
Total Entries is:
30066
0/30066
1000/30066
2000/30066
3000/30066
4000/30066
5000/30066
6000/30066
7000/30066
8000/30066
9000/30066
10000/30066
11000/30066
12000/30066
13000/30066
14000/30066
15000/30066
16000/30066
17000/30066
18000/30066
19000/30066
20000/30066
21000/30066
22000/30066
23000/30066
24000/30066
25000/30066
26000/30066
27000/30066
28000/30066
29000/30066
30000/30066
File 12 out of 67
Total Entries is:
27914
0/27914
1000/27914
2000/27914
3000/27914
4000/27914
5000/27914
6000/27914
7000/27914
8000/27914
9000/27914
10000/27914
11000/27914
12000/27914
13000/27914
14000/27914
15000/27914
16000/27914
17000/27914
18000/27914
19000/27914
20000/27914
21000/27914
22000/27914
23000/27914
24000/27914
25000/27914
26000/27914
27000/27914
File 13 out of 67
Total Entries is:
28823
0/28823
1000/28823
2000/28823
3000/28823
4000/28823
5000/28823
6000/28823
7000/28823
8000/28823
9000/28823
10000/28823
11000/28823
12000/28823
13000/28823
14000/28823
15000/28823
16000/28823
17000/28823
18000/28823
19000/28823
20000/28823
21000/28823
22000/28823
23000/28823
24000/28823
25000/28823
26000/28823
27000/28823
28000/28823
File 14 out of 67
Total Entries is:
29464
0/29464
1000/29464
2000/29464
3000/29464
4000/29464
5000/29464
6000/29464
7000/29464
8000/29464
9000/29464
10000/29464
11000/29464
12000/29464
13000/29464
14000/29464
15000/29464
16000/29464
17000/29464
18000/29464
19000/29464
20000/29464
21000/29464
22000/29464
23000/29464
24000/29464
25000/29464
26000/29464
27000/29464
28000/29464
29000/29464
File 15 out of 67
Total Entries is:
19802
0/19802
1000/19802
2000/19802
3000/19802
4000/19802
5000/19802
6000/19802
7000/19802
8000/19802
9000/19802
10000/19802
11000/19802
12000/19802
13000/19802
14000/19802
15000/19802
16000/19802
17000/19802
18000/19802
19000/19802
File 16 out of 67
Total Entries is:
32807
0/32807
1000/32807
2000/32807
3000/32807
4000/32807
5000/32807
6000/32807
7000/32807
8000/32807
9000/32807
10000/32807
11000/32807
12000/32807
13000/32807
14000/32807
15000/32807
16000/32807
17000/32807
18000/32807
19000/32807
20000/32807
21000/32807
22000/32807
23000/32807
24000/32807
25000/32807
26000/32807
27000/32807
28000/32807
29000/32807
30000/32807
31000/32807
32000/32807
File 17 out of 67
Total Entries is:
24923
0/24923
1000/24923
2000/24923
3000/24923
4000/24923
5000/24923
6000/24923
7000/24923
8000/24923
9000/24923
10000/24923
11000/24923
12000/24923
13000/24923
14000/24923
15000/24923
16000/24923
17000/24923
18000/24923
19000/24923
20000/24923
21000/24923
22000/24923
23000/24923
24000/24923
File 18 out of 67
Total Entries is:
26730
0/26730
1000/26730
2000/26730
3000/26730
4000/26730
5000/26730
6000/26730
7000/26730
8000/26730
9000/26730
10000/26730
11000/26730
12000/26730
13000/26730
14000/26730
15000/26730
16000/26730
17000/26730
18000/26730
19000/26730
20000/26730
21000/26730
22000/26730
23000/26730
24000/26730
25000/26730
26000/26730
File 19 out of 67
Total Entries is:
28849
0/28849
1000/28849
2000/28849
3000/28849
4000/28849
5000/28849
6000/28849
7000/28849
8000/28849
9000/28849
10000/28849
11000/28849
12000/28849
13000/28849
14000/28849
15000/28849
16000/28849
17000/28849
18000/28849
19000/28849
20000/28849
21000/28849
22000/28849
23000/28849
24000/28849
25000/28849
26000/28849
27000/28849
28000/28849
File 20 out of 67
Total Entries is:
32259
0/32259
1000/32259
2000/32259
3000/32259
4000/32259
5000/32259
6000/32259
7000/32259
8000/32259
9000/32259
10000/32259
11000/32259
12000/32259
13000/32259
14000/32259
15000/32259
16000/32259
17000/32259
18000/32259
19000/32259
20000/32259
21000/32259
22000/32259
23000/32259
24000/32259
25000/32259
26000/32259
27000/32259
28000/32259
29000/32259
30000/32259
31000/32259
32000/32259
File 21 out of 67
Total Entries is:
27002
0/27002
1000/27002
2000/27002
3000/27002
4000/27002
5000/27002
6000/27002
7000/27002
8000/27002
9000/27002
10000/27002
11000/27002
12000/27002
13000/27002
14000/27002
15000/27002
16000/27002
17000/27002
18000/27002
19000/27002
20000/27002
21000/27002
22000/27002
23000/27002
24000/27002
25000/27002
26000/27002
27000/27002
File 22 out of 67
Total Entries is:
26068
0/26068
1000/26068
2000/26068
3000/26068
4000/26068
5000/26068
6000/26068
7000/26068
8000/26068
9000/26068
10000/26068
11000/26068
12000/26068
13000/26068
14000/26068
15000/26068
16000/26068
17000/26068
18000/26068
19000/26068
20000/26068
21000/26068
22000/26068
23000/26068
24000/26068
25000/26068
26000/26068
File 23 out of 67
Total Entries is:
30665
0/30665
1000/30665
2000/30665
3000/30665
4000/30665
5000/30665
6000/30665
7000/30665
8000/30665
9000/30665
10000/30665
11000/30665
12000/30665
13000/30665
14000/30665
15000/30665
16000/30665
17000/30665
18000/30665
19000/30665
20000/30665
21000/30665
22000/30665
23000/30665
24000/30665
25000/30665
26000/30665
27000/30665
28000/30665
29000/30665
30000/30665
File 24 out of 67
Total Entries is:
22189
0/22189
1000/22189
2000/22189
3000/22189
4000/22189
5000/22189
6000/22189
7000/22189
8000/22189
9000/22189
10000/22189
11000/22189
12000/22189
13000/22189
14000/22189
15000/22189
16000/22189
17000/22189
18000/22189
19000/22189
20000/22189
21000/22189
22000/22189
File 25 out of 67
Total Entries is:
32494
0/32494
1000/32494
2000/32494
3000/32494
4000/32494
5000/32494
6000/32494
7000/32494
8000/32494
9000/32494
10000/32494
11000/32494
12000/32494
13000/32494
14000/32494
15000/32494
16000/32494
17000/32494
18000/32494
19000/32494
20000/32494
21000/32494
22000/32494
23000/32494
24000/32494
25000/32494
26000/32494
27000/32494
28000/32494
29000/32494
30000/32494
31000/32494
32000/32494
File 26 out of 67
Total Entries is:
26022
0/26022
1000/26022
2000/26022
3000/26022
4000/26022
5000/26022
6000/26022
7000/26022
8000/26022
9000/26022
10000/26022
11000/26022
12000/26022
13000/26022
14000/26022
15000/26022
16000/26022
17000/26022
18000/26022
19000/26022
20000/26022
21000/26022
22000/26022
23000/26022
24000/26022
25000/26022
26000/26022
File 27 out of 67
Total Entries is:
28345
0/28345
1000/28345
2000/28345
3000/28345
4000/28345
5000/28345
6000/28345
7000/28345
8000/28345
9000/28345
10000/28345
11000/28345
12000/28345
13000/28345
14000/28345
15000/28345
16000/28345
17000/28345
18000/28345
19000/28345
20000/28345
21000/28345
22000/28345
23000/28345
24000/28345
25000/28345
26000/28345
27000/28345
28000/28345
File 28 out of 67
Total Entries is:
26546
0/26546
1000/26546
2000/26546
3000/26546
4000/26546
5000/26546
6000/26546
7000/26546
8000/26546
9000/26546
10000/26546
11000/26546
12000/26546
13000/26546
14000/26546
15000/26546
16000/26546
17000/26546
18000/26546
19000/26546
20000/26546
21000/26546
22000/26546
23000/26546
24000/26546
25000/26546
26000/26546
File 29 out of 67
Total Entries is:
30352
0/30352
1000/30352
2000/30352
3000/30352
4000/30352
5000/30352
6000/30352
7000/30352
8000/30352
9000/30352
10000/30352
11000/30352
12000/30352
13000/30352
14000/30352
15000/30352
16000/30352
17000/30352
18000/30352
19000/30352
20000/30352
21000/30352
22000/30352
23000/30352
24000/30352
25000/30352
26000/30352
27000/30352
28000/30352
29000/30352
30000/30352
File 30 out of 67
Total Entries is:
23026
0/23026
1000/23026
2000/23026
3000/23026
4000/23026
5000/23026
6000/23026
7000/23026
8000/23026
9000/23026
10000/23026
11000/23026
12000/23026
13000/23026
14000/23026
15000/23026
16000/23026
17000/23026
18000/23026
19000/23026
20000/23026
21000/23026
22000/23026
23000/23026
File 31 out of 67
Total Entries is:
26382
0/26382
1000/26382
2000/26382
3000/26382
4000/26382
5000/26382
6000/26382
7000/26382
8000/26382
9000/26382
10000/26382
11000/26382
12000/26382
13000/26382
14000/26382
15000/26382
16000/26382
17000/26382
18000/26382
19000/26382
20000/26382
21000/26382
22000/26382
23000/26382
24000/26382
25000/26382
26000/26382
File 32 out of 67
Total Entries is:
29601
0/29601
1000/29601
2000/29601
3000/29601
4000/29601
5000/29601
6000/29601
7000/29601
8000/29601
9000/29601
10000/29601
11000/29601
12000/29601
13000/29601
14000/29601
15000/29601
16000/29601
17000/29601
18000/29601
19000/29601
20000/29601
21000/29601
22000/29601
23000/29601
24000/29601
25000/29601
26000/29601
27000/29601
28000/29601
29000/29601
File 33 out of 67
Total Entries is:
28477
0/28477
1000/28477
2000/28477
3000/28477
4000/28477
5000/28477
6000/28477
7000/28477
8000/28477
9000/28477
10000/28477
11000/28477
12000/28477
13000/28477
14000/28477
15000/28477
16000/28477
17000/28477
18000/28477
19000/28477
20000/28477
21000/28477
22000/28477
23000/28477
24000/28477
25000/28477
26000/28477
27000/28477
28000/28477
File 34 out of 67
Total Entries is:
30629
0/30629
1000/30629
2000/30629
3000/30629
4000/30629
5000/30629
6000/30629
7000/30629
8000/30629
9000/30629
10000/30629
11000/30629
12000/30629
13000/30629
14000/30629
15000/30629
16000/30629
17000/30629
18000/30629
19000/30629
20000/30629
21000/30629
22000/30629
23000/30629
24000/30629
25000/30629
26000/30629
27000/30629
28000/30629
29000/30629
30000/30629
File 35 out of 67
Total Entries is:
29620
0/29620
1000/29620
2000/29620
3000/29620
4000/29620
5000/29620
6000/29620
7000/29620
8000/29620
9000/29620
10000/29620
11000/29620
12000/29620
13000/29620
14000/29620
15000/29620
16000/29620
17000/29620
18000/29620
19000/29620
20000/29620
21000/29620
22000/29620
23000/29620
24000/29620
25000/29620
26000/29620
27000/29620
28000/29620
29000/29620
File 36 out of 67
Total Entries is:
30087
0/30087
1000/30087
2000/30087
3000/30087
4000/30087
5000/30087
6000/30087
7000/30087
8000/30087
9000/30087
10000/30087
11000/30087
12000/30087
13000/30087
14000/30087
15000/30087
16000/30087
17000/30087
18000/30087
19000/30087
20000/30087
21000/30087
22000/30087
23000/30087
24000/30087
25000/30087
26000/30087
27000/30087
28000/30087
29000/30087
30000/30087
File 37 out of 67
Total Entries is:
26966
0/26966
1000/26966
2000/26966
3000/26966
4000/26966
5000/26966
6000/26966
7000/26966
8000/26966
9000/26966
10000/26966
11000/26966
12000/26966
13000/26966
14000/26966
15000/26966
16000/26966
17000/26966
18000/26966
19000/26966
20000/26966
21000/26966
22000/26966
23000/26966
24000/26966
25000/26966
26000/26966
File 38 out of 67
Total Entries is:
29031
0/29031
1000/29031
2000/29031
3000/29031
4000/29031
5000/29031
6000/29031
7000/29031
8000/29031
9000/29031
10000/29031
11000/29031
12000/29031
13000/29031
14000/29031
15000/29031
16000/29031
17000/29031
18000/29031
19000/29031
20000/29031
21000/29031
22000/29031
23000/29031
24000/29031
25000/29031
26000/29031
27000/29031
28000/29031
29000/29031
File 39 out of 67
Total Entries is:
26865
0/26865
1000/26865
2000/26865
3000/26865
4000/26865
5000/26865
6000/26865
7000/26865
8000/26865
9000/26865
10000/26865
11000/26865
12000/26865
13000/26865
14000/26865
15000/26865
16000/26865
17000/26865
18000/26865
19000/26865
20000/26865
21000/26865
22000/26865
23000/26865
24000/26865
25000/26865
26000/26865
File 40 out of 67
Total Entries is:
26770
0/26770
1000/26770
2000/26770
3000/26770
4000/26770
5000/26770
6000/26770
7000/26770
8000/26770
9000/26770
10000/26770
11000/26770
12000/26770
13000/26770
14000/26770
15000/26770
16000/26770
17000/26770
18000/26770
19000/26770
20000/26770
21000/26770
22000/26770
23000/26770
24000/26770
25000/26770
26000/26770
File 41 out of 67
Total Entries is:
30355
0/30355
1000/30355
2000/30355
3000/30355
4000/30355
5000/30355
6000/30355
7000/30355
8000/30355
9000/30355
10000/30355
11000/30355
12000/30355
13000/30355
14000/30355
15000/30355
16000/30355
17000/30355
18000/30355
19000/30355
20000/30355
21000/30355
22000/30355
23000/30355
24000/30355
25000/30355
26000/30355
27000/30355
28000/30355
29000/30355
30000/30355
File 42 out of 67
Total Entries is:
29449
0/29449
1000/29449
2000/29449
3000/29449
4000/29449
5000/29449
6000/29449
7000/29449
8000/29449
9000/29449
10000/29449
11000/29449
12000/29449
13000/29449
14000/29449
15000/29449
16000/29449
17000/29449
18000/29449
19000/29449
20000/29449
21000/29449
22000/29449
23000/29449
24000/29449
25000/29449
26000/29449
27000/29449
28000/29449
29000/29449
File 43 out of 67
Total Entries is:
30941
0/30941
1000/30941
2000/30941
3000/30941
4000/30941
5000/30941
6000/30941
7000/30941
8000/30941
9000/30941
10000/30941
11000/30941
12000/30941
13000/30941
14000/30941
15000/30941
16000/30941
17000/30941
18000/30941
19000/30941
20000/30941
21000/30941
22000/30941
23000/30941
24000/30941
25000/30941
26000/30941
27000/30941
28000/30941
29000/30941
30000/30941
File 44 out of 67
Total Entries is:
31547
0/31547
1000/31547
2000/31547
3000/31547
4000/31547
5000/31547
6000/31547
7000/31547
8000/31547
9000/31547
10000/31547
11000/31547
12000/31547
13000/31547
14000/31547
15000/31547
16000/31547
17000/31547
18000/31547
19000/31547
20000/31547
21000/31547
22000/31547
23000/31547
24000/31547
25000/31547
26000/31547
27000/31547
28000/31547
29000/31547
30000/31547
31000/31547
File 45 out of 67
Total Entries is:
25689
0/25689
1000/25689
2000/25689
3000/25689
4000/25689
5000/25689
6000/25689
7000/25689
8000/25689
9000/25689
10000/25689
11000/25689
12000/25689
13000/25689
14000/25689
15000/25689
16000/25689
17000/25689
18000/25689
19000/25689
20000/25689
21000/25689
22000/25689
23000/25689
24000/25689
25000/25689
File 46 out of 67
Total Entries is:
26622
0/26622
1000/26622
2000/26622
3000/26622
4000/26622
5000/26622
6000/26622
7000/26622
8000/26622
9000/26622
10000/26622
11000/26622
12000/26622
13000/26622
14000/26622
15000/26622
16000/26622
17000/26622
18000/26622
19000/26622
20000/26622
21000/26622
22000/26622
23000/26622
24000/26622
25000/26622
26000/26622
File 47 out of 67
Total Entries is:
30634
0/30634
1000/30634
2000/30634
3000/30634
4000/30634
5000/30634
6000/30634
7000/30634
8000/30634
9000/30634
10000/30634
11000/30634
12000/30634
13000/30634
14000/30634
15000/30634
16000/30634
17000/30634
18000/30634
19000/30634
20000/30634
21000/30634
22000/30634
23000/30634
24000/30634
25000/30634
26000/30634
27000/30634
28000/30634
29000/30634
30000/30634
File 48 out of 67
Total Entries is:
25893
0/25893
1000/25893
2000/25893
3000/25893
4000/25893
5000/25893
6000/25893
7000/25893
8000/25893
9000/25893
10000/25893
11000/25893
12000/25893
13000/25893
14000/25893
15000/25893
16000/25893
17000/25893
18000/25893
19000/25893
20000/25893
21000/25893
22000/25893
23000/25893
24000/25893
25000/25893
File 49 out of 67
Total Entries is:
33853
0/33853
1000/33853
2000/33853
3000/33853
4000/33853
5000/33853
6000/33853
7000/33853
8000/33853
9000/33853
10000/33853
11000/33853
12000/33853
13000/33853
14000/33853
15000/33853
16000/33853
17000/33853
18000/33853
19000/33853
20000/33853
21000/33853
22000/33853
23000/33853
24000/33853
25000/33853
26000/33853
27000/33853
28000/33853
29000/33853
30000/33853
31000/33853
32000/33853
33000/33853
File 50 out of 67
Total Entries is:
30147
0/30147
1000/30147
2000/30147
3000/30147
4000/30147
5000/30147
6000/30147
7000/30147
8000/30147
9000/30147
10000/30147
11000/30147
12000/30147
13000/30147
14000/30147
15000/30147
16000/30147
17000/30147
18000/30147
19000/30147
20000/30147
21000/30147
22000/30147
23000/30147
24000/30147
25000/30147
26000/30147
27000/30147
28000/30147
29000/30147
30000/30147
File 51 out of 67
Total Entries is:
31216
0/31216
1000/31216
2000/31216
3000/31216
4000/31216
5000/31216
6000/31216
7000/31216
8000/31216
9000/31216
10000/31216
11000/31216
12000/31216
13000/31216
14000/31216
15000/31216
16000/31216
17000/31216
18000/31216
19000/31216
20000/31216
21000/31216
22000/31216
23000/31216
24000/31216
25000/31216
26000/31216
27000/31216
28000/31216
29000/31216
30000/31216
31000/31216
File 52 out of 67
Total Entries is:
30158
0/30158
1000/30158
2000/30158
3000/30158
4000/30158
5000/30158
6000/30158
7000/30158
8000/30158
9000/30158
10000/30158
11000/30158
12000/30158
13000/30158
14000/30158
15000/30158
16000/30158
17000/30158
18000/30158
19000/30158
20000/30158
21000/30158
22000/30158
23000/30158
24000/30158
25000/30158
26000/30158
27000/30158
28000/30158
29000/30158
30000/30158
File 53 out of 67
Total Entries is:
29193
0/29193
1000/29193
2000/29193
3000/29193
4000/29193
5000/29193
6000/29193
7000/29193
8000/29193
9000/29193
10000/29193
11000/29193
12000/29193
13000/29193
14000/29193
15000/29193
16000/29193
17000/29193
18000/29193
19000/29193
20000/29193
21000/29193
22000/29193
23000/29193
24000/29193
25000/29193
26000/29193
27000/29193
28000/29193
29000/29193
File 54 out of 67
Total Entries is:
23474
0/23474
1000/23474
2000/23474
3000/23474
4000/23474
5000/23474
6000/23474
7000/23474
8000/23474
9000/23474
10000/23474
11000/23474
12000/23474
13000/23474
14000/23474
15000/23474
16000/23474
17000/23474
18000/23474
19000/23474
20000/23474
21000/23474
22000/23474
23000/23474
File 55 out of 67
Total Entries is:
34790
0/34790
1000/34790
2000/34790
3000/34790
4000/34790
5000/34790
6000/34790
7000/34790
8000/34790
9000/34790
10000/34790
11000/34790
12000/34790
13000/34790
14000/34790
15000/34790
16000/34790
17000/34790
18000/34790
19000/34790
20000/34790
21000/34790
22000/34790
23000/34790
24000/34790
25000/34790
26000/34790
27000/34790
28000/34790
29000/34790
30000/34790
31000/34790
32000/34790
33000/34790
34000/34790
File 56 out of 67
Total Entries is:
28904
0/28904
1000/28904
2000/28904
3000/28904
4000/28904
5000/28904
6000/28904
7000/28904
8000/28904
9000/28904
10000/28904
11000/28904
12000/28904
13000/28904
14000/28904
15000/28904
16000/28904
17000/28904
18000/28904
19000/28904
20000/28904
21000/28904
22000/28904
23000/28904
24000/28904
25000/28904
26000/28904
27000/28904
28000/28904
File 57 out of 67
Total Entries is:
32794
0/32794
1000/32794
2000/32794
3000/32794
4000/32794
5000/32794
6000/32794
7000/32794
8000/32794
9000/32794
10000/32794
11000/32794
12000/32794
13000/32794
14000/32794
15000/32794
16000/32794
17000/32794
18000/32794
19000/32794
20000/32794
21000/32794
22000/32794
23000/32794
24000/32794
25000/32794
26000/32794
27000/32794
28000/32794
29000/32794
30000/32794
31000/32794
32000/32794
File 58 out of 67
Total Entries is:
24825
0/24825
1000/24825
2000/24825
3000/24825
4000/24825
5000/24825
6000/24825
7000/24825
8000/24825
9000/24825
10000/24825
11000/24825
12000/24825
13000/24825
14000/24825
15000/24825
16000/24825
17000/24825
18000/24825
19000/24825
20000/24825
21000/24825
22000/24825
23000/24825
24000/24825
File 59 out of 67
Total Entries is:
26275
0/26275
1000/26275
2000/26275
3000/26275
4000/26275
5000/26275
6000/26275
7000/26275
8000/26275
9000/26275
10000/26275
11000/26275
12000/26275
13000/26275
14000/26275
15000/26275
16000/26275
17000/26275
18000/26275
19000/26275
20000/26275
21000/26275
22000/26275
23000/26275
24000/26275
25000/26275
26000/26275
File 60 out of 67
Total Entries is:
25880
0/25880
1000/25880
2000/25880
3000/25880
4000/25880
5000/25880
6000/25880
7000/25880
8000/25880
9000/25880
10000/25880
11000/25880
12000/25880
13000/25880
14000/25880
15000/25880
16000/25880
17000/25880
18000/25880
19000/25880
20000/25880
21000/25880
22000/25880
23000/25880
24000/25880
25000/25880
File 61 out of 67
Total Entries is:
30490
0/30490
1000/30490
2000/30490
3000/30490
4000/30490
5000/30490
6000/30490
7000/30490
8000/30490
9000/30490
10000/30490
11000/30490
12000/30490
13000/30490
14000/30490
15000/30490
16000/30490
17000/30490
18000/30490
19000/30490
20000/30490
21000/30490
22000/30490
23000/30490
24000/30490
25000/30490
26000/30490
27000/30490
28000/30490
29000/30490
30000/30490
File 62 out of 67
Total Entries is:
25305
0/25305
1000/25305
2000/25305
3000/25305
4000/25305
5000/25305
6000/25305
7000/25305
8000/25305
9000/25305
10000/25305
11000/25305
12000/25305
13000/25305
14000/25305
15000/25305
16000/25305
17000/25305
18000/25305
19000/25305
20000/25305
21000/25305
22000/25305
23000/25305
24000/25305
25000/25305
File 63 out of 67
Total Entries is:
24502
0/24502
1000/24502
2000/24502
3000/24502
4000/24502
5000/24502
6000/24502
7000/24502
8000/24502
9000/24502
10000/24502
11000/24502
12000/24502
13000/24502
14000/24502
15000/24502
16000/24502
17000/24502
18000/24502
19000/24502
20000/24502
21000/24502
22000/24502
23000/24502
24000/24502
File 64 out of 67
Total Entries is:
29809
0/29809
1000/29809
2000/29809
3000/29809
4000/29809
5000/29809
6000/29809
7000/29809
8000/29809
9000/29809
10000/29809
11000/29809
12000/29809
13000/29809
14000/29809
15000/29809
16000/29809
17000/29809
18000/29809
19000/29809
20000/29809
21000/29809
22000/29809
23000/29809
24000/29809
25000/29809
26000/29809
27000/29809
28000/29809
29000/29809
File 65 out of 67
Total Entries is:
29279
0/29279
1000/29279
2000/29279
3000/29279
4000/29279
5000/29279
6000/29279
7000/29279
8000/29279
9000/29279
10000/29279
11000/29279
12000/29279
13000/29279
14000/29279
15000/29279
16000/29279
17000/29279
18000/29279
19000/29279
20000/29279
21000/29279
22000/29279
23000/29279
24000/29279
25000/29279
26000/29279
27000/29279
28000/29279
29000/29279
File 66 out of 67
Total Entries is:
20677
0/20677
1000/20677
2000/20677
3000/20677
4000/20677
5000/20677
6000/20677
7000/20677
8000/20677
9000/20677
10000/20677
11000/20677
12000/20677
13000/20677
14000/20677
15000/20677
16000/20677
17000/20677
18000/20677
19000/20677
20000/20677
File 67 out of 67
Total Entries is:
25373
0/25373
1000/25373
2000/25373
3000/25373
4000/25373
5000/25373
6000/25373
7000/25373
8000/25373
9000/25373
10000/25373
11000/25373
12000/25373
13000/25373
14000/25373
15000/25373
16000/25373
17000/25373
18000/25373
19000/25373
20000/25373
21000/25373
22000/25373
23000/25373
24000/25373
25000/25373
skipper is: 912093874
tripper is: 1000382510
ppt is 1 and trk is 1
***
hSig ent are: 77283040 ... and hBack ent are: 7.72868e+08
***
ppt is 2 and trk is 1
***
hSig ent are: 1672912 ... and hBack ent are: 1.67322e+07
***
ppt is 3 and trk is 1
***
hSig ent are: 996696 ... and hBack ent are: 9.96981e+06
***
ppt is 1 and trk is 2
***
hSig ent are: 657570164 ... and hBack ent are: 6.57583e+09
***
ppt is 2 and trk is 2
***
hSig ent are: 29537104 ... and hBack ent are: 2.95376e+08
***
ppt is 3 and trk is 2
***
hSig ent are: 34019936 ... and hBack ent are: 3.402e+08
***
ppt is 1 and trk is 3
***
hSig ent are: 683517760 ... and hBack ent are: 6.83524e+09
***
ppt is 2 and trk is 3
***
hSig ent are: 50835724 ... and hBack ent are: 5.0839e+08
***
ppt is 3 and trk is 3
***
hSig ent are: 74488492 ... and hBack ent are: 7.44935e+08
***
ppt is 1 and trk is 4
***
hSig ent are: 254249184 ... and hBack ent are: 2.54253e+09
***
ppt is 2 and trk is 4
***
hSig ent are: 24631332 ... and hBack ent are: 2.46317e+08
***
ppt is 3 and trk is 4
***
hSig ent are: 40371716 ... and hBack ent are: 4.03749e+08
***
ppt is 1 and trk is 5
***
hSig ent are: 48114100 ... and hBack ent are: 4.81166e+08
***
ppt is 2 and trk is 5
***
hSig ent are: 5295704 ... and hBack ent are: 5.2962e+07
***
ppt is 3 and trk is 5
***
hSig ent are: 9285304 ... and hBack ent are: 9.28621e+07
***
ppt is 1 and trk is 6
***
hSig ent are: 6097492 ... and hBack ent are: 6.09883e+07
***
ppt is 2 and trk is 6
***
hSig ent are: 705600 ... and hBack ent are: 7.05699e+06
***
ppt is 3 and trk is 6
***
hSig ent are: 1328540 ... and hBack ent are: 1.32897e+07
***
ppt is 1 and trk is 7
***
hSig ent are: 549884 ... and hBack ent are: 5.50137e+06
***
ppt is 2 and trk is 7
***
hSig ent are: 72784 ... and hBack ent are: 728462
***
ppt is 3 and trk is 7
***
hSig ent are: 141552 ... and hBack ent are: 1.41729e+06
***
Time: 4061.99 seconds.
Split Times (in seconds)...
Start Up        0          (0 %)
Opening Files   0.225      (0.00555 %)
Loading Events  1.64e+03   (40.5 %)
Event Selection 922        (22.7 %)
Jet Selection   0.355      (0.00875 %)
Track Loops     824        (20.3 %)
EndJob          669        (16.5 %)
Split Total: 4.06e+03s
