Starting event loop
Total Number of Files in this Job: 68
File 1 out of 68
Total Entries is:
27221
0/27221
1000/27221
2000/27221
3000/27221
4000/27221
5000/27221
6000/27221
7000/27221
8000/27221
9000/27221
10000/27221
11000/27221
12000/27221
13000/27221
14000/27221
15000/27221
16000/27221
17000/27221
18000/27221
19000/27221
20000/27221
21000/27221
22000/27221
23000/27221
24000/27221
25000/27221
26000/27221
27000/27221
File 2 out of 68
Total Entries is:
25486
0/25486
1000/25486
2000/25486
3000/25486
4000/25486
5000/25486
6000/25486
7000/25486
8000/25486
9000/25486
10000/25486
11000/25486
12000/25486
13000/25486
14000/25486
15000/25486
16000/25486
17000/25486
18000/25486
19000/25486
20000/25486
21000/25486
22000/25486
23000/25486
24000/25486
25000/25486
File 3 out of 68
Total Entries is:
28401
0/28401
1000/28401
2000/28401
3000/28401
4000/28401
5000/28401
6000/28401
7000/28401
8000/28401
9000/28401
10000/28401
11000/28401
12000/28401
13000/28401
14000/28401
15000/28401
16000/28401
17000/28401
18000/28401
19000/28401
20000/28401
21000/28401
22000/28401
23000/28401
24000/28401
25000/28401
26000/28401
27000/28401
28000/28401
File 4 out of 68
Total Entries is:
29226
0/29226
1000/29226
2000/29226
3000/29226
4000/29226
5000/29226
6000/29226
7000/29226
8000/29226
9000/29226
10000/29226
11000/29226
12000/29226
13000/29226
14000/29226
15000/29226
16000/29226
17000/29226
18000/29226
19000/29226
20000/29226
21000/29226
22000/29226
23000/29226
24000/29226
25000/29226
26000/29226
27000/29226
28000/29226
29000/29226
File 5 out of 68
Total Entries is:
27004
0/27004
1000/27004
2000/27004
3000/27004
4000/27004
5000/27004
6000/27004
7000/27004
8000/27004
9000/27004
10000/27004
11000/27004
12000/27004
13000/27004
14000/27004
15000/27004
16000/27004
17000/27004
18000/27004
19000/27004
20000/27004
21000/27004
22000/27004
23000/27004
24000/27004
25000/27004
26000/27004
27000/27004
File 6 out of 68
Total Entries is:
26788
0/26788
1000/26788
2000/26788
3000/26788
4000/26788
5000/26788
6000/26788
7000/26788
8000/26788
9000/26788
10000/26788
11000/26788
12000/26788
13000/26788
14000/26788
15000/26788
16000/26788
17000/26788
18000/26788
19000/26788
20000/26788
21000/26788
22000/26788
23000/26788
24000/26788
25000/26788
26000/26788
File 7 out of 68
Total Entries is:
30984
0/30984
1000/30984
2000/30984
3000/30984
4000/30984
5000/30984
6000/30984
7000/30984
8000/30984
9000/30984
10000/30984
11000/30984
12000/30984
13000/30984
14000/30984
15000/30984
16000/30984
17000/30984
18000/30984
19000/30984
20000/30984
21000/30984
22000/30984
23000/30984
24000/30984
25000/30984
26000/30984
27000/30984
28000/30984
29000/30984
30000/30984
File 8 out of 68
Total Entries is:
27644
0/27644
1000/27644
2000/27644
3000/27644
4000/27644
5000/27644
6000/27644
7000/27644
8000/27644
9000/27644
10000/27644
11000/27644
12000/27644
13000/27644
14000/27644
15000/27644
16000/27644
17000/27644
18000/27644
19000/27644
20000/27644
21000/27644
22000/27644
23000/27644
24000/27644
25000/27644
26000/27644
27000/27644
File 9 out of 68
Total Entries is:
19652
0/19652
1000/19652
2000/19652
3000/19652
4000/19652
5000/19652
6000/19652
7000/19652
8000/19652
9000/19652
10000/19652
11000/19652
12000/19652
13000/19652
14000/19652
15000/19652
16000/19652
17000/19652
18000/19652
19000/19652
File 10 out of 68
Total Entries is:
18148
0/18148
1000/18148
2000/18148
3000/18148
4000/18148
5000/18148
6000/18148
7000/18148
8000/18148
9000/18148
10000/18148
11000/18148
12000/18148
13000/18148
14000/18148
15000/18148
16000/18148
17000/18148
18000/18148
File 11 out of 68
Total Entries is:
30624
0/30624
1000/30624
2000/30624
3000/30624
4000/30624
5000/30624
6000/30624
7000/30624
8000/30624
9000/30624
10000/30624
11000/30624
12000/30624
13000/30624
14000/30624
15000/30624
16000/30624
17000/30624
18000/30624
19000/30624
20000/30624
21000/30624
22000/30624
23000/30624
24000/30624
25000/30624
26000/30624
27000/30624
28000/30624
29000/30624
30000/30624
File 12 out of 68
Total Entries is:
27483
0/27483
1000/27483
2000/27483
3000/27483
4000/27483
5000/27483
6000/27483
7000/27483
8000/27483
9000/27483
10000/27483
11000/27483
12000/27483
13000/27483
14000/27483
15000/27483
16000/27483
17000/27483
18000/27483
19000/27483
20000/27483
21000/27483
22000/27483
23000/27483
24000/27483
25000/27483
26000/27483
27000/27483
File 13 out of 68
Total Entries is:
26854
0/26854
1000/26854
2000/26854
3000/26854
4000/26854
5000/26854
6000/26854
7000/26854
8000/26854
9000/26854
10000/26854
11000/26854
12000/26854
13000/26854
14000/26854
15000/26854
16000/26854
17000/26854
18000/26854
19000/26854
20000/26854
21000/26854
22000/26854
23000/26854
24000/26854
25000/26854
26000/26854
File 14 out of 68
Total Entries is:
30759
0/30759
1000/30759
2000/30759
3000/30759
4000/30759
5000/30759
6000/30759
7000/30759
8000/30759
9000/30759
10000/30759
11000/30759
12000/30759
13000/30759
14000/30759
15000/30759
16000/30759
17000/30759
18000/30759
19000/30759
20000/30759
21000/30759
22000/30759
23000/30759
24000/30759
25000/30759
26000/30759
27000/30759
28000/30759
29000/30759
30000/30759
File 15 out of 68
Total Entries is:
28421
0/28421
1000/28421
2000/28421
3000/28421
4000/28421
5000/28421
6000/28421
7000/28421
8000/28421
9000/28421
10000/28421
11000/28421
12000/28421
13000/28421
14000/28421
15000/28421
16000/28421
17000/28421
18000/28421
19000/28421
20000/28421
21000/28421
22000/28421
23000/28421
24000/28421
25000/28421
26000/28421
27000/28421
28000/28421
File 16 out of 68
Total Entries is:
31110
0/31110
1000/31110
2000/31110
3000/31110
4000/31110
5000/31110
6000/31110
7000/31110
8000/31110
9000/31110
10000/31110
11000/31110
12000/31110
13000/31110
14000/31110
15000/31110
16000/31110
17000/31110
18000/31110
19000/31110
20000/31110
21000/31110
22000/31110
23000/31110
24000/31110
25000/31110
26000/31110
27000/31110
28000/31110
29000/31110
30000/31110
31000/31110
File 17 out of 68
Total Entries is:
28227
0/28227
1000/28227
2000/28227
3000/28227
4000/28227
5000/28227
6000/28227
7000/28227
8000/28227
9000/28227
10000/28227
11000/28227
12000/28227
13000/28227
14000/28227
15000/28227
16000/28227
17000/28227
18000/28227
19000/28227
20000/28227
21000/28227
22000/28227
23000/28227
24000/28227
25000/28227
26000/28227
27000/28227
28000/28227
File 18 out of 68
Total Entries is:
23570
0/23570
1000/23570
2000/23570
3000/23570
4000/23570
5000/23570
6000/23570
7000/23570
8000/23570
9000/23570
10000/23570
11000/23570
12000/23570
13000/23570
14000/23570
15000/23570
16000/23570
17000/23570
18000/23570
19000/23570
20000/23570
21000/23570
22000/23570
23000/23570
File 19 out of 68
Total Entries is:
30328
0/30328
1000/30328
2000/30328
3000/30328
4000/30328
5000/30328
6000/30328
7000/30328
8000/30328
9000/30328
10000/30328
11000/30328
12000/30328
13000/30328
14000/30328
15000/30328
16000/30328
17000/30328
18000/30328
19000/30328
20000/30328
21000/30328
22000/30328
23000/30328
24000/30328
25000/30328
26000/30328
27000/30328
28000/30328
29000/30328
30000/30328
File 20 out of 68
Total Entries is:
28650
0/28650
1000/28650
2000/28650
3000/28650
4000/28650
5000/28650
6000/28650
7000/28650
8000/28650
9000/28650
10000/28650
11000/28650
12000/28650
13000/28650
14000/28650
15000/28650
16000/28650
17000/28650
18000/28650
19000/28650
20000/28650
21000/28650
22000/28650
23000/28650
24000/28650
25000/28650
26000/28650
27000/28650
28000/28650
File 21 out of 68
Total Entries is:
30238
0/30238
1000/30238
2000/30238
3000/30238
4000/30238
5000/30238
6000/30238
7000/30238
8000/30238
9000/30238
10000/30238
11000/30238
12000/30238
13000/30238
14000/30238
15000/30238
16000/30238
17000/30238
18000/30238
19000/30238
20000/30238
21000/30238
22000/30238
23000/30238
24000/30238
25000/30238
26000/30238
27000/30238
28000/30238
29000/30238
30000/30238
File 22 out of 68
Total Entries is:
30051
0/30051
1000/30051
2000/30051
3000/30051
4000/30051
5000/30051
6000/30051
7000/30051
8000/30051
9000/30051
10000/30051
11000/30051
12000/30051
13000/30051
14000/30051
15000/30051
16000/30051
17000/30051
18000/30051
19000/30051
20000/30051
21000/30051
22000/30051
23000/30051
24000/30051
25000/30051
26000/30051
27000/30051
28000/30051
29000/30051
30000/30051
File 23 out of 68
Total Entries is:
26663
0/26663
1000/26663
2000/26663
3000/26663
4000/26663
5000/26663
6000/26663
7000/26663
8000/26663
9000/26663
10000/26663
11000/26663
12000/26663
13000/26663
14000/26663
15000/26663
16000/26663
17000/26663
18000/26663
19000/26663
20000/26663
21000/26663
22000/26663
23000/26663
24000/26663
25000/26663
26000/26663
File 24 out of 68
Total Entries is:
30507
0/30507
1000/30507
2000/30507
3000/30507
4000/30507
5000/30507
6000/30507
7000/30507
8000/30507
9000/30507
10000/30507
11000/30507
12000/30507
13000/30507
14000/30507
15000/30507
16000/30507
17000/30507
18000/30507
19000/30507
20000/30507
21000/30507
22000/30507
23000/30507
24000/30507
25000/30507
26000/30507
27000/30507
28000/30507
29000/30507
30000/30507
File 25 out of 68
Total Entries is:
20545
0/20545
1000/20545
2000/20545
3000/20545
4000/20545
5000/20545
6000/20545
7000/20545
8000/20545
9000/20545
10000/20545
11000/20545
12000/20545
13000/20545
14000/20545
15000/20545
16000/20545
17000/20545
18000/20545
19000/20545
20000/20545
File 26 out of 68
Total Entries is:
29419
0/29419
1000/29419
2000/29419
3000/29419
4000/29419
5000/29419
6000/29419
7000/29419
8000/29419
9000/29419
10000/29419
11000/29419
12000/29419
13000/29419
14000/29419
15000/29419
16000/29419
17000/29419
18000/29419
19000/29419
20000/29419
21000/29419
22000/29419
23000/29419
24000/29419
25000/29419
26000/29419
27000/29419
28000/29419
29000/29419
File 27 out of 68
Total Entries is:
29739
0/29739
1000/29739
2000/29739
3000/29739
4000/29739
5000/29739
6000/29739
7000/29739
8000/29739
9000/29739
10000/29739
11000/29739
12000/29739
13000/29739
14000/29739
15000/29739
16000/29739
17000/29739
18000/29739
19000/29739
20000/29739
21000/29739
22000/29739
23000/29739
24000/29739
25000/29739
26000/29739
27000/29739
28000/29739
29000/29739
File 28 out of 68
Total Entries is:
24991
0/24991
1000/24991
2000/24991
3000/24991
4000/24991
5000/24991
6000/24991
7000/24991
8000/24991
9000/24991
10000/24991
11000/24991
12000/24991
13000/24991
14000/24991
15000/24991
16000/24991
17000/24991
18000/24991
19000/24991
20000/24991
21000/24991
22000/24991
23000/24991
24000/24991
File 29 out of 68
Total Entries is:
25339
0/25339
1000/25339
2000/25339
3000/25339
4000/25339
5000/25339
6000/25339
7000/25339
8000/25339
9000/25339
10000/25339
11000/25339
12000/25339
13000/25339
14000/25339
15000/25339
16000/25339
17000/25339
18000/25339
19000/25339
20000/25339
21000/25339
22000/25339
23000/25339
24000/25339
25000/25339
File 30 out of 68
Total Entries is:
24105
0/24105
1000/24105
2000/24105
3000/24105
4000/24105
5000/24105
6000/24105
7000/24105
8000/24105
9000/24105
10000/24105
11000/24105
12000/24105
13000/24105
14000/24105
15000/24105
16000/24105
17000/24105
18000/24105
19000/24105
20000/24105
21000/24105
22000/24105
23000/24105
24000/24105
File 31 out of 68
Total Entries is:
28615
0/28615
1000/28615
2000/28615
3000/28615
4000/28615
5000/28615
6000/28615
7000/28615
8000/28615
9000/28615
10000/28615
11000/28615
12000/28615
13000/28615
14000/28615
15000/28615
16000/28615
17000/28615
18000/28615
19000/28615
20000/28615
21000/28615
22000/28615
23000/28615
24000/28615
25000/28615
26000/28615
27000/28615
28000/28615
File 32 out of 68
Total Entries is:
32556
0/32556
1000/32556
2000/32556
3000/32556
4000/32556
5000/32556
6000/32556
7000/32556
8000/32556
9000/32556
10000/32556
11000/32556
12000/32556
13000/32556
14000/32556
15000/32556
16000/32556
17000/32556
18000/32556
19000/32556
20000/32556
21000/32556
22000/32556
23000/32556
24000/32556
25000/32556
26000/32556
27000/32556
28000/32556
29000/32556
30000/32556
31000/32556
32000/32556
File 33 out of 68
Total Entries is:
32159
0/32159
1000/32159
2000/32159
3000/32159
4000/32159
5000/32159
6000/32159
7000/32159
8000/32159
9000/32159
10000/32159
11000/32159
12000/32159
13000/32159
14000/32159
15000/32159
16000/32159
17000/32159
18000/32159
19000/32159
20000/32159
21000/32159
22000/32159
23000/32159
24000/32159
25000/32159
26000/32159
27000/32159
28000/32159
29000/32159
30000/32159
31000/32159
32000/32159
File 34 out of 68
Total Entries is:
29301
0/29301
1000/29301
2000/29301
3000/29301
4000/29301
5000/29301
6000/29301
7000/29301
8000/29301
9000/29301
10000/29301
11000/29301
12000/29301
13000/29301
14000/29301
15000/29301
16000/29301
17000/29301
18000/29301
19000/29301
20000/29301
21000/29301
22000/29301
23000/29301
24000/29301
25000/29301
26000/29301
27000/29301
28000/29301
29000/29301
File 35 out of 68
Total Entries is:
30875
0/30875
1000/30875
2000/30875
3000/30875
4000/30875
5000/30875
6000/30875
7000/30875
8000/30875
9000/30875
10000/30875
11000/30875
12000/30875
13000/30875
14000/30875
15000/30875
16000/30875
17000/30875
18000/30875
19000/30875
20000/30875
21000/30875
22000/30875
23000/30875
24000/30875
25000/30875
26000/30875
27000/30875
28000/30875
29000/30875
30000/30875
File 36 out of 68
Total Entries is:
33664
0/33664
1000/33664
2000/33664
3000/33664
4000/33664
5000/33664
6000/33664
7000/33664
8000/33664
9000/33664
10000/33664
11000/33664
12000/33664
13000/33664
14000/33664
15000/33664
16000/33664
17000/33664
18000/33664
19000/33664
20000/33664
21000/33664
22000/33664
23000/33664
24000/33664
25000/33664
26000/33664
27000/33664
28000/33664
29000/33664
30000/33664
31000/33664
32000/33664
33000/33664
File 37 out of 68
Total Entries is:
31069
0/31069
1000/31069
2000/31069
3000/31069
4000/31069
5000/31069
6000/31069
7000/31069
8000/31069
9000/31069
10000/31069
11000/31069
12000/31069
13000/31069
14000/31069
15000/31069
16000/31069
17000/31069
18000/31069
19000/31069
20000/31069
21000/31069
22000/31069
23000/31069
24000/31069
25000/31069
26000/31069
27000/31069
28000/31069
29000/31069
30000/31069
31000/31069
File 38 out of 68
Total Entries is:
26354
0/26354
1000/26354
2000/26354
3000/26354
4000/26354
5000/26354
6000/26354
7000/26354
8000/26354
9000/26354
10000/26354
11000/26354
12000/26354
13000/26354
14000/26354
15000/26354
16000/26354
17000/26354
18000/26354
19000/26354
20000/26354
21000/26354
22000/26354
23000/26354
24000/26354
25000/26354
26000/26354
File 39 out of 68
Total Entries is:
33381
0/33381
1000/33381
2000/33381
3000/33381
4000/33381
5000/33381
6000/33381
7000/33381
8000/33381
9000/33381
10000/33381
11000/33381
12000/33381
13000/33381
14000/33381
15000/33381
16000/33381
17000/33381
18000/33381
19000/33381
20000/33381
21000/33381
22000/33381
23000/33381
24000/33381
25000/33381
26000/33381
27000/33381
28000/33381
29000/33381
30000/33381
31000/33381
32000/33381
33000/33381
File 40 out of 68
Total Entries is:
25395
0/25395
1000/25395
2000/25395
3000/25395
4000/25395
5000/25395
6000/25395
7000/25395
8000/25395
9000/25395
10000/25395
11000/25395
12000/25395
13000/25395
14000/25395
15000/25395
16000/25395
17000/25395
18000/25395
19000/25395
20000/25395
21000/25395
22000/25395
23000/25395
24000/25395
25000/25395
File 41 out of 68
Total Entries is:
31521
0/31521
1000/31521
2000/31521
3000/31521
4000/31521
5000/31521
6000/31521
7000/31521
8000/31521
9000/31521
10000/31521
11000/31521
12000/31521
13000/31521
14000/31521
15000/31521
16000/31521
17000/31521
18000/31521
19000/31521
20000/31521
21000/31521
22000/31521
23000/31521
24000/31521
25000/31521
26000/31521
27000/31521
28000/31521
29000/31521
30000/31521
31000/31521
File 42 out of 68
Total Entries is:
29090
0/29090
1000/29090
2000/29090
3000/29090
4000/29090
5000/29090
6000/29090
7000/29090
8000/29090
9000/29090
10000/29090
11000/29090
12000/29090
13000/29090
14000/29090
15000/29090
16000/29090
17000/29090
18000/29090
19000/29090
20000/29090
21000/29090
22000/29090
23000/29090
24000/29090
25000/29090
26000/29090
27000/29090
28000/29090
29000/29090
File 43 out of 68
Total Entries is:
29084
0/29084
1000/29084
2000/29084
3000/29084
4000/29084
5000/29084
6000/29084
7000/29084
8000/29084
9000/29084
10000/29084
11000/29084
12000/29084
13000/29084
14000/29084
15000/29084
16000/29084
17000/29084
18000/29084
19000/29084
20000/29084
21000/29084
22000/29084
23000/29084
24000/29084
25000/29084
26000/29084
27000/29084
28000/29084
29000/29084
File 44 out of 68
Total Entries is:
28199
0/28199
1000/28199
2000/28199
3000/28199
4000/28199
5000/28199
6000/28199
7000/28199
8000/28199
9000/28199
10000/28199
11000/28199
12000/28199
13000/28199
14000/28199
15000/28199
16000/28199
17000/28199
18000/28199
19000/28199
20000/28199
21000/28199
22000/28199
23000/28199
24000/28199
25000/28199
26000/28199
27000/28199
28000/28199
File 45 out of 68
Total Entries is:
33004
0/33004
1000/33004
2000/33004
3000/33004
4000/33004
5000/33004
6000/33004
7000/33004
8000/33004
9000/33004
10000/33004
11000/33004
12000/33004
13000/33004
14000/33004
15000/33004
16000/33004
17000/33004
18000/33004
19000/33004
20000/33004
21000/33004
22000/33004
23000/33004
24000/33004
25000/33004
26000/33004
27000/33004
28000/33004
29000/33004
30000/33004
31000/33004
32000/33004
33000/33004
File 46 out of 68
Total Entries is:
35854
0/35854
1000/35854
2000/35854
3000/35854
4000/35854
5000/35854
6000/35854
7000/35854
8000/35854
9000/35854
10000/35854
11000/35854
12000/35854
13000/35854
14000/35854
15000/35854
16000/35854
17000/35854
18000/35854
19000/35854
20000/35854
21000/35854
22000/35854
23000/35854
24000/35854
25000/35854
26000/35854
27000/35854
28000/35854
29000/35854
30000/35854
31000/35854
32000/35854
33000/35854
34000/35854
35000/35854
File 47 out of 68
Total Entries is:
24391
0/24391
1000/24391
2000/24391
3000/24391
4000/24391
5000/24391
6000/24391
7000/24391
8000/24391
9000/24391
10000/24391
11000/24391
12000/24391
13000/24391
14000/24391
15000/24391
16000/24391
17000/24391
18000/24391
19000/24391
20000/24391
21000/24391
22000/24391
23000/24391
24000/24391
File 48 out of 68
Total Entries is:
28354
0/28354
1000/28354
2000/28354
3000/28354
4000/28354
5000/28354
6000/28354
7000/28354
8000/28354
9000/28354
10000/28354
11000/28354
12000/28354
13000/28354
14000/28354
15000/28354
16000/28354
17000/28354
18000/28354
19000/28354
20000/28354
21000/28354
22000/28354
23000/28354
24000/28354
25000/28354
26000/28354
27000/28354
28000/28354
File 49 out of 68
Total Entries is:
28553
0/28553
1000/28553
2000/28553
3000/28553
4000/28553
5000/28553
6000/28553
7000/28553
8000/28553
9000/28553
10000/28553
11000/28553
12000/28553
13000/28553
14000/28553
15000/28553
16000/28553
17000/28553
18000/28553
19000/28553
20000/28553
21000/28553
22000/28553
23000/28553
24000/28553
25000/28553
26000/28553
27000/28553
28000/28553
File 50 out of 68
Total Entries is:
29157
0/29157
1000/29157
2000/29157
3000/29157
4000/29157
5000/29157
6000/29157
7000/29157
8000/29157
9000/29157
10000/29157
11000/29157
12000/29157
13000/29157
14000/29157
15000/29157
16000/29157
17000/29157
18000/29157
19000/29157
20000/29157
21000/29157
22000/29157
23000/29157
24000/29157
25000/29157
26000/29157
27000/29157
28000/29157
29000/29157
File 51 out of 68
Total Entries is:
34020
0/34020
1000/34020
2000/34020
3000/34020
4000/34020
5000/34020
6000/34020
7000/34020
8000/34020
9000/34020
10000/34020
11000/34020
12000/34020
13000/34020
14000/34020
15000/34020
16000/34020
17000/34020
18000/34020
19000/34020
20000/34020
21000/34020
22000/34020
23000/34020
24000/34020
25000/34020
26000/34020
27000/34020
28000/34020
29000/34020
30000/34020
31000/34020
32000/34020
33000/34020
34000/34020
File 52 out of 68
Total Entries is:
27016
0/27016
1000/27016
2000/27016
3000/27016
4000/27016
5000/27016
6000/27016
7000/27016
8000/27016
9000/27016
10000/27016
11000/27016
12000/27016
13000/27016
14000/27016
15000/27016
16000/27016
17000/27016
18000/27016
19000/27016
20000/27016
21000/27016
22000/27016
23000/27016
24000/27016
25000/27016
26000/27016
27000/27016
File 53 out of 68
Total Entries is:
25894
0/25894
1000/25894
2000/25894
3000/25894
4000/25894
5000/25894
6000/25894
7000/25894
8000/25894
9000/25894
10000/25894
11000/25894
12000/25894
13000/25894
14000/25894
15000/25894
16000/25894
17000/25894
18000/25894
19000/25894
20000/25894
21000/25894
22000/25894
23000/25894
24000/25894
25000/25894
File 54 out of 68
Total Entries is:
27279
0/27279
1000/27279
2000/27279
3000/27279
4000/27279
5000/27279
6000/27279
7000/27279
8000/27279
9000/27279
10000/27279
11000/27279
12000/27279
13000/27279
14000/27279
15000/27279
16000/27279
17000/27279
18000/27279
19000/27279
20000/27279
21000/27279
22000/27279
23000/27279
24000/27279
25000/27279
26000/27279
27000/27279
File 55 out of 68
Total Entries is:
28370
0/28370
1000/28370
2000/28370
3000/28370
4000/28370
5000/28370
6000/28370
7000/28370
8000/28370
9000/28370
10000/28370
11000/28370
12000/28370
13000/28370
14000/28370
15000/28370
16000/28370
17000/28370
18000/28370
19000/28370
20000/28370
21000/28370
22000/28370
23000/28370
24000/28370
25000/28370
26000/28370
27000/28370
28000/28370
File 56 out of 68
Total Entries is:
27066
0/27066
1000/27066
2000/27066
3000/27066
4000/27066
5000/27066
6000/27066
7000/27066
8000/27066
9000/27066
10000/27066
11000/27066
12000/27066
13000/27066
14000/27066
15000/27066
16000/27066
17000/27066
18000/27066
19000/27066
20000/27066
21000/27066
22000/27066
23000/27066
24000/27066
25000/27066
26000/27066
27000/27066
File 57 out of 68
Total Entries is:
33843
0/33843
1000/33843
2000/33843
3000/33843
4000/33843
5000/33843
6000/33843
7000/33843
8000/33843
9000/33843
10000/33843
11000/33843
12000/33843
13000/33843
14000/33843
15000/33843
16000/33843
17000/33843
18000/33843
19000/33843
20000/33843
21000/33843
22000/33843
23000/33843
24000/33843
25000/33843
26000/33843
27000/33843
28000/33843
29000/33843
30000/33843
31000/33843
32000/33843
33000/33843
File 58 out of 68
Total Entries is:
31151
0/31151
1000/31151
2000/31151
3000/31151
4000/31151
5000/31151
6000/31151
7000/31151
8000/31151
9000/31151
10000/31151
11000/31151
12000/31151
13000/31151
14000/31151
15000/31151
16000/31151
17000/31151
18000/31151
19000/31151
20000/31151
21000/31151
22000/31151
23000/31151
24000/31151
25000/31151
26000/31151
27000/31151
28000/31151
29000/31151
30000/31151
31000/31151
File 59 out of 68
Total Entries is:
31339
0/31339
1000/31339
2000/31339
3000/31339
4000/31339
5000/31339
6000/31339
7000/31339
8000/31339
9000/31339
10000/31339
11000/31339
12000/31339
13000/31339
14000/31339
15000/31339
16000/31339
17000/31339
18000/31339
19000/31339
20000/31339
21000/31339
22000/31339
23000/31339
24000/31339
25000/31339
26000/31339
27000/31339
28000/31339
29000/31339
30000/31339
31000/31339
File 60 out of 68
Total Entries is:
30445
0/30445
1000/30445
2000/30445
3000/30445
4000/30445
5000/30445
6000/30445
7000/30445
8000/30445
9000/30445
10000/30445
11000/30445
12000/30445
13000/30445
14000/30445
15000/30445
16000/30445
17000/30445
18000/30445
19000/30445
20000/30445
21000/30445
22000/30445
23000/30445
24000/30445
25000/30445
26000/30445
27000/30445
28000/30445
29000/30445
30000/30445
File 61 out of 68
Total Entries is:
30324
0/30324
1000/30324
2000/30324
3000/30324
4000/30324
5000/30324
6000/30324
7000/30324
8000/30324
9000/30324
10000/30324
11000/30324
12000/30324
13000/30324
14000/30324
15000/30324
16000/30324
17000/30324
18000/30324
19000/30324
20000/30324
21000/30324
22000/30324
23000/30324
24000/30324
25000/30324
26000/30324
27000/30324
28000/30324
29000/30324
30000/30324
File 62 out of 68
Total Entries is:
32020
0/32020
1000/32020
2000/32020
3000/32020
4000/32020
5000/32020
6000/32020
7000/32020
8000/32020
9000/32020
10000/32020
11000/32020
12000/32020
13000/32020
14000/32020
15000/32020
16000/32020
17000/32020
18000/32020
19000/32020
20000/32020
21000/32020
22000/32020
23000/32020
24000/32020
25000/32020
26000/32020
27000/32020
28000/32020
29000/32020
30000/32020
31000/32020
32000/32020
File 63 out of 68
Total Entries is:
23285
0/23285
1000/23285
2000/23285
3000/23285
4000/23285
5000/23285
6000/23285
7000/23285
8000/23285
9000/23285
10000/23285
11000/23285
12000/23285
13000/23285
14000/23285
15000/23285
16000/23285
17000/23285
18000/23285
19000/23285
20000/23285
21000/23285
22000/23285
23000/23285
File 64 out of 68
Total Entries is:
15961
0/15961
1000/15961
2000/15961
3000/15961
4000/15961
5000/15961
6000/15961
7000/15961
8000/15961
9000/15961
10000/15961
11000/15961
12000/15961
13000/15961
14000/15961
15000/15961
File 65 out of 68
Total Entries is:
31958
0/31958
1000/31958
2000/31958
3000/31958
4000/31958
5000/31958
6000/31958
7000/31958
8000/31958
9000/31958
10000/31958
11000/31958
12000/31958
13000/31958
14000/31958
15000/31958
16000/31958
17000/31958
18000/31958
19000/31958
20000/31958
21000/31958
22000/31958
23000/31958
24000/31958
25000/31958
26000/31958
27000/31958
28000/31958
29000/31958
30000/31958
31000/31958
File 66 out of 68
Total Entries is:
25393
0/25393
1000/25393
2000/25393
3000/25393
4000/25393
5000/25393
6000/25393
7000/25393
8000/25393
9000/25393
10000/25393
11000/25393
12000/25393
13000/25393
14000/25393
15000/25393
16000/25393
17000/25393
18000/25393
19000/25393
20000/25393
21000/25393
22000/25393
23000/25393
24000/25393
25000/25393
File 67 out of 68
Total Entries is:
28226
0/28226
1000/28226
2000/28226
3000/28226
4000/28226
5000/28226
6000/28226
7000/28226
8000/28226
9000/28226
10000/28226
11000/28226
12000/28226
13000/28226
14000/28226
15000/28226
16000/28226
17000/28226
18000/28226
19000/28226
20000/28226
21000/28226
22000/28226
23000/28226
24000/28226
25000/28226
26000/28226
27000/28226
28000/28226
File 68 out of 68
Total Entries is:
27828
0/27828
1000/27828
2000/27828
3000/27828
4000/27828
5000/27828
6000/27828
7000/27828
8000/27828
9000/27828
10000/27828
11000/27828
12000/27828
13000/27828
14000/27828
15000/27828
16000/27828
17000/27828
18000/27828
19000/27828
20000/27828
21000/27828
22000/27828
23000/27828
24000/27828
25000/27828
26000/27828
27000/27828
skipper is: 931061904
tripper is: 1022001688
ppt is 1 and trk is 1
***
hSig ent are: 79080948 ... and hBack ent are: 7.90819e+08
***
ppt is 2 and trk is 1
***
hSig ent are: 1699488 ... and hBack ent are: 1.6995e+07
***
ppt is 3 and trk is 1
***
hSig ent are: 1017544 ... and hBack ent are: 1.01793e+07
***
ppt is 1 and trk is 2
***
hSig ent are: 671847164 ... and hBack ent are: 6.71851e+09
***
ppt is 2 and trk is 2
***
hSig ent are: 30260216 ... and hBack ent are: 3.02603e+08
***
ppt is 3 and trk is 2
***
hSig ent are: 34710024 ... and hBack ent are: 3.47133e+08
***
ppt is 1 and trk is 3
***
hSig ent are: 698491252 ... and hBack ent are: 6.98503e+09
***
ppt is 2 and trk is 3
***
hSig ent are: 51919324 ... and hBack ent are: 5.19225e+08
***
ppt is 3 and trk is 3
***
hSig ent are: 75999668 ... and hBack ent are: 7.60022e+08
***
ppt is 1 and trk is 4
***
hSig ent are: 260081184 ... and hBack ent are: 2.60085e+09
***
ppt is 2 and trk is 4
***
hSig ent are: 25201080 ... and hBack ent are: 2.52032e+08
***
ppt is 3 and trk is 4
***
hSig ent are: 41136744 ... and hBack ent are: 4.1138e+08
***
ppt is 1 and trk is 5
***
hSig ent are: 49258900 ... and hBack ent are: 4.92596e+08
***
ppt is 2 and trk is 5
***
hSig ent are: 5402060 ... and hBack ent are: 5.40298e+07
***
ppt is 3 and trk is 5
***
hSig ent are: 9406088 ... and hBack ent are: 9.40609e+07
***
ppt is 1 and trk is 6
***
hSig ent are: 5865412 ... and hBack ent are: 5.86679e+07
***
ppt is 2 and trk is 6
***
hSig ent are: 669520 ... and hBack ent are: 6.70033e+06
***
ppt is 3 and trk is 6
***
hSig ent are: 1233900 ... and hBack ent are: 1.23447e+07
***
ppt is 1 and trk is 7
***
hSig ent are: 549828 ... and hBack ent are: 5.50137e+06
***
ppt is 2 and trk is 7
***
hSig ent are: 57552 ... and hBack ent are: 576840
***
ppt is 3 and trk is 7
***
hSig ent are: 115480 ... and hBack ent are: 1.1567e+06
***
Time: 4144.99 seconds.
Split Times (in seconds)...
Start Up        0          (0 %)
Opening Files   0.202      (0.00486 %)
Loading Events  1.69e+03   (40.9 %)
Event Selection 919        (22.2 %)
Jet Selection   0.389      (0.00939 %)
Track Loops     849        (20.5 %)
EndJob          681        (16.4 %)
Split Total: 4.14e+03s
