Starting event loop
Total Number of Files in this Job: 68
File 1 out of 68
Total Entries is:
21319
0/21319
1000/21319
2000/21319
3000/21319
4000/21319
5000/21319
6000/21319
7000/21319
8000/21319
9000/21319
10000/21319
11000/21319
12000/21319
13000/21319
14000/21319
15000/21319
16000/21319
17000/21319
18000/21319
19000/21319
20000/21319
21000/21319
File 2 out of 68
Total Entries is:
24493
0/24493
1000/24493
2000/24493
3000/24493
4000/24493
5000/24493
6000/24493
7000/24493
8000/24493
9000/24493
10000/24493
11000/24493
12000/24493
13000/24493
14000/24493
15000/24493
16000/24493
17000/24493
18000/24493
19000/24493
20000/24493
21000/24493
22000/24493
23000/24493
24000/24493
File 3 out of 68
Total Entries is:
30637
0/30637
1000/30637
2000/30637
3000/30637
4000/30637
5000/30637
6000/30637
7000/30637
8000/30637
9000/30637
10000/30637
11000/30637
12000/30637
13000/30637
14000/30637
15000/30637
16000/30637
17000/30637
18000/30637
19000/30637
20000/30637
21000/30637
22000/30637
23000/30637
24000/30637
25000/30637
26000/30637
27000/30637
28000/30637
29000/30637
30000/30637
File 4 out of 68
Total Entries is:
29054
0/29054
1000/29054
2000/29054
3000/29054
4000/29054
5000/29054
6000/29054
7000/29054
8000/29054
9000/29054
10000/29054
11000/29054
12000/29054
13000/29054
14000/29054
15000/29054
16000/29054
17000/29054
18000/29054
19000/29054
20000/29054
21000/29054
22000/29054
23000/29054
24000/29054
25000/29054
26000/29054
27000/29054
28000/29054
29000/29054
File 5 out of 68
Total Entries is:
27688
0/27688
1000/27688
2000/27688
3000/27688
4000/27688
5000/27688
6000/27688
7000/27688
8000/27688
9000/27688
10000/27688
11000/27688
12000/27688
13000/27688
14000/27688
15000/27688
16000/27688
17000/27688
18000/27688
19000/27688
20000/27688
21000/27688
22000/27688
23000/27688
24000/27688
25000/27688
26000/27688
27000/27688
File 6 out of 68
Total Entries is:
25347
0/25347
1000/25347
2000/25347
3000/25347
4000/25347
5000/25347
6000/25347
7000/25347
8000/25347
9000/25347
10000/25347
11000/25347
12000/25347
13000/25347
14000/25347
15000/25347
16000/25347
17000/25347
18000/25347
19000/25347
20000/25347
21000/25347
22000/25347
23000/25347
24000/25347
25000/25347
File 7 out of 68
Total Entries is:
31459
0/31459
1000/31459
2000/31459
3000/31459
4000/31459
5000/31459
6000/31459
7000/31459
8000/31459
9000/31459
10000/31459
11000/31459
12000/31459
13000/31459
14000/31459
15000/31459
16000/31459
17000/31459
18000/31459
19000/31459
20000/31459
21000/31459
22000/31459
23000/31459
24000/31459
25000/31459
26000/31459
27000/31459
28000/31459
29000/31459
30000/31459
31000/31459
File 8 out of 68
Total Entries is:
26469
0/26469
1000/26469
2000/26469
3000/26469
4000/26469
5000/26469
6000/26469
7000/26469
8000/26469
9000/26469
10000/26469
11000/26469
12000/26469
13000/26469
14000/26469
15000/26469
16000/26469
17000/26469
18000/26469
19000/26469
20000/26469
21000/26469
22000/26469
23000/26469
24000/26469
25000/26469
26000/26469
File 9 out of 68
Total Entries is:
28889
0/28889
1000/28889
2000/28889
3000/28889
4000/28889
5000/28889
6000/28889
7000/28889
8000/28889
9000/28889
10000/28889
11000/28889
12000/28889
13000/28889
14000/28889
15000/28889
16000/28889
17000/28889
18000/28889
19000/28889
20000/28889
21000/28889
22000/28889
23000/28889
24000/28889
25000/28889
26000/28889
27000/28889
28000/28889
File 10 out of 68
Total Entries is:
30043
0/30043
1000/30043
2000/30043
3000/30043
4000/30043
5000/30043
6000/30043
7000/30043
8000/30043
9000/30043
10000/30043
11000/30043
12000/30043
13000/30043
14000/30043
15000/30043
16000/30043
17000/30043
18000/30043
19000/30043
20000/30043
21000/30043
22000/30043
23000/30043
24000/30043
25000/30043
26000/30043
27000/30043
28000/30043
29000/30043
30000/30043
File 11 out of 68
Total Entries is:
35560
0/35560
1000/35560
2000/35560
3000/35560
4000/35560
5000/35560
6000/35560
7000/35560
8000/35560
9000/35560
10000/35560
11000/35560
12000/35560
13000/35560
14000/35560
15000/35560
16000/35560
17000/35560
18000/35560
19000/35560
20000/35560
21000/35560
22000/35560
23000/35560
24000/35560
25000/35560
26000/35560
27000/35560
28000/35560
29000/35560
30000/35560
31000/35560
32000/35560
33000/35560
34000/35560
35000/35560
File 12 out of 68
Total Entries is:
25545
0/25545
1000/25545
2000/25545
3000/25545
4000/25545
5000/25545
6000/25545
7000/25545
8000/25545
9000/25545
10000/25545
11000/25545
12000/25545
13000/25545
14000/25545
15000/25545
16000/25545
17000/25545
18000/25545
19000/25545
20000/25545
21000/25545
22000/25545
23000/25545
24000/25545
25000/25545
File 13 out of 68
Total Entries is:
16773
0/16773
1000/16773
2000/16773
3000/16773
4000/16773
5000/16773
6000/16773
7000/16773
8000/16773
9000/16773
10000/16773
11000/16773
12000/16773
13000/16773
14000/16773
15000/16773
16000/16773
File 14 out of 68
Total Entries is:
35107
0/35107
1000/35107
2000/35107
3000/35107
4000/35107
5000/35107
6000/35107
7000/35107
8000/35107
9000/35107
10000/35107
11000/35107
12000/35107
13000/35107
14000/35107
15000/35107
16000/35107
17000/35107
18000/35107
19000/35107
20000/35107
21000/35107
22000/35107
23000/35107
24000/35107
25000/35107
26000/35107
27000/35107
28000/35107
29000/35107
30000/35107
31000/35107
32000/35107
33000/35107
34000/35107
35000/35107
File 15 out of 68
Total Entries is:
29834
0/29834
1000/29834
2000/29834
3000/29834
4000/29834
5000/29834
6000/29834
7000/29834
8000/29834
9000/29834
10000/29834
11000/29834
12000/29834
13000/29834
14000/29834
15000/29834
16000/29834
17000/29834
18000/29834
19000/29834
20000/29834
21000/29834
22000/29834
23000/29834
24000/29834
25000/29834
26000/29834
27000/29834
28000/29834
29000/29834
File 16 out of 68
Total Entries is:
28309
0/28309
1000/28309
2000/28309
3000/28309
4000/28309
5000/28309
6000/28309
7000/28309
8000/28309
9000/28309
10000/28309
11000/28309
12000/28309
13000/28309
14000/28309
15000/28309
16000/28309
17000/28309
18000/28309
19000/28309
20000/28309
21000/28309
22000/28309
23000/28309
24000/28309
25000/28309
26000/28309
27000/28309
28000/28309
File 17 out of 68
Total Entries is:
31037
0/31037
1000/31037
2000/31037
3000/31037
4000/31037
5000/31037
6000/31037
7000/31037
8000/31037
9000/31037
10000/31037
11000/31037
12000/31037
13000/31037
14000/31037
15000/31037
16000/31037
17000/31037
18000/31037
19000/31037
20000/31037
21000/31037
22000/31037
23000/31037
24000/31037
25000/31037
26000/31037
27000/31037
28000/31037
29000/31037
30000/31037
31000/31037
File 18 out of 68
Total Entries is:
27327
0/27327
1000/27327
2000/27327
3000/27327
4000/27327
5000/27327
6000/27327
7000/27327
8000/27327
9000/27327
10000/27327
11000/27327
12000/27327
13000/27327
14000/27327
15000/27327
16000/27327
17000/27327
18000/27327
19000/27327
20000/27327
21000/27327
22000/27327
23000/27327
24000/27327
25000/27327
26000/27327
27000/27327
File 19 out of 68
Total Entries is:
24428
0/24428
1000/24428
2000/24428
3000/24428
4000/24428
5000/24428
6000/24428
7000/24428
8000/24428
9000/24428
10000/24428
11000/24428
12000/24428
13000/24428
14000/24428
15000/24428
16000/24428
17000/24428
18000/24428
19000/24428
20000/24428
21000/24428
22000/24428
23000/24428
24000/24428
File 20 out of 68
Total Entries is:
28456
0/28456
1000/28456
2000/28456
3000/28456
4000/28456
5000/28456
6000/28456
7000/28456
8000/28456
9000/28456
10000/28456
11000/28456
12000/28456
13000/28456
14000/28456
15000/28456
16000/28456
17000/28456
18000/28456
19000/28456
20000/28456
21000/28456
22000/28456
23000/28456
24000/28456
25000/28456
26000/28456
27000/28456
28000/28456
File 21 out of 68
Total Entries is:
25572
0/25572
1000/25572
2000/25572
3000/25572
4000/25572
5000/25572
6000/25572
7000/25572
8000/25572
9000/25572
10000/25572
11000/25572
12000/25572
13000/25572
14000/25572
15000/25572
16000/25572
17000/25572
18000/25572
19000/25572
20000/25572
21000/25572
22000/25572
23000/25572
24000/25572
25000/25572
File 22 out of 68
Total Entries is:
21132
0/21132
1000/21132
2000/21132
3000/21132
4000/21132
5000/21132
6000/21132
7000/21132
8000/21132
9000/21132
10000/21132
11000/21132
12000/21132
13000/21132
14000/21132
15000/21132
16000/21132
17000/21132
18000/21132
19000/21132
20000/21132
21000/21132
File 23 out of 68
Total Entries is:
28868
0/28868
1000/28868
2000/28868
3000/28868
4000/28868
5000/28868
6000/28868
7000/28868
8000/28868
9000/28868
10000/28868
11000/28868
12000/28868
13000/28868
14000/28868
15000/28868
16000/28868
17000/28868
18000/28868
19000/28868
20000/28868
21000/28868
22000/28868
23000/28868
24000/28868
25000/28868
26000/28868
27000/28868
28000/28868
File 24 out of 68
Total Entries is:
27551
0/27551
1000/27551
2000/27551
3000/27551
4000/27551
5000/27551
6000/27551
7000/27551
8000/27551
9000/27551
10000/27551
11000/27551
12000/27551
13000/27551
14000/27551
15000/27551
16000/27551
17000/27551
18000/27551
19000/27551
20000/27551
21000/27551
22000/27551
23000/27551
24000/27551
25000/27551
26000/27551
27000/27551
File 25 out of 68
Total Entries is:
31283
0/31283
1000/31283
2000/31283
3000/31283
4000/31283
5000/31283
6000/31283
7000/31283
8000/31283
9000/31283
10000/31283
11000/31283
12000/31283
13000/31283
14000/31283
15000/31283
16000/31283
17000/31283
18000/31283
19000/31283
20000/31283
21000/31283
22000/31283
23000/31283
24000/31283
25000/31283
26000/31283
27000/31283
28000/31283
29000/31283
30000/31283
31000/31283
File 26 out of 68
Total Entries is:
36637
0/36637
1000/36637
2000/36637
3000/36637
4000/36637
5000/36637
6000/36637
7000/36637
8000/36637
9000/36637
10000/36637
11000/36637
12000/36637
13000/36637
14000/36637
15000/36637
16000/36637
17000/36637
18000/36637
19000/36637
20000/36637
21000/36637
22000/36637
23000/36637
24000/36637
25000/36637
26000/36637
27000/36637
28000/36637
29000/36637
30000/36637
31000/36637
32000/36637
33000/36637
34000/36637
35000/36637
36000/36637
File 27 out of 68
Total Entries is:
27646
0/27646
1000/27646
2000/27646
3000/27646
4000/27646
5000/27646
6000/27646
7000/27646
8000/27646
9000/27646
10000/27646
11000/27646
12000/27646
13000/27646
14000/27646
15000/27646
16000/27646
17000/27646
18000/27646
19000/27646
20000/27646
21000/27646
22000/27646
23000/27646
24000/27646
25000/27646
26000/27646
27000/27646
File 28 out of 68
Total Entries is:
27230
0/27230
1000/27230
2000/27230
3000/27230
4000/27230
5000/27230
6000/27230
7000/27230
8000/27230
9000/27230
10000/27230
11000/27230
12000/27230
13000/27230
14000/27230
15000/27230
16000/27230
17000/27230
18000/27230
19000/27230
20000/27230
21000/27230
22000/27230
23000/27230
24000/27230
25000/27230
26000/27230
27000/27230
File 29 out of 68
Total Entries is:
17425
0/17425
1000/17425
2000/17425
3000/17425
4000/17425
5000/17425
6000/17425
7000/17425
8000/17425
9000/17425
10000/17425
11000/17425
12000/17425
13000/17425
14000/17425
15000/17425
16000/17425
17000/17425
File 30 out of 68
Total Entries is:
29636
0/29636
1000/29636
2000/29636
3000/29636
4000/29636
5000/29636
6000/29636
7000/29636
8000/29636
9000/29636
10000/29636
11000/29636
12000/29636
13000/29636
14000/29636
15000/29636
16000/29636
17000/29636
18000/29636
19000/29636
20000/29636
21000/29636
22000/29636
23000/29636
24000/29636
25000/29636
26000/29636
27000/29636
28000/29636
29000/29636
File 31 out of 68
Total Entries is:
22074
0/22074
1000/22074
2000/22074
3000/22074
4000/22074
5000/22074
6000/22074
7000/22074
8000/22074
9000/22074
10000/22074
11000/22074
12000/22074
13000/22074
14000/22074
15000/22074
16000/22074
17000/22074
18000/22074
19000/22074
20000/22074
21000/22074
22000/22074
File 32 out of 68
Total Entries is:
21730
0/21730
1000/21730
2000/21730
3000/21730
4000/21730
5000/21730
6000/21730
7000/21730
8000/21730
9000/21730
10000/21730
11000/21730
12000/21730
13000/21730
14000/21730
15000/21730
16000/21730
17000/21730
18000/21730
19000/21730
20000/21730
21000/21730
File 33 out of 68
Total Entries is:
28826
0/28826
1000/28826
2000/28826
3000/28826
4000/28826
5000/28826
6000/28826
7000/28826
8000/28826
9000/28826
10000/28826
11000/28826
12000/28826
13000/28826
14000/28826
15000/28826
16000/28826
17000/28826
18000/28826
19000/28826
20000/28826
21000/28826
22000/28826
23000/28826
24000/28826
25000/28826
26000/28826
27000/28826
28000/28826
File 34 out of 68
Total Entries is:
25169
0/25169
1000/25169
2000/25169
3000/25169
4000/25169
5000/25169
6000/25169
7000/25169
8000/25169
9000/25169
10000/25169
11000/25169
12000/25169
13000/25169
14000/25169
15000/25169
16000/25169
17000/25169
18000/25169
19000/25169
20000/25169
21000/25169
22000/25169
23000/25169
24000/25169
25000/25169
File 35 out of 68
Total Entries is:
29439
0/29439
1000/29439
2000/29439
3000/29439
4000/29439
5000/29439
6000/29439
7000/29439
8000/29439
9000/29439
10000/29439
11000/29439
12000/29439
13000/29439
14000/29439
15000/29439
16000/29439
17000/29439
18000/29439
19000/29439
20000/29439
21000/29439
22000/29439
23000/29439
24000/29439
25000/29439
26000/29439
27000/29439
28000/29439
29000/29439
File 36 out of 68
Total Entries is:
27664
0/27664
1000/27664
2000/27664
3000/27664
4000/27664
5000/27664
6000/27664
7000/27664
8000/27664
9000/27664
10000/27664
11000/27664
12000/27664
13000/27664
14000/27664
15000/27664
16000/27664
17000/27664
18000/27664
19000/27664
20000/27664
21000/27664
22000/27664
23000/27664
24000/27664
25000/27664
26000/27664
27000/27664
File 37 out of 68
Total Entries is:
25106
0/25106
1000/25106
2000/25106
3000/25106
4000/25106
5000/25106
6000/25106
7000/25106
8000/25106
9000/25106
10000/25106
11000/25106
12000/25106
13000/25106
14000/25106
15000/25106
16000/25106
17000/25106
18000/25106
19000/25106
20000/25106
21000/25106
22000/25106
23000/25106
24000/25106
25000/25106
File 38 out of 68
Total Entries is:
29691
0/29691
1000/29691
2000/29691
3000/29691
4000/29691
5000/29691
6000/29691
7000/29691
8000/29691
9000/29691
10000/29691
11000/29691
12000/29691
13000/29691
14000/29691
15000/29691
16000/29691
17000/29691
18000/29691
19000/29691
20000/29691
21000/29691
22000/29691
23000/29691
24000/29691
25000/29691
26000/29691
27000/29691
28000/29691
29000/29691
File 39 out of 68
Total Entries is:
26584
0/26584
1000/26584
2000/26584
3000/26584
4000/26584
5000/26584
6000/26584
7000/26584
8000/26584
9000/26584
10000/26584
11000/26584
12000/26584
13000/26584
14000/26584
15000/26584
16000/26584
17000/26584
18000/26584
19000/26584
20000/26584
21000/26584
22000/26584
23000/26584
24000/26584
25000/26584
26000/26584
File 40 out of 68
Total Entries is:
28629
0/28629
1000/28629
2000/28629
3000/28629
4000/28629
5000/28629
6000/28629
7000/28629
8000/28629
9000/28629
10000/28629
11000/28629
12000/28629
13000/28629
14000/28629
15000/28629
16000/28629
17000/28629
18000/28629
19000/28629
20000/28629
21000/28629
22000/28629
23000/28629
24000/28629
25000/28629
26000/28629
27000/28629
28000/28629
File 41 out of 68
Total Entries is:
20273
0/20273
1000/20273
2000/20273
3000/20273
4000/20273
5000/20273
6000/20273
7000/20273
8000/20273
9000/20273
10000/20273
11000/20273
12000/20273
13000/20273
14000/20273
15000/20273
16000/20273
17000/20273
18000/20273
19000/20273
20000/20273
File 42 out of 68
Total Entries is:
29742
0/29742
1000/29742
2000/29742
3000/29742
4000/29742
5000/29742
6000/29742
7000/29742
8000/29742
9000/29742
10000/29742
11000/29742
12000/29742
13000/29742
14000/29742
15000/29742
16000/29742
17000/29742
18000/29742
19000/29742
20000/29742
21000/29742
22000/29742
23000/29742
24000/29742
25000/29742
26000/29742
27000/29742
28000/29742
29000/29742
File 43 out of 68
Total Entries is:
32304
0/32304
1000/32304
2000/32304
3000/32304
4000/32304
5000/32304
6000/32304
7000/32304
8000/32304
9000/32304
10000/32304
11000/32304
12000/32304
13000/32304
14000/32304
15000/32304
16000/32304
17000/32304
18000/32304
19000/32304
20000/32304
21000/32304
22000/32304
23000/32304
24000/32304
25000/32304
26000/32304
27000/32304
28000/32304
29000/32304
30000/32304
31000/32304
32000/32304
File 44 out of 68
Total Entries is:
28441
0/28441
1000/28441
2000/28441
3000/28441
4000/28441
5000/28441
6000/28441
7000/28441
8000/28441
9000/28441
10000/28441
11000/28441
12000/28441
13000/28441
14000/28441
15000/28441
16000/28441
17000/28441
18000/28441
19000/28441
20000/28441
21000/28441
22000/28441
23000/28441
24000/28441
25000/28441
26000/28441
27000/28441
28000/28441
File 45 out of 68
Total Entries is:
27478
0/27478
1000/27478
2000/27478
3000/27478
4000/27478
5000/27478
6000/27478
7000/27478
8000/27478
9000/27478
10000/27478
11000/27478
12000/27478
13000/27478
14000/27478
15000/27478
16000/27478
17000/27478
18000/27478
19000/27478
20000/27478
21000/27478
22000/27478
23000/27478
24000/27478
25000/27478
26000/27478
27000/27478
File 46 out of 68
Total Entries is:
28044
0/28044
1000/28044
2000/28044
3000/28044
4000/28044
5000/28044
6000/28044
7000/28044
8000/28044
9000/28044
10000/28044
11000/28044
12000/28044
13000/28044
14000/28044
15000/28044
16000/28044
17000/28044
18000/28044
19000/28044
20000/28044
21000/28044
22000/28044
23000/28044
24000/28044
25000/28044
26000/28044
27000/28044
28000/28044
File 47 out of 68
Total Entries is:
32160
0/32160
1000/32160
2000/32160
3000/32160
4000/32160
5000/32160
6000/32160
7000/32160
8000/32160
9000/32160
10000/32160
11000/32160
12000/32160
13000/32160
14000/32160
15000/32160
16000/32160
17000/32160
18000/32160
19000/32160
20000/32160
21000/32160
22000/32160
23000/32160
24000/32160
25000/32160
26000/32160
27000/32160
28000/32160
29000/32160
30000/32160
31000/32160
32000/32160
File 48 out of 68
Total Entries is:
30582
0/30582
1000/30582
2000/30582
3000/30582
4000/30582
5000/30582
6000/30582
7000/30582
8000/30582
9000/30582
10000/30582
11000/30582
12000/30582
13000/30582
14000/30582
15000/30582
16000/30582
17000/30582
18000/30582
19000/30582
20000/30582
21000/30582
22000/30582
23000/30582
24000/30582
25000/30582
26000/30582
27000/30582
28000/30582
29000/30582
30000/30582
File 49 out of 68
Total Entries is:
33219
0/33219
1000/33219
2000/33219
3000/33219
4000/33219
5000/33219
6000/33219
7000/33219
8000/33219
9000/33219
10000/33219
11000/33219
12000/33219
13000/33219
14000/33219
15000/33219
16000/33219
17000/33219
18000/33219
19000/33219
20000/33219
21000/33219
22000/33219
23000/33219
24000/33219
25000/33219
26000/33219
27000/33219
28000/33219
29000/33219
30000/33219
31000/33219
32000/33219
33000/33219
File 50 out of 68
Total Entries is:
25504
0/25504
1000/25504
2000/25504
3000/25504
4000/25504
5000/25504
6000/25504
7000/25504
8000/25504
9000/25504
10000/25504
11000/25504
12000/25504
13000/25504
14000/25504
15000/25504
16000/25504
17000/25504
18000/25504
19000/25504
20000/25504
21000/25504
22000/25504
23000/25504
24000/25504
25000/25504
File 51 out of 68
Total Entries is:
32416
0/32416
1000/32416
2000/32416
3000/32416
4000/32416
5000/32416
6000/32416
7000/32416
8000/32416
9000/32416
10000/32416
11000/32416
12000/32416
13000/32416
14000/32416
15000/32416
16000/32416
17000/32416
18000/32416
19000/32416
20000/32416
21000/32416
22000/32416
23000/32416
24000/32416
25000/32416
26000/32416
27000/32416
28000/32416
29000/32416
30000/32416
31000/32416
32000/32416
File 52 out of 68
Total Entries is:
28347
0/28347
1000/28347
2000/28347
3000/28347
4000/28347
5000/28347
6000/28347
7000/28347
8000/28347
9000/28347
10000/28347
11000/28347
12000/28347
13000/28347
14000/28347
15000/28347
16000/28347
17000/28347
18000/28347
19000/28347
20000/28347
21000/28347
22000/28347
23000/28347
24000/28347
25000/28347
26000/28347
27000/28347
28000/28347
File 53 out of 68
Total Entries is:
26192
0/26192
1000/26192
2000/26192
3000/26192
4000/26192
5000/26192
6000/26192
7000/26192
8000/26192
9000/26192
10000/26192
11000/26192
12000/26192
13000/26192
14000/26192
15000/26192
16000/26192
17000/26192
18000/26192
19000/26192
20000/26192
21000/26192
22000/26192
23000/26192
24000/26192
25000/26192
26000/26192
File 54 out of 68
Total Entries is:
23330
0/23330
1000/23330
2000/23330
3000/23330
4000/23330
5000/23330
6000/23330
7000/23330
8000/23330
9000/23330
10000/23330
11000/23330
12000/23330
13000/23330
14000/23330
15000/23330
16000/23330
17000/23330
18000/23330
19000/23330
20000/23330
21000/23330
22000/23330
23000/23330
File 55 out of 68
Total Entries is:
24171
0/24171
1000/24171
2000/24171
3000/24171
4000/24171
5000/24171
6000/24171
7000/24171
8000/24171
9000/24171
10000/24171
11000/24171
12000/24171
13000/24171
14000/24171
15000/24171
16000/24171
17000/24171
18000/24171
19000/24171
20000/24171
21000/24171
22000/24171
23000/24171
24000/24171
File 56 out of 68
Total Entries is:
29224
0/29224
1000/29224
2000/29224
3000/29224
4000/29224
5000/29224
6000/29224
7000/29224
8000/29224
9000/29224
10000/29224
11000/29224
12000/29224
13000/29224
14000/29224
15000/29224
16000/29224
17000/29224
18000/29224
19000/29224
20000/29224
21000/29224
22000/29224
23000/29224
24000/29224
25000/29224
26000/29224
27000/29224
28000/29224
29000/29224
File 57 out of 68
Total Entries is:
34968
0/34968
1000/34968
2000/34968
3000/34968
4000/34968
5000/34968
6000/34968
7000/34968
8000/34968
9000/34968
10000/34968
11000/34968
12000/34968
13000/34968
14000/34968
15000/34968
16000/34968
17000/34968
18000/34968
19000/34968
20000/34968
21000/34968
22000/34968
23000/34968
24000/34968
25000/34968
26000/34968
27000/34968
28000/34968
29000/34968
30000/34968
31000/34968
32000/34968
33000/34968
34000/34968
File 58 out of 68
Total Entries is:
25234
0/25234
1000/25234
2000/25234
3000/25234
4000/25234
5000/25234
6000/25234
7000/25234
8000/25234
9000/25234
10000/25234
11000/25234
12000/25234
13000/25234
14000/25234
15000/25234
16000/25234
17000/25234
18000/25234
19000/25234
20000/25234
21000/25234
22000/25234
23000/25234
24000/25234
25000/25234
File 59 out of 68
Total Entries is:
29089
0/29089
1000/29089
2000/29089
3000/29089
4000/29089
5000/29089
6000/29089
7000/29089
8000/29089
9000/29089
10000/29089
11000/29089
12000/29089
13000/29089
14000/29089
15000/29089
16000/29089
17000/29089
18000/29089
19000/29089
20000/29089
21000/29089
22000/29089
23000/29089
24000/29089
25000/29089
26000/29089
27000/29089
28000/29089
29000/29089
File 60 out of 68
Total Entries is:
31659
0/31659
1000/31659
2000/31659
3000/31659
4000/31659
5000/31659
6000/31659
7000/31659
8000/31659
9000/31659
10000/31659
11000/31659
12000/31659
13000/31659
14000/31659
15000/31659
16000/31659
17000/31659
18000/31659
19000/31659
20000/31659
21000/31659
22000/31659
23000/31659
24000/31659
25000/31659
26000/31659
27000/31659
28000/31659
29000/31659
30000/31659
31000/31659
File 61 out of 68
Total Entries is:
32015
0/32015
1000/32015
2000/32015
3000/32015
4000/32015
5000/32015
6000/32015
7000/32015
8000/32015
9000/32015
10000/32015
11000/32015
12000/32015
13000/32015
14000/32015
15000/32015
16000/32015
17000/32015
18000/32015
19000/32015
20000/32015
21000/32015
22000/32015
23000/32015
24000/32015
25000/32015
26000/32015
27000/32015
28000/32015
29000/32015
30000/32015
31000/32015
32000/32015
File 62 out of 68
Total Entries is:
29820
0/29820
1000/29820
2000/29820
3000/29820
4000/29820
5000/29820
6000/29820
7000/29820
8000/29820
9000/29820
10000/29820
11000/29820
12000/29820
13000/29820
14000/29820
15000/29820
16000/29820
17000/29820
18000/29820
19000/29820
20000/29820
21000/29820
22000/29820
23000/29820
24000/29820
25000/29820
26000/29820
27000/29820
28000/29820
29000/29820
File 63 out of 68
Total Entries is:
22114
0/22114
1000/22114
2000/22114
3000/22114
4000/22114
5000/22114
6000/22114
7000/22114
8000/22114
9000/22114
10000/22114
11000/22114
12000/22114
13000/22114
14000/22114
15000/22114
16000/22114
17000/22114
18000/22114
19000/22114
20000/22114
21000/22114
22000/22114
File 64 out of 68
Total Entries is:
17225
0/17225
1000/17225
2000/17225
3000/17225
4000/17225
5000/17225
6000/17225
7000/17225
8000/17225
9000/17225
10000/17225
11000/17225
12000/17225
13000/17225
14000/17225
15000/17225
16000/17225
17000/17225
File 65 out of 68
Total Entries is:
24210
0/24210
1000/24210
2000/24210
3000/24210
4000/24210
5000/24210
6000/24210
7000/24210
8000/24210
9000/24210
10000/24210
11000/24210
12000/24210
13000/24210
14000/24210
15000/24210
16000/24210
17000/24210
18000/24210
19000/24210
20000/24210
21000/24210
22000/24210
23000/24210
24000/24210
File 66 out of 68
Total Entries is:
29345
0/29345
1000/29345
2000/29345
3000/29345
4000/29345
5000/29345
6000/29345
7000/29345
8000/29345
9000/29345
10000/29345
11000/29345
12000/29345
13000/29345
14000/29345
15000/29345
16000/29345
17000/29345
18000/29345
19000/29345
20000/29345
21000/29345
22000/29345
23000/29345
24000/29345
25000/29345
26000/29345
27000/29345
28000/29345
29000/29345
File 67 out of 68
Total Entries is:
26383
0/26383
1000/26383
2000/26383
3000/26383
4000/26383
5000/26383
6000/26383
7000/26383
8000/26383
9000/26383
10000/26383
11000/26383
12000/26383
13000/26383
14000/26383
15000/26383
16000/26383
17000/26383
18000/26383
19000/26383
20000/26383
21000/26383
22000/26383
23000/26383
24000/26383
25000/26383
26000/26383
File 68 out of 68
Total Entries is:
28409
0/28409
1000/28409
2000/28409
3000/28409
4000/28409
5000/28409
6000/28409
7000/28409
8000/28409
9000/28409
10000/28409
11000/28409
12000/28409
13000/28409
14000/28409
15000/28409
16000/28409
17000/28409
18000/28409
19000/28409
20000/28409
21000/28409
22000/28409
23000/28409
24000/28409
25000/28409
26000/28409
27000/28409
28000/28409
skipper is: 905711774
tripper is: 994538280
ppt is 1 and trk is 1
***
hSig ent are: 76837560 ... and hBack ent are: 7.68426e+08
***
ppt is 2 and trk is 1
***
hSig ent are: 1656512 ... and hBack ent are: 1.6569e+07
***
ppt is 3 and trk is 1
***
hSig ent are: 1002188 ... and hBack ent are: 1.00267e+07
***
ppt is 1 and trk is 2
***
hSig ent are: 654134440 ... and hBack ent are: 6.54149e+09
***
ppt is 2 and trk is 2
***
hSig ent are: 29502968 ... and hBack ent are: 2.95032e+08
***
ppt is 3 and trk is 2
***
hSig ent are: 33686560 ... and hBack ent are: 3.36888e+08
***
ppt is 1 and trk is 3
***
hSig ent are: 679806832 ... and hBack ent are: 6.79808e+09
***
ppt is 2 and trk is 3
***
hSig ent are: 50559324 ... and hBack ent are: 5.05598e+08
***
ppt is 3 and trk is 3
***
hSig ent are: 74119016 ... and hBack ent are: 7.41228e+08
***
ppt is 1 and trk is 4
***
hSig ent are: 252558676 ... and hBack ent are: 2.52562e+09
***
ppt is 2 and trk is 4
***
hSig ent are: 24434348 ... and hBack ent are: 2.44344e+08
***
ppt is 3 and trk is 4
***
hSig ent are: 39902904 ... and hBack ent are: 3.99061e+08
***
ppt is 1 and trk is 5
***
hSig ent are: 47980708 ... and hBack ent are: 4.79807e+08
***
ppt is 2 and trk is 5
***
hSig ent are: 5247912 ... and hBack ent are: 5.24828e+07
***
ppt is 3 and trk is 5
***
hSig ent are: 8998384 ... and hBack ent are: 8.99937e+07
***
ppt is 1 and trk is 6
***
hSig ent are: 5858396 ... and hBack ent are: 5.85914e+07
***
ppt is 2 and trk is 6
***
hSig ent are: 689480 ... and hBack ent are: 6.8985e+06
***
ppt is 3 and trk is 6
***
hSig ent are: 1209568 ... and hBack ent are: 1.21e+07
***
ppt is 1 and trk is 7
***
hSig ent are: 655608 ... and hBack ent are: 6.55616e+06
***
ppt is 2 and trk is 7
***
hSig ent are: 83464 ... and hBack ent are: 836310
***
ppt is 3 and trk is 7
***
hSig ent are: 151712 ... and hBack ent are: 1.51906e+06
***
Time: 4008.47 seconds.
Split Times (in seconds)...
Start Up        0          (0 %)
Opening Files   0.228      (0.0057 %)
Loading Events  1.63e+03   (40.7 %)
Event Selection 891        (22.2 %)
Jet Selection   0.372      (0.00929 %)
Track Loops     815        (20.3 %)
EndJob          672        (16.8 %)
Split Total: 4.01e+03s
