Starting event loop
Total Number of Files in this Job: 68
File 1 out of 68
Total Entries is:
26731
0/26731
1000/26731
2000/26731
3000/26731
4000/26731
5000/26731
6000/26731
7000/26731
8000/26731
9000/26731
10000/26731
11000/26731
12000/26731
13000/26731
14000/26731
15000/26731
16000/26731
17000/26731
18000/26731
19000/26731
20000/26731
21000/26731
22000/26731
23000/26731
24000/26731
25000/26731
26000/26731
File 2 out of 68
Total Entries is:
26980
0/26980
1000/26980
2000/26980
3000/26980
4000/26980
5000/26980
6000/26980
7000/26980
8000/26980
9000/26980
10000/26980
11000/26980
12000/26980
13000/26980
14000/26980
15000/26980
16000/26980
17000/26980
18000/26980
19000/26980
20000/26980
21000/26980
22000/26980
23000/26980
24000/26980
25000/26980
26000/26980
File 3 out of 68
Total Entries is:
33609
0/33609
1000/33609
2000/33609
3000/33609
4000/33609
5000/33609
6000/33609
7000/33609
8000/33609
9000/33609
10000/33609
11000/33609
12000/33609
13000/33609
14000/33609
15000/33609
16000/33609
17000/33609
18000/33609
19000/33609
20000/33609
21000/33609
22000/33609
23000/33609
24000/33609
25000/33609
26000/33609
27000/33609
28000/33609
29000/33609
30000/33609
31000/33609
32000/33609
33000/33609
File 4 out of 68
Total Entries is:
28288
0/28288
1000/28288
2000/28288
3000/28288
4000/28288
5000/28288
6000/28288
7000/28288
8000/28288
9000/28288
10000/28288
11000/28288
12000/28288
13000/28288
14000/28288
15000/28288
16000/28288
17000/28288
18000/28288
19000/28288
20000/28288
21000/28288
22000/28288
23000/28288
24000/28288
25000/28288
26000/28288
27000/28288
28000/28288
File 5 out of 68
Total Entries is:
24851
0/24851
1000/24851
2000/24851
3000/24851
4000/24851
5000/24851
6000/24851
7000/24851
8000/24851
9000/24851
10000/24851
11000/24851
12000/24851
13000/24851
14000/24851
15000/24851
16000/24851
17000/24851
18000/24851
19000/24851
20000/24851
21000/24851
22000/24851
23000/24851
24000/24851
File 6 out of 68
Total Entries is:
21835
0/21835
1000/21835
2000/21835
3000/21835
4000/21835
5000/21835
6000/21835
7000/21835
8000/21835
9000/21835
10000/21835
11000/21835
12000/21835
13000/21835
14000/21835
15000/21835
16000/21835
17000/21835
18000/21835
19000/21835
20000/21835
21000/21835
File 7 out of 68
Total Entries is:
34574
0/34574
1000/34574
2000/34574
3000/34574
4000/34574
5000/34574
6000/34574
7000/34574
8000/34574
9000/34574
10000/34574
11000/34574
12000/34574
13000/34574
14000/34574
15000/34574
16000/34574
17000/34574
18000/34574
19000/34574
20000/34574
21000/34574
22000/34574
23000/34574
24000/34574
25000/34574
26000/34574
27000/34574
28000/34574
29000/34574
30000/34574
31000/34574
32000/34574
33000/34574
34000/34574
File 8 out of 68
Total Entries is:
25383
0/25383
1000/25383
2000/25383
3000/25383
4000/25383
5000/25383
6000/25383
7000/25383
8000/25383
9000/25383
10000/25383
11000/25383
12000/25383
13000/25383
14000/25383
15000/25383
16000/25383
17000/25383
18000/25383
19000/25383
20000/25383
21000/25383
22000/25383
23000/25383
24000/25383
25000/25383
File 9 out of 68
Total Entries is:
28651
0/28651
1000/28651
2000/28651
3000/28651
4000/28651
5000/28651
6000/28651
7000/28651
8000/28651
9000/28651
10000/28651
11000/28651
12000/28651
13000/28651
14000/28651
15000/28651
16000/28651
17000/28651
18000/28651
19000/28651
20000/28651
21000/28651
22000/28651
23000/28651
24000/28651
25000/28651
26000/28651
27000/28651
28000/28651
File 10 out of 68
Total Entries is:
31362
0/31362
1000/31362
2000/31362
3000/31362
4000/31362
5000/31362
6000/31362
7000/31362
8000/31362
9000/31362
10000/31362
11000/31362
12000/31362
13000/31362
14000/31362
15000/31362
16000/31362
17000/31362
18000/31362
19000/31362
20000/31362
21000/31362
22000/31362
23000/31362
24000/31362
25000/31362
26000/31362
27000/31362
28000/31362
29000/31362
30000/31362
31000/31362
File 11 out of 68
Total Entries is:
31576
0/31576
1000/31576
2000/31576
3000/31576
4000/31576
5000/31576
6000/31576
7000/31576
8000/31576
9000/31576
10000/31576
11000/31576
12000/31576
13000/31576
14000/31576
15000/31576
16000/31576
17000/31576
18000/31576
19000/31576
20000/31576
21000/31576
22000/31576
23000/31576
24000/31576
25000/31576
26000/31576
27000/31576
28000/31576
29000/31576
30000/31576
31000/31576
File 12 out of 68
Total Entries is:
20865
0/20865
1000/20865
2000/20865
3000/20865
4000/20865
5000/20865
6000/20865
7000/20865
8000/20865
9000/20865
10000/20865
11000/20865
12000/20865
13000/20865
14000/20865
15000/20865
16000/20865
17000/20865
18000/20865
19000/20865
20000/20865
File 13 out of 68
Total Entries is:
25140
0/25140
1000/25140
2000/25140
3000/25140
4000/25140
5000/25140
6000/25140
7000/25140
8000/25140
9000/25140
10000/25140
11000/25140
12000/25140
13000/25140
14000/25140
15000/25140
16000/25140
17000/25140
18000/25140
19000/25140
20000/25140
21000/25140
22000/25140
23000/25140
24000/25140
25000/25140
File 14 out of 68
Total Entries is:
32389
0/32389
1000/32389
2000/32389
3000/32389
4000/32389
5000/32389
6000/32389
7000/32389
8000/32389
9000/32389
10000/32389
11000/32389
12000/32389
13000/32389
14000/32389
15000/32389
16000/32389
17000/32389
18000/32389
19000/32389
20000/32389
21000/32389
22000/32389
23000/32389
24000/32389
25000/32389
26000/32389
27000/32389
28000/32389
29000/32389
30000/32389
31000/32389
32000/32389
File 15 out of 68
Total Entries is:
27675
0/27675
1000/27675
2000/27675
3000/27675
4000/27675
5000/27675
6000/27675
7000/27675
8000/27675
9000/27675
10000/27675
11000/27675
12000/27675
13000/27675
14000/27675
15000/27675
16000/27675
17000/27675
18000/27675
19000/27675
20000/27675
21000/27675
22000/27675
23000/27675
24000/27675
25000/27675
26000/27675
27000/27675
File 16 out of 68
Total Entries is:
32789
0/32789
1000/32789
2000/32789
3000/32789
4000/32789
5000/32789
6000/32789
7000/32789
8000/32789
9000/32789
10000/32789
11000/32789
12000/32789
13000/32789
14000/32789
15000/32789
16000/32789
17000/32789
18000/32789
19000/32789
20000/32789
21000/32789
22000/32789
23000/32789
24000/32789
25000/32789
26000/32789
27000/32789
28000/32789
29000/32789
30000/32789
31000/32789
32000/32789
File 17 out of 68
Total Entries is:
30571
0/30571
1000/30571
2000/30571
3000/30571
4000/30571
5000/30571
6000/30571
7000/30571
8000/30571
9000/30571
10000/30571
11000/30571
12000/30571
13000/30571
14000/30571
15000/30571
16000/30571
17000/30571
18000/30571
19000/30571
20000/30571
21000/30571
22000/30571
23000/30571
24000/30571
25000/30571
26000/30571
27000/30571
28000/30571
29000/30571
30000/30571
File 18 out of 68
Total Entries is:
26897
0/26897
1000/26897
2000/26897
3000/26897
4000/26897
5000/26897
6000/26897
7000/26897
8000/26897
9000/26897
10000/26897
11000/26897
12000/26897
13000/26897
14000/26897
15000/26897
16000/26897
17000/26897
18000/26897
19000/26897
20000/26897
21000/26897
22000/26897
23000/26897
24000/26897
25000/26897
26000/26897
File 19 out of 68
Total Entries is:
23431
0/23431
1000/23431
2000/23431
3000/23431
4000/23431
5000/23431
6000/23431
7000/23431
8000/23431
9000/23431
10000/23431
11000/23431
12000/23431
13000/23431
14000/23431
15000/23431
16000/23431
17000/23431
18000/23431
19000/23431
20000/23431
21000/23431
22000/23431
23000/23431
File 20 out of 68
Total Entries is:
28516
0/28516
1000/28516
2000/28516
3000/28516
4000/28516
5000/28516
6000/28516
7000/28516
8000/28516
9000/28516
10000/28516
11000/28516
12000/28516
13000/28516
14000/28516
15000/28516
16000/28516
17000/28516
18000/28516
19000/28516
20000/28516
21000/28516
22000/28516
23000/28516
24000/28516
25000/28516
26000/28516
27000/28516
28000/28516
File 21 out of 68
Total Entries is:
28980
0/28980
1000/28980
2000/28980
3000/28980
4000/28980
5000/28980
6000/28980
7000/28980
8000/28980
9000/28980
10000/28980
11000/28980
12000/28980
13000/28980
14000/28980
15000/28980
16000/28980
17000/28980
18000/28980
19000/28980
20000/28980
21000/28980
22000/28980
23000/28980
24000/28980
25000/28980
26000/28980
27000/28980
28000/28980
File 22 out of 68
Total Entries is:
22018
0/22018
1000/22018
2000/22018
3000/22018
4000/22018
5000/22018
6000/22018
7000/22018
8000/22018
9000/22018
10000/22018
11000/22018
12000/22018
13000/22018
14000/22018
15000/22018
16000/22018
17000/22018
18000/22018
19000/22018
20000/22018
21000/22018
22000/22018
File 23 out of 68
Total Entries is:
30176
0/30176
1000/30176
2000/30176
3000/30176
4000/30176
5000/30176
6000/30176
7000/30176
8000/30176
9000/30176
10000/30176
11000/30176
12000/30176
13000/30176
14000/30176
15000/30176
16000/30176
17000/30176
18000/30176
19000/30176
20000/30176
21000/30176
22000/30176
23000/30176
24000/30176
25000/30176
26000/30176
27000/30176
28000/30176
29000/30176
30000/30176
File 24 out of 68
Total Entries is:
27292
0/27292
1000/27292
2000/27292
3000/27292
4000/27292
5000/27292
6000/27292
7000/27292
8000/27292
9000/27292
10000/27292
11000/27292
12000/27292
13000/27292
14000/27292
15000/27292
16000/27292
17000/27292
18000/27292
19000/27292
20000/27292
21000/27292
22000/27292
23000/27292
24000/27292
25000/27292
26000/27292
27000/27292
File 25 out of 68
Total Entries is:
23086
0/23086
1000/23086
2000/23086
3000/23086
4000/23086
5000/23086
6000/23086
7000/23086
8000/23086
9000/23086
10000/23086
11000/23086
12000/23086
13000/23086
14000/23086
15000/23086
16000/23086
17000/23086
18000/23086
19000/23086
20000/23086
21000/23086
22000/23086
23000/23086
File 26 out of 68
Total Entries is:
28345
0/28345
1000/28345
2000/28345
3000/28345
4000/28345
5000/28345
6000/28345
7000/28345
8000/28345
9000/28345
10000/28345
11000/28345
12000/28345
13000/28345
14000/28345
15000/28345
16000/28345
17000/28345
18000/28345
19000/28345
20000/28345
21000/28345
22000/28345
23000/28345
24000/28345
25000/28345
26000/28345
27000/28345
28000/28345
File 27 out of 68
Total Entries is:
27562
0/27562
1000/27562
2000/27562
3000/27562
4000/27562
5000/27562
6000/27562
7000/27562
8000/27562
9000/27562
10000/27562
11000/27562
12000/27562
13000/27562
14000/27562
15000/27562
16000/27562
17000/27562
18000/27562
19000/27562
20000/27562
21000/27562
22000/27562
23000/27562
24000/27562
25000/27562
26000/27562
27000/27562
File 28 out of 68
Total Entries is:
26135
0/26135
1000/26135
2000/26135
3000/26135
4000/26135
5000/26135
6000/26135
7000/26135
8000/26135
9000/26135
10000/26135
11000/26135
12000/26135
13000/26135
14000/26135
15000/26135
16000/26135
17000/26135
18000/26135
19000/26135
20000/26135
21000/26135
22000/26135
23000/26135
24000/26135
25000/26135
26000/26135
File 29 out of 68
Total Entries is:
23503
0/23503
1000/23503
2000/23503
3000/23503
4000/23503
5000/23503
6000/23503
7000/23503
8000/23503
9000/23503
10000/23503
11000/23503
12000/23503
13000/23503
14000/23503
15000/23503
16000/23503
17000/23503
18000/23503
19000/23503
20000/23503
21000/23503
22000/23503
23000/23503
File 30 out of 68
Total Entries is:
27804
0/27804
1000/27804
2000/27804
3000/27804
4000/27804
5000/27804
6000/27804
7000/27804
8000/27804
9000/27804
10000/27804
11000/27804
12000/27804
13000/27804
14000/27804
15000/27804
16000/27804
17000/27804
18000/27804
19000/27804
20000/27804
21000/27804
22000/27804
23000/27804
24000/27804
25000/27804
26000/27804
27000/27804
File 31 out of 68
Total Entries is:
25254
0/25254
1000/25254
2000/25254
3000/25254
4000/25254
5000/25254
6000/25254
7000/25254
8000/25254
9000/25254
10000/25254
11000/25254
12000/25254
13000/25254
14000/25254
15000/25254
16000/25254
17000/25254
18000/25254
19000/25254
20000/25254
21000/25254
22000/25254
23000/25254
24000/25254
25000/25254
File 32 out of 68
Total Entries is:
28426
0/28426
1000/28426
2000/28426
3000/28426
4000/28426
5000/28426
6000/28426
7000/28426
8000/28426
9000/28426
10000/28426
11000/28426
12000/28426
13000/28426
14000/28426
15000/28426
16000/28426
17000/28426
18000/28426
19000/28426
20000/28426
21000/28426
22000/28426
23000/28426
24000/28426
25000/28426
26000/28426
27000/28426
28000/28426
File 33 out of 68
Total Entries is:
29858
0/29858
1000/29858
2000/29858
3000/29858
4000/29858
5000/29858
6000/29858
7000/29858
8000/29858
9000/29858
10000/29858
11000/29858
12000/29858
13000/29858
14000/29858
15000/29858
16000/29858
17000/29858
18000/29858
19000/29858
20000/29858
21000/29858
22000/29858
23000/29858
24000/29858
25000/29858
26000/29858
27000/29858
28000/29858
29000/29858
File 34 out of 68
Total Entries is:
20569
0/20569
1000/20569
2000/20569
3000/20569
4000/20569
5000/20569
6000/20569
7000/20569
8000/20569
9000/20569
10000/20569
11000/20569
12000/20569
13000/20569
14000/20569
15000/20569
16000/20569
17000/20569
18000/20569
19000/20569
20000/20569
File 35 out of 68
Total Entries is:
28184
0/28184
1000/28184
2000/28184
3000/28184
4000/28184
5000/28184
6000/28184
7000/28184
8000/28184
9000/28184
10000/28184
11000/28184
12000/28184
13000/28184
14000/28184
15000/28184
16000/28184
17000/28184
18000/28184
19000/28184
20000/28184
21000/28184
22000/28184
23000/28184
24000/28184
25000/28184
26000/28184
27000/28184
28000/28184
File 36 out of 68
Total Entries is:
29571
0/29571
1000/29571
2000/29571
3000/29571
4000/29571
5000/29571
6000/29571
7000/29571
8000/29571
9000/29571
10000/29571
11000/29571
12000/29571
13000/29571
14000/29571
15000/29571
16000/29571
17000/29571
18000/29571
19000/29571
20000/29571
21000/29571
22000/29571
23000/29571
24000/29571
25000/29571
26000/29571
27000/29571
28000/29571
29000/29571
File 37 out of 68
Total Entries is:
31698
0/31698
1000/31698
2000/31698
3000/31698
4000/31698
5000/31698
6000/31698
7000/31698
8000/31698
9000/31698
10000/31698
11000/31698
12000/31698
13000/31698
14000/31698
15000/31698
16000/31698
17000/31698
18000/31698
19000/31698
20000/31698
21000/31698
22000/31698
23000/31698
24000/31698
25000/31698
26000/31698
27000/31698
28000/31698
29000/31698
30000/31698
31000/31698
File 38 out of 68
Total Entries is:
25410
0/25410
1000/25410
2000/25410
3000/25410
4000/25410
5000/25410
6000/25410
7000/25410
8000/25410
9000/25410
10000/25410
11000/25410
12000/25410
13000/25410
14000/25410
15000/25410
16000/25410
17000/25410
18000/25410
19000/25410
20000/25410
21000/25410
22000/25410
23000/25410
24000/25410
25000/25410
File 39 out of 68
Total Entries is:
32392
0/32392
1000/32392
2000/32392
3000/32392
4000/32392
5000/32392
6000/32392
7000/32392
8000/32392
9000/32392
10000/32392
11000/32392
12000/32392
13000/32392
14000/32392
15000/32392
16000/32392
17000/32392
18000/32392
19000/32392
20000/32392
21000/32392
22000/32392
23000/32392
24000/32392
25000/32392
26000/32392
27000/32392
28000/32392
29000/32392
30000/32392
31000/32392
32000/32392
File 40 out of 68
Total Entries is:
30901
0/30901
1000/30901
2000/30901
3000/30901
4000/30901
5000/30901
6000/30901
7000/30901
8000/30901
9000/30901
10000/30901
11000/30901
12000/30901
13000/30901
14000/30901
15000/30901
16000/30901
17000/30901
18000/30901
19000/30901
20000/30901
21000/30901
22000/30901
23000/30901
24000/30901
25000/30901
26000/30901
27000/30901
28000/30901
29000/30901
30000/30901
File 41 out of 68
Total Entries is:
11101
0/11101
1000/11101
2000/11101
3000/11101
4000/11101
5000/11101
6000/11101
7000/11101
8000/11101
9000/11101
10000/11101
11000/11101
File 42 out of 68
Total Entries is:
28453
0/28453
1000/28453
2000/28453
3000/28453
4000/28453
5000/28453
6000/28453
7000/28453
8000/28453
9000/28453
10000/28453
11000/28453
12000/28453
13000/28453
14000/28453
15000/28453
16000/28453
17000/28453
18000/28453
19000/28453
20000/28453
21000/28453
22000/28453
23000/28453
24000/28453
25000/28453
26000/28453
27000/28453
28000/28453
File 43 out of 68
Total Entries is:
30368
0/30368
1000/30368
2000/30368
3000/30368
4000/30368
5000/30368
6000/30368
7000/30368
8000/30368
9000/30368
10000/30368
11000/30368
12000/30368
13000/30368
14000/30368
15000/30368
16000/30368
17000/30368
18000/30368
19000/30368
20000/30368
21000/30368
22000/30368
23000/30368
24000/30368
25000/30368
26000/30368
27000/30368
28000/30368
29000/30368
30000/30368
File 44 out of 68
Total Entries is:
30199
0/30199
1000/30199
2000/30199
3000/30199
4000/30199
5000/30199
6000/30199
7000/30199
8000/30199
9000/30199
10000/30199
11000/30199
12000/30199
13000/30199
14000/30199
15000/30199
16000/30199
17000/30199
18000/30199
19000/30199
20000/30199
21000/30199
22000/30199
23000/30199
24000/30199
25000/30199
26000/30199
27000/30199
28000/30199
29000/30199
30000/30199
File 45 out of 68
Total Entries is:
33842
0/33842
1000/33842
2000/33842
3000/33842
4000/33842
5000/33842
6000/33842
7000/33842
8000/33842
9000/33842
10000/33842
11000/33842
12000/33842
13000/33842
14000/33842
15000/33842
16000/33842
17000/33842
18000/33842
19000/33842
20000/33842
21000/33842
22000/33842
23000/33842
24000/33842
25000/33842
26000/33842
27000/33842
28000/33842
29000/33842
30000/33842
31000/33842
32000/33842
33000/33842
File 46 out of 68
Total Entries is:
25590
0/25590
1000/25590
2000/25590
3000/25590
4000/25590
5000/25590
6000/25590
7000/25590
8000/25590
9000/25590
10000/25590
11000/25590
12000/25590
13000/25590
14000/25590
15000/25590
16000/25590
17000/25590
18000/25590
19000/25590
20000/25590
21000/25590
22000/25590
23000/25590
24000/25590
25000/25590
File 47 out of 68
Total Entries is:
30041
0/30041
1000/30041
2000/30041
3000/30041
4000/30041
5000/30041
6000/30041
7000/30041
8000/30041
9000/30041
10000/30041
11000/30041
12000/30041
13000/30041
14000/30041
15000/30041
16000/30041
17000/30041
18000/30041
19000/30041
20000/30041
21000/30041
22000/30041
23000/30041
24000/30041
25000/30041
26000/30041
27000/30041
28000/30041
29000/30041
30000/30041
File 48 out of 68
Total Entries is:
29004
0/29004
1000/29004
2000/29004
3000/29004
4000/29004
5000/29004
6000/29004
7000/29004
8000/29004
9000/29004
10000/29004
11000/29004
12000/29004
13000/29004
14000/29004
15000/29004
16000/29004
17000/29004
18000/29004
19000/29004
20000/29004
21000/29004
22000/29004
23000/29004
24000/29004
25000/29004
26000/29004
27000/29004
28000/29004
29000/29004
File 49 out of 68
Total Entries is:
25631
0/25631
1000/25631
2000/25631
3000/25631
4000/25631
5000/25631
6000/25631
7000/25631
8000/25631
9000/25631
10000/25631
11000/25631
12000/25631
13000/25631
14000/25631
15000/25631
16000/25631
17000/25631
18000/25631
19000/25631
20000/25631
21000/25631
22000/25631
23000/25631
24000/25631
25000/25631
File 50 out of 68
Total Entries is:
29420
0/29420
1000/29420
2000/29420
3000/29420
4000/29420
5000/29420
6000/29420
7000/29420
8000/29420
9000/29420
10000/29420
11000/29420
12000/29420
13000/29420
14000/29420
15000/29420
16000/29420
17000/29420
18000/29420
19000/29420
20000/29420
21000/29420
22000/29420
23000/29420
24000/29420
25000/29420
26000/29420
27000/29420
28000/29420
29000/29420
File 51 out of 68
Total Entries is:
32374
0/32374
1000/32374
2000/32374
3000/32374
4000/32374
5000/32374
6000/32374
7000/32374
8000/32374
9000/32374
10000/32374
11000/32374
12000/32374
13000/32374
14000/32374
15000/32374
16000/32374
17000/32374
18000/32374
19000/32374
20000/32374
21000/32374
22000/32374
23000/32374
24000/32374
25000/32374
26000/32374
27000/32374
28000/32374
29000/32374
30000/32374
31000/32374
32000/32374
File 52 out of 68
Total Entries is:
30545
0/30545
1000/30545
2000/30545
3000/30545
4000/30545
5000/30545
6000/30545
7000/30545
8000/30545
9000/30545
10000/30545
11000/30545
12000/30545
13000/30545
14000/30545
15000/30545
16000/30545
17000/30545
18000/30545
19000/30545
20000/30545
21000/30545
22000/30545
23000/30545
24000/30545
25000/30545
26000/30545
27000/30545
28000/30545
29000/30545
30000/30545
File 53 out of 68
Total Entries is:
33291
0/33291
1000/33291
2000/33291
3000/33291
4000/33291
5000/33291
6000/33291
7000/33291
8000/33291
9000/33291
10000/33291
11000/33291
12000/33291
13000/33291
14000/33291
15000/33291
16000/33291
17000/33291
18000/33291
19000/33291
20000/33291
21000/33291
22000/33291
23000/33291
24000/33291
25000/33291
26000/33291
27000/33291
28000/33291
29000/33291
30000/33291
31000/33291
32000/33291
33000/33291
File 54 out of 68
Total Entries is:
27829
0/27829
1000/27829
2000/27829
3000/27829
4000/27829
5000/27829
6000/27829
7000/27829
8000/27829
9000/27829
10000/27829
11000/27829
12000/27829
13000/27829
14000/27829
15000/27829
16000/27829
17000/27829
18000/27829
19000/27829
20000/27829
21000/27829
22000/27829
23000/27829
24000/27829
25000/27829
26000/27829
27000/27829
File 55 out of 68
Total Entries is:
31570
0/31570
1000/31570
2000/31570
3000/31570
4000/31570
5000/31570
6000/31570
7000/31570
8000/31570
9000/31570
10000/31570
11000/31570
12000/31570
13000/31570
14000/31570
15000/31570
16000/31570
17000/31570
18000/31570
19000/31570
20000/31570
21000/31570
22000/31570
23000/31570
24000/31570
25000/31570
26000/31570
27000/31570
28000/31570
29000/31570
30000/31570
31000/31570
File 56 out of 68
Total Entries is:
31200
0/31200
1000/31200
2000/31200
3000/31200
4000/31200
5000/31200
6000/31200
7000/31200
8000/31200
9000/31200
10000/31200
11000/31200
12000/31200
13000/31200
14000/31200
15000/31200
16000/31200
17000/31200
18000/31200
19000/31200
20000/31200
21000/31200
22000/31200
23000/31200
24000/31200
25000/31200
26000/31200
27000/31200
28000/31200
29000/31200
30000/31200
31000/31200
File 57 out of 68
Total Entries is:
31822
0/31822
1000/31822
2000/31822
3000/31822
4000/31822
5000/31822
6000/31822
7000/31822
8000/31822
9000/31822
10000/31822
11000/31822
12000/31822
13000/31822
14000/31822
15000/31822
16000/31822
17000/31822
18000/31822
19000/31822
20000/31822
21000/31822
22000/31822
23000/31822
24000/31822
25000/31822
26000/31822
27000/31822
28000/31822
29000/31822
30000/31822
31000/31822
File 58 out of 68
Total Entries is:
24821
0/24821
1000/24821
2000/24821
3000/24821
4000/24821
5000/24821
6000/24821
7000/24821
8000/24821
9000/24821
10000/24821
11000/24821
12000/24821
13000/24821
14000/24821
15000/24821
16000/24821
17000/24821
18000/24821
19000/24821
20000/24821
21000/24821
22000/24821
23000/24821
24000/24821
File 59 out of 68
Total Entries is:
29322
0/29322
1000/29322
2000/29322
3000/29322
4000/29322
5000/29322
6000/29322
7000/29322
8000/29322
9000/29322
10000/29322
11000/29322
12000/29322
13000/29322
14000/29322
15000/29322
16000/29322
17000/29322
18000/29322
19000/29322
20000/29322
21000/29322
22000/29322
23000/29322
24000/29322
25000/29322
26000/29322
27000/29322
28000/29322
29000/29322
File 60 out of 68
Total Entries is:
31680
0/31680
1000/31680
2000/31680
3000/31680
4000/31680
5000/31680
6000/31680
7000/31680
8000/31680
9000/31680
10000/31680
11000/31680
12000/31680
13000/31680
14000/31680
15000/31680
16000/31680
17000/31680
18000/31680
19000/31680
20000/31680
21000/31680
22000/31680
23000/31680
24000/31680
25000/31680
26000/31680
27000/31680
28000/31680
29000/31680
30000/31680
31000/31680
File 61 out of 68
Total Entries is:
27561
0/27561
1000/27561
2000/27561
3000/27561
4000/27561
5000/27561
6000/27561
7000/27561
8000/27561
9000/27561
10000/27561
11000/27561
12000/27561
13000/27561
14000/27561
15000/27561
16000/27561
17000/27561
18000/27561
19000/27561
20000/27561
21000/27561
22000/27561
23000/27561
24000/27561
25000/27561
26000/27561
27000/27561
File 62 out of 68
Total Entries is:
26576
0/26576
1000/26576
2000/26576
3000/26576
4000/26576
5000/26576
6000/26576
7000/26576
8000/26576
9000/26576
10000/26576
11000/26576
12000/26576
13000/26576
14000/26576
15000/26576
16000/26576
17000/26576
18000/26576
19000/26576
20000/26576
21000/26576
22000/26576
23000/26576
24000/26576
25000/26576
26000/26576
File 63 out of 68
Total Entries is:
26077
0/26077
1000/26077
2000/26077
3000/26077
4000/26077
5000/26077
6000/26077
7000/26077
8000/26077
9000/26077
10000/26077
11000/26077
12000/26077
13000/26077
14000/26077
15000/26077
16000/26077
17000/26077
18000/26077
19000/26077
20000/26077
21000/26077
22000/26077
23000/26077
24000/26077
25000/26077
26000/26077
File 64 out of 68
Total Entries is:
22918
0/22918
1000/22918
2000/22918
3000/22918
4000/22918
5000/22918
6000/22918
7000/22918
8000/22918
9000/22918
10000/22918
11000/22918
12000/22918
13000/22918
14000/22918
15000/22918
16000/22918
17000/22918
18000/22918
19000/22918
20000/22918
21000/22918
22000/22918
File 65 out of 68
Total Entries is:
33393
0/33393
1000/33393
2000/33393
3000/33393
4000/33393
5000/33393
6000/33393
7000/33393
8000/33393
9000/33393
10000/33393
11000/33393
12000/33393
13000/33393
14000/33393
15000/33393
16000/33393
17000/33393
18000/33393
19000/33393
20000/33393
21000/33393
22000/33393
23000/33393
24000/33393
25000/33393
26000/33393
27000/33393
28000/33393
29000/33393
30000/33393
31000/33393
32000/33393
33000/33393
File 66 out of 68
Total Entries is:
24590
0/24590
1000/24590
2000/24590
3000/24590
4000/24590
5000/24590
6000/24590
7000/24590
8000/24590
9000/24590
10000/24590
11000/24590
12000/24590
13000/24590
14000/24590
15000/24590
16000/24590
17000/24590
18000/24590
19000/24590
20000/24590
21000/24590
22000/24590
23000/24590
24000/24590
File 67 out of 68
Total Entries is:
14509
0/14509
1000/14509
2000/14509
3000/14509
4000/14509
5000/14509
6000/14509
7000/14509
8000/14509
9000/14509
10000/14509
11000/14509
12000/14509
13000/14509
14000/14509
File 68 out of 68
Total Entries is:
27950
0/27950
1000/27950
2000/27950
3000/27950
4000/27950
5000/27950
6000/27950
7000/27950
8000/27950
9000/27950
10000/27950
11000/27950
12000/27950
13000/27950
14000/27950
15000/27950
16000/27950
17000/27950
18000/27950
19000/27950
20000/27950
21000/27950
22000/27950
23000/27950
24000/27950
25000/27950
26000/27950
27000/27950
skipper is: 912836282
tripper is: 1001272998
ppt is 1 and trk is 1
***
hSig ent are: 77321092 ... and hBack ent are: 7.73257e+08
***
ppt is 2 and trk is 1
***
hSig ent are: 1664184 ... and hBack ent are: 1.66423e+07
***
ppt is 3 and trk is 1
***
hSig ent are: 1002612 ... and hBack ent are: 1.00267e+07
***
ppt is 1 and trk is 2
***
hSig ent are: 657159040 ... and hBack ent are: 6.57162e+09
***
ppt is 2 and trk is 2
***
hSig ent are: 29634032 ... and hBack ent are: 2.96373e+08
***
ppt is 3 and trk is 2
***
hSig ent are: 34109472 ... and hBack ent are: 3.41122e+08
***
ppt is 1 and trk is 3
***
hSig ent are: 685302148 ... and hBack ent are: 6.85311e+09
***
ppt is 2 and trk is 3
***
hSig ent are: 50942560 ... and hBack ent are: 5.09427e+08
***
ppt is 3 and trk is 3
***
hSig ent are: 74505984 ... and hBack ent are: 7.45099e+08
***
ppt is 1 and trk is 4
***
hSig ent are: 254507628 ... and hBack ent are: 2.54515e+09
***
ppt is 2 and trk is 4
***
hSig ent are: 24635708 ... and hBack ent are: 2.4638e+08
***
ppt is 3 and trk is 4
***
hSig ent are: 40388360 ... and hBack ent are: 4.0391e+08
***
ppt is 1 and trk is 5
***
hSig ent are: 48325736 ... and hBack ent are: 4.83274e+08
***
ppt is 2 and trk is 5
***
hSig ent are: 5295132 ... and hBack ent are: 5.2962e+07
***
ppt is 3 and trk is 5
***
hSig ent are: 9146056 ... and hBack ent are: 9.14797e+07
***
ppt is 1 and trk is 6
***
hSig ent are: 5905944 ... and hBack ent are: 5.90669e+07
***
ppt is 2 and trk is 6
***
hSig ent are: 682620 ... and hBack ent are: 6.83038e+06
***
ppt is 3 and trk is 6
***
hSig ent are: 1280668 ... and hBack ent are: 1.28128e+07
***
ppt is 1 and trk is 7
***
hSig ent are: 529096 ... and hBack ent are: 5.2923e+06
***
ppt is 2 and trk is 7
***
hSig ent are: 70796 ... and hBack ent are: 708122
***
ppt is 3 and trk is 7
***
hSig ent are: 137128 ... and hBack ent are: 1.37241e+06
***
Time: 3982.25 seconds.
Split Times (in seconds)...
Start Up        0          (0 %)
Opening Files   0.207      (0.0052 %)
Loading Events  1.6e+03    (40.2 %)
Event Selection 906        (22.8 %)
Jet Selection   0.368      (0.00925 %)
Track Loops     802        (20.1 %)
EndJob          672        (16.9 %)
Split Total: 3.98e+03s
