Starting event loop
Total Number of Files in this Job: 68
File 1 out of 68
Total Entries is:
27041
0/27041
1000/27041
2000/27041
3000/27041
4000/27041
5000/27041
6000/27041
7000/27041
8000/27041
9000/27041
10000/27041
11000/27041
12000/27041
13000/27041
14000/27041
15000/27041
16000/27041
17000/27041
18000/27041
19000/27041
20000/27041
21000/27041
22000/27041
23000/27041
24000/27041
25000/27041
26000/27041
27000/27041
File 2 out of 68
Total Entries is:
25290
0/25290
1000/25290
2000/25290
3000/25290
4000/25290
5000/25290
6000/25290
7000/25290
8000/25290
9000/25290
10000/25290
11000/25290
12000/25290
13000/25290
14000/25290
15000/25290
16000/25290
17000/25290
18000/25290
19000/25290
20000/25290
21000/25290
22000/25290
23000/25290
24000/25290
25000/25290
File 3 out of 68
Total Entries is:
30362
0/30362
1000/30362
2000/30362
3000/30362
4000/30362
5000/30362
6000/30362
7000/30362
8000/30362
9000/30362
10000/30362
11000/30362
12000/30362
13000/30362
14000/30362
15000/30362
16000/30362
17000/30362
18000/30362
19000/30362
20000/30362
21000/30362
22000/30362
23000/30362
24000/30362
25000/30362
26000/30362
27000/30362
28000/30362
29000/30362
30000/30362
File 4 out of 68
Total Entries is:
29948
0/29948
1000/29948
2000/29948
3000/29948
4000/29948
5000/29948
6000/29948
7000/29948
8000/29948
9000/29948
10000/29948
11000/29948
12000/29948
13000/29948
14000/29948
15000/29948
16000/29948
17000/29948
18000/29948
19000/29948
20000/29948
21000/29948
22000/29948
23000/29948
24000/29948
25000/29948
26000/29948
27000/29948
28000/29948
29000/29948
File 5 out of 68
Total Entries is:
24906
0/24906
1000/24906
2000/24906
3000/24906
4000/24906
5000/24906
6000/24906
7000/24906
8000/24906
9000/24906
10000/24906
11000/24906
12000/24906
13000/24906
14000/24906
15000/24906
16000/24906
17000/24906
18000/24906
19000/24906
20000/24906
21000/24906
22000/24906
23000/24906
24000/24906
File 6 out of 68
Total Entries is:
24622
0/24622
1000/24622
2000/24622
3000/24622
4000/24622
5000/24622
6000/24622
7000/24622
8000/24622
9000/24622
10000/24622
11000/24622
12000/24622
13000/24622
14000/24622
15000/24622
16000/24622
17000/24622
18000/24622
19000/24622
20000/24622
21000/24622
22000/24622
23000/24622
24000/24622
File 7 out of 68
Total Entries is:
33916
0/33916
1000/33916
2000/33916
3000/33916
4000/33916
5000/33916
6000/33916
7000/33916
8000/33916
9000/33916
10000/33916
11000/33916
12000/33916
13000/33916
14000/33916
15000/33916
16000/33916
17000/33916
18000/33916
19000/33916
20000/33916
21000/33916
22000/33916
23000/33916
24000/33916
25000/33916
26000/33916
27000/33916
28000/33916
29000/33916
30000/33916
31000/33916
32000/33916
33000/33916
File 8 out of 68
Total Entries is:
28547
0/28547
1000/28547
2000/28547
3000/28547
4000/28547
5000/28547
6000/28547
7000/28547
8000/28547
9000/28547
10000/28547
11000/28547
12000/28547
13000/28547
14000/28547
15000/28547
16000/28547
17000/28547
18000/28547
19000/28547
20000/28547
21000/28547
22000/28547
23000/28547
24000/28547
25000/28547
26000/28547
27000/28547
28000/28547
File 9 out of 68
Total Entries is:
30918
0/30918
1000/30918
2000/30918
3000/30918
4000/30918
5000/30918
6000/30918
7000/30918
8000/30918
9000/30918
10000/30918
11000/30918
12000/30918
13000/30918
14000/30918
15000/30918
16000/30918
17000/30918
18000/30918
19000/30918
20000/30918
21000/30918
22000/30918
23000/30918
24000/30918
25000/30918
26000/30918
27000/30918
28000/30918
29000/30918
30000/30918
File 10 out of 68
Total Entries is:
23380
0/23380
1000/23380
2000/23380
3000/23380
4000/23380
5000/23380
6000/23380
7000/23380
8000/23380
9000/23380
10000/23380
11000/23380
12000/23380
13000/23380
14000/23380
15000/23380
16000/23380
17000/23380
18000/23380
19000/23380
20000/23380
21000/23380
22000/23380
23000/23380
File 11 out of 68
Total Entries is:
15394
0/15394
1000/15394
2000/15394
3000/15394
4000/15394
5000/15394
6000/15394
7000/15394
8000/15394
9000/15394
10000/15394
11000/15394
12000/15394
13000/15394
14000/15394
15000/15394
File 12 out of 68
Total Entries is:
29703
0/29703
1000/29703
2000/29703
3000/29703
4000/29703
5000/29703
6000/29703
7000/29703
8000/29703
9000/29703
10000/29703
11000/29703
12000/29703
13000/29703
14000/29703
15000/29703
16000/29703
17000/29703
18000/29703
19000/29703
20000/29703
21000/29703
22000/29703
23000/29703
24000/29703
25000/29703
26000/29703
27000/29703
28000/29703
29000/29703
File 13 out of 68
Total Entries is:
27560
0/27560
1000/27560
2000/27560
3000/27560
4000/27560
5000/27560
6000/27560
7000/27560
8000/27560
9000/27560
10000/27560
11000/27560
12000/27560
13000/27560
14000/27560
15000/27560
16000/27560
17000/27560
18000/27560
19000/27560
20000/27560
21000/27560
22000/27560
23000/27560
24000/27560
25000/27560
26000/27560
27000/27560
File 14 out of 68
Total Entries is:
31975
0/31975
1000/31975
2000/31975
3000/31975
4000/31975
5000/31975
6000/31975
7000/31975
8000/31975
9000/31975
10000/31975
11000/31975
12000/31975
13000/31975
14000/31975
15000/31975
16000/31975
17000/31975
18000/31975
19000/31975
20000/31975
21000/31975
22000/31975
23000/31975
24000/31975
25000/31975
26000/31975
27000/31975
28000/31975
29000/31975
30000/31975
31000/31975
File 15 out of 68
Total Entries is:
27084
0/27084
1000/27084
2000/27084
3000/27084
4000/27084
5000/27084
6000/27084
7000/27084
8000/27084
9000/27084
10000/27084
11000/27084
12000/27084
13000/27084
14000/27084
15000/27084
16000/27084
17000/27084
18000/27084
19000/27084
20000/27084
21000/27084
22000/27084
23000/27084
24000/27084
25000/27084
26000/27084
27000/27084
File 16 out of 68
Total Entries is:
30858
0/30858
1000/30858
2000/30858
3000/30858
4000/30858
5000/30858
6000/30858
7000/30858
8000/30858
9000/30858
10000/30858
11000/30858
12000/30858
13000/30858
14000/30858
15000/30858
16000/30858
17000/30858
18000/30858
19000/30858
20000/30858
21000/30858
22000/30858
23000/30858
24000/30858
25000/30858
26000/30858
27000/30858
28000/30858
29000/30858
30000/30858
File 17 out of 68
Total Entries is:
30377
0/30377
1000/30377
2000/30377
3000/30377
4000/30377
5000/30377
6000/30377
7000/30377
8000/30377
9000/30377
10000/30377
11000/30377
12000/30377
13000/30377
14000/30377
15000/30377
16000/30377
17000/30377
18000/30377
19000/30377
20000/30377
21000/30377
22000/30377
23000/30377
24000/30377
25000/30377
26000/30377
27000/30377
28000/30377
29000/30377
30000/30377
File 18 out of 68
Total Entries is:
24675
0/24675
1000/24675
2000/24675
3000/24675
4000/24675
5000/24675
6000/24675
7000/24675
8000/24675
9000/24675
10000/24675
11000/24675
12000/24675
13000/24675
14000/24675
15000/24675
16000/24675
17000/24675
18000/24675
19000/24675
20000/24675
21000/24675
22000/24675
23000/24675
24000/24675
File 19 out of 68
Total Entries is:
25704
0/25704
1000/25704
2000/25704
3000/25704
4000/25704
5000/25704
6000/25704
7000/25704
8000/25704
9000/25704
10000/25704
11000/25704
12000/25704
13000/25704
14000/25704
15000/25704
16000/25704
17000/25704
18000/25704
19000/25704
20000/25704
21000/25704
22000/25704
23000/25704
24000/25704
25000/25704
File 20 out of 68
Total Entries is:
24861
0/24861
1000/24861
2000/24861
3000/24861
4000/24861
5000/24861
6000/24861
7000/24861
8000/24861
9000/24861
10000/24861
11000/24861
12000/24861
13000/24861
14000/24861
15000/24861
16000/24861
17000/24861
18000/24861
19000/24861
20000/24861
21000/24861
22000/24861
23000/24861
24000/24861
File 21 out of 68
Total Entries is:
29195
0/29195
1000/29195
2000/29195
3000/29195
4000/29195
5000/29195
6000/29195
7000/29195
8000/29195
9000/29195
10000/29195
11000/29195
12000/29195
13000/29195
14000/29195
15000/29195
16000/29195
17000/29195
18000/29195
19000/29195
20000/29195
21000/29195
22000/29195
23000/29195
24000/29195
25000/29195
26000/29195
27000/29195
28000/29195
29000/29195
File 22 out of 68
Total Entries is:
28453
0/28453
1000/28453
2000/28453
3000/28453
4000/28453
5000/28453
6000/28453
7000/28453
8000/28453
9000/28453
10000/28453
11000/28453
12000/28453
13000/28453
14000/28453
15000/28453
16000/28453
17000/28453
18000/28453
19000/28453
20000/28453
21000/28453
22000/28453
23000/28453
24000/28453
25000/28453
26000/28453
27000/28453
28000/28453
File 23 out of 68
Total Entries is:
31985
0/31985
1000/31985
2000/31985
3000/31985
4000/31985
5000/31985
6000/31985
7000/31985
8000/31985
9000/31985
10000/31985
11000/31985
12000/31985
13000/31985
14000/31985
15000/31985
16000/31985
17000/31985
18000/31985
19000/31985
20000/31985
21000/31985
22000/31985
23000/31985
24000/31985
25000/31985
26000/31985
27000/31985
28000/31985
29000/31985
30000/31985
31000/31985
File 24 out of 68
Total Entries is:
28875
0/28875
1000/28875
2000/28875
3000/28875
4000/28875
5000/28875
6000/28875
7000/28875
8000/28875
9000/28875
10000/28875
11000/28875
12000/28875
13000/28875
14000/28875
15000/28875
16000/28875
17000/28875
18000/28875
19000/28875
20000/28875
21000/28875
22000/28875
23000/28875
24000/28875
25000/28875
26000/28875
27000/28875
28000/28875
File 25 out of 68
Total Entries is:
22937
0/22937
1000/22937
2000/22937
3000/22937
4000/22937
5000/22937
6000/22937
7000/22937
8000/22937
9000/22937
10000/22937
11000/22937
12000/22937
13000/22937
14000/22937
15000/22937
16000/22937
17000/22937
18000/22937
19000/22937
20000/22937
21000/22937
22000/22937
File 26 out of 68
Total Entries is:
28054
0/28054
1000/28054
2000/28054
3000/28054
4000/28054
5000/28054
6000/28054
7000/28054
8000/28054
9000/28054
10000/28054
11000/28054
12000/28054
13000/28054
14000/28054
15000/28054
16000/28054
17000/28054
18000/28054
19000/28054
20000/28054
21000/28054
22000/28054
23000/28054
24000/28054
25000/28054
26000/28054
27000/28054
28000/28054
File 27 out of 68
Total Entries is:
24166
0/24166
1000/24166
2000/24166
3000/24166
4000/24166
5000/24166
6000/24166
7000/24166
8000/24166
9000/24166
10000/24166
11000/24166
12000/24166
13000/24166
14000/24166
15000/24166
16000/24166
17000/24166
18000/24166
19000/24166
20000/24166
21000/24166
22000/24166
23000/24166
24000/24166
File 28 out of 68
Total Entries is:
21183
0/21183
1000/21183
2000/21183
3000/21183
4000/21183
5000/21183
6000/21183
7000/21183
8000/21183
9000/21183
10000/21183
11000/21183
12000/21183
13000/21183
14000/21183
15000/21183
16000/21183
17000/21183
18000/21183
19000/21183
20000/21183
21000/21183
File 29 out of 68
Total Entries is:
22877
0/22877
1000/22877
2000/22877
3000/22877
4000/22877
5000/22877
6000/22877
7000/22877
8000/22877
9000/22877
10000/22877
11000/22877
12000/22877
13000/22877
14000/22877
15000/22877
16000/22877
17000/22877
18000/22877
19000/22877
20000/22877
21000/22877
22000/22877
File 30 out of 68
Total Entries is:
28594
0/28594
1000/28594
2000/28594
3000/28594
4000/28594
5000/28594
6000/28594
7000/28594
8000/28594
9000/28594
10000/28594
11000/28594
12000/28594
13000/28594
14000/28594
15000/28594
16000/28594
17000/28594
18000/28594
19000/28594
20000/28594
21000/28594
22000/28594
23000/28594
24000/28594
25000/28594
26000/28594
27000/28594
28000/28594
File 31 out of 68
Total Entries is:
23927
0/23927
1000/23927
2000/23927
3000/23927
4000/23927
5000/23927
6000/23927
7000/23927
8000/23927
9000/23927
10000/23927
11000/23927
12000/23927
13000/23927
14000/23927
15000/23927
16000/23927
17000/23927
18000/23927
19000/23927
20000/23927
21000/23927
22000/23927
23000/23927
File 32 out of 68
Total Entries is:
26176
0/26176
1000/26176
2000/26176
3000/26176
4000/26176
5000/26176
6000/26176
7000/26176
8000/26176
9000/26176
10000/26176
11000/26176
12000/26176
13000/26176
14000/26176
15000/26176
16000/26176
17000/26176
18000/26176
19000/26176
20000/26176
21000/26176
22000/26176
23000/26176
24000/26176
25000/26176
26000/26176
File 33 out of 68
Total Entries is:
31275
0/31275
1000/31275
2000/31275
3000/31275
4000/31275
5000/31275
6000/31275
7000/31275
8000/31275
9000/31275
10000/31275
11000/31275
12000/31275
13000/31275
14000/31275
15000/31275
16000/31275
17000/31275
18000/31275
19000/31275
20000/31275
21000/31275
22000/31275
23000/31275
24000/31275
25000/31275
26000/31275
27000/31275
28000/31275
29000/31275
30000/31275
31000/31275
File 34 out of 68
Total Entries is:
28759
0/28759
1000/28759
2000/28759
3000/28759
4000/28759
5000/28759
6000/28759
7000/28759
8000/28759
9000/28759
10000/28759
11000/28759
12000/28759
13000/28759
14000/28759
15000/28759
16000/28759
17000/28759
18000/28759
19000/28759
20000/28759
21000/28759
22000/28759
23000/28759
24000/28759
25000/28759
26000/28759
27000/28759
28000/28759
File 35 out of 68
Total Entries is:
28843
0/28843
1000/28843
2000/28843
3000/28843
4000/28843
5000/28843
6000/28843
7000/28843
8000/28843
9000/28843
10000/28843
11000/28843
12000/28843
13000/28843
14000/28843
15000/28843
16000/28843
17000/28843
18000/28843
19000/28843
20000/28843
21000/28843
22000/28843
23000/28843
24000/28843
25000/28843
26000/28843
27000/28843
28000/28843
File 36 out of 68
Total Entries is:
32646
0/32646
1000/32646
2000/32646
3000/32646
4000/32646
5000/32646
6000/32646
7000/32646
8000/32646
9000/32646
10000/32646
11000/32646
12000/32646
13000/32646
14000/32646
15000/32646
16000/32646
17000/32646
18000/32646
19000/32646
20000/32646
21000/32646
22000/32646
23000/32646
24000/32646
25000/32646
26000/32646
27000/32646
28000/32646
29000/32646
30000/32646
31000/32646
32000/32646
File 37 out of 68
Total Entries is:
31572
0/31572
1000/31572
2000/31572
3000/31572
4000/31572
5000/31572
6000/31572
7000/31572
8000/31572
9000/31572
10000/31572
11000/31572
12000/31572
13000/31572
14000/31572
15000/31572
16000/31572
17000/31572
18000/31572
19000/31572
20000/31572
21000/31572
22000/31572
23000/31572
24000/31572
25000/31572
26000/31572
27000/31572
28000/31572
29000/31572
30000/31572
31000/31572
File 38 out of 68
Total Entries is:
26250
0/26250
1000/26250
2000/26250
3000/26250
4000/26250
5000/26250
6000/26250
7000/26250
8000/26250
9000/26250
10000/26250
11000/26250
12000/26250
13000/26250
14000/26250
15000/26250
16000/26250
17000/26250
18000/26250
19000/26250
20000/26250
21000/26250
22000/26250
23000/26250
24000/26250
25000/26250
26000/26250
File 39 out of 68
Total Entries is:
28238
0/28238
1000/28238
2000/28238
3000/28238
4000/28238
5000/28238
6000/28238
7000/28238
8000/28238
9000/28238
10000/28238
11000/28238
12000/28238
13000/28238
14000/28238
15000/28238
16000/28238
17000/28238
18000/28238
19000/28238
20000/28238
21000/28238
22000/28238
23000/28238
24000/28238
25000/28238
26000/28238
27000/28238
28000/28238
File 40 out of 68
Total Entries is:
26066
0/26066
1000/26066
2000/26066
3000/26066
4000/26066
5000/26066
6000/26066
7000/26066
8000/26066
9000/26066
10000/26066
11000/26066
12000/26066
13000/26066
14000/26066
15000/26066
16000/26066
17000/26066
18000/26066
19000/26066
20000/26066
21000/26066
22000/26066
23000/26066
24000/26066
25000/26066
26000/26066
File 41 out of 68
Total Entries is:
11965
0/11965
1000/11965
2000/11965
3000/11965
4000/11965
5000/11965
6000/11965
7000/11965
8000/11965
9000/11965
10000/11965
11000/11965
File 42 out of 68
Total Entries is:
27195
0/27195
1000/27195
2000/27195
3000/27195
4000/27195
5000/27195
6000/27195
7000/27195
8000/27195
9000/27195
10000/27195
11000/27195
12000/27195
13000/27195
14000/27195
15000/27195
16000/27195
17000/27195
18000/27195
19000/27195
20000/27195
21000/27195
22000/27195
23000/27195
24000/27195
25000/27195
26000/27195
27000/27195
File 43 out of 68
Total Entries is:
31548
0/31548
1000/31548
2000/31548
3000/31548
4000/31548
5000/31548
6000/31548
7000/31548
8000/31548
9000/31548
10000/31548
11000/31548
12000/31548
13000/31548
14000/31548
15000/31548
16000/31548
17000/31548
18000/31548
19000/31548
20000/31548
21000/31548
22000/31548
23000/31548
24000/31548
25000/31548
26000/31548
27000/31548
28000/31548
29000/31548
30000/31548
31000/31548
File 44 out of 68
Total Entries is:
30609
0/30609
1000/30609
2000/30609
3000/30609
4000/30609
5000/30609
6000/30609
7000/30609
8000/30609
9000/30609
10000/30609
11000/30609
12000/30609
13000/30609
14000/30609
15000/30609
16000/30609
17000/30609
18000/30609
19000/30609
20000/30609
21000/30609
22000/30609
23000/30609
24000/30609
25000/30609
26000/30609
27000/30609
28000/30609
29000/30609
30000/30609
File 45 out of 68
Total Entries is:
27348
0/27348
1000/27348
2000/27348
3000/27348
4000/27348
5000/27348
6000/27348
7000/27348
8000/27348
9000/27348
10000/27348
11000/27348
12000/27348
13000/27348
14000/27348
15000/27348
16000/27348
17000/27348
18000/27348
19000/27348
20000/27348
21000/27348
22000/27348
23000/27348
24000/27348
25000/27348
26000/27348
27000/27348
File 46 out of 68
Total Entries is:
26376
0/26376
1000/26376
2000/26376
3000/26376
4000/26376
5000/26376
6000/26376
7000/26376
8000/26376
9000/26376
10000/26376
11000/26376
12000/26376
13000/26376
14000/26376
15000/26376
16000/26376
17000/26376
18000/26376
19000/26376
20000/26376
21000/26376
22000/26376
23000/26376
24000/26376
25000/26376
26000/26376
File 47 out of 68
Total Entries is:
22440
0/22440
1000/22440
2000/22440
3000/22440
4000/22440
5000/22440
6000/22440
7000/22440
8000/22440
9000/22440
10000/22440
11000/22440
12000/22440
13000/22440
14000/22440
15000/22440
16000/22440
17000/22440
18000/22440
19000/22440
20000/22440
21000/22440
22000/22440
File 48 out of 68
Total Entries is:
27176
0/27176
1000/27176
2000/27176
3000/27176
4000/27176
5000/27176
6000/27176
7000/27176
8000/27176
9000/27176
10000/27176
11000/27176
12000/27176
13000/27176
14000/27176
15000/27176
16000/27176
17000/27176
18000/27176
19000/27176
20000/27176
21000/27176
22000/27176
23000/27176
24000/27176
25000/27176
26000/27176
27000/27176
File 49 out of 68
Total Entries is:
32006
0/32006
1000/32006
2000/32006
3000/32006
4000/32006
5000/32006
6000/32006
7000/32006
8000/32006
9000/32006
10000/32006
11000/32006
12000/32006
13000/32006
14000/32006
15000/32006
16000/32006
17000/32006
18000/32006
19000/32006
20000/32006
21000/32006
22000/32006
23000/32006
24000/32006
25000/32006
26000/32006
27000/32006
28000/32006
29000/32006
30000/32006
31000/32006
32000/32006
File 50 out of 68
Total Entries is:
23837
0/23837
1000/23837
2000/23837
3000/23837
4000/23837
5000/23837
6000/23837
7000/23837
8000/23837
9000/23837
10000/23837
11000/23837
12000/23837
13000/23837
14000/23837
15000/23837
16000/23837
17000/23837
18000/23837
19000/23837
20000/23837
21000/23837
22000/23837
23000/23837
File 51 out of 68
Total Entries is:
34814
0/34814
1000/34814
2000/34814
3000/34814
4000/34814
5000/34814
6000/34814
7000/34814
8000/34814
9000/34814
10000/34814
11000/34814
12000/34814
13000/34814
14000/34814
15000/34814
16000/34814
17000/34814
18000/34814
19000/34814
20000/34814
21000/34814
22000/34814
23000/34814
24000/34814
25000/34814
26000/34814
27000/34814
28000/34814
29000/34814
30000/34814
31000/34814
32000/34814
33000/34814
34000/34814
File 52 out of 68
Total Entries is:
35996
0/35996
1000/35996
2000/35996
3000/35996
4000/35996
5000/35996
6000/35996
7000/35996
8000/35996
9000/35996
10000/35996
11000/35996
12000/35996
13000/35996
14000/35996
15000/35996
16000/35996
17000/35996
18000/35996
19000/35996
20000/35996
21000/35996
22000/35996
23000/35996
24000/35996
25000/35996
26000/35996
27000/35996
28000/35996
29000/35996
30000/35996
31000/35996
32000/35996
33000/35996
34000/35996
35000/35996
File 53 out of 68
Total Entries is:
27933
0/27933
1000/27933
2000/27933
3000/27933
4000/27933
5000/27933
6000/27933
7000/27933
8000/27933
9000/27933
10000/27933
11000/27933
12000/27933
13000/27933
14000/27933
15000/27933
16000/27933
17000/27933
18000/27933
19000/27933
20000/27933
21000/27933
22000/27933
23000/27933
24000/27933
25000/27933
26000/27933
27000/27933
File 54 out of 68
Total Entries is:
25865
0/25865
1000/25865
2000/25865
3000/25865
4000/25865
5000/25865
6000/25865
7000/25865
8000/25865
9000/25865
10000/25865
11000/25865
12000/25865
13000/25865
14000/25865
15000/25865
16000/25865
17000/25865
18000/25865
19000/25865
20000/25865
21000/25865
22000/25865
23000/25865
24000/25865
25000/25865
File 55 out of 68
Total Entries is:
30758
0/30758
1000/30758
2000/30758
3000/30758
4000/30758
5000/30758
6000/30758
7000/30758
8000/30758
9000/30758
10000/30758
11000/30758
12000/30758
13000/30758
14000/30758
15000/30758
16000/30758
17000/30758
18000/30758
19000/30758
20000/30758
21000/30758
22000/30758
23000/30758
24000/30758
25000/30758
26000/30758
27000/30758
28000/30758
29000/30758
30000/30758
File 56 out of 68
Total Entries is:
32946
0/32946
1000/32946
2000/32946
3000/32946
4000/32946
5000/32946
6000/32946
7000/32946
8000/32946
9000/32946
10000/32946
11000/32946
12000/32946
13000/32946
14000/32946
15000/32946
16000/32946
17000/32946
18000/32946
19000/32946
20000/32946
21000/32946
22000/32946
23000/32946
24000/32946
25000/32946
26000/32946
27000/32946
28000/32946
29000/32946
30000/32946
31000/32946
32000/32946
File 57 out of 68
Total Entries is:
30158
0/30158
1000/30158
2000/30158
3000/30158
4000/30158
5000/30158
6000/30158
7000/30158
8000/30158
9000/30158
10000/30158
11000/30158
12000/30158
13000/30158
14000/30158
15000/30158
16000/30158
17000/30158
18000/30158
19000/30158
20000/30158
21000/30158
22000/30158
23000/30158
24000/30158
25000/30158
26000/30158
27000/30158
28000/30158
29000/30158
30000/30158
File 58 out of 68
Total Entries is:
27078
0/27078
1000/27078
2000/27078
3000/27078
4000/27078
5000/27078
6000/27078
7000/27078
8000/27078
9000/27078
10000/27078
11000/27078
12000/27078
13000/27078
14000/27078
15000/27078
16000/27078
17000/27078
18000/27078
19000/27078
20000/27078
21000/27078
22000/27078
23000/27078
24000/27078
25000/27078
26000/27078
27000/27078
File 59 out of 68
Total Entries is:
32086
0/32086
1000/32086
2000/32086
3000/32086
4000/32086
5000/32086
6000/32086
7000/32086
8000/32086
9000/32086
10000/32086
11000/32086
12000/32086
13000/32086
14000/32086
15000/32086
16000/32086
17000/32086
18000/32086
19000/32086
20000/32086
21000/32086
22000/32086
23000/32086
24000/32086
25000/32086
26000/32086
27000/32086
28000/32086
29000/32086
30000/32086
31000/32086
32000/32086
File 60 out of 68
Total Entries is:
27421
0/27421
1000/27421
2000/27421
3000/27421
4000/27421
5000/27421
6000/27421
7000/27421
8000/27421
9000/27421
10000/27421
11000/27421
12000/27421
13000/27421
14000/27421
15000/27421
16000/27421
17000/27421
18000/27421
19000/27421
20000/27421
21000/27421
22000/27421
23000/27421
24000/27421
25000/27421
26000/27421
27000/27421
File 61 out of 68
Total Entries is:
31026
0/31026
1000/31026
2000/31026
3000/31026
4000/31026
5000/31026
6000/31026
7000/31026
8000/31026
9000/31026
10000/31026
11000/31026
12000/31026
13000/31026
14000/31026
15000/31026
16000/31026
17000/31026
18000/31026
19000/31026
20000/31026
21000/31026
22000/31026
23000/31026
24000/31026
25000/31026
26000/31026
27000/31026
28000/31026
29000/31026
30000/31026
31000/31026
File 62 out of 68
Total Entries is:
29005
0/29005
1000/29005
2000/29005
3000/29005
4000/29005
5000/29005
6000/29005
7000/29005
8000/29005
9000/29005
10000/29005
11000/29005
12000/29005
13000/29005
14000/29005
15000/29005
16000/29005
17000/29005
18000/29005
19000/29005
20000/29005
21000/29005
22000/29005
23000/29005
24000/29005
25000/29005
26000/29005
27000/29005
28000/29005
29000/29005
File 63 out of 68
Total Entries is:
26291
0/26291
1000/26291
2000/26291
3000/26291
4000/26291
5000/26291
6000/26291
7000/26291
8000/26291
9000/26291
10000/26291
11000/26291
12000/26291
13000/26291
14000/26291
15000/26291
16000/26291
17000/26291
18000/26291
19000/26291
20000/26291
21000/26291
22000/26291
23000/26291
24000/26291
25000/26291
26000/26291
File 64 out of 68
Total Entries is:
20770
0/20770
1000/20770
2000/20770
3000/20770
4000/20770
5000/20770
6000/20770
7000/20770
8000/20770
9000/20770
10000/20770
11000/20770
12000/20770
13000/20770
14000/20770
15000/20770
16000/20770
17000/20770
18000/20770
19000/20770
20000/20770
File 65 out of 68
Total Entries is:
29810
0/29810
1000/29810
2000/29810
3000/29810
4000/29810
5000/29810
6000/29810
7000/29810
8000/29810
9000/29810
10000/29810
11000/29810
12000/29810
13000/29810
14000/29810
15000/29810
16000/29810
17000/29810
18000/29810
19000/29810
20000/29810
21000/29810
22000/29810
23000/29810
24000/29810
25000/29810
26000/29810
27000/29810
28000/29810
29000/29810
File 66 out of 68
Total Entries is:
21633
0/21633
1000/21633
2000/21633
3000/21633
4000/21633
5000/21633
6000/21633
7000/21633
8000/21633
9000/21633
10000/21633
11000/21633
12000/21633
13000/21633
14000/21633
15000/21633
16000/21633
17000/21633
18000/21633
19000/21633
20000/21633
21000/21633
File 67 out of 68
Total Entries is:
27629
0/27629
1000/27629
2000/27629
3000/27629
4000/27629
5000/27629
6000/27629
7000/27629
8000/27629
9000/27629
10000/27629
11000/27629
12000/27629
13000/27629
14000/27629
15000/27629
16000/27629
17000/27629
18000/27629
19000/27629
20000/27629
21000/27629
22000/27629
23000/27629
24000/27629
25000/27629
26000/27629
27000/27629
File 68 out of 68
Total Entries is:
27356
0/27356
1000/27356
2000/27356
3000/27356
4000/27356
5000/27356
6000/27356
7000/27356
8000/27356
9000/27356
10000/27356
11000/27356
12000/27356
13000/27356
14000/27356
15000/27356
16000/27356
17000/27356
18000/27356
19000/27356
20000/27356
21000/27356
22000/27356
23000/27356
24000/27356
25000/27356
26000/27356
27000/27356
skipper is: 905881732
tripper is: 994017452
ppt is 1 and trk is 1
***
hSig ent are: 76667644 ... and hBack ent are: 7.66708e+08
***
ppt is 2 and trk is 1
***
hSig ent are: 1646072 ... and hBack ent are: 1.64633e+07
***
ppt is 3 and trk is 1
***
hSig ent are: 985948 ... and hBack ent are: 9.86274e+06
***
ppt is 1 and trk is 2
***
hSig ent are: 653526112 ... and hBack ent are: 6.53535e+09
***
ppt is 2 and trk is 2
***
hSig ent are: 29436308 ... and hBack ent are: 2.9438e+08
***
ppt is 3 and trk is 2
***
hSig ent are: 33831884 ... and hBack ent are: 3.38321e+08
***
ppt is 1 and trk is 3
***
hSig ent are: 679191048 ... and hBack ent are: 6.79198e+09
***
ppt is 2 and trk is 3
***
hSig ent are: 50495980 ... and hBack ent are: 5.04968e+08
***
ppt is 3 and trk is 3
***
hSig ent are: 73950484 ... and hBack ent are: 7.39541e+08
***
ppt is 1 and trk is 4
***
hSig ent are: 252738480 ... and hBack ent are: 2.52742e+09
***
ppt is 2 and trk is 4
***
hSig ent are: 24489924 ... and hBack ent are: 2.44907e+08
***
ppt is 3 and trk is 4
***
hSig ent are: 40123124 ... and hBack ent are: 4.01261e+08
***
ppt is 1 and trk is 5
***
hSig ent are: 47657020 ... and hBack ent are: 4.76571e+08
***
ppt is 2 and trk is 5
***
hSig ent are: 5257052 ... and hBack ent are: 5.25843e+07
***
ppt is 3 and trk is 5
***
hSig ent are: 9031960 ... and hBack ent are: 9.03355e+07
***
ppt is 1 and trk is 6
***
hSig ent are: 6199780 ... and hBack ent are: 6.20078e+07
***
ppt is 2 and trk is 6
***
hSig ent are: 709004 ... and hBack ent are: 7.09423e+06
***
ppt is 3 and trk is 6
***
hSig ent are: 1288292 ... and hBack ent are: 1.28845e+07
***
ppt is 1 and trk is 7
***
hSig ent are: 587448 ... and hBack ent are: 5.8782e+06
***
ppt is 2 and trk is 7
***
hSig ent are: 69440 ... and hBack ent are: 694722
***
ppt is 3 and trk is 7
***
hSig ent are: 151900 ... and hBack ent are: 1.51906e+06
***
Time: 3984.72 seconds.
Split Times (in seconds)...
Start Up        0          (0 %)
Opening Files   0.224      (0.00563 %)
Loading Events  1.61e+03   (40.3 %)
Event Selection 907        (22.8 %)
Jet Selection   0.382      (0.00958 %)
Track Loops     803        (20.2 %)
EndJob          669        (16.8 %)
Split Total: 3.98e+03s
