Starting event loop
Total Number of Files in this Job: 68
File 1 out of 68
Total Entries is:
25665
0/25665
1000/25665
2000/25665
3000/25665
4000/25665
5000/25665
6000/25665
7000/25665
8000/25665
9000/25665
10000/25665
11000/25665
12000/25665
13000/25665
14000/25665
15000/25665
16000/25665
17000/25665
18000/25665
19000/25665
20000/25665
21000/25665
22000/25665
23000/25665
24000/25665
25000/25665
File 2 out of 68
Total Entries is:
27335
0/27335
1000/27335
2000/27335
3000/27335
4000/27335
5000/27335
6000/27335
7000/27335
8000/27335
9000/27335
10000/27335
11000/27335
12000/27335
13000/27335
14000/27335
15000/27335
16000/27335
17000/27335
18000/27335
19000/27335
20000/27335
21000/27335
22000/27335
23000/27335
24000/27335
25000/27335
26000/27335
27000/27335
File 3 out of 68
Total Entries is:
31414
0/31414
1000/31414
2000/31414
3000/31414
4000/31414
5000/31414
6000/31414
7000/31414
8000/31414
9000/31414
10000/31414
11000/31414
12000/31414
13000/31414
14000/31414
15000/31414
16000/31414
17000/31414
18000/31414
19000/31414
20000/31414
21000/31414
22000/31414
23000/31414
24000/31414
25000/31414
26000/31414
27000/31414
28000/31414
29000/31414
30000/31414
31000/31414
File 4 out of 68
Total Entries is:
29751
0/29751
1000/29751
2000/29751
3000/29751
4000/29751
5000/29751
6000/29751
7000/29751
8000/29751
9000/29751
10000/29751
11000/29751
12000/29751
13000/29751
14000/29751
15000/29751
16000/29751
17000/29751
18000/29751
19000/29751
20000/29751
21000/29751
22000/29751
23000/29751
24000/29751
25000/29751
26000/29751
27000/29751
28000/29751
29000/29751
File 5 out of 68
Total Entries is:
21151
0/21151
1000/21151
2000/21151
3000/21151
4000/21151
5000/21151
6000/21151
7000/21151
8000/21151
9000/21151
10000/21151
11000/21151
12000/21151
13000/21151
14000/21151
15000/21151
16000/21151
17000/21151
18000/21151
19000/21151
20000/21151
21000/21151
File 6 out of 68
Total Entries is:
30682
0/30682
1000/30682
2000/30682
3000/30682
4000/30682
5000/30682
6000/30682
7000/30682
8000/30682
9000/30682
10000/30682
11000/30682
12000/30682
13000/30682
14000/30682
15000/30682
16000/30682
17000/30682
18000/30682
19000/30682
20000/30682
21000/30682
22000/30682
23000/30682
24000/30682
25000/30682
26000/30682
27000/30682
28000/30682
29000/30682
30000/30682
File 7 out of 68
Total Entries is:
32666
0/32666
1000/32666
2000/32666
3000/32666
4000/32666
5000/32666
6000/32666
7000/32666
8000/32666
9000/32666
10000/32666
11000/32666
12000/32666
13000/32666
14000/32666
15000/32666
16000/32666
17000/32666
18000/32666
19000/32666
20000/32666
21000/32666
22000/32666
23000/32666
24000/32666
25000/32666
26000/32666
27000/32666
28000/32666
29000/32666
30000/32666
31000/32666
32000/32666
File 8 out of 68
Total Entries is:
29453
0/29453
1000/29453
2000/29453
3000/29453
4000/29453
5000/29453
6000/29453
7000/29453
8000/29453
9000/29453
10000/29453
11000/29453
12000/29453
13000/29453
14000/29453
15000/29453
16000/29453
17000/29453
18000/29453
19000/29453
20000/29453
21000/29453
22000/29453
23000/29453
24000/29453
25000/29453
26000/29453
27000/29453
28000/29453
29000/29453
File 9 out of 68
Total Entries is:
34732
0/34732
1000/34732
2000/34732
3000/34732
4000/34732
5000/34732
6000/34732
7000/34732
8000/34732
9000/34732
10000/34732
11000/34732
12000/34732
13000/34732
14000/34732
15000/34732
16000/34732
17000/34732
18000/34732
19000/34732
20000/34732
21000/34732
22000/34732
23000/34732
24000/34732
25000/34732
26000/34732
27000/34732
28000/34732
29000/34732
30000/34732
31000/34732
32000/34732
33000/34732
34000/34732
File 10 out of 68
Total Entries is:
28015
0/28015
1000/28015
2000/28015
3000/28015
4000/28015
5000/28015
6000/28015
7000/28015
8000/28015
9000/28015
10000/28015
11000/28015
12000/28015
13000/28015
14000/28015
15000/28015
16000/28015
17000/28015
18000/28015
19000/28015
20000/28015
21000/28015
22000/28015
23000/28015
24000/28015
25000/28015
26000/28015
27000/28015
28000/28015
File 11 out of 68
Total Entries is:
27990
0/27990
1000/27990
2000/27990
3000/27990
4000/27990
5000/27990
6000/27990
7000/27990
8000/27990
9000/27990
10000/27990
11000/27990
12000/27990
13000/27990
14000/27990
15000/27990
16000/27990
17000/27990
18000/27990
19000/27990
20000/27990
21000/27990
22000/27990
23000/27990
24000/27990
25000/27990
26000/27990
27000/27990
File 12 out of 68
Total Entries is:
24072
0/24072
1000/24072
2000/24072
3000/24072
4000/24072
5000/24072
6000/24072
7000/24072
8000/24072
9000/24072
10000/24072
11000/24072
12000/24072
13000/24072
14000/24072
15000/24072
16000/24072
17000/24072
18000/24072
19000/24072
20000/24072
21000/24072
22000/24072
23000/24072
24000/24072
File 13 out of 68
Total Entries is:
25437
0/25437
1000/25437
2000/25437
3000/25437
4000/25437
5000/25437
6000/25437
7000/25437
8000/25437
9000/25437
10000/25437
11000/25437
12000/25437
13000/25437
14000/25437
15000/25437
16000/25437
17000/25437
18000/25437
19000/25437
20000/25437
21000/25437
22000/25437
23000/25437
24000/25437
25000/25437
File 14 out of 68
Total Entries is:
29292
0/29292
1000/29292
2000/29292
3000/29292
4000/29292
5000/29292
6000/29292
7000/29292
8000/29292
9000/29292
10000/29292
11000/29292
12000/29292
13000/29292
14000/29292
15000/29292
16000/29292
17000/29292
18000/29292
19000/29292
20000/29292
21000/29292
22000/29292
23000/29292
24000/29292
25000/29292
26000/29292
27000/29292
28000/29292
29000/29292
File 15 out of 68
Total Entries is:
25588
0/25588
1000/25588
2000/25588
3000/25588
4000/25588
5000/25588
6000/25588
7000/25588
8000/25588
9000/25588
10000/25588
11000/25588
12000/25588
13000/25588
14000/25588
15000/25588
16000/25588
17000/25588
18000/25588
19000/25588
20000/25588
21000/25588
22000/25588
23000/25588
24000/25588
25000/25588
File 16 out of 68
Total Entries is:
31972
0/31972
1000/31972
2000/31972
3000/31972
4000/31972
5000/31972
6000/31972
7000/31972
8000/31972
9000/31972
10000/31972
11000/31972
12000/31972
13000/31972
14000/31972
15000/31972
16000/31972
17000/31972
18000/31972
19000/31972
20000/31972
21000/31972
22000/31972
23000/31972
24000/31972
25000/31972
26000/31972
27000/31972
28000/31972
29000/31972
30000/31972
31000/31972
File 17 out of 68
Total Entries is:
27876
0/27876
1000/27876
2000/27876
3000/27876
4000/27876
5000/27876
6000/27876
7000/27876
8000/27876
9000/27876
10000/27876
11000/27876
12000/27876
13000/27876
14000/27876
15000/27876
16000/27876
17000/27876
18000/27876
19000/27876
20000/27876
21000/27876
22000/27876
23000/27876
24000/27876
25000/27876
26000/27876
27000/27876
File 18 out of 68
Total Entries is:
23670
0/23670
1000/23670
2000/23670
3000/23670
4000/23670
5000/23670
6000/23670
7000/23670
8000/23670
9000/23670
10000/23670
11000/23670
12000/23670
13000/23670
14000/23670
15000/23670
16000/23670
17000/23670
18000/23670
19000/23670
20000/23670
21000/23670
22000/23670
23000/23670
File 19 out of 68
Total Entries is:
27459
0/27459
1000/27459
2000/27459
3000/27459
4000/27459
5000/27459
6000/27459
7000/27459
8000/27459
9000/27459
10000/27459
11000/27459
12000/27459
13000/27459
14000/27459
15000/27459
16000/27459
17000/27459
18000/27459
19000/27459
20000/27459
21000/27459
22000/27459
23000/27459
24000/27459
25000/27459
26000/27459
27000/27459
File 20 out of 68
Total Entries is:
27868
0/27868
1000/27868
2000/27868
3000/27868
4000/27868
5000/27868
6000/27868
7000/27868
8000/27868
9000/27868
10000/27868
11000/27868
12000/27868
13000/27868
14000/27868
15000/27868
16000/27868
17000/27868
18000/27868
19000/27868
20000/27868
21000/27868
22000/27868
23000/27868
24000/27868
25000/27868
26000/27868
27000/27868
File 21 out of 68
Total Entries is:
30258
0/30258
1000/30258
2000/30258
3000/30258
4000/30258
5000/30258
6000/30258
7000/30258
8000/30258
9000/30258
10000/30258
11000/30258
12000/30258
13000/30258
14000/30258
15000/30258
16000/30258
17000/30258
18000/30258
19000/30258
20000/30258
21000/30258
22000/30258
23000/30258
24000/30258
25000/30258
26000/30258
27000/30258
28000/30258
29000/30258
30000/30258
File 22 out of 68
Total Entries is:
26368
0/26368
1000/26368
2000/26368
3000/26368
4000/26368
5000/26368
6000/26368
7000/26368
8000/26368
9000/26368
10000/26368
11000/26368
12000/26368
13000/26368
14000/26368
15000/26368
16000/26368
17000/26368
18000/26368
19000/26368
20000/26368
21000/26368
22000/26368
23000/26368
24000/26368
25000/26368
26000/26368
File 23 out of 68
Total Entries is:
25449
0/25449
1000/25449
2000/25449
3000/25449
4000/25449
5000/25449
6000/25449
7000/25449
8000/25449
9000/25449
10000/25449
11000/25449
12000/25449
13000/25449
14000/25449
15000/25449
16000/25449
17000/25449
18000/25449
19000/25449
20000/25449
21000/25449
22000/25449
23000/25449
24000/25449
25000/25449
File 24 out of 68
Total Entries is:
28651
0/28651
1000/28651
2000/28651
3000/28651
4000/28651
5000/28651
6000/28651
7000/28651
8000/28651
9000/28651
10000/28651
11000/28651
12000/28651
13000/28651
14000/28651
15000/28651
16000/28651
17000/28651
18000/28651
19000/28651
20000/28651
21000/28651
22000/28651
23000/28651
24000/28651
25000/28651
26000/28651
27000/28651
28000/28651
File 25 out of 68
Total Entries is:
29021
0/29021
1000/29021
2000/29021
3000/29021
4000/29021
5000/29021
6000/29021
7000/29021
8000/29021
9000/29021
10000/29021
11000/29021
12000/29021
13000/29021
14000/29021
15000/29021
16000/29021
17000/29021
18000/29021
19000/29021
20000/29021
21000/29021
22000/29021
23000/29021
24000/29021
25000/29021
26000/29021
27000/29021
28000/29021
29000/29021
File 26 out of 68
Total Entries is:
29742
0/29742
1000/29742
2000/29742
3000/29742
4000/29742
5000/29742
6000/29742
7000/29742
8000/29742
9000/29742
10000/29742
11000/29742
12000/29742
13000/29742
14000/29742
15000/29742
16000/29742
17000/29742
18000/29742
19000/29742
20000/29742
21000/29742
22000/29742
23000/29742
24000/29742
25000/29742
26000/29742
27000/29742
28000/29742
29000/29742
File 27 out of 68
Total Entries is:
27818
0/27818
1000/27818
2000/27818
3000/27818
4000/27818
5000/27818
6000/27818
7000/27818
8000/27818
9000/27818
10000/27818
11000/27818
12000/27818
13000/27818
14000/27818
15000/27818
16000/27818
17000/27818
18000/27818
19000/27818
20000/27818
21000/27818
22000/27818
23000/27818
24000/27818
25000/27818
26000/27818
27000/27818
File 28 out of 68
Total Entries is:
28373
0/28373
1000/28373
2000/28373
3000/28373
4000/28373
5000/28373
6000/28373
7000/28373
8000/28373
9000/28373
10000/28373
11000/28373
12000/28373
13000/28373
14000/28373
15000/28373
16000/28373
17000/28373
18000/28373
19000/28373
20000/28373
21000/28373
22000/28373
23000/28373
24000/28373
25000/28373
26000/28373
27000/28373
28000/28373
File 29 out of 68
Total Entries is:
29610
0/29610
1000/29610
2000/29610
3000/29610
4000/29610
5000/29610
6000/29610
7000/29610
8000/29610
9000/29610
10000/29610
11000/29610
12000/29610
13000/29610
14000/29610
15000/29610
16000/29610
17000/29610
18000/29610
19000/29610
20000/29610
21000/29610
22000/29610
23000/29610
24000/29610
25000/29610
26000/29610
27000/29610
28000/29610
29000/29610
File 30 out of 68
Total Entries is:
26164
0/26164
1000/26164
2000/26164
3000/26164
4000/26164
5000/26164
6000/26164
7000/26164
8000/26164
9000/26164
10000/26164
11000/26164
12000/26164
13000/26164
14000/26164
15000/26164
16000/26164
17000/26164
18000/26164
19000/26164
20000/26164
21000/26164
22000/26164
23000/26164
24000/26164
25000/26164
26000/26164
File 31 out of 68
Total Entries is:
24049
0/24049
1000/24049
2000/24049
3000/24049
4000/24049
5000/24049
6000/24049
7000/24049
8000/24049
9000/24049
10000/24049
11000/24049
12000/24049
13000/24049
14000/24049
15000/24049
16000/24049
17000/24049
18000/24049
19000/24049
20000/24049
21000/24049
22000/24049
23000/24049
24000/24049
File 32 out of 68
Total Entries is:
29871
0/29871
1000/29871
2000/29871
3000/29871
4000/29871
5000/29871
6000/29871
7000/29871
8000/29871
9000/29871
10000/29871
11000/29871
12000/29871
13000/29871
14000/29871
15000/29871
16000/29871
17000/29871
18000/29871
19000/29871
20000/29871
21000/29871
22000/29871
23000/29871
24000/29871
25000/29871
26000/29871
27000/29871
28000/29871
29000/29871
File 33 out of 68
Total Entries is:
32477
0/32477
1000/32477
2000/32477
3000/32477
4000/32477
5000/32477
6000/32477
7000/32477
8000/32477
9000/32477
10000/32477
11000/32477
12000/32477
13000/32477
14000/32477
15000/32477
16000/32477
17000/32477
18000/32477
19000/32477
20000/32477
21000/32477
22000/32477
23000/32477
24000/32477
25000/32477
26000/32477
27000/32477
28000/32477
29000/32477
30000/32477
31000/32477
32000/32477
File 34 out of 68
Total Entries is:
33541
0/33541
1000/33541
2000/33541
3000/33541
4000/33541
5000/33541
6000/33541
7000/33541
8000/33541
9000/33541
10000/33541
11000/33541
12000/33541
13000/33541
14000/33541
15000/33541
16000/33541
17000/33541
18000/33541
19000/33541
20000/33541
21000/33541
22000/33541
23000/33541
24000/33541
25000/33541
26000/33541
27000/33541
28000/33541
29000/33541
30000/33541
31000/33541
32000/33541
33000/33541
File 35 out of 68
Total Entries is:
28283
0/28283
1000/28283
2000/28283
3000/28283
4000/28283
5000/28283
6000/28283
7000/28283
8000/28283
9000/28283
10000/28283
11000/28283
12000/28283
13000/28283
14000/28283
15000/28283
16000/28283
17000/28283
18000/28283
19000/28283
20000/28283
21000/28283
22000/28283
23000/28283
24000/28283
25000/28283
26000/28283
27000/28283
28000/28283
File 36 out of 68
Total Entries is:
32540
0/32540
1000/32540
2000/32540
3000/32540
4000/32540
5000/32540
6000/32540
7000/32540
8000/32540
9000/32540
10000/32540
11000/32540
12000/32540
13000/32540
14000/32540
15000/32540
16000/32540
17000/32540
18000/32540
19000/32540
20000/32540
21000/32540
22000/32540
23000/32540
24000/32540
25000/32540
26000/32540
27000/32540
28000/32540
29000/32540
30000/32540
31000/32540
32000/32540
File 37 out of 68
Total Entries is:
28336
0/28336
1000/28336
2000/28336
3000/28336
4000/28336
5000/28336
6000/28336
7000/28336
8000/28336
9000/28336
10000/28336
11000/28336
12000/28336
13000/28336
14000/28336
15000/28336
16000/28336
17000/28336
18000/28336
19000/28336
20000/28336
21000/28336
22000/28336
23000/28336
24000/28336
25000/28336
26000/28336
27000/28336
28000/28336
File 38 out of 68
Total Entries is:
29531
0/29531
1000/29531
2000/29531
3000/29531
4000/29531
5000/29531
6000/29531
7000/29531
8000/29531
9000/29531
10000/29531
11000/29531
12000/29531
13000/29531
14000/29531
15000/29531
16000/29531
17000/29531
18000/29531
19000/29531
20000/29531
21000/29531
22000/29531
23000/29531
24000/29531
25000/29531
26000/29531
27000/29531
28000/29531
29000/29531
File 39 out of 68
Total Entries is:
16195
0/16195
1000/16195
2000/16195
3000/16195
4000/16195
5000/16195
6000/16195
7000/16195
8000/16195
9000/16195
10000/16195
11000/16195
12000/16195
13000/16195
14000/16195
15000/16195
16000/16195
File 40 out of 68
Total Entries is:
28503
0/28503
1000/28503
2000/28503
3000/28503
4000/28503
5000/28503
6000/28503
7000/28503
8000/28503
9000/28503
10000/28503
11000/28503
12000/28503
13000/28503
14000/28503
15000/28503
16000/28503
17000/28503
18000/28503
19000/28503
20000/28503
21000/28503
22000/28503
23000/28503
24000/28503
25000/28503
26000/28503
27000/28503
28000/28503
File 41 out of 68
Total Entries is:
29558
0/29558
1000/29558
2000/29558
3000/29558
4000/29558
5000/29558
6000/29558
7000/29558
8000/29558
9000/29558
10000/29558
11000/29558
12000/29558
13000/29558
14000/29558
15000/29558
16000/29558
17000/29558
18000/29558
19000/29558
20000/29558
21000/29558
22000/29558
23000/29558
24000/29558
25000/29558
26000/29558
27000/29558
28000/29558
29000/29558
File 42 out of 68
Total Entries is:
24496
0/24496
1000/24496
2000/24496
3000/24496
4000/24496
5000/24496
6000/24496
7000/24496
8000/24496
9000/24496
10000/24496
11000/24496
12000/24496
13000/24496
14000/24496
15000/24496
16000/24496
17000/24496
18000/24496
19000/24496
20000/24496
21000/24496
22000/24496
23000/24496
24000/24496
File 43 out of 68
Total Entries is:
37132
0/37132
1000/37132
2000/37132
3000/37132
4000/37132
5000/37132
6000/37132
7000/37132
8000/37132
9000/37132
10000/37132
11000/37132
12000/37132
13000/37132
14000/37132
15000/37132
16000/37132
17000/37132
18000/37132
19000/37132
20000/37132
21000/37132
22000/37132
23000/37132
24000/37132
25000/37132
26000/37132
27000/37132
28000/37132
29000/37132
30000/37132
31000/37132
32000/37132
33000/37132
34000/37132
35000/37132
36000/37132
37000/37132
File 44 out of 68
Total Entries is:
28107
0/28107
1000/28107
2000/28107
3000/28107
4000/28107
5000/28107
6000/28107
7000/28107
8000/28107
9000/28107
10000/28107
11000/28107
12000/28107
13000/28107
14000/28107
15000/28107
16000/28107
17000/28107
18000/28107
19000/28107
20000/28107
21000/28107
22000/28107
23000/28107
24000/28107
25000/28107
26000/28107
27000/28107
28000/28107
File 45 out of 68
Total Entries is:
25260
0/25260
1000/25260
2000/25260
3000/25260
4000/25260
5000/25260
6000/25260
7000/25260
8000/25260
9000/25260
10000/25260
11000/25260
12000/25260
13000/25260
14000/25260
15000/25260
16000/25260
17000/25260
18000/25260
19000/25260
20000/25260
21000/25260
22000/25260
23000/25260
24000/25260
25000/25260
File 46 out of 68
Total Entries is:
32001
0/32001
1000/32001
2000/32001
3000/32001
4000/32001
5000/32001
6000/32001
7000/32001
8000/32001
9000/32001
10000/32001
11000/32001
12000/32001
13000/32001
14000/32001
15000/32001
16000/32001
17000/32001
18000/32001
19000/32001
20000/32001
21000/32001
22000/32001
23000/32001
24000/32001
25000/32001
26000/32001
27000/32001
28000/32001
29000/32001
30000/32001
31000/32001
32000/32001
File 47 out of 68
Total Entries is:
36557
0/36557
1000/36557
2000/36557
3000/36557
4000/36557
5000/36557
6000/36557
7000/36557
8000/36557
9000/36557
10000/36557
11000/36557
12000/36557
13000/36557
14000/36557
15000/36557
16000/36557
17000/36557
18000/36557
19000/36557
20000/36557
21000/36557
22000/36557
23000/36557
24000/36557
25000/36557
26000/36557
27000/36557
28000/36557
29000/36557
30000/36557
31000/36557
32000/36557
33000/36557
34000/36557
35000/36557
36000/36557
File 48 out of 68
Total Entries is:
23532
0/23532
1000/23532
2000/23532
3000/23532
4000/23532
5000/23532
6000/23532
7000/23532
8000/23532
9000/23532
10000/23532
11000/23532
12000/23532
13000/23532
14000/23532
15000/23532
16000/23532
17000/23532
18000/23532
19000/23532
20000/23532
21000/23532
22000/23532
23000/23532
File 49 out of 68
Total Entries is:
30757
0/30757
1000/30757
2000/30757
3000/30757
4000/30757
5000/30757
6000/30757
7000/30757
8000/30757
9000/30757
10000/30757
11000/30757
12000/30757
13000/30757
14000/30757
15000/30757
16000/30757
17000/30757
18000/30757
19000/30757
20000/30757
21000/30757
22000/30757
23000/30757
24000/30757
25000/30757
26000/30757
27000/30757
28000/30757
29000/30757
30000/30757
File 50 out of 68
Total Entries is:
30826
0/30826
1000/30826
2000/30826
3000/30826
4000/30826
5000/30826
6000/30826
7000/30826
8000/30826
9000/30826
10000/30826
11000/30826
12000/30826
13000/30826
14000/30826
15000/30826
16000/30826
17000/30826
18000/30826
19000/30826
20000/30826
21000/30826
22000/30826
23000/30826
24000/30826
25000/30826
26000/30826
27000/30826
28000/30826
29000/30826
30000/30826
File 51 out of 68
Total Entries is:
27387
0/27387
1000/27387
2000/27387
3000/27387
4000/27387
5000/27387
6000/27387
7000/27387
8000/27387
9000/27387
10000/27387
11000/27387
12000/27387
13000/27387
14000/27387
15000/27387
16000/27387
17000/27387
18000/27387
19000/27387
20000/27387
21000/27387
22000/27387
23000/27387
24000/27387
25000/27387
26000/27387
27000/27387
File 52 out of 68
Total Entries is:
29201
0/29201
1000/29201
2000/29201
3000/29201
4000/29201
5000/29201
6000/29201
7000/29201
8000/29201
9000/29201
10000/29201
11000/29201
12000/29201
13000/29201
14000/29201
15000/29201
16000/29201
17000/29201
18000/29201
19000/29201
20000/29201
21000/29201
22000/29201
23000/29201
24000/29201
25000/29201
26000/29201
27000/29201
28000/29201
29000/29201
File 53 out of 68
Total Entries is:
32434
0/32434
1000/32434
2000/32434
3000/32434
4000/32434
5000/32434
6000/32434
7000/32434
8000/32434
9000/32434
10000/32434
11000/32434
12000/32434
13000/32434
14000/32434
15000/32434
16000/32434
17000/32434
18000/32434
19000/32434
20000/32434
21000/32434
22000/32434
23000/32434
24000/32434
25000/32434
26000/32434
27000/32434
28000/32434
29000/32434
30000/32434
31000/32434
32000/32434
File 54 out of 68
Total Entries is:
32321
0/32321
1000/32321
2000/32321
3000/32321
4000/32321
5000/32321
6000/32321
7000/32321
8000/32321
9000/32321
10000/32321
11000/32321
12000/32321
13000/32321
14000/32321
15000/32321
16000/32321
17000/32321
18000/32321
19000/32321
20000/32321
21000/32321
22000/32321
23000/32321
24000/32321
25000/32321
26000/32321
27000/32321
28000/32321
29000/32321
30000/32321
31000/32321
32000/32321
File 55 out of 68
Total Entries is:
32447
0/32447
1000/32447
2000/32447
3000/32447
4000/32447
5000/32447
6000/32447
7000/32447
8000/32447
9000/32447
10000/32447
11000/32447
12000/32447
13000/32447
14000/32447
15000/32447
16000/32447
17000/32447
18000/32447
19000/32447
20000/32447
21000/32447
22000/32447
23000/32447
24000/32447
25000/32447
26000/32447
27000/32447
28000/32447
29000/32447
30000/32447
31000/32447
32000/32447
File 56 out of 68
Total Entries is:
28418
0/28418
1000/28418
2000/28418
3000/28418
4000/28418
5000/28418
6000/28418
7000/28418
8000/28418
9000/28418
10000/28418
11000/28418
12000/28418
13000/28418
14000/28418
15000/28418
16000/28418
17000/28418
18000/28418
19000/28418
20000/28418
21000/28418
22000/28418
23000/28418
24000/28418
25000/28418
26000/28418
27000/28418
28000/28418
File 57 out of 68
Total Entries is:
27175
0/27175
1000/27175
2000/27175
3000/27175
4000/27175
5000/27175
6000/27175
7000/27175
8000/27175
9000/27175
10000/27175
11000/27175
12000/27175
13000/27175
14000/27175
15000/27175
16000/27175
17000/27175
18000/27175
19000/27175
20000/27175
21000/27175
22000/27175
23000/27175
24000/27175
25000/27175
26000/27175
27000/27175
File 58 out of 68
Total Entries is:
31518
0/31518
1000/31518
2000/31518
3000/31518
4000/31518
5000/31518
6000/31518
7000/31518
8000/31518
9000/31518
10000/31518
11000/31518
12000/31518
13000/31518
14000/31518
15000/31518
16000/31518
17000/31518
18000/31518
19000/31518
20000/31518
21000/31518
22000/31518
23000/31518
24000/31518
25000/31518
26000/31518
27000/31518
28000/31518
29000/31518
30000/31518
31000/31518
File 59 out of 68
Total Entries is:
29519
0/29519
1000/29519
2000/29519
3000/29519
4000/29519
5000/29519
6000/29519
7000/29519
8000/29519
9000/29519
10000/29519
11000/29519
12000/29519
13000/29519
14000/29519
15000/29519
16000/29519
17000/29519
18000/29519
19000/29519
20000/29519
21000/29519
22000/29519
23000/29519
24000/29519
25000/29519
26000/29519
27000/29519
28000/29519
29000/29519
File 60 out of 68
Total Entries is:
27673
0/27673
1000/27673
2000/27673
3000/27673
4000/27673
5000/27673
6000/27673
7000/27673
8000/27673
9000/27673
10000/27673
11000/27673
12000/27673
13000/27673
14000/27673
15000/27673
16000/27673
17000/27673
18000/27673
19000/27673
20000/27673
21000/27673
22000/27673
23000/27673
24000/27673
25000/27673
26000/27673
27000/27673
File 61 out of 68
Total Entries is:
37111
0/37111
1000/37111
2000/37111
3000/37111
4000/37111
5000/37111
6000/37111
7000/37111
8000/37111
9000/37111
10000/37111
11000/37111
12000/37111
13000/37111
14000/37111
15000/37111
16000/37111
17000/37111
18000/37111
19000/37111
20000/37111
21000/37111
22000/37111
23000/37111
24000/37111
25000/37111
26000/37111
27000/37111
28000/37111
29000/37111
30000/37111
31000/37111
32000/37111
33000/37111
34000/37111
35000/37111
36000/37111
37000/37111
File 62 out of 68
Total Entries is:
32016
0/32016
1000/32016
2000/32016
3000/32016
4000/32016
5000/32016
6000/32016
7000/32016
8000/32016
9000/32016
10000/32016
11000/32016
12000/32016
13000/32016
14000/32016
15000/32016
16000/32016
17000/32016
18000/32016
19000/32016
20000/32016
21000/32016
22000/32016
23000/32016
24000/32016
25000/32016
26000/32016
27000/32016
28000/32016
29000/32016
30000/32016
31000/32016
32000/32016
File 63 out of 68
Total Entries is:
28881
0/28881
1000/28881
2000/28881
3000/28881
4000/28881
5000/28881
6000/28881
7000/28881
8000/28881
9000/28881
10000/28881
11000/28881
12000/28881
13000/28881
14000/28881
15000/28881
16000/28881
17000/28881
18000/28881
19000/28881
20000/28881
21000/28881
22000/28881
23000/28881
24000/28881
25000/28881
26000/28881
27000/28881
28000/28881
File 64 out of 68
Total Entries is:
25241
0/25241
1000/25241
2000/25241
3000/25241
4000/25241
5000/25241
6000/25241
7000/25241
8000/25241
9000/25241
10000/25241
11000/25241
12000/25241
13000/25241
14000/25241
15000/25241
16000/25241
17000/25241
18000/25241
19000/25241
20000/25241
21000/25241
22000/25241
23000/25241
24000/25241
25000/25241
File 65 out of 68
Total Entries is:
22062
0/22062
1000/22062
2000/22062
3000/22062
4000/22062
5000/22062
6000/22062
7000/22062
8000/22062
9000/22062
10000/22062
11000/22062
12000/22062
13000/22062
14000/22062
15000/22062
16000/22062
17000/22062
18000/22062
19000/22062
20000/22062
21000/22062
22000/22062
File 66 out of 68
Total Entries is:
21400
0/21400
1000/21400
2000/21400
3000/21400
4000/21400
5000/21400
6000/21400
7000/21400
8000/21400
9000/21400
10000/21400
11000/21400
12000/21400
13000/21400
14000/21400
15000/21400
16000/21400
17000/21400
18000/21400
19000/21400
20000/21400
21000/21400
File 67 out of 68
Total Entries is:
26302
0/26302
1000/26302
2000/26302
3000/26302
4000/26302
5000/26302
6000/26302
7000/26302
8000/26302
9000/26302
10000/26302
11000/26302
12000/26302
13000/26302
14000/26302
15000/26302
16000/26302
17000/26302
18000/26302
19000/26302
20000/26302
21000/26302
22000/26302
23000/26302
24000/26302
25000/26302
26000/26302
File 68 out of 68
Total Entries is:
23731
0/23731
1000/23731
2000/23731
3000/23731
4000/23731
5000/23731
6000/23731
7000/23731
8000/23731
9000/23731
10000/23731
11000/23731
12000/23731
13000/23731
14000/23731
15000/23731
16000/23731
17000/23731
18000/23731
19000/23731
20000/23731
21000/23731
22000/23731
23000/23731
skipper is: 932536938
tripper is: 1023624194
ppt is 1 and trk is 1
***
hSig ent are: 79609180 ... and hBack ent are: 7.96114e+08
***
ppt is 2 and trk is 1
***
hSig ent are: 1711448 ... and hBack ent are: 1.71189e+07
***
ppt is 3 and trk is 1
***
hSig ent are: 1036284 ... and hBack ent are: 1.03652e+07
***
ppt is 1 and trk is 2
***
hSig ent are: 674274964 ... and hBack ent are: 6.74279e+09
***
ppt is 2 and trk is 2
***
hSig ent are: 30377900 ... and hBack ent are: 3.03787e+08
***
ppt is 3 and trk is 2
***
hSig ent are: 34893292 ... and hBack ent are: 3.48961e+08
***
ppt is 1 and trk is 3
***
hSig ent are: 700023088 ... and hBack ent are: 7.00025e+09
***
ppt is 2 and trk is 3
***
hSig ent are: 51970764 ... and hBack ent are: 5.19726e+08
***
ppt is 3 and trk is 3
***
hSig ent are: 76304396 ... and hBack ent are: 7.63058e+08
***
ppt is 1 and trk is 4
***
hSig ent are: 258164728 ... and hBack ent are: 2.58171e+09
***
ppt is 2 and trk is 4
***
hSig ent are: 25149324 ... and hBack ent are: 2.51524e+08
***
ppt is 3 and trk is 4
***
hSig ent are: 41056564 ... and hBack ent are: 4.10569e+08
***
ppt is 1 and trk is 5
***
hSig ent are: 49098548 ... and hBack ent are: 4.90999e+08
***
ppt is 2 and trk is 5
***
hSig ent are: 5354520 ... and hBack ent are: 5.35458e+07
***
ppt is 3 and trk is 5
***
hSig ent are: 9290676 ... and hBack ent are: 9.292e+07
***
ppt is 1 and trk is 6
***
hSig ent are: 6098324 ... and hBack ent are: 6.09883e+07
***
ppt is 2 and trk is 6
***
hSig ent are: 696216 ... and hBack ent are: 6.96696e+06
***
ppt is 3 and trk is 6
***
hSig ent are: 1278724 ... and hBack ent are: 1.27914e+07
***
ppt is 1 and trk is 7
***
hSig ent are: 617632 ... and hBack ent are: 6.17771e+06
***
ppt is 2 and trk is 7
***
hSig ent are: 76864 ... and hBack ent are: 770006
***
ppt is 3 and trk is 7
***
hSig ent are: 164952 ... and hBack ent are: 1.64994e+06
***
Time: 4141.85 seconds.
Split Times (in seconds)...
Start Up        0          (0 %)
Opening Files   0.232      (0.0056 %)
Loading Events  1.68e+03   (40.7 %)
Event Selection 920        (22.2 %)
Jet Selection   0.371      (0.00896 %)
Track Loops     843        (20.3 %)
EndJob          693        (16.7 %)
Split Total: 4.14e+03s
