Starting event loop
Total Number of Files in this Job: 68
File 1 out of 68
Total Entries is:
26645
0/26645
1000/26645
2000/26645
3000/26645
4000/26645
5000/26645
6000/26645
7000/26645
8000/26645
9000/26645
10000/26645
11000/26645
12000/26645
13000/26645
14000/26645
15000/26645
16000/26645
17000/26645
18000/26645
19000/26645
20000/26645
21000/26645
22000/26645
23000/26645
24000/26645
25000/26645
26000/26645
File 2 out of 68
Total Entries is:
26786
0/26786
1000/26786
2000/26786
3000/26786
4000/26786
5000/26786
6000/26786
7000/26786
8000/26786
9000/26786
10000/26786
11000/26786
12000/26786
13000/26786
14000/26786
15000/26786
16000/26786
17000/26786
18000/26786
19000/26786
20000/26786
21000/26786
22000/26786
23000/26786
24000/26786
25000/26786
26000/26786
File 3 out of 68
Total Entries is:
27721
0/27721
1000/27721
2000/27721
3000/27721
4000/27721
5000/27721
6000/27721
7000/27721
8000/27721
9000/27721
10000/27721
11000/27721
12000/27721
13000/27721
14000/27721
15000/27721
16000/27721
17000/27721
18000/27721
19000/27721
20000/27721
21000/27721
22000/27721
23000/27721
24000/27721
25000/27721
26000/27721
27000/27721
File 4 out of 68
Total Entries is:
28623
0/28623
1000/28623
2000/28623
3000/28623
4000/28623
5000/28623
6000/28623
7000/28623
8000/28623
9000/28623
10000/28623
11000/28623
12000/28623
13000/28623
14000/28623
15000/28623
16000/28623
17000/28623
18000/28623
19000/28623
20000/28623
21000/28623
22000/28623
23000/28623
24000/28623
25000/28623
26000/28623
27000/28623
28000/28623
File 5 out of 68
Total Entries is:
23463
0/23463
1000/23463
2000/23463
3000/23463
4000/23463
5000/23463
6000/23463
7000/23463
8000/23463
9000/23463
10000/23463
11000/23463
12000/23463
13000/23463
14000/23463
15000/23463
16000/23463
17000/23463
18000/23463
19000/23463
20000/23463
21000/23463
22000/23463
23000/23463
File 6 out of 68
Total Entries is:
22284
0/22284
1000/22284
2000/22284
3000/22284
4000/22284
5000/22284
6000/22284
7000/22284
8000/22284
9000/22284
10000/22284
11000/22284
12000/22284
13000/22284
14000/22284
15000/22284
16000/22284
17000/22284
18000/22284
19000/22284
20000/22284
21000/22284
22000/22284
File 7 out of 68
Total Entries is:
30504
0/30504
1000/30504
2000/30504
3000/30504
4000/30504
5000/30504
6000/30504
7000/30504
8000/30504
9000/30504
10000/30504
11000/30504
12000/30504
13000/30504
14000/30504
15000/30504
16000/30504
17000/30504
18000/30504
19000/30504
20000/30504
21000/30504
22000/30504
23000/30504
24000/30504
25000/30504
26000/30504
27000/30504
28000/30504
29000/30504
30000/30504
File 8 out of 68
Total Entries is:
29274
0/29274
1000/29274
2000/29274
3000/29274
4000/29274
5000/29274
6000/29274
7000/29274
8000/29274
9000/29274
10000/29274
11000/29274
12000/29274
13000/29274
14000/29274
15000/29274
16000/29274
17000/29274
18000/29274
19000/29274
20000/29274
21000/29274
22000/29274
23000/29274
24000/29274
25000/29274
26000/29274
27000/29274
28000/29274
29000/29274
File 9 out of 68
Total Entries is:
28434
0/28434
1000/28434
2000/28434
3000/28434
4000/28434
5000/28434
6000/28434
7000/28434
8000/28434
9000/28434
10000/28434
11000/28434
12000/28434
13000/28434
14000/28434
15000/28434
16000/28434
17000/28434
18000/28434
19000/28434
20000/28434
21000/28434
22000/28434
23000/28434
24000/28434
25000/28434
26000/28434
27000/28434
28000/28434
File 10 out of 68
Total Entries is:
30864
0/30864
1000/30864
2000/30864
3000/30864
4000/30864
5000/30864
6000/30864
7000/30864
8000/30864
9000/30864
10000/30864
11000/30864
12000/30864
13000/30864
14000/30864
15000/30864
16000/30864
17000/30864
18000/30864
19000/30864
20000/30864
21000/30864
22000/30864
23000/30864
24000/30864
25000/30864
26000/30864
27000/30864
28000/30864
29000/30864
30000/30864
File 11 out of 68
Total Entries is:
28015
0/28015
1000/28015
2000/28015
3000/28015
4000/28015
5000/28015
6000/28015
7000/28015
8000/28015
9000/28015
10000/28015
11000/28015
12000/28015
13000/28015
14000/28015
15000/28015
16000/28015
17000/28015
18000/28015
19000/28015
20000/28015
21000/28015
22000/28015
23000/28015
24000/28015
25000/28015
26000/28015
27000/28015
28000/28015
File 12 out of 68
Total Entries is:
27181
0/27181
1000/27181
2000/27181
3000/27181
4000/27181
5000/27181
6000/27181
7000/27181
8000/27181
9000/27181
10000/27181
11000/27181
12000/27181
13000/27181
14000/27181
15000/27181
16000/27181
17000/27181
18000/27181
19000/27181
20000/27181
21000/27181
22000/27181
23000/27181
24000/27181
25000/27181
26000/27181
27000/27181
File 13 out of 68
Total Entries is:
26844
0/26844
1000/26844
2000/26844
3000/26844
4000/26844
5000/26844
6000/26844
7000/26844
8000/26844
9000/26844
10000/26844
11000/26844
12000/26844
13000/26844
14000/26844
15000/26844
16000/26844
17000/26844
18000/26844
19000/26844
20000/26844
21000/26844
22000/26844
23000/26844
24000/26844
25000/26844
26000/26844
File 14 out of 68
Total Entries is:
30088
0/30088
1000/30088
2000/30088
3000/30088
4000/30088
5000/30088
6000/30088
7000/30088
8000/30088
9000/30088
10000/30088
11000/30088
12000/30088
13000/30088
14000/30088
15000/30088
16000/30088
17000/30088
18000/30088
19000/30088
20000/30088
21000/30088
22000/30088
23000/30088
24000/30088
25000/30088
26000/30088
27000/30088
28000/30088
29000/30088
30000/30088
File 15 out of 68
Total Entries is:
27128
0/27128
1000/27128
2000/27128
3000/27128
4000/27128
5000/27128
6000/27128
7000/27128
8000/27128
9000/27128
10000/27128
11000/27128
12000/27128
13000/27128
14000/27128
15000/27128
16000/27128
17000/27128
18000/27128
19000/27128
20000/27128
21000/27128
22000/27128
23000/27128
24000/27128
25000/27128
26000/27128
27000/27128
File 16 out of 68
Total Entries is:
28736
0/28736
1000/28736
2000/28736
3000/28736
4000/28736
5000/28736
6000/28736
7000/28736
8000/28736
9000/28736
10000/28736
11000/28736
12000/28736
13000/28736
14000/28736
15000/28736
16000/28736
17000/28736
18000/28736
19000/28736
20000/28736
21000/28736
22000/28736
23000/28736
24000/28736
25000/28736
26000/28736
27000/28736
28000/28736
File 17 out of 68
Total Entries is:
30742
0/30742
1000/30742
2000/30742
3000/30742
4000/30742
5000/30742
6000/30742
7000/30742
8000/30742
9000/30742
10000/30742
11000/30742
12000/30742
13000/30742
14000/30742
15000/30742
16000/30742
17000/30742
18000/30742
19000/30742
20000/30742
21000/30742
22000/30742
23000/30742
24000/30742
25000/30742
26000/30742
27000/30742
28000/30742
29000/30742
30000/30742
File 18 out of 68
Total Entries is:
32806
0/32806
1000/32806
2000/32806
3000/32806
4000/32806
5000/32806
6000/32806
7000/32806
8000/32806
9000/32806
10000/32806
11000/32806
12000/32806
13000/32806
14000/32806
15000/32806
16000/32806
17000/32806
18000/32806
19000/32806
20000/32806
21000/32806
22000/32806
23000/32806
24000/32806
25000/32806
26000/32806
27000/32806
28000/32806
29000/32806
30000/32806
31000/32806
32000/32806
File 19 out of 68
Total Entries is:
34102
0/34102
1000/34102
2000/34102
3000/34102
4000/34102
5000/34102
6000/34102
7000/34102
8000/34102
9000/34102
10000/34102
11000/34102
12000/34102
13000/34102
14000/34102
15000/34102
16000/34102
17000/34102
18000/34102
19000/34102
20000/34102
21000/34102
22000/34102
23000/34102
24000/34102
25000/34102
26000/34102
27000/34102
28000/34102
29000/34102
30000/34102
31000/34102
32000/34102
33000/34102
34000/34102
File 20 out of 68
Total Entries is:
29520
0/29520
1000/29520
2000/29520
3000/29520
4000/29520
5000/29520
6000/29520
7000/29520
8000/29520
9000/29520
10000/29520
11000/29520
12000/29520
13000/29520
14000/29520
15000/29520
16000/29520
17000/29520
18000/29520
19000/29520
20000/29520
21000/29520
22000/29520
23000/29520
24000/29520
25000/29520
26000/29520
27000/29520
28000/29520
29000/29520
File 21 out of 68
Total Entries is:
26833
0/26833
1000/26833
2000/26833
3000/26833
4000/26833
5000/26833
6000/26833
7000/26833
8000/26833
9000/26833
10000/26833
11000/26833
12000/26833
13000/26833
14000/26833
15000/26833
16000/26833
17000/26833
18000/26833
19000/26833
20000/26833
21000/26833
22000/26833
23000/26833
24000/26833
25000/26833
26000/26833
File 22 out of 68
Total Entries is:
22821
0/22821
1000/22821
2000/22821
3000/22821
4000/22821
5000/22821
6000/22821
7000/22821
8000/22821
9000/22821
10000/22821
11000/22821
12000/22821
13000/22821
14000/22821
15000/22821
16000/22821
17000/22821
18000/22821
19000/22821
20000/22821
21000/22821
22000/22821
File 23 out of 68
Total Entries is:
30585
0/30585
1000/30585
2000/30585
3000/30585
4000/30585
5000/30585
6000/30585
7000/30585
8000/30585
9000/30585
10000/30585
11000/30585
12000/30585
13000/30585
14000/30585
15000/30585
16000/30585
17000/30585
18000/30585
19000/30585
20000/30585
21000/30585
22000/30585
23000/30585
24000/30585
25000/30585
26000/30585
27000/30585
28000/30585
29000/30585
30000/30585
File 24 out of 68
Total Entries is:
26532
0/26532
1000/26532
2000/26532
3000/26532
4000/26532
5000/26532
6000/26532
7000/26532
8000/26532
9000/26532
10000/26532
11000/26532
12000/26532
13000/26532
14000/26532
15000/26532
16000/26532
17000/26532
18000/26532
19000/26532
20000/26532
21000/26532
22000/26532
23000/26532
24000/26532
25000/26532
26000/26532
File 25 out of 68
Total Entries is:
22888
0/22888
1000/22888
2000/22888
3000/22888
4000/22888
5000/22888
6000/22888
7000/22888
8000/22888
9000/22888
10000/22888
11000/22888
12000/22888
13000/22888
14000/22888
15000/22888
16000/22888
17000/22888
18000/22888
19000/22888
20000/22888
21000/22888
22000/22888
File 26 out of 68
Total Entries is:
29789
0/29789
1000/29789
2000/29789
3000/29789
4000/29789
5000/29789
6000/29789
7000/29789
8000/29789
9000/29789
10000/29789
11000/29789
12000/29789
13000/29789
14000/29789
15000/29789
16000/29789
17000/29789
18000/29789
19000/29789
20000/29789
21000/29789
22000/29789
23000/29789
24000/29789
25000/29789
26000/29789
27000/29789
28000/29789
29000/29789
File 27 out of 68
Total Entries is:
25141
0/25141
1000/25141
2000/25141
3000/25141
4000/25141
5000/25141
6000/25141
7000/25141
8000/25141
9000/25141
10000/25141
11000/25141
12000/25141
13000/25141
14000/25141
15000/25141
16000/25141
17000/25141
18000/25141
19000/25141
20000/25141
21000/25141
22000/25141
23000/25141
24000/25141
25000/25141
File 28 out of 68
Total Entries is:
26309
0/26309
1000/26309
2000/26309
3000/26309
4000/26309
5000/26309
6000/26309
7000/26309
8000/26309
9000/26309
10000/26309
11000/26309
12000/26309
13000/26309
14000/26309
15000/26309
16000/26309
17000/26309
18000/26309
19000/26309
20000/26309
21000/26309
22000/26309
23000/26309
24000/26309
25000/26309
26000/26309
File 29 out of 68
Total Entries is:
30193
0/30193
1000/30193
2000/30193
3000/30193
4000/30193
5000/30193
6000/30193
7000/30193
8000/30193
9000/30193
10000/30193
11000/30193
12000/30193
13000/30193
14000/30193
15000/30193
16000/30193
17000/30193
18000/30193
19000/30193
20000/30193
21000/30193
22000/30193
23000/30193
24000/30193
25000/30193
26000/30193
27000/30193
28000/30193
29000/30193
30000/30193
File 30 out of 68
Total Entries is:
23811
0/23811
1000/23811
2000/23811
3000/23811
4000/23811
5000/23811
6000/23811
7000/23811
8000/23811
9000/23811
10000/23811
11000/23811
12000/23811
13000/23811
14000/23811
15000/23811
16000/23811
17000/23811
18000/23811
19000/23811
20000/23811
21000/23811
22000/23811
23000/23811
File 31 out of 68
Total Entries is:
28010
0/28010
1000/28010
2000/28010
3000/28010
4000/28010
5000/28010
6000/28010
7000/28010
8000/28010
9000/28010
10000/28010
11000/28010
12000/28010
13000/28010
14000/28010
15000/28010
16000/28010
17000/28010
18000/28010
19000/28010
20000/28010
21000/28010
22000/28010
23000/28010
24000/28010
25000/28010
26000/28010
27000/28010
28000/28010
File 32 out of 68
Total Entries is:
32442
0/32442
1000/32442
2000/32442
3000/32442
4000/32442
5000/32442
6000/32442
7000/32442
8000/32442
9000/32442
10000/32442
11000/32442
12000/32442
13000/32442
14000/32442
15000/32442
16000/32442
17000/32442
18000/32442
19000/32442
20000/32442
21000/32442
22000/32442
23000/32442
24000/32442
25000/32442
26000/32442
27000/32442
28000/32442
29000/32442
30000/32442
31000/32442
32000/32442
File 33 out of 68
Total Entries is:
31990
0/31990
1000/31990
2000/31990
3000/31990
4000/31990
5000/31990
6000/31990
7000/31990
8000/31990
9000/31990
10000/31990
11000/31990
12000/31990
13000/31990
14000/31990
15000/31990
16000/31990
17000/31990
18000/31990
19000/31990
20000/31990
21000/31990
22000/31990
23000/31990
24000/31990
25000/31990
26000/31990
27000/31990
28000/31990
29000/31990
30000/31990
31000/31990
File 34 out of 68
Total Entries is:
30755
0/30755
1000/30755
2000/30755
3000/30755
4000/30755
5000/30755
6000/30755
7000/30755
8000/30755
9000/30755
10000/30755
11000/30755
12000/30755
13000/30755
14000/30755
15000/30755
16000/30755
17000/30755
18000/30755
19000/30755
20000/30755
21000/30755
22000/30755
23000/30755
24000/30755
25000/30755
26000/30755
27000/30755
28000/30755
29000/30755
30000/30755
File 35 out of 68
Total Entries is:
29312
0/29312
1000/29312
2000/29312
3000/29312
4000/29312
5000/29312
6000/29312
7000/29312
8000/29312
9000/29312
10000/29312
11000/29312
12000/29312
13000/29312
14000/29312
15000/29312
16000/29312
17000/29312
18000/29312
19000/29312
20000/29312
21000/29312
22000/29312
23000/29312
24000/29312
25000/29312
26000/29312
27000/29312
28000/29312
29000/29312
File 36 out of 68
Total Entries is:
29902
0/29902
1000/29902
2000/29902
3000/29902
4000/29902
5000/29902
6000/29902
7000/29902
8000/29902
9000/29902
10000/29902
11000/29902
12000/29902
13000/29902
14000/29902
15000/29902
16000/29902
17000/29902
18000/29902
19000/29902
20000/29902
21000/29902
22000/29902
23000/29902
24000/29902
25000/29902
26000/29902
27000/29902
28000/29902
29000/29902
File 37 out of 68
Total Entries is:
28257
0/28257
1000/28257
2000/28257
3000/28257
4000/28257
5000/28257
6000/28257
7000/28257
8000/28257
9000/28257
10000/28257
11000/28257
12000/28257
13000/28257
14000/28257
15000/28257
16000/28257
17000/28257
18000/28257
19000/28257
20000/28257
21000/28257
22000/28257
23000/28257
24000/28257
25000/28257
26000/28257
27000/28257
28000/28257
File 38 out of 68
Total Entries is:
32584
0/32584
1000/32584
2000/32584
3000/32584
4000/32584
5000/32584
6000/32584
7000/32584
8000/32584
9000/32584
10000/32584
11000/32584
12000/32584
13000/32584
14000/32584
15000/32584
16000/32584
17000/32584
18000/32584
19000/32584
20000/32584
21000/32584
22000/32584
23000/32584
24000/32584
25000/32584
26000/32584
27000/32584
28000/32584
29000/32584
30000/32584
31000/32584
32000/32584
File 39 out of 68
Total Entries is:
30709
0/30709
1000/30709
2000/30709
3000/30709
4000/30709
5000/30709
6000/30709
7000/30709
8000/30709
9000/30709
10000/30709
11000/30709
12000/30709
13000/30709
14000/30709
15000/30709
16000/30709
17000/30709
18000/30709
19000/30709
20000/30709
21000/30709
22000/30709
23000/30709
24000/30709
25000/30709
26000/30709
27000/30709
28000/30709
29000/30709
30000/30709
File 40 out of 68
Total Entries is:
27033
0/27033
1000/27033
2000/27033
3000/27033
4000/27033
5000/27033
6000/27033
7000/27033
8000/27033
9000/27033
10000/27033
11000/27033
12000/27033
13000/27033
14000/27033
15000/27033
16000/27033
17000/27033
18000/27033
19000/27033
20000/27033
21000/27033
22000/27033
23000/27033
24000/27033
25000/27033
26000/27033
27000/27033
File 41 out of 68
Total Entries is:
32977
0/32977
1000/32977
2000/32977
3000/32977
4000/32977
5000/32977
6000/32977
7000/32977
8000/32977
9000/32977
10000/32977
11000/32977
12000/32977
13000/32977
14000/32977
15000/32977
16000/32977
17000/32977
18000/32977
19000/32977
20000/32977
21000/32977
22000/32977
23000/32977
24000/32977
25000/32977
26000/32977
27000/32977
28000/32977
29000/32977
30000/32977
31000/32977
32000/32977
File 42 out of 68
Total Entries is:
26782
0/26782
1000/26782
2000/26782
3000/26782
4000/26782
5000/26782
6000/26782
7000/26782
8000/26782
9000/26782
10000/26782
11000/26782
12000/26782
13000/26782
14000/26782
15000/26782
16000/26782
17000/26782
18000/26782
19000/26782
20000/26782
21000/26782
22000/26782
23000/26782
24000/26782
25000/26782
26000/26782
File 43 out of 68
Total Entries is:
29298
0/29298
1000/29298
2000/29298
3000/29298
4000/29298
5000/29298
6000/29298
7000/29298
8000/29298
9000/29298
10000/29298
11000/29298
12000/29298
13000/29298
14000/29298
15000/29298
16000/29298
17000/29298
18000/29298
19000/29298
20000/29298
21000/29298
22000/29298
23000/29298
24000/29298
25000/29298
26000/29298
27000/29298
28000/29298
29000/29298
File 44 out of 68
Total Entries is:
31625
0/31625
1000/31625
2000/31625
3000/31625
4000/31625
5000/31625
6000/31625
7000/31625
8000/31625
9000/31625
10000/31625
11000/31625
12000/31625
13000/31625
14000/31625
15000/31625
16000/31625
17000/31625
18000/31625
19000/31625
20000/31625
21000/31625
22000/31625
23000/31625
24000/31625
25000/31625
26000/31625
27000/31625
28000/31625
29000/31625
30000/31625
31000/31625
File 45 out of 68
Total Entries is:
31107
0/31107
1000/31107
2000/31107
3000/31107
4000/31107
5000/31107
6000/31107
7000/31107
8000/31107
9000/31107
10000/31107
11000/31107
12000/31107
13000/31107
14000/31107
15000/31107
16000/31107
17000/31107
18000/31107
19000/31107
20000/31107
21000/31107
22000/31107
23000/31107
24000/31107
25000/31107
26000/31107
27000/31107
28000/31107
29000/31107
30000/31107
31000/31107
File 46 out of 68
Total Entries is:
29641
0/29641
1000/29641
2000/29641
3000/29641
4000/29641
5000/29641
6000/29641
7000/29641
8000/29641
9000/29641
10000/29641
11000/29641
12000/29641
13000/29641
14000/29641
15000/29641
16000/29641
17000/29641
18000/29641
19000/29641
20000/29641
21000/29641
22000/29641
23000/29641
24000/29641
25000/29641
26000/29641
27000/29641
28000/29641
29000/29641
File 47 out of 68
Total Entries is:
23727
0/23727
1000/23727
2000/23727
3000/23727
4000/23727
5000/23727
6000/23727
7000/23727
8000/23727
9000/23727
10000/23727
11000/23727
12000/23727
13000/23727
14000/23727
15000/23727
16000/23727
17000/23727
18000/23727
19000/23727
20000/23727
21000/23727
22000/23727
23000/23727
File 48 out of 68
Total Entries is:
30875
0/30875
1000/30875
2000/30875
3000/30875
4000/30875
5000/30875
6000/30875
7000/30875
8000/30875
9000/30875
10000/30875
11000/30875
12000/30875
13000/30875
14000/30875
15000/30875
16000/30875
17000/30875
18000/30875
19000/30875
20000/30875
21000/30875
22000/30875
23000/30875
24000/30875
25000/30875
26000/30875
27000/30875
28000/30875
29000/30875
30000/30875
File 49 out of 68
Total Entries is:
31715
0/31715
1000/31715
2000/31715
3000/31715
4000/31715
5000/31715
6000/31715
7000/31715
8000/31715
9000/31715
10000/31715
11000/31715
12000/31715
13000/31715
14000/31715
15000/31715
16000/31715
17000/31715
18000/31715
19000/31715
20000/31715
21000/31715
22000/31715
23000/31715
24000/31715
25000/31715
26000/31715
27000/31715
28000/31715
29000/31715
30000/31715
31000/31715
File 50 out of 68
Total Entries is:
27746
0/27746
1000/27746
2000/27746
3000/27746
4000/27746
5000/27746
6000/27746
7000/27746
8000/27746
9000/27746
10000/27746
11000/27746
12000/27746
13000/27746
14000/27746
15000/27746
16000/27746
17000/27746
18000/27746
19000/27746
20000/27746
21000/27746
22000/27746
23000/27746
24000/27746
25000/27746
26000/27746
27000/27746
File 51 out of 68
Total Entries is:
29592
0/29592
1000/29592
2000/29592
3000/29592
4000/29592
5000/29592
6000/29592
7000/29592
8000/29592
9000/29592
10000/29592
11000/29592
12000/29592
13000/29592
14000/29592
15000/29592
16000/29592
17000/29592
18000/29592
19000/29592
20000/29592
21000/29592
22000/29592
23000/29592
24000/29592
25000/29592
26000/29592
27000/29592
28000/29592
29000/29592
File 52 out of 68
Total Entries is:
28464
0/28464
1000/28464
2000/28464
3000/28464
4000/28464
5000/28464
6000/28464
7000/28464
8000/28464
9000/28464
10000/28464
11000/28464
12000/28464
13000/28464
14000/28464
15000/28464
16000/28464
17000/28464
18000/28464
19000/28464
20000/28464
21000/28464
22000/28464
23000/28464
24000/28464
25000/28464
26000/28464
27000/28464
28000/28464
File 53 out of 68
Total Entries is:
27879
0/27879
1000/27879
2000/27879
3000/27879
4000/27879
5000/27879
6000/27879
7000/27879
8000/27879
9000/27879
10000/27879
11000/27879
12000/27879
13000/27879
14000/27879
15000/27879
16000/27879
17000/27879
18000/27879
19000/27879
20000/27879
21000/27879
22000/27879
23000/27879
24000/27879
25000/27879
26000/27879
27000/27879
File 54 out of 68
Total Entries is:
30463
0/30463
1000/30463
2000/30463
3000/30463
4000/30463
5000/30463
6000/30463
7000/30463
8000/30463
9000/30463
10000/30463
11000/30463
12000/30463
13000/30463
14000/30463
15000/30463
16000/30463
17000/30463
18000/30463
19000/30463
20000/30463
21000/30463
22000/30463
23000/30463
24000/30463
25000/30463
26000/30463
27000/30463
28000/30463
29000/30463
30000/30463
File 55 out of 68
Total Entries is:
31379
0/31379
1000/31379
2000/31379
3000/31379
4000/31379
5000/31379
6000/31379
7000/31379
8000/31379
9000/31379
10000/31379
11000/31379
12000/31379
13000/31379
14000/31379
15000/31379
16000/31379
17000/31379
18000/31379
19000/31379
20000/31379
21000/31379
22000/31379
23000/31379
24000/31379
25000/31379
26000/31379
27000/31379
28000/31379
29000/31379
30000/31379
31000/31379
File 56 out of 68
Total Entries is:
27961
0/27961
1000/27961
2000/27961
3000/27961
4000/27961
5000/27961
6000/27961
7000/27961
8000/27961
9000/27961
10000/27961
11000/27961
12000/27961
13000/27961
14000/27961
15000/27961
16000/27961
17000/27961
18000/27961
19000/27961
20000/27961
21000/27961
22000/27961
23000/27961
24000/27961
25000/27961
26000/27961
27000/27961
File 57 out of 68
Total Entries is:
30495
0/30495
1000/30495
2000/30495
3000/30495
4000/30495
5000/30495
6000/30495
7000/30495
8000/30495
9000/30495
10000/30495
11000/30495
12000/30495
13000/30495
14000/30495
15000/30495
16000/30495
17000/30495
18000/30495
19000/30495
20000/30495
21000/30495
22000/30495
23000/30495
24000/30495
25000/30495
26000/30495
27000/30495
28000/30495
29000/30495
30000/30495
File 58 out of 68
Total Entries is:
20084
0/20084
1000/20084
2000/20084
3000/20084
4000/20084
5000/20084
6000/20084
7000/20084
8000/20084
9000/20084
10000/20084
11000/20084
12000/20084
13000/20084
14000/20084
15000/20084
16000/20084
17000/20084
18000/20084
19000/20084
20000/20084
File 59 out of 68
Total Entries is:
27925
0/27925
1000/27925
2000/27925
3000/27925
4000/27925
5000/27925
6000/27925
7000/27925
8000/27925
9000/27925
10000/27925
11000/27925
12000/27925
13000/27925
14000/27925
15000/27925
16000/27925
17000/27925
18000/27925
19000/27925
20000/27925
21000/27925
22000/27925
23000/27925
24000/27925
25000/27925
26000/27925
27000/27925
File 60 out of 68
Total Entries is:
27736
0/27736
1000/27736
2000/27736
3000/27736
4000/27736
5000/27736
6000/27736
7000/27736
8000/27736
9000/27736
10000/27736
11000/27736
12000/27736
13000/27736
14000/27736
15000/27736
16000/27736
17000/27736
18000/27736
19000/27736
20000/27736
21000/27736
22000/27736
23000/27736
24000/27736
25000/27736
26000/27736
27000/27736
File 61 out of 68
Total Entries is:
36857
0/36857
1000/36857
2000/36857
3000/36857
4000/36857
5000/36857
6000/36857
7000/36857
8000/36857
9000/36857
10000/36857
11000/36857
12000/36857
13000/36857
14000/36857
15000/36857
16000/36857
17000/36857
18000/36857
19000/36857
20000/36857
21000/36857
22000/36857
23000/36857
24000/36857
25000/36857
26000/36857
27000/36857
28000/36857
29000/36857
30000/36857
31000/36857
32000/36857
33000/36857
34000/36857
35000/36857
36000/36857
File 62 out of 68
Total Entries is:
29548
0/29548
1000/29548
2000/29548
3000/29548
4000/29548
5000/29548
6000/29548
7000/29548
8000/29548
9000/29548
10000/29548
11000/29548
12000/29548
13000/29548
14000/29548
15000/29548
16000/29548
17000/29548
18000/29548
19000/29548
20000/29548
21000/29548
22000/29548
23000/29548
24000/29548
25000/29548
26000/29548
27000/29548
28000/29548
29000/29548
File 63 out of 68
Total Entries is:
26841
0/26841
1000/26841
2000/26841
3000/26841
4000/26841
5000/26841
6000/26841
7000/26841
8000/26841
9000/26841
10000/26841
11000/26841
12000/26841
13000/26841
14000/26841
15000/26841
16000/26841
17000/26841
18000/26841
19000/26841
20000/26841
21000/26841
22000/26841
23000/26841
24000/26841
25000/26841
26000/26841
File 64 out of 68
Total Entries is:
15774
0/15774
1000/15774
2000/15774
3000/15774
4000/15774
5000/15774
6000/15774
7000/15774
8000/15774
9000/15774
10000/15774
11000/15774
12000/15774
13000/15774
14000/15774
15000/15774
File 65 out of 68
Total Entries is:
23113
0/23113
1000/23113
2000/23113
3000/23113
4000/23113
5000/23113
6000/23113
7000/23113
8000/23113
9000/23113
10000/23113
11000/23113
12000/23113
13000/23113
14000/23113
15000/23113
16000/23113
17000/23113
18000/23113
19000/23113
20000/23113
21000/23113
22000/23113
23000/23113
File 66 out of 68
Total Entries is:
25793
0/25793
1000/25793
2000/25793
3000/25793
4000/25793
5000/25793
6000/25793
7000/25793
8000/25793
9000/25793
10000/25793
11000/25793
12000/25793
13000/25793
14000/25793
15000/25793
16000/25793
17000/25793
18000/25793
19000/25793
20000/25793
21000/25793
22000/25793
23000/25793
24000/25793
25000/25793
File 67 out of 68
Total Entries is:
31144
0/31144
1000/31144
2000/31144
3000/31144
4000/31144
5000/31144
6000/31144
7000/31144
8000/31144
9000/31144
10000/31144
11000/31144
12000/31144
13000/31144
14000/31144
15000/31144
16000/31144
17000/31144
18000/31144
19000/31144
20000/31144
21000/31144
22000/31144
23000/31144
24000/31144
25000/31144
26000/31144
27000/31144
28000/31144
29000/31144
30000/31144
31000/31144
File 68 out of 68
Total Entries is:
27499
0/27499
1000/27499
2000/27499
3000/27499
4000/27499
5000/27499
6000/27499
7000/27499
8000/27499
9000/27499
10000/27499
11000/27499
12000/27499
13000/27499
14000/27499
15000/27499
16000/27499
17000/27499
18000/27499
19000/27499
20000/27499
21000/27499
22000/27499
23000/27499
24000/27499
25000/27499
26000/27499
27000/27499
skipper is: 929556318
tripper is: 1021445886
ppt is 1 and trk is 1
***
hSig ent are: 79228108 ... and hBack ent are: 7.92282e+08
***
ppt is 2 and trk is 1
***
hSig ent are: 1704780 ... and hBack ent are: 1.70528e+07
***
ppt is 3 and trk is 1
***
hSig ent are: 1041972 ... and hBack ent are: 1.04232e+07
***
ppt is 1 and trk is 2
***
hSig ent are: 672283472 ... and hBack ent are: 6.72293e+09
***
ppt is 2 and trk is 2
***
hSig ent are: 30121576 ... and hBack ent are: 3.01248e+08
***
ppt is 3 and trk is 2
***
hSig ent are: 34713432 ... and hBack ent are: 3.4717e+08
***
ppt is 1 and trk is 3
***
hSig ent are: 697122764 ... and hBack ent are: 6.97133e+09
***
ppt is 2 and trk is 3
***
hSig ent are: 51700516 ... and hBack ent are: 5.17039e+08
***
ppt is 3 and trk is 3
***
hSig ent are: 75911412 ... and hBack ent are: 7.5914e+08
***
ppt is 1 and trk is 4
***
hSig ent are: 259409308 ... and hBack ent are: 2.59412e+09
***
ppt is 2 and trk is 4
***
hSig ent are: 25203500 ... and hBack ent are: 2.52063e+08
***
ppt is 3 and trk is 4
***
hSig ent are: 41002828 ... and hBack ent are: 4.10042e+08
***
ppt is 1 and trk is 5
***
hSig ent are: 49772240 ... and hBack ent are: 4.97758e+08
***
ppt is 2 and trk is 5
***
hSig ent are: 5418556 ... and hBack ent are: 5.41917e+07
***
ppt is 3 and trk is 5
***
hSig ent are: 9298176 ... and hBack ent are: 9.29971e+07
***
ppt is 1 and trk is 6
***
hSig ent are: 6141988 ... and hBack ent are: 6.14264e+07
***
ppt is 2 and trk is 6
***
hSig ent are: 715784 ... and hBack ent are: 7.1583e+06
***
ppt is 3 and trk is 6
***
hSig ent are: 1315056 ... and hBack ent are: 1.31515e+07
***
ppt is 1 and trk is 7
***
hSig ent are: 580052 ... and hBack ent are: 5.80087e+06
***
ppt is 2 and trk is 7
***
hSig ent are: 67276 ... and hBack ent are: 673220
***
ppt is 3 and trk is 7
***
hSig ent are: 138976 ... and hBack ent are: 1.39122e+06
***
Time: 4106.89 seconds.
Split Times (in seconds)...
Start Up        0          (0 %)
Opening Files   0.204      (0.00496 %)
Loading Events  1.67e+03   (40.6 %)
Event Selection 920        (22.4 %)
Jet Selection   0.383      (0.00933 %)
Track Loops     837        (20.4 %)
EndJob          680        (16.6 %)
Split Total: 4.11e+03s
