Starting event loop
Total Number of Files in this Job: 68
File 1 out of 68
Total Entries is:
24577
0/24577
1000/24577
2000/24577
3000/24577
4000/24577
5000/24577
6000/24577
7000/24577
8000/24577
9000/24577
10000/24577
11000/24577
12000/24577
13000/24577
14000/24577
15000/24577
16000/24577
17000/24577
18000/24577
19000/24577
20000/24577
21000/24577
22000/24577
23000/24577
24000/24577
File 2 out of 68
Total Entries is:
25299
0/25299
1000/25299
2000/25299
3000/25299
4000/25299
5000/25299
6000/25299
7000/25299
8000/25299
9000/25299
10000/25299
11000/25299
12000/25299
13000/25299
14000/25299
15000/25299
16000/25299
17000/25299
18000/25299
19000/25299
20000/25299
21000/25299
22000/25299
23000/25299
24000/25299
25000/25299
File 3 out of 68
Total Entries is:
30760
0/30760
1000/30760
2000/30760
3000/30760
4000/30760
5000/30760
6000/30760
7000/30760
8000/30760
9000/30760
10000/30760
11000/30760
12000/30760
13000/30760
14000/30760
15000/30760
16000/30760
17000/30760
18000/30760
19000/30760
20000/30760
21000/30760
22000/30760
23000/30760
24000/30760
25000/30760
26000/30760
27000/30760
28000/30760
29000/30760
30000/30760
File 4 out of 68
Total Entries is:
29490
0/29490
1000/29490
2000/29490
3000/29490
4000/29490
5000/29490
6000/29490
7000/29490
8000/29490
9000/29490
10000/29490
11000/29490
12000/29490
13000/29490
14000/29490
15000/29490
16000/29490
17000/29490
18000/29490
19000/29490
20000/29490
21000/29490
22000/29490
23000/29490
24000/29490
25000/29490
26000/29490
27000/29490
28000/29490
29000/29490
File 5 out of 68
Total Entries is:
28216
0/28216
1000/28216
2000/28216
3000/28216
4000/28216
5000/28216
6000/28216
7000/28216
8000/28216
9000/28216
10000/28216
11000/28216
12000/28216
13000/28216
14000/28216
15000/28216
16000/28216
17000/28216
18000/28216
19000/28216
20000/28216
21000/28216
22000/28216
23000/28216
24000/28216
25000/28216
26000/28216
27000/28216
28000/28216
File 6 out of 68
Total Entries is:
29541
0/29541
1000/29541
2000/29541
3000/29541
4000/29541
5000/29541
6000/29541
7000/29541
8000/29541
9000/29541
10000/29541
11000/29541
12000/29541
13000/29541
14000/29541
15000/29541
16000/29541
17000/29541
18000/29541
19000/29541
20000/29541
21000/29541
22000/29541
23000/29541
24000/29541
25000/29541
26000/29541
27000/29541
28000/29541
29000/29541
File 7 out of 68
Total Entries is:
20247
0/20247
1000/20247
2000/20247
3000/20247
4000/20247
5000/20247
6000/20247
7000/20247
8000/20247
9000/20247
10000/20247
11000/20247
12000/20247
13000/20247
14000/20247
15000/20247
16000/20247
17000/20247
18000/20247
19000/20247
20000/20247
File 8 out of 68
Total Entries is:
29055
0/29055
1000/29055
2000/29055
3000/29055
4000/29055
5000/29055
6000/29055
7000/29055
8000/29055
9000/29055
10000/29055
11000/29055
12000/29055
13000/29055
14000/29055
15000/29055
16000/29055
17000/29055
18000/29055
19000/29055
20000/29055
21000/29055
22000/29055
23000/29055
24000/29055
25000/29055
26000/29055
27000/29055
28000/29055
29000/29055
File 9 out of 68
Total Entries is:
33392
0/33392
1000/33392
2000/33392
3000/33392
4000/33392
5000/33392
6000/33392
7000/33392
8000/33392
9000/33392
10000/33392
11000/33392
12000/33392
13000/33392
14000/33392
15000/33392
16000/33392
17000/33392
18000/33392
19000/33392
20000/33392
21000/33392
22000/33392
23000/33392
24000/33392
25000/33392
26000/33392
27000/33392
28000/33392
29000/33392
30000/33392
31000/33392
32000/33392
33000/33392
File 10 out of 68
Total Entries is:
31519
0/31519
1000/31519
2000/31519
3000/31519
4000/31519
5000/31519
6000/31519
7000/31519
8000/31519
9000/31519
10000/31519
11000/31519
12000/31519
13000/31519
14000/31519
15000/31519
16000/31519
17000/31519
18000/31519
19000/31519
20000/31519
21000/31519
22000/31519
23000/31519
24000/31519
25000/31519
26000/31519
27000/31519
28000/31519
29000/31519
30000/31519
31000/31519
File 11 out of 68
Total Entries is:
28151
0/28151
1000/28151
2000/28151
3000/28151
4000/28151
5000/28151
6000/28151
7000/28151
8000/28151
9000/28151
10000/28151
11000/28151
12000/28151
13000/28151
14000/28151
15000/28151
16000/28151
17000/28151
18000/28151
19000/28151
20000/28151
21000/28151
22000/28151
23000/28151
24000/28151
25000/28151
26000/28151
27000/28151
28000/28151
File 12 out of 68
Total Entries is:
26673
0/26673
1000/26673
2000/26673
3000/26673
4000/26673
5000/26673
6000/26673
7000/26673
8000/26673
9000/26673
10000/26673
11000/26673
12000/26673
13000/26673
14000/26673
15000/26673
16000/26673
17000/26673
18000/26673
19000/26673
20000/26673
21000/26673
22000/26673
23000/26673
24000/26673
25000/26673
26000/26673
File 13 out of 68
Total Entries is:
27555
0/27555
1000/27555
2000/27555
3000/27555
4000/27555
5000/27555
6000/27555
7000/27555
8000/27555
9000/27555
10000/27555
11000/27555
12000/27555
13000/27555
14000/27555
15000/27555
16000/27555
17000/27555
18000/27555
19000/27555
20000/27555
21000/27555
22000/27555
23000/27555
24000/27555
25000/27555
26000/27555
27000/27555
File 14 out of 68
Total Entries is:
29745
0/29745
1000/29745
2000/29745
3000/29745
4000/29745
5000/29745
6000/29745
7000/29745
8000/29745
9000/29745
10000/29745
11000/29745
12000/29745
13000/29745
14000/29745
15000/29745
16000/29745
17000/29745
18000/29745
19000/29745
20000/29745
21000/29745
22000/29745
23000/29745
24000/29745
25000/29745
26000/29745
27000/29745
28000/29745
29000/29745
File 15 out of 68
Total Entries is:
28106
0/28106
1000/28106
2000/28106
3000/28106
4000/28106
5000/28106
6000/28106
7000/28106
8000/28106
9000/28106
10000/28106
11000/28106
12000/28106
13000/28106
14000/28106
15000/28106
16000/28106
17000/28106
18000/28106
19000/28106
20000/28106
21000/28106
22000/28106
23000/28106
24000/28106
25000/28106
26000/28106
27000/28106
28000/28106
File 16 out of 68
Total Entries is:
29120
0/29120
1000/29120
2000/29120
3000/29120
4000/29120
5000/29120
6000/29120
7000/29120
8000/29120
9000/29120
10000/29120
11000/29120
12000/29120
13000/29120
14000/29120
15000/29120
16000/29120
17000/29120
18000/29120
19000/29120
20000/29120
21000/29120
22000/29120
23000/29120
24000/29120
25000/29120
26000/29120
27000/29120
28000/29120
29000/29120
File 17 out of 68
Total Entries is:
32340
0/32340
1000/32340
2000/32340
3000/32340
4000/32340
5000/32340
6000/32340
7000/32340
8000/32340
9000/32340
10000/32340
11000/32340
12000/32340
13000/32340
14000/32340
15000/32340
16000/32340
17000/32340
18000/32340
19000/32340
20000/32340
21000/32340
22000/32340
23000/32340
24000/32340
25000/32340
26000/32340
27000/32340
28000/32340
29000/32340
30000/32340
31000/32340
32000/32340
File 18 out of 68
Total Entries is:
24758
0/24758
1000/24758
2000/24758
3000/24758
4000/24758
5000/24758
6000/24758
7000/24758
8000/24758
9000/24758
10000/24758
11000/24758
12000/24758
13000/24758
14000/24758
15000/24758
16000/24758
17000/24758
18000/24758
19000/24758
20000/24758
21000/24758
22000/24758
23000/24758
24000/24758
File 19 out of 68
Total Entries is:
24592
0/24592
1000/24592
2000/24592
3000/24592
4000/24592
5000/24592
6000/24592
7000/24592
8000/24592
9000/24592
10000/24592
11000/24592
12000/24592
13000/24592
14000/24592
15000/24592
16000/24592
17000/24592
18000/24592
19000/24592
20000/24592
21000/24592
22000/24592
23000/24592
24000/24592
File 20 out of 68
Total Entries is:
31799
0/31799
1000/31799
2000/31799
3000/31799
4000/31799
5000/31799
6000/31799
7000/31799
8000/31799
9000/31799
10000/31799
11000/31799
12000/31799
13000/31799
14000/31799
15000/31799
16000/31799
17000/31799
18000/31799
19000/31799
20000/31799
21000/31799
22000/31799
23000/31799
24000/31799
25000/31799
26000/31799
27000/31799
28000/31799
29000/31799
30000/31799
31000/31799
File 21 out of 68
Total Entries is:
20607
0/20607
1000/20607
2000/20607
3000/20607
4000/20607
5000/20607
6000/20607
7000/20607
8000/20607
9000/20607
10000/20607
11000/20607
12000/20607
13000/20607
14000/20607
15000/20607
16000/20607
17000/20607
18000/20607
19000/20607
20000/20607
File 22 out of 68
Total Entries is:
25609
0/25609
1000/25609
2000/25609
3000/25609
4000/25609
5000/25609
6000/25609
7000/25609
8000/25609
9000/25609
10000/25609
11000/25609
12000/25609
13000/25609
14000/25609
15000/25609
16000/25609
17000/25609
18000/25609
19000/25609
20000/25609
21000/25609
22000/25609
23000/25609
24000/25609
25000/25609
File 23 out of 68
Total Entries is:
29794
0/29794
1000/29794
2000/29794
3000/29794
4000/29794
5000/29794
6000/29794
7000/29794
8000/29794
9000/29794
10000/29794
11000/29794
12000/29794
13000/29794
14000/29794
15000/29794
16000/29794
17000/29794
18000/29794
19000/29794
20000/29794
21000/29794
22000/29794
23000/29794
24000/29794
25000/29794
26000/29794
27000/29794
28000/29794
29000/29794
File 24 out of 68
Total Entries is:
29651
0/29651
1000/29651
2000/29651
3000/29651
4000/29651
5000/29651
6000/29651
7000/29651
8000/29651
9000/29651
10000/29651
11000/29651
12000/29651
13000/29651
14000/29651
15000/29651
16000/29651
17000/29651
18000/29651
19000/29651
20000/29651
21000/29651
22000/29651
23000/29651
24000/29651
25000/29651
26000/29651
27000/29651
28000/29651
29000/29651
File 25 out of 68
Total Entries is:
24243
0/24243
1000/24243
2000/24243
3000/24243
4000/24243
5000/24243
6000/24243
7000/24243
8000/24243
9000/24243
10000/24243
11000/24243
12000/24243
13000/24243
14000/24243
15000/24243
16000/24243
17000/24243
18000/24243
19000/24243
20000/24243
21000/24243
22000/24243
23000/24243
24000/24243
File 26 out of 68
Total Entries is:
28551
0/28551
1000/28551
2000/28551
3000/28551
4000/28551
5000/28551
6000/28551
7000/28551
8000/28551
9000/28551
10000/28551
11000/28551
12000/28551
13000/28551
14000/28551
15000/28551
16000/28551
17000/28551
18000/28551
19000/28551
20000/28551
21000/28551
22000/28551
23000/28551
24000/28551
25000/28551
26000/28551
27000/28551
28000/28551
File 27 out of 68
Total Entries is:
30403
0/30403
1000/30403
2000/30403
3000/30403
4000/30403
5000/30403
6000/30403
7000/30403
8000/30403
9000/30403
10000/30403
11000/30403
12000/30403
13000/30403
14000/30403
15000/30403
16000/30403
17000/30403
18000/30403
19000/30403
20000/30403
21000/30403
22000/30403
23000/30403
24000/30403
25000/30403
26000/30403
27000/30403
28000/30403
29000/30403
30000/30403
File 28 out of 68
Total Entries is:
22189
0/22189
1000/22189
2000/22189
3000/22189
4000/22189
5000/22189
6000/22189
7000/22189
8000/22189
9000/22189
10000/22189
11000/22189
12000/22189
13000/22189
14000/22189
15000/22189
16000/22189
17000/22189
18000/22189
19000/22189
20000/22189
21000/22189
22000/22189
File 29 out of 68
Total Entries is:
31474
0/31474
1000/31474
2000/31474
3000/31474
4000/31474
5000/31474
6000/31474
7000/31474
8000/31474
9000/31474
10000/31474
11000/31474
12000/31474
13000/31474
14000/31474
15000/31474
16000/31474
17000/31474
18000/31474
19000/31474
20000/31474
21000/31474
22000/31474
23000/31474
24000/31474
25000/31474
26000/31474
27000/31474
28000/31474
29000/31474
30000/31474
31000/31474
File 30 out of 68
Total Entries is:
24570
0/24570
1000/24570
2000/24570
3000/24570
4000/24570
5000/24570
6000/24570
7000/24570
8000/24570
9000/24570
10000/24570
11000/24570
12000/24570
13000/24570
14000/24570
15000/24570
16000/24570
17000/24570
18000/24570
19000/24570
20000/24570
21000/24570
22000/24570
23000/24570
24000/24570
File 31 out of 68
Total Entries is:
26294
0/26294
1000/26294
2000/26294
3000/26294
4000/26294
5000/26294
6000/26294
7000/26294
8000/26294
9000/26294
10000/26294
11000/26294
12000/26294
13000/26294
14000/26294
15000/26294
16000/26294
17000/26294
18000/26294
19000/26294
20000/26294
21000/26294
22000/26294
23000/26294
24000/26294
25000/26294
26000/26294
File 32 out of 68
Total Entries is:
27658
0/27658
1000/27658
2000/27658
3000/27658
4000/27658
5000/27658
6000/27658
7000/27658
8000/27658
9000/27658
10000/27658
11000/27658
12000/27658
13000/27658
14000/27658
15000/27658
16000/27658
17000/27658
18000/27658
19000/27658
20000/27658
21000/27658
22000/27658
23000/27658
24000/27658
25000/27658
26000/27658
27000/27658
File 33 out of 68
Total Entries is:
27286
0/27286
1000/27286
2000/27286
3000/27286
4000/27286
5000/27286
6000/27286
7000/27286
8000/27286
9000/27286
10000/27286
11000/27286
12000/27286
13000/27286
14000/27286
15000/27286
16000/27286
17000/27286
18000/27286
19000/27286
20000/27286
21000/27286
22000/27286
23000/27286
24000/27286
25000/27286
26000/27286
27000/27286
File 34 out of 68
Total Entries is:
33612
0/33612
1000/33612
2000/33612
3000/33612
4000/33612
5000/33612
6000/33612
7000/33612
8000/33612
9000/33612
10000/33612
11000/33612
12000/33612
13000/33612
14000/33612
15000/33612
16000/33612
17000/33612
18000/33612
19000/33612
20000/33612
21000/33612
22000/33612
23000/33612
24000/33612
25000/33612
26000/33612
27000/33612
28000/33612
29000/33612
30000/33612
31000/33612
32000/33612
33000/33612
File 35 out of 68
Total Entries is:
29191
0/29191
1000/29191
2000/29191
3000/29191
4000/29191
5000/29191
6000/29191
7000/29191
8000/29191
9000/29191
10000/29191
11000/29191
12000/29191
13000/29191
14000/29191
15000/29191
16000/29191
17000/29191
18000/29191
19000/29191
20000/29191
21000/29191
22000/29191
23000/29191
24000/29191
25000/29191
26000/29191
27000/29191
28000/29191
29000/29191
File 36 out of 68
Total Entries is:
28144
0/28144
1000/28144
2000/28144
3000/28144
4000/28144
5000/28144
6000/28144
7000/28144
8000/28144
9000/28144
10000/28144
11000/28144
12000/28144
13000/28144
14000/28144
15000/28144
16000/28144
17000/28144
18000/28144
19000/28144
20000/28144
21000/28144
22000/28144
23000/28144
24000/28144
25000/28144
26000/28144
27000/28144
28000/28144
File 37 out of 68
Total Entries is:
30816
0/30816
1000/30816
2000/30816
3000/30816
4000/30816
5000/30816
6000/30816
7000/30816
8000/30816
9000/30816
10000/30816
11000/30816
12000/30816
13000/30816
14000/30816
15000/30816
16000/30816
17000/30816
18000/30816
19000/30816
20000/30816
21000/30816
22000/30816
23000/30816
24000/30816
25000/30816
26000/30816
27000/30816
28000/30816
29000/30816
30000/30816
File 38 out of 68
Total Entries is:
31301
0/31301
1000/31301
2000/31301
3000/31301
4000/31301
5000/31301
6000/31301
7000/31301
8000/31301
9000/31301
10000/31301
11000/31301
12000/31301
13000/31301
14000/31301
15000/31301
16000/31301
17000/31301
18000/31301
19000/31301
20000/31301
21000/31301
22000/31301
23000/31301
24000/31301
25000/31301
26000/31301
27000/31301
28000/31301
29000/31301
30000/31301
31000/31301
File 39 out of 68
Total Entries is:
31499
0/31499
1000/31499
2000/31499
3000/31499
4000/31499
5000/31499
6000/31499
7000/31499
8000/31499
9000/31499
10000/31499
11000/31499
12000/31499
13000/31499
14000/31499
15000/31499
16000/31499
17000/31499
18000/31499
19000/31499
20000/31499
21000/31499
22000/31499
23000/31499
24000/31499
25000/31499
26000/31499
27000/31499
28000/31499
29000/31499
30000/31499
31000/31499
File 40 out of 68
Total Entries is:
23934
0/23934
1000/23934
2000/23934
3000/23934
4000/23934
5000/23934
6000/23934
7000/23934
8000/23934
9000/23934
10000/23934
11000/23934
12000/23934
13000/23934
14000/23934
15000/23934
16000/23934
17000/23934
18000/23934
19000/23934
20000/23934
21000/23934
22000/23934
23000/23934
File 41 out of 68
Total Entries is:
30696
0/30696
1000/30696
2000/30696
3000/30696
4000/30696
5000/30696
6000/30696
7000/30696
8000/30696
9000/30696
10000/30696
11000/30696
12000/30696
13000/30696
14000/30696
15000/30696
16000/30696
17000/30696
18000/30696
19000/30696
20000/30696
21000/30696
22000/30696
23000/30696
24000/30696
25000/30696
26000/30696
27000/30696
28000/30696
29000/30696
30000/30696
File 42 out of 68
Total Entries is:
28888
0/28888
1000/28888
2000/28888
3000/28888
4000/28888
5000/28888
6000/28888
7000/28888
8000/28888
9000/28888
10000/28888
11000/28888
12000/28888
13000/28888
14000/28888
15000/28888
16000/28888
17000/28888
18000/28888
19000/28888
20000/28888
21000/28888
22000/28888
23000/28888
24000/28888
25000/28888
26000/28888
27000/28888
28000/28888
File 43 out of 68
Total Entries is:
26880
0/26880
1000/26880
2000/26880
3000/26880
4000/26880
5000/26880
6000/26880
7000/26880
8000/26880
9000/26880
10000/26880
11000/26880
12000/26880
13000/26880
14000/26880
15000/26880
16000/26880
17000/26880
18000/26880
19000/26880
20000/26880
21000/26880
22000/26880
23000/26880
24000/26880
25000/26880
26000/26880
File 44 out of 68
Total Entries is:
26890
0/26890
1000/26890
2000/26890
3000/26890
4000/26890
5000/26890
6000/26890
7000/26890
8000/26890
9000/26890
10000/26890
11000/26890
12000/26890
13000/26890
14000/26890
15000/26890
16000/26890
17000/26890
18000/26890
19000/26890
20000/26890
21000/26890
22000/26890
23000/26890
24000/26890
25000/26890
26000/26890
File 45 out of 68
Total Entries is:
33077
0/33077
1000/33077
2000/33077
3000/33077
4000/33077
5000/33077
6000/33077
7000/33077
8000/33077
9000/33077
10000/33077
11000/33077
12000/33077
13000/33077
14000/33077
15000/33077
16000/33077
17000/33077
18000/33077
19000/33077
20000/33077
21000/33077
22000/33077
23000/33077
24000/33077
25000/33077
26000/33077
27000/33077
28000/33077
29000/33077
30000/33077
31000/33077
32000/33077
33000/33077
File 46 out of 68
Total Entries is:
34067
0/34067
1000/34067
2000/34067
3000/34067
4000/34067
5000/34067
6000/34067
7000/34067
8000/34067
9000/34067
10000/34067
11000/34067
12000/34067
13000/34067
14000/34067
15000/34067
16000/34067
17000/34067
18000/34067
19000/34067
20000/34067
21000/34067
22000/34067
23000/34067
24000/34067
25000/34067
26000/34067
27000/34067
28000/34067
29000/34067
30000/34067
31000/34067
32000/34067
33000/34067
34000/34067
File 47 out of 68
Total Entries is:
26530
0/26530
1000/26530
2000/26530
3000/26530
4000/26530
5000/26530
6000/26530
7000/26530
8000/26530
9000/26530
10000/26530
11000/26530
12000/26530
13000/26530
14000/26530
15000/26530
16000/26530
17000/26530
18000/26530
19000/26530
20000/26530
21000/26530
22000/26530
23000/26530
24000/26530
25000/26530
26000/26530
File 48 out of 68
Total Entries is:
27964
0/27964
1000/27964
2000/27964
3000/27964
4000/27964
5000/27964
6000/27964
7000/27964
8000/27964
9000/27964
10000/27964
11000/27964
12000/27964
13000/27964
14000/27964
15000/27964
16000/27964
17000/27964
18000/27964
19000/27964
20000/27964
21000/27964
22000/27964
23000/27964
24000/27964
25000/27964
26000/27964
27000/27964
File 49 out of 68
Total Entries is:
28887
0/28887
1000/28887
2000/28887
3000/28887
4000/28887
5000/28887
6000/28887
7000/28887
8000/28887
9000/28887
10000/28887
11000/28887
12000/28887
13000/28887
14000/28887
15000/28887
16000/28887
17000/28887
18000/28887
19000/28887
20000/28887
21000/28887
22000/28887
23000/28887
24000/28887
25000/28887
26000/28887
27000/28887
28000/28887
File 50 out of 68
Total Entries is:
29467
0/29467
1000/29467
2000/29467
3000/29467
4000/29467
5000/29467
6000/29467
7000/29467
8000/29467
9000/29467
10000/29467
11000/29467
12000/29467
13000/29467
14000/29467
15000/29467
16000/29467
17000/29467
18000/29467
19000/29467
20000/29467
21000/29467
22000/29467
23000/29467
24000/29467
25000/29467
26000/29467
27000/29467
28000/29467
29000/29467
File 51 out of 68
Total Entries is:
30286
0/30286
1000/30286
2000/30286
3000/30286
4000/30286
5000/30286
6000/30286
7000/30286
8000/30286
9000/30286
10000/30286
11000/30286
12000/30286
13000/30286
14000/30286
15000/30286
16000/30286
17000/30286
18000/30286
19000/30286
20000/30286
21000/30286
22000/30286
23000/30286
24000/30286
25000/30286
26000/30286
27000/30286
28000/30286
29000/30286
30000/30286
File 52 out of 68
Total Entries is:
34298
0/34298
1000/34298
2000/34298
3000/34298
4000/34298
5000/34298
6000/34298
7000/34298
8000/34298
9000/34298
10000/34298
11000/34298
12000/34298
13000/34298
14000/34298
15000/34298
16000/34298
17000/34298
18000/34298
19000/34298
20000/34298
21000/34298
22000/34298
23000/34298
24000/34298
25000/34298
26000/34298
27000/34298
28000/34298
29000/34298
30000/34298
31000/34298
32000/34298
33000/34298
34000/34298
File 53 out of 68
Total Entries is:
30125
0/30125
1000/30125
2000/30125
3000/30125
4000/30125
5000/30125
6000/30125
7000/30125
8000/30125
9000/30125
10000/30125
11000/30125
12000/30125
13000/30125
14000/30125
15000/30125
16000/30125
17000/30125
18000/30125
19000/30125
20000/30125
21000/30125
22000/30125
23000/30125
24000/30125
25000/30125
26000/30125
27000/30125
28000/30125
29000/30125
30000/30125
File 54 out of 68
Total Entries is:
29071
0/29071
1000/29071
2000/29071
3000/29071
4000/29071
5000/29071
6000/29071
7000/29071
8000/29071
9000/29071
10000/29071
11000/29071
12000/29071
13000/29071
14000/29071
15000/29071
16000/29071
17000/29071
18000/29071
19000/29071
20000/29071
21000/29071
22000/29071
23000/29071
24000/29071
25000/29071
26000/29071
27000/29071
28000/29071
29000/29071
File 55 out of 68
Total Entries is:
34990
0/34990
1000/34990
2000/34990
3000/34990
4000/34990
5000/34990
6000/34990
7000/34990
8000/34990
9000/34990
10000/34990
11000/34990
12000/34990
13000/34990
14000/34990
15000/34990
16000/34990
17000/34990
18000/34990
19000/34990
20000/34990
21000/34990
22000/34990
23000/34990
24000/34990
25000/34990
26000/34990
27000/34990
28000/34990
29000/34990
30000/34990
31000/34990
32000/34990
33000/34990
34000/34990
File 56 out of 68
Total Entries is:
26337
0/26337
1000/26337
2000/26337
3000/26337
4000/26337
5000/26337
6000/26337
7000/26337
8000/26337
9000/26337
10000/26337
11000/26337
12000/26337
13000/26337
14000/26337
15000/26337
16000/26337
17000/26337
18000/26337
19000/26337
20000/26337
21000/26337
22000/26337
23000/26337
24000/26337
25000/26337
26000/26337
File 57 out of 68
Total Entries is:
29276
0/29276
1000/29276
2000/29276
3000/29276
4000/29276
5000/29276
6000/29276
7000/29276
8000/29276
9000/29276
10000/29276
11000/29276
12000/29276
13000/29276
14000/29276
15000/29276
16000/29276
17000/29276
18000/29276
19000/29276
20000/29276
21000/29276
22000/29276
23000/29276
24000/29276
25000/29276
26000/29276
27000/29276
28000/29276
29000/29276
File 58 out of 68
Total Entries is:
22469
0/22469
1000/22469
2000/22469
3000/22469
4000/22469
5000/22469
6000/22469
7000/22469
8000/22469
9000/22469
10000/22469
11000/22469
12000/22469
13000/22469
14000/22469
15000/22469
16000/22469
17000/22469
18000/22469
19000/22469
20000/22469
21000/22469
22000/22469
File 59 out of 68
Total Entries is:
29184
0/29184
1000/29184
2000/29184
3000/29184
4000/29184
5000/29184
6000/29184
7000/29184
8000/29184
9000/29184
10000/29184
11000/29184
12000/29184
13000/29184
14000/29184
15000/29184
16000/29184
17000/29184
18000/29184
19000/29184
20000/29184
21000/29184
22000/29184
23000/29184
24000/29184
25000/29184
26000/29184
27000/29184
28000/29184
29000/29184
File 60 out of 68
Total Entries is:
28338
0/28338
1000/28338
2000/28338
3000/28338
4000/28338
5000/28338
6000/28338
7000/28338
8000/28338
9000/28338
10000/28338
11000/28338
12000/28338
13000/28338
14000/28338
15000/28338
16000/28338
17000/28338
18000/28338
19000/28338
20000/28338
21000/28338
22000/28338
23000/28338
24000/28338
25000/28338
26000/28338
27000/28338
28000/28338
File 61 out of 68
Total Entries is:
30387
0/30387
1000/30387
2000/30387
3000/30387
4000/30387
5000/30387
6000/30387
7000/30387
8000/30387
9000/30387
10000/30387
11000/30387
12000/30387
13000/30387
14000/30387
15000/30387
16000/30387
17000/30387
18000/30387
19000/30387
20000/30387
21000/30387
22000/30387
23000/30387
24000/30387
25000/30387
26000/30387
27000/30387
28000/30387
29000/30387
30000/30387
File 62 out of 68
Total Entries is:
25539
0/25539
1000/25539
2000/25539
3000/25539
4000/25539
5000/25539
6000/25539
7000/25539
8000/25539
9000/25539
10000/25539
11000/25539
12000/25539
13000/25539
14000/25539
15000/25539
16000/25539
17000/25539
18000/25539
19000/25539
20000/25539
21000/25539
22000/25539
23000/25539
24000/25539
25000/25539
File 63 out of 68
Total Entries is:
24843
0/24843
1000/24843
2000/24843
3000/24843
4000/24843
5000/24843
6000/24843
7000/24843
8000/24843
9000/24843
10000/24843
11000/24843
12000/24843
13000/24843
14000/24843
15000/24843
16000/24843
17000/24843
18000/24843
19000/24843
20000/24843
21000/24843
22000/24843
23000/24843
24000/24843
File 64 out of 68
Total Entries is:
21346
0/21346
1000/21346
2000/21346
3000/21346
4000/21346
5000/21346
6000/21346
7000/21346
8000/21346
9000/21346
10000/21346
11000/21346
12000/21346
13000/21346
14000/21346
15000/21346
16000/21346
17000/21346
18000/21346
19000/21346
20000/21346
21000/21346
File 65 out of 68
Total Entries is:
24219
0/24219
1000/24219
2000/24219
3000/24219
4000/24219
5000/24219
6000/24219
7000/24219
8000/24219
9000/24219
10000/24219
11000/24219
12000/24219
13000/24219
14000/24219
15000/24219
16000/24219
17000/24219
18000/24219
19000/24219
20000/24219
21000/24219
22000/24219
23000/24219
24000/24219
File 66 out of 68
Total Entries is:
24808
0/24808
1000/24808
2000/24808
3000/24808
4000/24808
5000/24808
6000/24808
7000/24808
8000/24808
9000/24808
10000/24808
11000/24808
12000/24808
13000/24808
14000/24808
15000/24808
16000/24808
17000/24808
18000/24808
19000/24808
20000/24808
21000/24808
22000/24808
23000/24808
24000/24808
File 67 out of 68
Total Entries is:
26490
0/26490
1000/26490
2000/26490
3000/26490
4000/26490
5000/26490
6000/26490
7000/26490
8000/26490
9000/26490
10000/26490
11000/26490
12000/26490
13000/26490
14000/26490
15000/26490
16000/26490
17000/26490
18000/26490
19000/26490
20000/26490
21000/26490
22000/26490
23000/26490
24000/26490
25000/26490
26000/26490
File 68 out of 68
Total Entries is:
26967
0/26967
1000/26967
2000/26967
3000/26967
4000/26967
5000/26967
6000/26967
7000/26967
8000/26967
9000/26967
10000/26967
11000/26967
12000/26967
13000/26967
14000/26967
15000/26967
16000/26967
17000/26967
18000/26967
19000/26967
20000/26967
21000/26967
22000/26967
23000/26967
24000/26967
25000/26967
26000/26967
skipper is: 921434384
tripper is: 1011793848
ppt is 1 and trk is 1
***
hSig ent are: 78749856 ... and hBack ent are: 7.87504e+08
***
ppt is 2 and trk is 1
***
hSig ent are: 1697036 ... and hBack ent are: 1.69785e+07
***
ppt is 3 and trk is 1
***
hSig ent are: 1019776 ... and hBack ent are: 1.01984e+07
***
ppt is 1 and trk is 2
***
hSig ent are: 665744320 ... and hBack ent are: 6.6575e+09
***
ppt is 2 and trk is 2
***
hSig ent are: 29904016 ... and hBack ent are: 2.99065e+08
***
ppt is 3 and trk is 2
***
hSig ent are: 34426776 ... and hBack ent are: 3.44269e+08
***
ppt is 1 and trk is 3
***
hSig ent are: 691193760 ... and hBack ent are: 6.91201e+09
***
ppt is 2 and trk is 3
***
hSig ent are: 51391256 ... and hBack ent are: 5.13952e+08
***
ppt is 3 and trk is 3
***
hSig ent are: 75291668 ... and hBack ent are: 7.52926e+08
***
ppt is 1 and trk is 4
***
hSig ent are: 256390212 ... and hBack ent are: 2.56395e+09
***
ppt is 2 and trk is 4
***
hSig ent are: 24857952 ... and hBack ent are: 2.48583e+08
***
ppt is 3 and trk is 4
***
hSig ent are: 40884516 ... and hBack ent are: 4.08869e+08
***
ppt is 1 and trk is 5
***
hSig ent are: 48672652 ... and hBack ent are: 4.86754e+08
***
ppt is 2 and trk is 5
***
hSig ent are: 5360140 ... and hBack ent are: 5.36044e+07
***
ppt is 3 and trk is 5
***
hSig ent are: 9181620 ... and hBack ent are: 9.18243e+07
***
ppt is 1 and trk is 6
***
hSig ent are: 6072820 ... and hBack ent are: 6.07386e+07
***
ppt is 2 and trk is 6
***
hSig ent are: 681168 ... and hBack ent are: 6.81471e+06
***
ppt is 3 and trk is 6
***
hSig ent are: 1238116 ... and hBack ent are: 1.23869e+07
***
ppt is 1 and trk is 7
***
hSig ent are: 632564 ... and hBack ent are: 6.32774e+06
***
ppt is 2 and trk is 7
***
hSig ent are: 71128 ... and hBack ent are: 711492
***
ppt is 3 and trk is 7
***
hSig ent are: 126344 ... and hBack ent are: 1.2645e+06
***
Time: 4112.78 seconds.
Split Times (in seconds)...
Start Up        0          (0 %)
Opening Files   0.21       (0.00511 %)
Loading Events  1.68e+03   (40.8 %)
Event Selection 922        (22.4 %)
Jet Selection   0.373      (0.00908 %)
Track Loops     839        (20.4 %)
EndJob          673        (16.4 %)
Split Total: 4.11e+03s
