Starting event loop
Total Number of Files in this Job: 67
File 1 out of 67
Total Entries is:
28930
0/28930
1000/28930
2000/28930
3000/28930
4000/28930
5000/28930
6000/28930
7000/28930
8000/28930
9000/28930
10000/28930
11000/28930
12000/28930
13000/28930
14000/28930
15000/28930
16000/28930
17000/28930
18000/28930
19000/28930
20000/28930
21000/28930
22000/28930
23000/28930
24000/28930
25000/28930
26000/28930
27000/28930
28000/28930
File 2 out of 67
Total Entries is:
21346
0/21346
1000/21346
2000/21346
3000/21346
4000/21346
5000/21346
6000/21346
7000/21346
8000/21346
9000/21346
10000/21346
11000/21346
12000/21346
13000/21346
14000/21346
15000/21346
16000/21346
17000/21346
18000/21346
19000/21346
20000/21346
21000/21346
File 3 out of 67
Total Entries is:
26979
0/26979
1000/26979
2000/26979
3000/26979
4000/26979
5000/26979
6000/26979
7000/26979
8000/26979
9000/26979
10000/26979
11000/26979
12000/26979
13000/26979
14000/26979
15000/26979
16000/26979
17000/26979
18000/26979
19000/26979
20000/26979
21000/26979
22000/26979
23000/26979
24000/26979
25000/26979
26000/26979
File 4 out of 67
Total Entries is:
27856
0/27856
1000/27856
2000/27856
3000/27856
4000/27856
5000/27856
6000/27856
7000/27856
8000/27856
9000/27856
10000/27856
11000/27856
12000/27856
13000/27856
14000/27856
15000/27856
16000/27856
17000/27856
18000/27856
19000/27856
20000/27856
21000/27856
22000/27856
23000/27856
24000/27856
25000/27856
26000/27856
27000/27856
File 5 out of 67
Total Entries is:
27437
0/27437
1000/27437
2000/27437
3000/27437
4000/27437
5000/27437
6000/27437
7000/27437
8000/27437
9000/27437
10000/27437
11000/27437
12000/27437
13000/27437
14000/27437
15000/27437
16000/27437
17000/27437
18000/27437
19000/27437
20000/27437
21000/27437
22000/27437
23000/27437
24000/27437
25000/27437
26000/27437
27000/27437
File 6 out of 67
Total Entries is:
29573
0/29573
1000/29573
2000/29573
3000/29573
4000/29573
5000/29573
6000/29573
7000/29573
8000/29573
9000/29573
10000/29573
11000/29573
12000/29573
13000/29573
14000/29573
15000/29573
16000/29573
17000/29573
18000/29573
19000/29573
20000/29573
21000/29573
22000/29573
23000/29573
24000/29573
25000/29573
26000/29573
27000/29573
28000/29573
29000/29573
File 7 out of 67
Total Entries is:
26427
0/26427
1000/26427
2000/26427
3000/26427
4000/26427
5000/26427
6000/26427
7000/26427
8000/26427
9000/26427
10000/26427
11000/26427
12000/26427
13000/26427
14000/26427
15000/26427
16000/26427
17000/26427
18000/26427
19000/26427
20000/26427
21000/26427
22000/26427
23000/26427
24000/26427
25000/26427
26000/26427
File 8 out of 67
Total Entries is:
30020
0/30020
1000/30020
2000/30020
3000/30020
4000/30020
5000/30020
6000/30020
7000/30020
8000/30020
9000/30020
10000/30020
11000/30020
12000/30020
13000/30020
14000/30020
15000/30020
16000/30020
17000/30020
18000/30020
19000/30020
20000/30020
21000/30020
22000/30020
23000/30020
24000/30020
25000/30020
26000/30020
27000/30020
28000/30020
29000/30020
30000/30020
File 9 out of 67
Total Entries is:
34516
0/34516
1000/34516
2000/34516
3000/34516
4000/34516
5000/34516
6000/34516
7000/34516
8000/34516
9000/34516
10000/34516
11000/34516
12000/34516
13000/34516
14000/34516
15000/34516
16000/34516
17000/34516
18000/34516
19000/34516
20000/34516
21000/34516
22000/34516
23000/34516
24000/34516
25000/34516
26000/34516
27000/34516
28000/34516
29000/34516
30000/34516
31000/34516
32000/34516
33000/34516
34000/34516
File 10 out of 67
Total Entries is:
31290
0/31290
1000/31290
2000/31290
3000/31290
4000/31290
5000/31290
6000/31290
7000/31290
8000/31290
9000/31290
10000/31290
11000/31290
12000/31290
13000/31290
14000/31290
15000/31290
16000/31290
17000/31290
18000/31290
19000/31290
20000/31290
21000/31290
22000/31290
23000/31290
24000/31290
25000/31290
26000/31290
27000/31290
28000/31290
29000/31290
30000/31290
31000/31290
File 11 out of 67
Total Entries is:
28944
0/28944
1000/28944
2000/28944
3000/28944
4000/28944
5000/28944
6000/28944
7000/28944
8000/28944
9000/28944
10000/28944
11000/28944
12000/28944
13000/28944
14000/28944
15000/28944
16000/28944
17000/28944
18000/28944
19000/28944
20000/28944
21000/28944
22000/28944
23000/28944
24000/28944
25000/28944
26000/28944
27000/28944
28000/28944
File 12 out of 67
Total Entries is:
26201
0/26201
1000/26201
2000/26201
3000/26201
4000/26201
5000/26201
6000/26201
7000/26201
8000/26201
9000/26201
10000/26201
11000/26201
12000/26201
13000/26201
14000/26201
15000/26201
16000/26201
17000/26201
18000/26201
19000/26201
20000/26201
21000/26201
22000/26201
23000/26201
24000/26201
25000/26201
26000/26201
File 13 out of 67
Total Entries is:
29930
0/29930
1000/29930
2000/29930
3000/29930
4000/29930
5000/29930
6000/29930
7000/29930
8000/29930
9000/29930
10000/29930
11000/29930
12000/29930
13000/29930
14000/29930
15000/29930
16000/29930
17000/29930
18000/29930
19000/29930
20000/29930
21000/29930
22000/29930
23000/29930
24000/29930
25000/29930
26000/29930
27000/29930
28000/29930
29000/29930
File 14 out of 67
Total Entries is:
15933
0/15933
1000/15933
2000/15933
3000/15933
4000/15933
5000/15933
6000/15933
7000/15933
8000/15933
9000/15933
10000/15933
11000/15933
12000/15933
13000/15933
14000/15933
15000/15933
File 15 out of 67
Total Entries is:
28182
0/28182
1000/28182
2000/28182
3000/28182
4000/28182
5000/28182
6000/28182
7000/28182
8000/28182
9000/28182
10000/28182
11000/28182
12000/28182
13000/28182
14000/28182
15000/28182
16000/28182
17000/28182
18000/28182
19000/28182
20000/28182
21000/28182
22000/28182
23000/28182
24000/28182
25000/28182
26000/28182
27000/28182
28000/28182
File 16 out of 67
Total Entries is:
29190
0/29190
1000/29190
2000/29190
3000/29190
4000/29190
5000/29190
6000/29190
7000/29190
8000/29190
9000/29190
10000/29190
11000/29190
12000/29190
13000/29190
14000/29190
15000/29190
16000/29190
17000/29190
18000/29190
19000/29190
20000/29190
21000/29190
22000/29190
23000/29190
24000/29190
25000/29190
26000/29190
27000/29190
28000/29190
29000/29190
File 17 out of 67
Total Entries is:
23888
0/23888
1000/23888
2000/23888
3000/23888
4000/23888
5000/23888
6000/23888
7000/23888
8000/23888
9000/23888
10000/23888
11000/23888
12000/23888
13000/23888
14000/23888
15000/23888
16000/23888
17000/23888
18000/23888
19000/23888
20000/23888
21000/23888
22000/23888
23000/23888
File 18 out of 67
Total Entries is:
26178
0/26178
1000/26178
2000/26178
3000/26178
4000/26178
5000/26178
6000/26178
7000/26178
8000/26178
9000/26178
10000/26178
11000/26178
12000/26178
13000/26178
14000/26178
15000/26178
16000/26178
17000/26178
18000/26178
19000/26178
20000/26178
21000/26178
22000/26178
23000/26178
24000/26178
25000/26178
26000/26178
File 19 out of 67
Total Entries is:
33433
0/33433
1000/33433
2000/33433
3000/33433
4000/33433
5000/33433
6000/33433
7000/33433
8000/33433
9000/33433
10000/33433
11000/33433
12000/33433
13000/33433
14000/33433
15000/33433
16000/33433
17000/33433
18000/33433
19000/33433
20000/33433
21000/33433
22000/33433
23000/33433
24000/33433
25000/33433
26000/33433
27000/33433
28000/33433
29000/33433
30000/33433
31000/33433
32000/33433
33000/33433
File 20 out of 67
Total Entries is:
25699
0/25699
1000/25699
2000/25699
3000/25699
4000/25699
5000/25699
6000/25699
7000/25699
8000/25699
9000/25699
10000/25699
11000/25699
12000/25699
13000/25699
14000/25699
15000/25699
16000/25699
17000/25699
18000/25699
19000/25699
20000/25699
21000/25699
22000/25699
23000/25699
24000/25699
25000/25699
File 21 out of 67
Total Entries is:
25617
0/25617
1000/25617
2000/25617
3000/25617
4000/25617
5000/25617
6000/25617
7000/25617
8000/25617
9000/25617
10000/25617
11000/25617
12000/25617
13000/25617
14000/25617
15000/25617
16000/25617
17000/25617
18000/25617
19000/25617
20000/25617
21000/25617
22000/25617
23000/25617
24000/25617
25000/25617
File 22 out of 67
Total Entries is:
31125
0/31125
1000/31125
2000/31125
3000/31125
4000/31125
5000/31125
6000/31125
7000/31125
8000/31125
9000/31125
10000/31125
11000/31125
12000/31125
13000/31125
14000/31125
15000/31125
16000/31125
17000/31125
18000/31125
19000/31125
20000/31125
21000/31125
22000/31125
23000/31125
24000/31125
25000/31125
26000/31125
27000/31125
28000/31125
29000/31125
30000/31125
31000/31125
File 23 out of 67
Total Entries is:
32321
0/32321
1000/32321
2000/32321
3000/32321
4000/32321
5000/32321
6000/32321
7000/32321
8000/32321
9000/32321
10000/32321
11000/32321
12000/32321
13000/32321
14000/32321
15000/32321
16000/32321
17000/32321
18000/32321
19000/32321
20000/32321
21000/32321
22000/32321
23000/32321
24000/32321
25000/32321
26000/32321
27000/32321
28000/32321
29000/32321
30000/32321
31000/32321
32000/32321
File 24 out of 67
Total Entries is:
22329
0/22329
1000/22329
2000/22329
3000/22329
4000/22329
5000/22329
6000/22329
7000/22329
8000/22329
9000/22329
10000/22329
11000/22329
12000/22329
13000/22329
14000/22329
15000/22329
16000/22329
17000/22329
18000/22329
19000/22329
20000/22329
21000/22329
22000/22329
File 25 out of 67
Total Entries is:
30646
0/30646
1000/30646
2000/30646
3000/30646
4000/30646
5000/30646
6000/30646
7000/30646
8000/30646
9000/30646
10000/30646
11000/30646
12000/30646
13000/30646
14000/30646
15000/30646
16000/30646
17000/30646
18000/30646
19000/30646
20000/30646
21000/30646
22000/30646
23000/30646
24000/30646
25000/30646
26000/30646
27000/30646
28000/30646
29000/30646
30000/30646
File 26 out of 67
Total Entries is:
30499
0/30499
1000/30499
2000/30499
3000/30499
4000/30499
5000/30499
6000/30499
7000/30499
8000/30499
9000/30499
10000/30499
11000/30499
12000/30499
13000/30499
14000/30499
15000/30499
16000/30499
17000/30499
18000/30499
19000/30499
20000/30499
21000/30499
22000/30499
23000/30499
24000/30499
25000/30499
26000/30499
27000/30499
28000/30499
29000/30499
30000/30499
File 27 out of 67
Total Entries is:
29597
0/29597
1000/29597
2000/29597
3000/29597
4000/29597
5000/29597
6000/29597
7000/29597
8000/29597
9000/29597
10000/29597
11000/29597
12000/29597
13000/29597
14000/29597
15000/29597
16000/29597
17000/29597
18000/29597
19000/29597
20000/29597
21000/29597
22000/29597
23000/29597
24000/29597
25000/29597
26000/29597
27000/29597
28000/29597
29000/29597
File 28 out of 67
Total Entries is:
26385
0/26385
1000/26385
2000/26385
3000/26385
4000/26385
5000/26385
6000/26385
7000/26385
8000/26385
9000/26385
10000/26385
11000/26385
12000/26385
13000/26385
14000/26385
15000/26385
16000/26385
17000/26385
18000/26385
19000/26385
20000/26385
21000/26385
22000/26385
23000/26385
24000/26385
25000/26385
26000/26385
File 29 out of 67
Total Entries is:
29303
0/29303
1000/29303
2000/29303
3000/29303
4000/29303
5000/29303
6000/29303
7000/29303
8000/29303
9000/29303
10000/29303
11000/29303
12000/29303
13000/29303
14000/29303
15000/29303
16000/29303
17000/29303
18000/29303
19000/29303
20000/29303
21000/29303
22000/29303
23000/29303
24000/29303
25000/29303
26000/29303
27000/29303
28000/29303
29000/29303
File 30 out of 67
Total Entries is:
24284
0/24284
1000/24284
2000/24284
3000/24284
4000/24284
5000/24284
6000/24284
7000/24284
8000/24284
9000/24284
10000/24284
11000/24284
12000/24284
13000/24284
14000/24284
15000/24284
16000/24284
17000/24284
18000/24284
19000/24284
20000/24284
21000/24284
22000/24284
23000/24284
24000/24284
File 31 out of 67
Total Entries is:
27139
0/27139
1000/27139
2000/27139
3000/27139
4000/27139
5000/27139
6000/27139
7000/27139
8000/27139
9000/27139
10000/27139
11000/27139
12000/27139
13000/27139
14000/27139
15000/27139
16000/27139
17000/27139
18000/27139
19000/27139
20000/27139
21000/27139
22000/27139
23000/27139
24000/27139
25000/27139
26000/27139
27000/27139
File 32 out of 67
Total Entries is:
26098
0/26098
1000/26098
2000/26098
3000/26098
4000/26098
5000/26098
6000/26098
7000/26098
8000/26098
9000/26098
10000/26098
11000/26098
12000/26098
13000/26098
14000/26098
15000/26098
16000/26098
17000/26098
18000/26098
19000/26098
20000/26098
21000/26098
22000/26098
23000/26098
24000/26098
25000/26098
26000/26098
File 33 out of 67
Total Entries is:
29801
0/29801
1000/29801
2000/29801
3000/29801
4000/29801
5000/29801
6000/29801
7000/29801
8000/29801
9000/29801
10000/29801
11000/29801
12000/29801
13000/29801
14000/29801
15000/29801
16000/29801
17000/29801
18000/29801
19000/29801
20000/29801
21000/29801
22000/29801
23000/29801
24000/29801
25000/29801
26000/29801
27000/29801
28000/29801
29000/29801
File 34 out of 67
Total Entries is:
31378
0/31378
1000/31378
2000/31378
3000/31378
4000/31378
5000/31378
6000/31378
7000/31378
8000/31378
9000/31378
10000/31378
11000/31378
12000/31378
13000/31378
14000/31378
15000/31378
16000/31378
17000/31378
18000/31378
19000/31378
20000/31378
21000/31378
22000/31378
23000/31378
24000/31378
25000/31378
26000/31378
27000/31378
28000/31378
29000/31378
30000/31378
31000/31378
File 35 out of 67
Total Entries is:
34496
0/34496
1000/34496
2000/34496
3000/34496
4000/34496
5000/34496
6000/34496
7000/34496
8000/34496
9000/34496
10000/34496
11000/34496
12000/34496
13000/34496
14000/34496
15000/34496
16000/34496
17000/34496
18000/34496
19000/34496
20000/34496
21000/34496
22000/34496
23000/34496
24000/34496
25000/34496
26000/34496
27000/34496
28000/34496
29000/34496
30000/34496
31000/34496
32000/34496
33000/34496
34000/34496
File 36 out of 67
Total Entries is:
29981
0/29981
1000/29981
2000/29981
3000/29981
4000/29981
5000/29981
6000/29981
7000/29981
8000/29981
9000/29981
10000/29981
11000/29981
12000/29981
13000/29981
14000/29981
15000/29981
16000/29981
17000/29981
18000/29981
19000/29981
20000/29981
21000/29981
22000/29981
23000/29981
24000/29981
25000/29981
26000/29981
27000/29981
28000/29981
29000/29981
File 37 out of 67
Total Entries is:
25276
0/25276
1000/25276
2000/25276
3000/25276
4000/25276
5000/25276
6000/25276
7000/25276
8000/25276
9000/25276
10000/25276
11000/25276
12000/25276
13000/25276
14000/25276
15000/25276
16000/25276
17000/25276
18000/25276
19000/25276
20000/25276
21000/25276
22000/25276
23000/25276
24000/25276
25000/25276
File 38 out of 67
Total Entries is:
30664
0/30664
1000/30664
2000/30664
3000/30664
4000/30664
5000/30664
6000/30664
7000/30664
8000/30664
9000/30664
10000/30664
11000/30664
12000/30664
13000/30664
14000/30664
15000/30664
16000/30664
17000/30664
18000/30664
19000/30664
20000/30664
21000/30664
22000/30664
23000/30664
24000/30664
25000/30664
26000/30664
27000/30664
28000/30664
29000/30664
30000/30664
File 39 out of 67
Total Entries is:
32924
0/32924
1000/32924
2000/32924
3000/32924
4000/32924
5000/32924
6000/32924
7000/32924
8000/32924
9000/32924
10000/32924
11000/32924
12000/32924
13000/32924
14000/32924
15000/32924
16000/32924
17000/32924
18000/32924
19000/32924
20000/32924
21000/32924
22000/32924
23000/32924
24000/32924
25000/32924
26000/32924
27000/32924
28000/32924
29000/32924
30000/32924
31000/32924
32000/32924
File 40 out of 67
Total Entries is:
21435
0/21435
1000/21435
2000/21435
3000/21435
4000/21435
5000/21435
6000/21435
7000/21435
8000/21435
9000/21435
10000/21435
11000/21435
12000/21435
13000/21435
14000/21435
15000/21435
16000/21435
17000/21435
18000/21435
19000/21435
20000/21435
21000/21435
File 41 out of 67
Total Entries is:
26576
0/26576
1000/26576
2000/26576
3000/26576
4000/26576
5000/26576
6000/26576
7000/26576
8000/26576
9000/26576
10000/26576
11000/26576
12000/26576
13000/26576
14000/26576
15000/26576
16000/26576
17000/26576
18000/26576
19000/26576
20000/26576
21000/26576
22000/26576
23000/26576
24000/26576
25000/26576
26000/26576
File 42 out of 67
Total Entries is:
27696
0/27696
1000/27696
2000/27696
3000/27696
4000/27696
5000/27696
6000/27696
7000/27696
8000/27696
9000/27696
10000/27696
11000/27696
12000/27696
13000/27696
14000/27696
15000/27696
16000/27696
17000/27696
18000/27696
19000/27696
20000/27696
21000/27696
22000/27696
23000/27696
24000/27696
25000/27696
26000/27696
27000/27696
File 43 out of 67
Total Entries is:
29643
0/29643
1000/29643
2000/29643
3000/29643
4000/29643
5000/29643
6000/29643
7000/29643
8000/29643
9000/29643
10000/29643
11000/29643
12000/29643
13000/29643
14000/29643
15000/29643
16000/29643
17000/29643
18000/29643
19000/29643
20000/29643
21000/29643
22000/29643
23000/29643
24000/29643
25000/29643
26000/29643
27000/29643
28000/29643
29000/29643
File 44 out of 67
Total Entries is:
26650
0/26650
1000/26650
2000/26650
3000/26650
4000/26650
5000/26650
6000/26650
7000/26650
8000/26650
9000/26650
10000/26650
11000/26650
12000/26650
13000/26650
14000/26650
15000/26650
16000/26650
17000/26650
18000/26650
19000/26650
20000/26650
21000/26650
22000/26650
23000/26650
24000/26650
25000/26650
26000/26650
File 45 out of 67
Total Entries is:
31440
0/31440
1000/31440
2000/31440
3000/31440
4000/31440
5000/31440
6000/31440
7000/31440
8000/31440
9000/31440
10000/31440
11000/31440
12000/31440
13000/31440
14000/31440
15000/31440
16000/31440
17000/31440
18000/31440
19000/31440
20000/31440
21000/31440
22000/31440
23000/31440
24000/31440
25000/31440
26000/31440
27000/31440
28000/31440
29000/31440
30000/31440
31000/31440
File 46 out of 67
Total Entries is:
29986
0/29986
1000/29986
2000/29986
3000/29986
4000/29986
5000/29986
6000/29986
7000/29986
8000/29986
9000/29986
10000/29986
11000/29986
12000/29986
13000/29986
14000/29986
15000/29986
16000/29986
17000/29986
18000/29986
19000/29986
20000/29986
21000/29986
22000/29986
23000/29986
24000/29986
25000/29986
26000/29986
27000/29986
28000/29986
29000/29986
File 47 out of 67
Total Entries is:
26879
0/26879
1000/26879
2000/26879
3000/26879
4000/26879
5000/26879
6000/26879
7000/26879
8000/26879
9000/26879
10000/26879
11000/26879
12000/26879
13000/26879
14000/26879
15000/26879
16000/26879
17000/26879
18000/26879
19000/26879
20000/26879
21000/26879
22000/26879
23000/26879
24000/26879
25000/26879
26000/26879
File 48 out of 67
Total Entries is:
33055
0/33055
1000/33055
2000/33055
3000/33055
4000/33055
5000/33055
6000/33055
7000/33055
8000/33055
9000/33055
10000/33055
11000/33055
12000/33055
13000/33055
14000/33055
15000/33055
16000/33055
17000/33055
18000/33055
19000/33055
20000/33055
21000/33055
22000/33055
23000/33055
24000/33055
25000/33055
26000/33055
27000/33055
28000/33055
29000/33055
30000/33055
31000/33055
32000/33055
33000/33055
File 49 out of 67
Total Entries is:
34966
0/34966
1000/34966
2000/34966
3000/34966
4000/34966
5000/34966
6000/34966
7000/34966
8000/34966
9000/34966
10000/34966
11000/34966
12000/34966
13000/34966
14000/34966
15000/34966
16000/34966
17000/34966
18000/34966
19000/34966
20000/34966
21000/34966
22000/34966
23000/34966
24000/34966
25000/34966
26000/34966
27000/34966
28000/34966
29000/34966
30000/34966
31000/34966
32000/34966
33000/34966
34000/34966
File 50 out of 67
Total Entries is:
30304
0/30304
1000/30304
2000/30304
3000/30304
4000/30304
5000/30304
6000/30304
7000/30304
8000/30304
9000/30304
10000/30304
11000/30304
12000/30304
13000/30304
14000/30304
15000/30304
16000/30304
17000/30304
18000/30304
19000/30304
20000/30304
21000/30304
22000/30304
23000/30304
24000/30304
25000/30304
26000/30304
27000/30304
28000/30304
29000/30304
30000/30304
File 51 out of 67
Total Entries is:
30734
0/30734
1000/30734
2000/30734
3000/30734
4000/30734
5000/30734
6000/30734
7000/30734
8000/30734
9000/30734
10000/30734
11000/30734
12000/30734
13000/30734
14000/30734
15000/30734
16000/30734
17000/30734
18000/30734
19000/30734
20000/30734
21000/30734
22000/30734
23000/30734
24000/30734
25000/30734
26000/30734
27000/30734
28000/30734
29000/30734
30000/30734
File 52 out of 67
Total Entries is:
30527
0/30527
1000/30527
2000/30527
3000/30527
4000/30527
5000/30527
6000/30527
7000/30527
8000/30527
9000/30527
10000/30527
11000/30527
12000/30527
13000/30527
14000/30527
15000/30527
16000/30527
17000/30527
18000/30527
19000/30527
20000/30527
21000/30527
22000/30527
23000/30527
24000/30527
25000/30527
26000/30527
27000/30527
28000/30527
29000/30527
30000/30527
File 53 out of 67
Total Entries is:
29883
0/29883
1000/29883
2000/29883
3000/29883
4000/29883
5000/29883
6000/29883
7000/29883
8000/29883
9000/29883
10000/29883
11000/29883
12000/29883
13000/29883
14000/29883
15000/29883
16000/29883
17000/29883
18000/29883
19000/29883
20000/29883
21000/29883
22000/29883
23000/29883
24000/29883
25000/29883
26000/29883
27000/29883
28000/29883
29000/29883
File 54 out of 67
Total Entries is:
24161
0/24161
1000/24161
2000/24161
3000/24161
4000/24161
5000/24161
6000/24161
7000/24161
8000/24161
9000/24161
10000/24161
11000/24161
12000/24161
13000/24161
14000/24161
15000/24161
16000/24161
17000/24161
18000/24161
19000/24161
20000/24161
21000/24161
22000/24161
23000/24161
24000/24161
File 55 out of 67
Total Entries is:
33540
0/33540
1000/33540
2000/33540
3000/33540
4000/33540
5000/33540
6000/33540
7000/33540
8000/33540
9000/33540
10000/33540
11000/33540
12000/33540
13000/33540
14000/33540
15000/33540
16000/33540
17000/33540
18000/33540
19000/33540
20000/33540
21000/33540
22000/33540
23000/33540
24000/33540
25000/33540
26000/33540
27000/33540
28000/33540
29000/33540
30000/33540
31000/33540
32000/33540
33000/33540
File 56 out of 67
Total Entries is:
32444
0/32444
1000/32444
2000/32444
3000/32444
4000/32444
5000/32444
6000/32444
7000/32444
8000/32444
9000/32444
10000/32444
11000/32444
12000/32444
13000/32444
14000/32444
15000/32444
16000/32444
17000/32444
18000/32444
19000/32444
20000/32444
21000/32444
22000/32444
23000/32444
24000/32444
25000/32444
26000/32444
27000/32444
28000/32444
29000/32444
30000/32444
31000/32444
32000/32444
File 57 out of 67
Total Entries is:
29857
0/29857
1000/29857
2000/29857
3000/29857
4000/29857
5000/29857
6000/29857
7000/29857
8000/29857
9000/29857
10000/29857
11000/29857
12000/29857
13000/29857
14000/29857
15000/29857
16000/29857
17000/29857
18000/29857
19000/29857
20000/29857
21000/29857
22000/29857
23000/29857
24000/29857
25000/29857
26000/29857
27000/29857
28000/29857
29000/29857
File 58 out of 67
Total Entries is:
22530
0/22530
1000/22530
2000/22530
3000/22530
4000/22530
5000/22530
6000/22530
7000/22530
8000/22530
9000/22530
10000/22530
11000/22530
12000/22530
13000/22530
14000/22530
15000/22530
16000/22530
17000/22530
18000/22530
19000/22530
20000/22530
21000/22530
22000/22530
File 59 out of 67
Total Entries is:
28978
0/28978
1000/28978
2000/28978
3000/28978
4000/28978
5000/28978
6000/28978
7000/28978
8000/28978
9000/28978
10000/28978
11000/28978
12000/28978
13000/28978
14000/28978
15000/28978
16000/28978
17000/28978
18000/28978
19000/28978
20000/28978
21000/28978
22000/28978
23000/28978
24000/28978
25000/28978
26000/28978
27000/28978
28000/28978
File 60 out of 67
Total Entries is:
28128
0/28128
1000/28128
2000/28128
3000/28128
4000/28128
5000/28128
6000/28128
7000/28128
8000/28128
9000/28128
10000/28128
11000/28128
12000/28128
13000/28128
14000/28128
15000/28128
16000/28128
17000/28128
18000/28128
19000/28128
20000/28128
21000/28128
22000/28128
23000/28128
24000/28128
25000/28128
26000/28128
27000/28128
28000/28128
File 61 out of 67
Total Entries is:
26943
0/26943
1000/26943
2000/26943
3000/26943
4000/26943
5000/26943
6000/26943
7000/26943
8000/26943
9000/26943
10000/26943
11000/26943
12000/26943
13000/26943
14000/26943
15000/26943
16000/26943
17000/26943
18000/26943
19000/26943
20000/26943
21000/26943
22000/26943
23000/26943
24000/26943
25000/26943
26000/26943
File 62 out of 67
Total Entries is:
27133
0/27133
1000/27133
2000/27133
3000/27133
4000/27133
5000/27133
6000/27133
7000/27133
8000/27133
9000/27133
10000/27133
11000/27133
12000/27133
13000/27133
14000/27133
15000/27133
16000/27133
17000/27133
18000/27133
19000/27133
20000/27133
21000/27133
22000/27133
23000/27133
24000/27133
25000/27133
26000/27133
27000/27133
File 63 out of 67
Total Entries is:
27645
0/27645
1000/27645
2000/27645
3000/27645
4000/27645
5000/27645
6000/27645
7000/27645
8000/27645
9000/27645
10000/27645
11000/27645
12000/27645
13000/27645
14000/27645
15000/27645
16000/27645
17000/27645
18000/27645
19000/27645
20000/27645
21000/27645
22000/27645
23000/27645
24000/27645
25000/27645
26000/27645
27000/27645
File 64 out of 67
Total Entries is:
27273
0/27273
1000/27273
2000/27273
3000/27273
4000/27273
5000/27273
6000/27273
7000/27273
8000/27273
9000/27273
10000/27273
11000/27273
12000/27273
13000/27273
14000/27273
15000/27273
16000/27273
17000/27273
18000/27273
19000/27273
20000/27273
21000/27273
22000/27273
23000/27273
24000/27273
25000/27273
26000/27273
27000/27273
File 65 out of 67
Total Entries is:
25485
0/25485
1000/25485
2000/25485
3000/25485
4000/25485
5000/25485
6000/25485
7000/25485
8000/25485
9000/25485
10000/25485
11000/25485
12000/25485
13000/25485
14000/25485
15000/25485
16000/25485
17000/25485
18000/25485
19000/25485
20000/25485
21000/25485
22000/25485
23000/25485
24000/25485
25000/25485
File 66 out of 67
Total Entries is:
24740
0/24740
1000/24740
2000/24740
3000/24740
4000/24740
5000/24740
6000/24740
7000/24740
8000/24740
9000/24740
10000/24740
11000/24740
12000/24740
13000/24740
14000/24740
15000/24740
16000/24740
17000/24740
18000/24740
19000/24740
20000/24740
21000/24740
22000/24740
23000/24740
24000/24740
File 67 out of 67
Total Entries is:
21259
0/21259
1000/21259
2000/21259
3000/21259
4000/21259
5000/21259
6000/21259
7000/21259
8000/21259
9000/21259
10000/21259
11000/21259
12000/21259
13000/21259
14000/21259
15000/21259
16000/21259
17000/21259
18000/21259
19000/21259
20000/21259
21000/21259
skipper is: 912732236
tripper is: 1001140036
ppt is 1 and trk is 1
***
hSig ent are: 77514868 ... and hBack ent are: 7.75149e+08
***
ppt is 2 and trk is 1
***
hSig ent are: 1668496 ... and hBack ent are: 1.66913e+07
***
ppt is 3 and trk is 1
***
hSig ent are: 1005376 ... and hBack ent are: 1.00584e+07
***
ppt is 1 and trk is 2
***
hSig ent are: 658425056 ... and hBack ent are: 6.58427e+09
***
ppt is 2 and trk is 2
***
hSig ent are: 29636276 ... and hBack ent are: 2.96373e+08
***
ppt is 3 and trk is 2
***
hSig ent are: 34030672 ... and hBack ent are: 3.4031e+08
***
ppt is 1 and trk is 3
***
hSig ent are: 683438044 ... and hBack ent are: 6.83441e+09
***
ppt is 2 and trk is 3
***
hSig ent are: 50991212 ... and hBack ent are: 5.09924e+08
***
ppt is 3 and trk is 3
***
hSig ent are: 74848204 ... and hBack ent are: 7.48488e+08
***
ppt is 1 and trk is 4
***
hSig ent are: 254312564 ... and hBack ent are: 2.54313e+09
***
ppt is 2 and trk is 4
***
hSig ent are: 24634928 ... and hBack ent are: 2.4638e+08
***
ppt is 3 and trk is 4
***
hSig ent are: 40412848 ... and hBack ent are: 4.04151e+08
***
ppt is 1 and trk is 5
***
hSig ent are: 48283656 ... and hBack ent are: 4.82879e+08
***
ppt is 2 and trk is 5
***
hSig ent are: 5270120 ... and hBack ent are: 5.27149e+07
***
ppt is 3 and trk is 5
***
hSig ent are: 9184160 ... and hBack ent are: 9.18435e+07
***
ppt is 1 and trk is 6
***
hSig ent are: 5894132 ... and hBack ent are: 5.8944e+07
***
ppt is 2 and trk is 6
***
hSig ent are: 690160 ... and hBack ent are: 6.90376e+06
***
ppt is 3 and trk is 6
***
hSig ent are: 1274912 ... and hBack ent are: 1.27556e+07
***
ppt is 1 and trk is 7
***
hSig ent are: 552524 ... and hBack ent are: 5.52955e+06
***
ppt is 2 and trk is 7
***
hSig ent are: 68880 ... and hBack ent are: 689730
***
ppt is 3 and trk is 7
***
hSig ent are: 142984 ... and hBack ent are: 1.43161e+06
***
Time: 3988.84 seconds.
Split Times (in seconds)...
Start Up        0          (0 %)
Opening Files   0.103      (0.00258 %)
Loading Events  1.61e+03   (40.3 %)
Event Selection 895        (22.4 %)
Jet Selection   0.364      (0.00912 %)
Track Loops     805        (20.2 %)
EndJob          681        (17.1 %)
Split Total: 3.99e+03s
