Starting event loop
Total Number of Files in this Job: 68
File 1 out of 68
Total Entries is:
23942
0/23942
1000/23942
2000/23942
3000/23942
4000/23942
5000/23942
6000/23942
7000/23942
8000/23942
9000/23942
10000/23942
11000/23942
12000/23942
13000/23942
14000/23942
15000/23942
16000/23942
17000/23942
18000/23942
19000/23942
20000/23942
21000/23942
22000/23942
23000/23942
File 2 out of 68
Total Entries is:
21463
0/21463
1000/21463
2000/21463
3000/21463
4000/21463
5000/21463
6000/21463
7000/21463
8000/21463
9000/21463
10000/21463
11000/21463
12000/21463
13000/21463
14000/21463
15000/21463
16000/21463
17000/21463
18000/21463
19000/21463
20000/21463
21000/21463
File 3 out of 68
Total Entries is:
31327
0/31327
1000/31327
2000/31327
3000/31327
4000/31327
5000/31327
6000/31327
7000/31327
8000/31327
9000/31327
10000/31327
11000/31327
12000/31327
13000/31327
14000/31327
15000/31327
16000/31327
17000/31327
18000/31327
19000/31327
20000/31327
21000/31327
22000/31327
23000/31327
24000/31327
25000/31327
26000/31327
27000/31327
28000/31327
29000/31327
30000/31327
31000/31327
File 4 out of 68
Total Entries is:
28736
0/28736
1000/28736
2000/28736
3000/28736
4000/28736
5000/28736
6000/28736
7000/28736
8000/28736
9000/28736
10000/28736
11000/28736
12000/28736
13000/28736
14000/28736
15000/28736
16000/28736
17000/28736
18000/28736
19000/28736
20000/28736
21000/28736
22000/28736
23000/28736
24000/28736
25000/28736
26000/28736
27000/28736
28000/28736
File 5 out of 68
Total Entries is:
27165
0/27165
1000/27165
2000/27165
3000/27165
4000/27165
5000/27165
6000/27165
7000/27165
8000/27165
9000/27165
10000/27165
11000/27165
12000/27165
13000/27165
14000/27165
15000/27165
16000/27165
17000/27165
18000/27165
19000/27165
20000/27165
21000/27165
22000/27165
23000/27165
24000/27165
25000/27165
26000/27165
27000/27165
File 6 out of 68
Total Entries is:
27740
0/27740
1000/27740
2000/27740
3000/27740
4000/27740
5000/27740
6000/27740
7000/27740
8000/27740
9000/27740
10000/27740
11000/27740
12000/27740
13000/27740
14000/27740
15000/27740
16000/27740
17000/27740
18000/27740
19000/27740
20000/27740
21000/27740
22000/27740
23000/27740
24000/27740
25000/27740
26000/27740
27000/27740
File 7 out of 68
Total Entries is:
33016
0/33016
1000/33016
2000/33016
3000/33016
4000/33016
5000/33016
6000/33016
7000/33016
8000/33016
9000/33016
10000/33016
11000/33016
12000/33016
13000/33016
14000/33016
15000/33016
16000/33016
17000/33016
18000/33016
19000/33016
20000/33016
21000/33016
22000/33016
23000/33016
24000/33016
25000/33016
26000/33016
27000/33016
28000/33016
29000/33016
30000/33016
31000/33016
32000/33016
33000/33016
File 8 out of 68
Total Entries is:
24885
0/24885
1000/24885
2000/24885
3000/24885
4000/24885
5000/24885
6000/24885
7000/24885
8000/24885
9000/24885
10000/24885
11000/24885
12000/24885
13000/24885
14000/24885
15000/24885
16000/24885
17000/24885
18000/24885
19000/24885
20000/24885
21000/24885
22000/24885
23000/24885
24000/24885
File 9 out of 68
Total Entries is:
28913
0/28913
1000/28913
2000/28913
3000/28913
4000/28913
5000/28913
6000/28913
7000/28913
8000/28913
9000/28913
10000/28913
11000/28913
12000/28913
13000/28913
14000/28913
15000/28913
16000/28913
17000/28913
18000/28913
19000/28913
20000/28913
21000/28913
22000/28913
23000/28913
24000/28913
25000/28913
26000/28913
27000/28913
28000/28913
File 10 out of 68
Total Entries is:
29525
0/29525
1000/29525
2000/29525
3000/29525
4000/29525
5000/29525
6000/29525
7000/29525
8000/29525
9000/29525
10000/29525
11000/29525
12000/29525
13000/29525
14000/29525
15000/29525
16000/29525
17000/29525
18000/29525
19000/29525
20000/29525
21000/29525
22000/29525
23000/29525
24000/29525
25000/29525
26000/29525
27000/29525
28000/29525
29000/29525
File 11 out of 68
Total Entries is:
27987
0/27987
1000/27987
2000/27987
3000/27987
4000/27987
5000/27987
6000/27987
7000/27987
8000/27987
9000/27987
10000/27987
11000/27987
12000/27987
13000/27987
14000/27987
15000/27987
16000/27987
17000/27987
18000/27987
19000/27987
20000/27987
21000/27987
22000/27987
23000/27987
24000/27987
25000/27987
26000/27987
27000/27987
File 12 out of 68
Total Entries is:
30113
0/30113
1000/30113
2000/30113
3000/30113
4000/30113
5000/30113
6000/30113
7000/30113
8000/30113
9000/30113
10000/30113
11000/30113
12000/30113
13000/30113
14000/30113
15000/30113
16000/30113
17000/30113
18000/30113
19000/30113
20000/30113
21000/30113
22000/30113
23000/30113
24000/30113
25000/30113
26000/30113
27000/30113
28000/30113
29000/30113
30000/30113
File 13 out of 68
Total Entries is:
27963
0/27963
1000/27963
2000/27963
3000/27963
4000/27963
5000/27963
6000/27963
7000/27963
8000/27963
9000/27963
10000/27963
11000/27963
12000/27963
13000/27963
14000/27963
15000/27963
16000/27963
17000/27963
18000/27963
19000/27963
20000/27963
21000/27963
22000/27963
23000/27963
24000/27963
25000/27963
26000/27963
27000/27963
File 14 out of 68
Total Entries is:
16494
0/16494
1000/16494
2000/16494
3000/16494
4000/16494
5000/16494
6000/16494
7000/16494
8000/16494
9000/16494
10000/16494
11000/16494
12000/16494
13000/16494
14000/16494
15000/16494
16000/16494
File 15 out of 68
Total Entries is:
25422
0/25422
1000/25422
2000/25422
3000/25422
4000/25422
5000/25422
6000/25422
7000/25422
8000/25422
9000/25422
10000/25422
11000/25422
12000/25422
13000/25422
14000/25422
15000/25422
16000/25422
17000/25422
18000/25422
19000/25422
20000/25422
21000/25422
22000/25422
23000/25422
24000/25422
25000/25422
File 16 out of 68
Total Entries is:
29596
0/29596
1000/29596
2000/29596
3000/29596
4000/29596
5000/29596
6000/29596
7000/29596
8000/29596
9000/29596
10000/29596
11000/29596
12000/29596
13000/29596
14000/29596
15000/29596
16000/29596
17000/29596
18000/29596
19000/29596
20000/29596
21000/29596
22000/29596
23000/29596
24000/29596
25000/29596
26000/29596
27000/29596
28000/29596
29000/29596
File 17 out of 68
Total Entries is:
30226
0/30226
1000/30226
2000/30226
3000/30226
4000/30226
5000/30226
6000/30226
7000/30226
8000/30226
9000/30226
10000/30226
11000/30226
12000/30226
13000/30226
14000/30226
15000/30226
16000/30226
17000/30226
18000/30226
19000/30226
20000/30226
21000/30226
22000/30226
23000/30226
24000/30226
25000/30226
26000/30226
27000/30226
28000/30226
29000/30226
30000/30226
File 18 out of 68
Total Entries is:
26743
0/26743
1000/26743
2000/26743
3000/26743
4000/26743
5000/26743
6000/26743
7000/26743
8000/26743
9000/26743
10000/26743
11000/26743
12000/26743
13000/26743
14000/26743
15000/26743
16000/26743
17000/26743
18000/26743
19000/26743
20000/26743
21000/26743
22000/26743
23000/26743
24000/26743
25000/26743
26000/26743
File 19 out of 68
Total Entries is:
19035
0/19035
1000/19035
2000/19035
3000/19035
4000/19035
5000/19035
6000/19035
7000/19035
8000/19035
9000/19035
10000/19035
11000/19035
12000/19035
13000/19035
14000/19035
15000/19035
16000/19035
17000/19035
18000/19035
19000/19035
File 20 out of 68
Total Entries is:
28098
0/28098
1000/28098
2000/28098
3000/28098
4000/28098
5000/28098
6000/28098
7000/28098
8000/28098
9000/28098
10000/28098
11000/28098
12000/28098
13000/28098
14000/28098
15000/28098
16000/28098
17000/28098
18000/28098
19000/28098
20000/28098
21000/28098
22000/28098
23000/28098
24000/28098
25000/28098
26000/28098
27000/28098
28000/28098
File 21 out of 68
Total Entries is:
26716
0/26716
1000/26716
2000/26716
3000/26716
4000/26716
5000/26716
6000/26716
7000/26716
8000/26716
9000/26716
10000/26716
11000/26716
12000/26716
13000/26716
14000/26716
15000/26716
16000/26716
17000/26716
18000/26716
19000/26716
20000/26716
21000/26716
22000/26716
23000/26716
24000/26716
25000/26716
26000/26716
File 22 out of 68
Total Entries is:
27779
0/27779
1000/27779
2000/27779
3000/27779
4000/27779
5000/27779
6000/27779
7000/27779
8000/27779
9000/27779
10000/27779
11000/27779
12000/27779
13000/27779
14000/27779
15000/27779
16000/27779
17000/27779
18000/27779
19000/27779
20000/27779
21000/27779
22000/27779
23000/27779
24000/27779
25000/27779
26000/27779
27000/27779
File 23 out of 68
Total Entries is:
27521
0/27521
1000/27521
2000/27521
3000/27521
4000/27521
5000/27521
6000/27521
7000/27521
8000/27521
9000/27521
10000/27521
11000/27521
12000/27521
13000/27521
14000/27521
15000/27521
16000/27521
17000/27521
18000/27521
19000/27521
20000/27521
21000/27521
22000/27521
23000/27521
24000/27521
25000/27521
26000/27521
27000/27521
File 24 out of 68
Total Entries is:
30419
0/30419
1000/30419
2000/30419
3000/30419
4000/30419
5000/30419
6000/30419
7000/30419
8000/30419
9000/30419
10000/30419
11000/30419
12000/30419
13000/30419
14000/30419
15000/30419
16000/30419
17000/30419
18000/30419
19000/30419
20000/30419
21000/30419
22000/30419
23000/30419
24000/30419
25000/30419
26000/30419
27000/30419
28000/30419
29000/30419
30000/30419
File 25 out of 68
Total Entries is:
25627
0/25627
1000/25627
2000/25627
3000/25627
4000/25627
5000/25627
6000/25627
7000/25627
8000/25627
9000/25627
10000/25627
11000/25627
12000/25627
13000/25627
14000/25627
15000/25627
16000/25627
17000/25627
18000/25627
19000/25627
20000/25627
21000/25627
22000/25627
23000/25627
24000/25627
25000/25627
File 26 out of 68
Total Entries is:
29749
0/29749
1000/29749
2000/29749
3000/29749
4000/29749
5000/29749
6000/29749
7000/29749
8000/29749
9000/29749
10000/29749
11000/29749
12000/29749
13000/29749
14000/29749
15000/29749
16000/29749
17000/29749
18000/29749
19000/29749
20000/29749
21000/29749
22000/29749
23000/29749
24000/29749
25000/29749
26000/29749
27000/29749
28000/29749
29000/29749
File 27 out of 68
Total Entries is:
30374
0/30374
1000/30374
2000/30374
3000/30374
4000/30374
5000/30374
6000/30374
7000/30374
8000/30374
9000/30374
10000/30374
11000/30374
12000/30374
13000/30374
14000/30374
15000/30374
16000/30374
17000/30374
18000/30374
19000/30374
20000/30374
21000/30374
22000/30374
23000/30374
24000/30374
25000/30374
26000/30374
27000/30374
28000/30374
29000/30374
30000/30374
File 28 out of 68
Total Entries is:
23706
0/23706
1000/23706
2000/23706
3000/23706
4000/23706
5000/23706
6000/23706
7000/23706
8000/23706
9000/23706
10000/23706
11000/23706
12000/23706
13000/23706
14000/23706
15000/23706
16000/23706
17000/23706
18000/23706
19000/23706
20000/23706
21000/23706
22000/23706
23000/23706
File 29 out of 68
Total Entries is:
26658
0/26658
1000/26658
2000/26658
3000/26658
4000/26658
5000/26658
6000/26658
7000/26658
8000/26658
9000/26658
10000/26658
11000/26658
12000/26658
13000/26658
14000/26658
15000/26658
16000/26658
17000/26658
18000/26658
19000/26658
20000/26658
21000/26658
22000/26658
23000/26658
24000/26658
25000/26658
26000/26658
File 30 out of 68
Total Entries is:
29033
0/29033
1000/29033
2000/29033
3000/29033
4000/29033
5000/29033
6000/29033
7000/29033
8000/29033
9000/29033
10000/29033
11000/29033
12000/29033
13000/29033
14000/29033
15000/29033
16000/29033
17000/29033
18000/29033
19000/29033
20000/29033
21000/29033
22000/29033
23000/29033
24000/29033
25000/29033
26000/29033
27000/29033
28000/29033
29000/29033
File 31 out of 68
Total Entries is:
21017
0/21017
1000/21017
2000/21017
3000/21017
4000/21017
5000/21017
6000/21017
7000/21017
8000/21017
9000/21017
10000/21017
11000/21017
12000/21017
13000/21017
14000/21017
15000/21017
16000/21017
17000/21017
18000/21017
19000/21017
20000/21017
21000/21017
File 32 out of 68
Total Entries is:
25173
0/25173
1000/25173
2000/25173
3000/25173
4000/25173
5000/25173
6000/25173
7000/25173
8000/25173
9000/25173
10000/25173
11000/25173
12000/25173
13000/25173
14000/25173
15000/25173
16000/25173
17000/25173
18000/25173
19000/25173
20000/25173
21000/25173
22000/25173
23000/25173
24000/25173
25000/25173
File 33 out of 68
Total Entries is:
31128
0/31128
1000/31128
2000/31128
3000/31128
4000/31128
5000/31128
6000/31128
7000/31128
8000/31128
9000/31128
10000/31128
11000/31128
12000/31128
13000/31128
14000/31128
15000/31128
16000/31128
17000/31128
18000/31128
19000/31128
20000/31128
21000/31128
22000/31128
23000/31128
24000/31128
25000/31128
26000/31128
27000/31128
28000/31128
29000/31128
30000/31128
31000/31128
File 34 out of 68
Total Entries is:
25102
0/25102
1000/25102
2000/25102
3000/25102
4000/25102
5000/25102
6000/25102
7000/25102
8000/25102
9000/25102
10000/25102
11000/25102
12000/25102
13000/25102
14000/25102
15000/25102
16000/25102
17000/25102
18000/25102
19000/25102
20000/25102
21000/25102
22000/25102
23000/25102
24000/25102
25000/25102
File 35 out of 68
Total Entries is:
28382
0/28382
1000/28382
2000/28382
3000/28382
4000/28382
5000/28382
6000/28382
7000/28382
8000/28382
9000/28382
10000/28382
11000/28382
12000/28382
13000/28382
14000/28382
15000/28382
16000/28382
17000/28382
18000/28382
19000/28382
20000/28382
21000/28382
22000/28382
23000/28382
24000/28382
25000/28382
26000/28382
27000/28382
28000/28382
File 36 out of 68
Total Entries is:
28938
0/28938
1000/28938
2000/28938
3000/28938
4000/28938
5000/28938
6000/28938
7000/28938
8000/28938
9000/28938
10000/28938
11000/28938
12000/28938
13000/28938
14000/28938
15000/28938
16000/28938
17000/28938
18000/28938
19000/28938
20000/28938
21000/28938
22000/28938
23000/28938
24000/28938
25000/28938
26000/28938
27000/28938
28000/28938
File 37 out of 68
Total Entries is:
26965
0/26965
1000/26965
2000/26965
3000/26965
4000/26965
5000/26965
6000/26965
7000/26965
8000/26965
9000/26965
10000/26965
11000/26965
12000/26965
13000/26965
14000/26965
15000/26965
16000/26965
17000/26965
18000/26965
19000/26965
20000/26965
21000/26965
22000/26965
23000/26965
24000/26965
25000/26965
26000/26965
File 38 out of 68
Total Entries is:
23157
0/23157
1000/23157
2000/23157
3000/23157
4000/23157
5000/23157
6000/23157
7000/23157
8000/23157
9000/23157
10000/23157
11000/23157
12000/23157
13000/23157
14000/23157
15000/23157
16000/23157
17000/23157
18000/23157
19000/23157
20000/23157
21000/23157
22000/23157
23000/23157
File 39 out of 68
Total Entries is:
32685
0/32685
1000/32685
2000/32685
3000/32685
4000/32685
5000/32685
6000/32685
7000/32685
8000/32685
9000/32685
10000/32685
11000/32685
12000/32685
13000/32685
14000/32685
15000/32685
16000/32685
17000/32685
18000/32685
19000/32685
20000/32685
21000/32685
22000/32685
23000/32685
24000/32685
25000/32685
26000/32685
27000/32685
28000/32685
29000/32685
30000/32685
31000/32685
32000/32685
File 40 out of 68
Total Entries is:
28965
0/28965
1000/28965
2000/28965
3000/28965
4000/28965
5000/28965
6000/28965
7000/28965
8000/28965
9000/28965
10000/28965
11000/28965
12000/28965
13000/28965
14000/28965
15000/28965
16000/28965
17000/28965
18000/28965
19000/28965
20000/28965
21000/28965
22000/28965
23000/28965
24000/28965
25000/28965
26000/28965
27000/28965
28000/28965
File 41 out of 68
Total Entries is:
21258
0/21258
1000/21258
2000/21258
3000/21258
4000/21258
5000/21258
6000/21258
7000/21258
8000/21258
9000/21258
10000/21258
11000/21258
12000/21258
13000/21258
14000/21258
15000/21258
16000/21258
17000/21258
18000/21258
19000/21258
20000/21258
21000/21258
File 42 out of 68
Total Entries is:
27482
0/27482
1000/27482
2000/27482
3000/27482
4000/27482
5000/27482
6000/27482
7000/27482
8000/27482
9000/27482
10000/27482
11000/27482
12000/27482
13000/27482
14000/27482
15000/27482
16000/27482
17000/27482
18000/27482
19000/27482
20000/27482
21000/27482
22000/27482
23000/27482
24000/27482
25000/27482
26000/27482
27000/27482
File 43 out of 68
Total Entries is:
31628
0/31628
1000/31628
2000/31628
3000/31628
4000/31628
5000/31628
6000/31628
7000/31628
8000/31628
9000/31628
10000/31628
11000/31628
12000/31628
13000/31628
14000/31628
15000/31628
16000/31628
17000/31628
18000/31628
19000/31628
20000/31628
21000/31628
22000/31628
23000/31628
24000/31628
25000/31628
26000/31628
27000/31628
28000/31628
29000/31628
30000/31628
31000/31628
File 44 out of 68
Total Entries is:
30296
0/30296
1000/30296
2000/30296
3000/30296
4000/30296
5000/30296
6000/30296
7000/30296
8000/30296
9000/30296
10000/30296
11000/30296
12000/30296
13000/30296
14000/30296
15000/30296
16000/30296
17000/30296
18000/30296
19000/30296
20000/30296
21000/30296
22000/30296
23000/30296
24000/30296
25000/30296
26000/30296
27000/30296
28000/30296
29000/30296
30000/30296
File 45 out of 68
Total Entries is:
28623
0/28623
1000/28623
2000/28623
3000/28623
4000/28623
5000/28623
6000/28623
7000/28623
8000/28623
9000/28623
10000/28623
11000/28623
12000/28623
13000/28623
14000/28623
15000/28623
16000/28623
17000/28623
18000/28623
19000/28623
20000/28623
21000/28623
22000/28623
23000/28623
24000/28623
25000/28623
26000/28623
27000/28623
28000/28623
File 46 out of 68
Total Entries is:
30347
0/30347
1000/30347
2000/30347
3000/30347
4000/30347
5000/30347
6000/30347
7000/30347
8000/30347
9000/30347
10000/30347
11000/30347
12000/30347
13000/30347
14000/30347
15000/30347
16000/30347
17000/30347
18000/30347
19000/30347
20000/30347
21000/30347
22000/30347
23000/30347
24000/30347
25000/30347
26000/30347
27000/30347
28000/30347
29000/30347
30000/30347
File 47 out of 68
Total Entries is:
26365
0/26365
1000/26365
2000/26365
3000/26365
4000/26365
5000/26365
6000/26365
7000/26365
8000/26365
9000/26365
10000/26365
11000/26365
12000/26365
13000/26365
14000/26365
15000/26365
16000/26365
17000/26365
18000/26365
19000/26365
20000/26365
21000/26365
22000/26365
23000/26365
24000/26365
25000/26365
26000/26365
File 48 out of 68
Total Entries is:
28698
0/28698
1000/28698
2000/28698
3000/28698
4000/28698
5000/28698
6000/28698
7000/28698
8000/28698
9000/28698
10000/28698
11000/28698
12000/28698
13000/28698
14000/28698
15000/28698
16000/28698
17000/28698
18000/28698
19000/28698
20000/28698
21000/28698
22000/28698
23000/28698
24000/28698
25000/28698
26000/28698
27000/28698
28000/28698
File 49 out of 68
Total Entries is:
29749
0/29749
1000/29749
2000/29749
3000/29749
4000/29749
5000/29749
6000/29749
7000/29749
8000/29749
9000/29749
10000/29749
11000/29749
12000/29749
13000/29749
14000/29749
15000/29749
16000/29749
17000/29749
18000/29749
19000/29749
20000/29749
21000/29749
22000/29749
23000/29749
24000/29749
25000/29749
26000/29749
27000/29749
28000/29749
29000/29749
File 50 out of 68
Total Entries is:
32387
0/32387
1000/32387
2000/32387
3000/32387
4000/32387
5000/32387
6000/32387
7000/32387
8000/32387
9000/32387
10000/32387
11000/32387
12000/32387
13000/32387
14000/32387
15000/32387
16000/32387
17000/32387
18000/32387
19000/32387
20000/32387
21000/32387
22000/32387
23000/32387
24000/32387
25000/32387
26000/32387
27000/32387
28000/32387
29000/32387
30000/32387
31000/32387
32000/32387
File 51 out of 68
Total Entries is:
27443
0/27443
1000/27443
2000/27443
3000/27443
4000/27443
5000/27443
6000/27443
7000/27443
8000/27443
9000/27443
10000/27443
11000/27443
12000/27443
13000/27443
14000/27443
15000/27443
16000/27443
17000/27443
18000/27443
19000/27443
20000/27443
21000/27443
22000/27443
23000/27443
24000/27443
25000/27443
26000/27443
27000/27443
File 52 out of 68
Total Entries is:
27958
0/27958
1000/27958
2000/27958
3000/27958
4000/27958
5000/27958
6000/27958
7000/27958
8000/27958
9000/27958
10000/27958
11000/27958
12000/27958
13000/27958
14000/27958
15000/27958
16000/27958
17000/27958
18000/27958
19000/27958
20000/27958
21000/27958
22000/27958
23000/27958
24000/27958
25000/27958
26000/27958
27000/27958
File 53 out of 68
Total Entries is:
30642
0/30642
1000/30642
2000/30642
3000/30642
4000/30642
5000/30642
6000/30642
7000/30642
8000/30642
9000/30642
10000/30642
11000/30642
12000/30642
13000/30642
14000/30642
15000/30642
16000/30642
17000/30642
18000/30642
19000/30642
20000/30642
21000/30642
22000/30642
23000/30642
24000/30642
25000/30642
26000/30642
27000/30642
28000/30642
29000/30642
30000/30642
File 54 out of 68
Total Entries is:
26406
0/26406
1000/26406
2000/26406
3000/26406
4000/26406
5000/26406
6000/26406
7000/26406
8000/26406
9000/26406
10000/26406
11000/26406
12000/26406
13000/26406
14000/26406
15000/26406
16000/26406
17000/26406
18000/26406
19000/26406
20000/26406
21000/26406
22000/26406
23000/26406
24000/26406
25000/26406
26000/26406
File 55 out of 68
Total Entries is:
25050
0/25050
1000/25050
2000/25050
3000/25050
4000/25050
5000/25050
6000/25050
7000/25050
8000/25050
9000/25050
10000/25050
11000/25050
12000/25050
13000/25050
14000/25050
15000/25050
16000/25050
17000/25050
18000/25050
19000/25050
20000/25050
21000/25050
22000/25050
23000/25050
24000/25050
25000/25050
File 56 out of 68
Total Entries is:
29020
0/29020
1000/29020
2000/29020
3000/29020
4000/29020
5000/29020
6000/29020
7000/29020
8000/29020
9000/29020
10000/29020
11000/29020
12000/29020
13000/29020
14000/29020
15000/29020
16000/29020
17000/29020
18000/29020
19000/29020
20000/29020
21000/29020
22000/29020
23000/29020
24000/29020
25000/29020
26000/29020
27000/29020
28000/29020
29000/29020
File 57 out of 68
Total Entries is:
23865
0/23865
1000/23865
2000/23865
3000/23865
4000/23865
5000/23865
6000/23865
7000/23865
8000/23865
9000/23865
10000/23865
11000/23865
12000/23865
13000/23865
14000/23865
15000/23865
16000/23865
17000/23865
18000/23865
19000/23865
20000/23865
21000/23865
22000/23865
23000/23865
File 58 out of 68
Total Entries is:
23228
0/23228
1000/23228
2000/23228
3000/23228
4000/23228
5000/23228
6000/23228
7000/23228
8000/23228
9000/23228
10000/23228
11000/23228
12000/23228
13000/23228
14000/23228
15000/23228
16000/23228
17000/23228
18000/23228
19000/23228
20000/23228
21000/23228
22000/23228
23000/23228
File 59 out of 68
Total Entries is:
31201
0/31201
1000/31201
2000/31201
3000/31201
4000/31201
5000/31201
6000/31201
7000/31201
8000/31201
9000/31201
10000/31201
11000/31201
12000/31201
13000/31201
14000/31201
15000/31201
16000/31201
17000/31201
18000/31201
19000/31201
20000/31201
21000/31201
22000/31201
23000/31201
24000/31201
25000/31201
26000/31201
27000/31201
28000/31201
29000/31201
30000/31201
31000/31201
File 60 out of 68
Total Entries is:
32051
0/32051
1000/32051
2000/32051
3000/32051
4000/32051
5000/32051
6000/32051
7000/32051
8000/32051
9000/32051
10000/32051
11000/32051
12000/32051
13000/32051
14000/32051
15000/32051
16000/32051
17000/32051
18000/32051
19000/32051
20000/32051
21000/32051
22000/32051
23000/32051
24000/32051
25000/32051
26000/32051
27000/32051
28000/32051
29000/32051
30000/32051
31000/32051
32000/32051
File 61 out of 68
Total Entries is:
33099
0/33099
1000/33099
2000/33099
3000/33099
4000/33099
5000/33099
6000/33099
7000/33099
8000/33099
9000/33099
10000/33099
11000/33099
12000/33099
13000/33099
14000/33099
15000/33099
16000/33099
17000/33099
18000/33099
19000/33099
20000/33099
21000/33099
22000/33099
23000/33099
24000/33099
25000/33099
26000/33099
27000/33099
28000/33099
29000/33099
30000/33099
31000/33099
32000/33099
33000/33099
File 62 out of 68
Total Entries is:
25898
0/25898
1000/25898
2000/25898
3000/25898
4000/25898
5000/25898
6000/25898
7000/25898
8000/25898
9000/25898
10000/25898
11000/25898
12000/25898
13000/25898
14000/25898
15000/25898
16000/25898
17000/25898
18000/25898
19000/25898
20000/25898
21000/25898
22000/25898
23000/25898
24000/25898
25000/25898
File 63 out of 68
Total Entries is:
27830
0/27830
1000/27830
2000/27830
3000/27830
4000/27830
5000/27830
6000/27830
7000/27830
8000/27830
9000/27830
10000/27830
11000/27830
12000/27830
13000/27830
14000/27830
15000/27830
16000/27830
17000/27830
18000/27830
19000/27830
20000/27830
21000/27830
22000/27830
23000/27830
24000/27830
25000/27830
26000/27830
27000/27830
File 64 out of 68
Total Entries is:
17663
0/17663
1000/17663
2000/17663
3000/17663
4000/17663
5000/17663
6000/17663
7000/17663
8000/17663
9000/17663
10000/17663
11000/17663
12000/17663
13000/17663
14000/17663
15000/17663
16000/17663
17000/17663
File 65 out of 68
Total Entries is:
28393
0/28393
1000/28393
2000/28393
3000/28393
4000/28393
5000/28393
6000/28393
7000/28393
8000/28393
9000/28393
10000/28393
11000/28393
12000/28393
13000/28393
14000/28393
15000/28393
16000/28393
17000/28393
18000/28393
19000/28393
20000/28393
21000/28393
22000/28393
23000/28393
24000/28393
25000/28393
26000/28393
27000/28393
28000/28393
File 66 out of 68
Total Entries is:
26270
0/26270
1000/26270
2000/26270
3000/26270
4000/26270
5000/26270
6000/26270
7000/26270
8000/26270
9000/26270
10000/26270
11000/26270
12000/26270
13000/26270
14000/26270
15000/26270
16000/26270
17000/26270
18000/26270
19000/26270
20000/26270
21000/26270
22000/26270
23000/26270
24000/26270
25000/26270
26000/26270
File 67 out of 68
Total Entries is:
28363
0/28363
1000/28363
2000/28363
3000/28363
4000/28363
5000/28363
6000/28363
7000/28363
8000/28363
9000/28363
10000/28363
11000/28363
12000/28363
13000/28363
14000/28363
15000/28363
16000/28363
17000/28363
18000/28363
19000/28363
20000/28363
21000/28363
22000/28363
23000/28363
24000/28363
25000/28363
26000/28363
27000/28363
28000/28363
File 68 out of 68
Total Entries is:
27447
0/27447
1000/27447
2000/27447
3000/27447
4000/27447
5000/27447
6000/27447
7000/27447
8000/27447
9000/27447
10000/27447
11000/27447
12000/27447
13000/27447
14000/27447
15000/27447
16000/27447
17000/27447
18000/27447
19000/27447
20000/27447
21000/27447
22000/27447
23000/27447
24000/27447
25000/27447
26000/27447
27000/27447
skipper is: 903338030
tripper is: 990823114
ppt is 1 and trk is 1
***
hSig ent are: 76280528 ... and hBack ent are: 7.62837e+08
***
ppt is 2 and trk is 1
***
hSig ent are: 1652240 ... and hBack ent are: 1.65283e+07
***
ppt is 3 and trk is 1
***
hSig ent are: 983392 ... and hBack ent are: 9.83763e+06
***
ppt is 1 and trk is 2
***
hSig ent are: 649736664 ... and hBack ent are: 6.49741e+09
***
ppt is 2 and trk is 2
***
hSig ent are: 29290852 ... and hBack ent are: 2.9294e+08
***
ppt is 3 and trk is 2
***
hSig ent are: 33522736 ... and hBack ent are: 3.35238e+08
***
ppt is 1 and trk is 3
***
hSig ent are: 677237188 ... and hBack ent are: 6.77238e+09
***
ppt is 2 and trk is 3
***
hSig ent are: 50340268 ... and hBack ent are: 5.03441e+08
***
ppt is 3 and trk is 3
***
hSig ent are: 73763076 ... and hBack ent are: 7.37638e+08
***
ppt is 1 and trk is 4
***
hSig ent are: 252805144 ... and hBack ent are: 2.52813e+09
***
ppt is 2 and trk is 4
***
hSig ent are: 24496008 ... and hBack ent are: 2.44969e+08
***
ppt is 3 and trk is 4
***
hSig ent are: 40110428 ... and hBack ent are: 4.01141e+08
***
ppt is 1 and trk is 5
***
hSig ent are: 48504840 ... and hBack ent are: 4.85079e+08
***
ppt is 2 and trk is 5
***
hSig ent are: 5304912 ... and hBack ent are: 5.30494e+07
***
ppt is 3 and trk is 5
***
hSig ent are: 9053800 ... and hBack ent are: 9.05447e+07
***
ppt is 1 and trk is 6
***
hSig ent are: 5836704 ... and hBack ent are: 5.83772e+07
***
ppt is 2 and trk is 6
***
hSig ent are: 671872 ... and hBack ent are: 6.72106e+06
***
ppt is 3 and trk is 6
***
hSig ent are: 1233632 ... and hBack ent are: 1.23377e+07
***
ppt is 1 and trk is 7
***
hSig ent are: 620180 ... and hBack ent are: 6.20259e+06
***
ppt is 2 and trk is 7
***
hSig ent are: 69308 ... and hBack ent are: 694722
***
ppt is 3 and trk is 7
***
hSig ent are: 132456 ... and hBack ent are: 1.32595e+06
***
Time: 4014.32 seconds.
Split Times (in seconds)...
Start Up        0          (0 %)
Opening Files   0.228      (0.00568 %)
Loading Events  1.62e+03   (40.4 %)
Event Selection 907        (22.6 %)
Jet Selection   0.336      (0.00838 %)
Track Loops     814        (20.3 %)
EndJob          670        (16.7 %)
Split Total: 4.01e+03s
