Starting event loop
Total Number of Files in this Job: 68
File 1 out of 68
Total Entries is:
27133
0/27133
1000/27133
2000/27133
3000/27133
4000/27133
5000/27133
6000/27133
7000/27133
8000/27133
9000/27133
10000/27133
11000/27133
12000/27133
13000/27133
14000/27133
15000/27133
16000/27133
17000/27133
18000/27133
19000/27133
20000/27133
21000/27133
22000/27133
23000/27133
24000/27133
25000/27133
26000/27133
27000/27133
File 2 out of 68
Total Entries is:
26148
0/26148
1000/26148
2000/26148
3000/26148
4000/26148
5000/26148
6000/26148
7000/26148
8000/26148
9000/26148
10000/26148
11000/26148
12000/26148
13000/26148
14000/26148
15000/26148
16000/26148
17000/26148
18000/26148
19000/26148
20000/26148
21000/26148
22000/26148
23000/26148
24000/26148
25000/26148
26000/26148
File 3 out of 68
Total Entries is:
28016
0/28016
1000/28016
2000/28016
3000/28016
4000/28016
5000/28016
6000/28016
7000/28016
8000/28016
9000/28016
10000/28016
11000/28016
12000/28016
13000/28016
14000/28016
15000/28016
16000/28016
17000/28016
18000/28016
19000/28016
20000/28016
21000/28016
22000/28016
23000/28016
24000/28016
25000/28016
26000/28016
27000/28016
28000/28016
File 4 out of 68
Total Entries is:
22457
0/22457
1000/22457
2000/22457
3000/22457
4000/22457
5000/22457
6000/22457
7000/22457
8000/22457
9000/22457
10000/22457
11000/22457
12000/22457
13000/22457
14000/22457
15000/22457
16000/22457
17000/22457
18000/22457
19000/22457
20000/22457
21000/22457
22000/22457
File 5 out of 68
Total Entries is:
23743
0/23743
1000/23743
2000/23743
3000/23743
4000/23743
5000/23743
6000/23743
7000/23743
8000/23743
9000/23743
10000/23743
11000/23743
12000/23743
13000/23743
14000/23743
15000/23743
16000/23743
17000/23743
18000/23743
19000/23743
20000/23743
21000/23743
22000/23743
23000/23743
File 6 out of 68
Total Entries is:
32934
0/32934
1000/32934
2000/32934
3000/32934
4000/32934
5000/32934
6000/32934
7000/32934
8000/32934
9000/32934
10000/32934
11000/32934
12000/32934
13000/32934
14000/32934
15000/32934
16000/32934
17000/32934
18000/32934
19000/32934
20000/32934
21000/32934
22000/32934
23000/32934
24000/32934
25000/32934
26000/32934
27000/32934
28000/32934
29000/32934
30000/32934
31000/32934
32000/32934
File 7 out of 68
Total Entries is:
30269
0/30269
1000/30269
2000/30269
3000/30269
4000/30269
5000/30269
6000/30269
7000/30269
8000/30269
9000/30269
10000/30269
11000/30269
12000/30269
13000/30269
14000/30269
15000/30269
16000/30269
17000/30269
18000/30269
19000/30269
20000/30269
21000/30269
22000/30269
23000/30269
24000/30269
25000/30269
26000/30269
27000/30269
28000/30269
29000/30269
30000/30269
File 8 out of 68
Total Entries is:
28198
0/28198
1000/28198
2000/28198
3000/28198
4000/28198
5000/28198
6000/28198
7000/28198
8000/28198
9000/28198
10000/28198
11000/28198
12000/28198
13000/28198
14000/28198
15000/28198
16000/28198
17000/28198
18000/28198
19000/28198
20000/28198
21000/28198
22000/28198
23000/28198
24000/28198
25000/28198
26000/28198
27000/28198
28000/28198
File 9 out of 68
Total Entries is:
32319
0/32319
1000/32319
2000/32319
3000/32319
4000/32319
5000/32319
6000/32319
7000/32319
8000/32319
9000/32319
10000/32319
11000/32319
12000/32319
13000/32319
14000/32319
15000/32319
16000/32319
17000/32319
18000/32319
19000/32319
20000/32319
21000/32319
22000/32319
23000/32319
24000/32319
25000/32319
26000/32319
27000/32319
28000/32319
29000/32319
30000/32319
31000/32319
32000/32319
File 10 out of 68
Total Entries is:
28953
0/28953
1000/28953
2000/28953
3000/28953
4000/28953
5000/28953
6000/28953
7000/28953
8000/28953
9000/28953
10000/28953
11000/28953
12000/28953
13000/28953
14000/28953
15000/28953
16000/28953
17000/28953
18000/28953
19000/28953
20000/28953
21000/28953
22000/28953
23000/28953
24000/28953
25000/28953
26000/28953
27000/28953
28000/28953
File 11 out of 68
Total Entries is:
29860
0/29860
1000/29860
2000/29860
3000/29860
4000/29860
5000/29860
6000/29860
7000/29860
8000/29860
9000/29860
10000/29860
11000/29860
12000/29860
13000/29860
14000/29860
15000/29860
16000/29860
17000/29860
18000/29860
19000/29860
20000/29860
21000/29860
22000/29860
23000/29860
24000/29860
25000/29860
26000/29860
27000/29860
28000/29860
29000/29860
File 12 out of 68
Total Entries is:
26188
0/26188
1000/26188
2000/26188
3000/26188
4000/26188
5000/26188
6000/26188
7000/26188
8000/26188
9000/26188
10000/26188
11000/26188
12000/26188
13000/26188
14000/26188
15000/26188
16000/26188
17000/26188
18000/26188
19000/26188
20000/26188
21000/26188
22000/26188
23000/26188
24000/26188
25000/26188
26000/26188
File 13 out of 68
Total Entries is:
28867
0/28867
1000/28867
2000/28867
3000/28867
4000/28867
5000/28867
6000/28867
7000/28867
8000/28867
9000/28867
10000/28867
11000/28867
12000/28867
13000/28867
14000/28867
15000/28867
16000/28867
17000/28867
18000/28867
19000/28867
20000/28867
21000/28867
22000/28867
23000/28867
24000/28867
25000/28867
26000/28867
27000/28867
28000/28867
File 14 out of 68
Total Entries is:
29595
0/29595
1000/29595
2000/29595
3000/29595
4000/29595
5000/29595
6000/29595
7000/29595
8000/29595
9000/29595
10000/29595
11000/29595
12000/29595
13000/29595
14000/29595
15000/29595
16000/29595
17000/29595
18000/29595
19000/29595
20000/29595
21000/29595
22000/29595
23000/29595
24000/29595
25000/29595
26000/29595
27000/29595
28000/29595
29000/29595
File 15 out of 68
Total Entries is:
31098
0/31098
1000/31098
2000/31098
3000/31098
4000/31098
5000/31098
6000/31098
7000/31098
8000/31098
9000/31098
10000/31098
11000/31098
12000/31098
13000/31098
14000/31098
15000/31098
16000/31098
17000/31098
18000/31098
19000/31098
20000/31098
21000/31098
22000/31098
23000/31098
24000/31098
25000/31098
26000/31098
27000/31098
28000/31098
29000/31098
30000/31098
31000/31098
File 16 out of 68
Total Entries is:
25133
0/25133
1000/25133
2000/25133
3000/25133
4000/25133
5000/25133
6000/25133
7000/25133
8000/25133
9000/25133
10000/25133
11000/25133
12000/25133
13000/25133
14000/25133
15000/25133
16000/25133
17000/25133
18000/25133
19000/25133
20000/25133
21000/25133
22000/25133
23000/25133
24000/25133
25000/25133
File 17 out of 68
Total Entries is:
28739
0/28739
1000/28739
2000/28739
3000/28739
4000/28739
5000/28739
6000/28739
7000/28739
8000/28739
9000/28739
10000/28739
11000/28739
12000/28739
13000/28739
14000/28739
15000/28739
16000/28739
17000/28739
18000/28739
19000/28739
20000/28739
21000/28739
22000/28739
23000/28739
24000/28739
25000/28739
26000/28739
27000/28739
28000/28739
File 18 out of 68
Total Entries is:
26491
0/26491
1000/26491
2000/26491
3000/26491
4000/26491
5000/26491
6000/26491
7000/26491
8000/26491
9000/26491
10000/26491
11000/26491
12000/26491
13000/26491
14000/26491
15000/26491
16000/26491
17000/26491
18000/26491
19000/26491
20000/26491
21000/26491
22000/26491
23000/26491
24000/26491
25000/26491
26000/26491
File 19 out of 68
Total Entries is:
29315
0/29315
1000/29315
2000/29315
3000/29315
4000/29315
5000/29315
6000/29315
7000/29315
8000/29315
9000/29315
10000/29315
11000/29315
12000/29315
13000/29315
14000/29315
15000/29315
16000/29315
17000/29315
18000/29315
19000/29315
20000/29315
21000/29315
22000/29315
23000/29315
24000/29315
25000/29315
26000/29315
27000/29315
28000/29315
29000/29315
File 20 out of 68
Total Entries is:
27884
0/27884
1000/27884
2000/27884
3000/27884
4000/27884
5000/27884
6000/27884
7000/27884
8000/27884
9000/27884
10000/27884
11000/27884
12000/27884
13000/27884
14000/27884
15000/27884
16000/27884
17000/27884
18000/27884
19000/27884
20000/27884
21000/27884
22000/27884
23000/27884
24000/27884
25000/27884
26000/27884
27000/27884
File 21 out of 68
Total Entries is:
30486
0/30486
1000/30486
2000/30486
3000/30486
4000/30486
5000/30486
6000/30486
7000/30486
8000/30486
9000/30486
10000/30486
11000/30486
12000/30486
13000/30486
14000/30486
15000/30486
16000/30486
17000/30486
18000/30486
19000/30486
20000/30486
21000/30486
22000/30486
23000/30486
24000/30486
25000/30486
26000/30486
27000/30486
28000/30486
29000/30486
30000/30486
File 22 out of 68
Total Entries is:
25077
0/25077
1000/25077
2000/25077
3000/25077
4000/25077
5000/25077
6000/25077
7000/25077
8000/25077
9000/25077
10000/25077
11000/25077
12000/25077
13000/25077
14000/25077
15000/25077
16000/25077
17000/25077
18000/25077
19000/25077
20000/25077
21000/25077
22000/25077
23000/25077
24000/25077
25000/25077
File 23 out of 68
Total Entries is:
31086
0/31086
1000/31086
2000/31086
3000/31086
4000/31086
5000/31086
6000/31086
7000/31086
8000/31086
9000/31086
10000/31086
11000/31086
12000/31086
13000/31086
14000/31086
15000/31086
16000/31086
17000/31086
18000/31086
19000/31086
20000/31086
21000/31086
22000/31086
23000/31086
24000/31086
25000/31086
26000/31086
27000/31086
28000/31086
29000/31086
30000/31086
31000/31086
File 24 out of 68
Total Entries is:
25915
0/25915
1000/25915
2000/25915
3000/25915
4000/25915
5000/25915
6000/25915
7000/25915
8000/25915
9000/25915
10000/25915
11000/25915
12000/25915
13000/25915
14000/25915
15000/25915
16000/25915
17000/25915
18000/25915
19000/25915
20000/25915
21000/25915
22000/25915
23000/25915
24000/25915
25000/25915
File 25 out of 68
Total Entries is:
28828
0/28828
1000/28828
2000/28828
3000/28828
4000/28828
5000/28828
6000/28828
7000/28828
8000/28828
9000/28828
10000/28828
11000/28828
12000/28828
13000/28828
14000/28828
15000/28828
16000/28828
17000/28828
18000/28828
19000/28828
20000/28828
21000/28828
22000/28828
23000/28828
24000/28828
25000/28828
26000/28828
27000/28828
28000/28828
File 26 out of 68
Total Entries is:
27877
0/27877
1000/27877
2000/27877
3000/27877
4000/27877
5000/27877
6000/27877
7000/27877
8000/27877
9000/27877
10000/27877
11000/27877
12000/27877
13000/27877
14000/27877
15000/27877
16000/27877
17000/27877
18000/27877
19000/27877
20000/27877
21000/27877
22000/27877
23000/27877
24000/27877
25000/27877
26000/27877
27000/27877
File 27 out of 68
Total Entries is:
28553
0/28553
1000/28553
2000/28553
3000/28553
4000/28553
5000/28553
6000/28553
7000/28553
8000/28553
9000/28553
10000/28553
11000/28553
12000/28553
13000/28553
14000/28553
15000/28553
16000/28553
17000/28553
18000/28553
19000/28553
20000/28553
21000/28553
22000/28553
23000/28553
24000/28553
25000/28553
26000/28553
27000/28553
28000/28553
File 28 out of 68
Total Entries is:
26483
0/26483
1000/26483
2000/26483
3000/26483
4000/26483
5000/26483
6000/26483
7000/26483
8000/26483
9000/26483
10000/26483
11000/26483
12000/26483
13000/26483
14000/26483
15000/26483
16000/26483
17000/26483
18000/26483
19000/26483
20000/26483
21000/26483
22000/26483
23000/26483
24000/26483
25000/26483
26000/26483
File 29 out of 68
Total Entries is:
26813
0/26813
1000/26813
2000/26813
3000/26813
4000/26813
5000/26813
6000/26813
7000/26813
8000/26813
9000/26813
10000/26813
11000/26813
12000/26813
13000/26813
14000/26813
15000/26813
16000/26813
17000/26813
18000/26813
19000/26813
20000/26813
21000/26813
22000/26813
23000/26813
24000/26813
25000/26813
26000/26813
File 30 out of 68
Total Entries is:
25431
0/25431
1000/25431
2000/25431
3000/25431
4000/25431
5000/25431
6000/25431
7000/25431
8000/25431
9000/25431
10000/25431
11000/25431
12000/25431
13000/25431
14000/25431
15000/25431
16000/25431
17000/25431
18000/25431
19000/25431
20000/25431
21000/25431
22000/25431
23000/25431
24000/25431
25000/25431
File 31 out of 68
Total Entries is:
26449
0/26449
1000/26449
2000/26449
3000/26449
4000/26449
5000/26449
6000/26449
7000/26449
8000/26449
9000/26449
10000/26449
11000/26449
12000/26449
13000/26449
14000/26449
15000/26449
16000/26449
17000/26449
18000/26449
19000/26449
20000/26449
21000/26449
22000/26449
23000/26449
24000/26449
25000/26449
26000/26449
File 32 out of 68
Total Entries is:
26818
0/26818
1000/26818
2000/26818
3000/26818
4000/26818
5000/26818
6000/26818
7000/26818
8000/26818
9000/26818
10000/26818
11000/26818
12000/26818
13000/26818
14000/26818
15000/26818
16000/26818
17000/26818
18000/26818
19000/26818
20000/26818
21000/26818
22000/26818
23000/26818
24000/26818
25000/26818
26000/26818
File 33 out of 68
Total Entries is:
29982
0/29982
1000/29982
2000/29982
3000/29982
4000/29982
5000/29982
6000/29982
7000/29982
8000/29982
9000/29982
10000/29982
11000/29982
12000/29982
13000/29982
14000/29982
15000/29982
16000/29982
17000/29982
18000/29982
19000/29982
20000/29982
21000/29982
22000/29982
23000/29982
24000/29982
25000/29982
26000/29982
27000/29982
28000/29982
29000/29982
File 34 out of 68
Total Entries is:
34897
0/34897
1000/34897
2000/34897
3000/34897
4000/34897
5000/34897
6000/34897
7000/34897
8000/34897
9000/34897
10000/34897
11000/34897
12000/34897
13000/34897
14000/34897
15000/34897
16000/34897
17000/34897
18000/34897
19000/34897
20000/34897
21000/34897
22000/34897
23000/34897
24000/34897
25000/34897
26000/34897
27000/34897
28000/34897
29000/34897
30000/34897
31000/34897
32000/34897
33000/34897
34000/34897
File 35 out of 68
Total Entries is:
27571
0/27571
1000/27571
2000/27571
3000/27571
4000/27571
5000/27571
6000/27571
7000/27571
8000/27571
9000/27571
10000/27571
11000/27571
12000/27571
13000/27571
14000/27571
15000/27571
16000/27571
17000/27571
18000/27571
19000/27571
20000/27571
21000/27571
22000/27571
23000/27571
24000/27571
25000/27571
26000/27571
27000/27571
File 36 out of 68
Total Entries is:
28197
0/28197
1000/28197
2000/28197
3000/28197
4000/28197
5000/28197
6000/28197
7000/28197
8000/28197
9000/28197
10000/28197
11000/28197
12000/28197
13000/28197
14000/28197
15000/28197
16000/28197
17000/28197
18000/28197
19000/28197
20000/28197
21000/28197
22000/28197
23000/28197
24000/28197
25000/28197
26000/28197
27000/28197
28000/28197
File 37 out of 68
Total Entries is:
25955
0/25955
1000/25955
2000/25955
3000/25955
4000/25955
5000/25955
6000/25955
7000/25955
8000/25955
9000/25955
10000/25955
11000/25955
12000/25955
13000/25955
14000/25955
15000/25955
16000/25955
17000/25955
18000/25955
19000/25955
20000/25955
21000/25955
22000/25955
23000/25955
24000/25955
25000/25955
File 38 out of 68
Total Entries is:
26577
0/26577
1000/26577
2000/26577
3000/26577
4000/26577
5000/26577
6000/26577
7000/26577
8000/26577
9000/26577
10000/26577
11000/26577
12000/26577
13000/26577
14000/26577
15000/26577
16000/26577
17000/26577
18000/26577
19000/26577
20000/26577
21000/26577
22000/26577
23000/26577
24000/26577
25000/26577
26000/26577
File 39 out of 68
Total Entries is:
27864
0/27864
1000/27864
2000/27864
3000/27864
4000/27864
5000/27864
6000/27864
7000/27864
8000/27864
9000/27864
10000/27864
11000/27864
12000/27864
13000/27864
14000/27864
15000/27864
16000/27864
17000/27864
18000/27864
19000/27864
20000/27864
21000/27864
22000/27864
23000/27864
24000/27864
25000/27864
26000/27864
27000/27864
File 40 out of 68
Total Entries is:
24793
0/24793
1000/24793
2000/24793
3000/24793
4000/24793
5000/24793
6000/24793
7000/24793
8000/24793
9000/24793
10000/24793
11000/24793
12000/24793
13000/24793
14000/24793
15000/24793
16000/24793
17000/24793
18000/24793
19000/24793
20000/24793
21000/24793
22000/24793
23000/24793
24000/24793
File 41 out of 68
Total Entries is:
25751
0/25751
1000/25751
2000/25751
3000/25751
4000/25751
5000/25751
6000/25751
7000/25751
8000/25751
9000/25751
10000/25751
11000/25751
12000/25751
13000/25751
14000/25751
15000/25751
16000/25751
17000/25751
18000/25751
19000/25751
20000/25751
21000/25751
22000/25751
23000/25751
24000/25751
25000/25751
File 42 out of 68
Total Entries is:
28324
0/28324
1000/28324
2000/28324
3000/28324
4000/28324
5000/28324
6000/28324
7000/28324
8000/28324
9000/28324
10000/28324
11000/28324
12000/28324
13000/28324
14000/28324
15000/28324
16000/28324
17000/28324
18000/28324
19000/28324
20000/28324
21000/28324
22000/28324
23000/28324
24000/28324
25000/28324
26000/28324
27000/28324
28000/28324
File 43 out of 68
Total Entries is:
33944
0/33944
1000/33944
2000/33944
3000/33944
4000/33944
5000/33944
6000/33944
7000/33944
8000/33944
9000/33944
10000/33944
11000/33944
12000/33944
13000/33944
14000/33944
15000/33944
16000/33944
17000/33944
18000/33944
19000/33944
20000/33944
21000/33944
22000/33944
23000/33944
24000/33944
25000/33944
26000/33944
27000/33944
28000/33944
29000/33944
30000/33944
31000/33944
32000/33944
33000/33944
File 44 out of 68
Total Entries is:
28037
0/28037
1000/28037
2000/28037
3000/28037
4000/28037
5000/28037
6000/28037
7000/28037
8000/28037
9000/28037
10000/28037
11000/28037
12000/28037
13000/28037
14000/28037
15000/28037
16000/28037
17000/28037
18000/28037
19000/28037
20000/28037
21000/28037
22000/28037
23000/28037
24000/28037
25000/28037
26000/28037
27000/28037
28000/28037
File 45 out of 68
Total Entries is:
27126
0/27126
1000/27126
2000/27126
3000/27126
4000/27126
5000/27126
6000/27126
7000/27126
8000/27126
9000/27126
10000/27126
11000/27126
12000/27126
13000/27126
14000/27126
15000/27126
16000/27126
17000/27126
18000/27126
19000/27126
20000/27126
21000/27126
22000/27126
23000/27126
24000/27126
25000/27126
26000/27126
27000/27126
File 46 out of 68
Total Entries is:
31495
0/31495
1000/31495
2000/31495
3000/31495
4000/31495
5000/31495
6000/31495
7000/31495
8000/31495
9000/31495
10000/31495
11000/31495
12000/31495
13000/31495
14000/31495
15000/31495
16000/31495
17000/31495
18000/31495
19000/31495
20000/31495
21000/31495
22000/31495
23000/31495
24000/31495
25000/31495
26000/31495
27000/31495
28000/31495
29000/31495
30000/31495
31000/31495
File 47 out of 68
Total Entries is:
30063
0/30063
1000/30063
2000/30063
3000/30063
4000/30063
5000/30063
6000/30063
7000/30063
8000/30063
9000/30063
10000/30063
11000/30063
12000/30063
13000/30063
14000/30063
15000/30063
16000/30063
17000/30063
18000/30063
19000/30063
20000/30063
21000/30063
22000/30063
23000/30063
24000/30063
25000/30063
26000/30063
27000/30063
28000/30063
29000/30063
30000/30063
File 48 out of 68
Total Entries is:
31373
0/31373
1000/31373
2000/31373
3000/31373
4000/31373
5000/31373
6000/31373
7000/31373
8000/31373
9000/31373
10000/31373
11000/31373
12000/31373
13000/31373
14000/31373
15000/31373
16000/31373
17000/31373
18000/31373
19000/31373
20000/31373
21000/31373
22000/31373
23000/31373
24000/31373
25000/31373
26000/31373
27000/31373
28000/31373
29000/31373
30000/31373
31000/31373
File 49 out of 68
Total Entries is:
32560
0/32560
1000/32560
2000/32560
3000/32560
4000/32560
5000/32560
6000/32560
7000/32560
8000/32560
9000/32560
10000/32560
11000/32560
12000/32560
13000/32560
14000/32560
15000/32560
16000/32560
17000/32560
18000/32560
19000/32560
20000/32560
21000/32560
22000/32560
23000/32560
24000/32560
25000/32560
26000/32560
27000/32560
28000/32560
29000/32560
30000/32560
31000/32560
32000/32560
File 50 out of 68
Total Entries is:
30506
0/30506
1000/30506
2000/30506
3000/30506
4000/30506
5000/30506
6000/30506
7000/30506
8000/30506
9000/30506
10000/30506
11000/30506
12000/30506
13000/30506
14000/30506
15000/30506
16000/30506
17000/30506
18000/30506
19000/30506
20000/30506
21000/30506
22000/30506
23000/30506
24000/30506
25000/30506
26000/30506
27000/30506
28000/30506
29000/30506
30000/30506
File 51 out of 68
Total Entries is:
33720
0/33720
1000/33720
2000/33720
3000/33720
4000/33720
5000/33720
6000/33720
7000/33720
8000/33720
9000/33720
10000/33720
11000/33720
12000/33720
13000/33720
14000/33720
15000/33720
16000/33720
17000/33720
18000/33720
19000/33720
20000/33720
21000/33720
22000/33720
23000/33720
24000/33720
25000/33720
26000/33720
27000/33720
28000/33720
29000/33720
30000/33720
31000/33720
32000/33720
33000/33720
File 52 out of 68
Total Entries is:
30700
0/30700
1000/30700
2000/30700
3000/30700
4000/30700
5000/30700
6000/30700
7000/30700
8000/30700
9000/30700
10000/30700
11000/30700
12000/30700
13000/30700
14000/30700
15000/30700
16000/30700
17000/30700
18000/30700
19000/30700
20000/30700
21000/30700
22000/30700
23000/30700
24000/30700
25000/30700
26000/30700
27000/30700
28000/30700
29000/30700
30000/30700
File 53 out of 68
Total Entries is:
29125
0/29125
1000/29125
2000/29125
3000/29125
4000/29125
5000/29125
6000/29125
7000/29125
8000/29125
9000/29125
10000/29125
11000/29125
12000/29125
13000/29125
14000/29125
15000/29125
16000/29125
17000/29125
18000/29125
19000/29125
20000/29125
21000/29125
22000/29125
23000/29125
24000/29125
25000/29125
26000/29125
27000/29125
28000/29125
29000/29125
File 54 out of 68
Total Entries is:
28781
0/28781
1000/28781
2000/28781
3000/28781
4000/28781
5000/28781
6000/28781
7000/28781
8000/28781
9000/28781
10000/28781
11000/28781
12000/28781
13000/28781
14000/28781
15000/28781
16000/28781
17000/28781
18000/28781
19000/28781
20000/28781
21000/28781
22000/28781
23000/28781
24000/28781
25000/28781
26000/28781
27000/28781
28000/28781
File 55 out of 68
Total Entries is:
26242
0/26242
1000/26242
2000/26242
3000/26242
4000/26242
5000/26242
6000/26242
7000/26242
8000/26242
9000/26242
10000/26242
11000/26242
12000/26242
13000/26242
14000/26242
15000/26242
16000/26242
17000/26242
18000/26242
19000/26242
20000/26242
21000/26242
22000/26242
23000/26242
24000/26242
25000/26242
26000/26242
File 56 out of 68
Total Entries is:
30229
0/30229
1000/30229
2000/30229
3000/30229
4000/30229
5000/30229
6000/30229
7000/30229
8000/30229
9000/30229
10000/30229
11000/30229
12000/30229
13000/30229
14000/30229
15000/30229
16000/30229
17000/30229
18000/30229
19000/30229
20000/30229
21000/30229
22000/30229
23000/30229
24000/30229
25000/30229
26000/30229
27000/30229
28000/30229
29000/30229
30000/30229
File 57 out of 68
Total Entries is:
28378
0/28378
1000/28378
2000/28378
3000/28378
4000/28378
5000/28378
6000/28378
7000/28378
8000/28378
9000/28378
10000/28378
11000/28378
12000/28378
13000/28378
14000/28378
15000/28378
16000/28378
17000/28378
18000/28378
19000/28378
20000/28378
21000/28378
22000/28378
23000/28378
24000/28378
25000/28378
26000/28378
27000/28378
28000/28378
File 58 out of 68
Total Entries is:
38486
0/38486
1000/38486
2000/38486
3000/38486
4000/38486
5000/38486
6000/38486
7000/38486
8000/38486
9000/38486
10000/38486
11000/38486
12000/38486
13000/38486
14000/38486
15000/38486
16000/38486
17000/38486
18000/38486
19000/38486
20000/38486
21000/38486
22000/38486
23000/38486
24000/38486
25000/38486
26000/38486
27000/38486
28000/38486
29000/38486
30000/38486
31000/38486
32000/38486
33000/38486
34000/38486
35000/38486
36000/38486
37000/38486
38000/38486
File 59 out of 68
Total Entries is:
29350
0/29350
1000/29350
2000/29350
3000/29350
4000/29350
5000/29350
6000/29350
7000/29350
8000/29350
9000/29350
10000/29350
11000/29350
12000/29350
13000/29350
14000/29350
15000/29350
16000/29350
17000/29350
18000/29350
19000/29350
20000/29350
21000/29350
22000/29350
23000/29350
24000/29350
25000/29350
26000/29350
27000/29350
28000/29350
29000/29350
File 60 out of 68
Total Entries is:
27057
0/27057
1000/27057
2000/27057
3000/27057
4000/27057
5000/27057
6000/27057
7000/27057
8000/27057
9000/27057
10000/27057
11000/27057
12000/27057
13000/27057
14000/27057
15000/27057
16000/27057
17000/27057
18000/27057
19000/27057
20000/27057
21000/27057
22000/27057
23000/27057
24000/27057
25000/27057
26000/27057
27000/27057
File 61 out of 68
Total Entries is:
34771
0/34771
1000/34771
2000/34771
3000/34771
4000/34771
5000/34771
6000/34771
7000/34771
8000/34771
9000/34771
10000/34771
11000/34771
12000/34771
13000/34771
14000/34771
15000/34771
16000/34771
17000/34771
18000/34771
19000/34771
20000/34771
21000/34771
22000/34771
23000/34771
24000/34771
25000/34771
26000/34771
27000/34771
28000/34771
29000/34771
30000/34771
31000/34771
32000/34771
33000/34771
34000/34771
File 62 out of 68
Total Entries is:
31774
0/31774
1000/31774
2000/31774
3000/31774
4000/31774
5000/31774
6000/31774
7000/31774
8000/31774
9000/31774
10000/31774
11000/31774
12000/31774
13000/31774
14000/31774
15000/31774
16000/31774
17000/31774
18000/31774
19000/31774
20000/31774
21000/31774
22000/31774
23000/31774
24000/31774
25000/31774
26000/31774
27000/31774
28000/31774
29000/31774
30000/31774
31000/31774
File 63 out of 68
Total Entries is:
26311
0/26311
1000/26311
2000/26311
3000/26311
4000/26311
5000/26311
6000/26311
7000/26311
8000/26311
9000/26311
10000/26311
11000/26311
12000/26311
13000/26311
14000/26311
15000/26311
16000/26311
17000/26311
18000/26311
19000/26311
20000/26311
21000/26311
22000/26311
23000/26311
24000/26311
25000/26311
26000/26311
File 64 out of 68
Total Entries is:
29670
0/29670
1000/29670
2000/29670
3000/29670
4000/29670
5000/29670
6000/29670
7000/29670
8000/29670
9000/29670
10000/29670
11000/29670
12000/29670
13000/29670
14000/29670
15000/29670
16000/29670
17000/29670
18000/29670
19000/29670
20000/29670
21000/29670
22000/29670
23000/29670
24000/29670
25000/29670
26000/29670
27000/29670
28000/29670
29000/29670
File 65 out of 68
Total Entries is:
22847
0/22847
1000/22847
2000/22847
3000/22847
4000/22847
5000/22847
6000/22847
7000/22847
8000/22847
9000/22847
10000/22847
11000/22847
12000/22847
13000/22847
14000/22847
15000/22847
16000/22847
17000/22847
18000/22847
19000/22847
20000/22847
21000/22847
22000/22847
File 66 out of 68
Total Entries is:
29045
0/29045
1000/29045
2000/29045
3000/29045
4000/29045
5000/29045
6000/29045
7000/29045
8000/29045
9000/29045
10000/29045
11000/29045
12000/29045
13000/29045
14000/29045
15000/29045
16000/29045
17000/29045
18000/29045
19000/29045
20000/29045
21000/29045
22000/29045
23000/29045
24000/29045
25000/29045
26000/29045
27000/29045
28000/29045
29000/29045
File 67 out of 68
Total Entries is:
27146
0/27146
1000/27146
2000/27146
3000/27146
4000/27146
5000/27146
6000/27146
7000/27146
8000/27146
9000/27146
10000/27146
11000/27146
12000/27146
13000/27146
14000/27146
15000/27146
16000/27146
17000/27146
18000/27146
19000/27146
20000/27146
21000/27146
22000/27146
23000/27146
24000/27146
25000/27146
26000/27146
27000/27146
File 68 out of 68
Total Entries is:
27037
0/27037
1000/27037
2000/27037
3000/27037
4000/27037
5000/27037
6000/27037
7000/27037
8000/27037
9000/27037
10000/27037
11000/27037
12000/27037
13000/27037
14000/27037
15000/27037
16000/27037
17000/27037
18000/27037
19000/27037
20000/27037
21000/27037
22000/27037
23000/27037
24000/27037
25000/27037
26000/27037
27000/27037
skipper is: 937181482
tripper is: 1029342616
ppt is 1 and trk is 1
***
hSig ent are: 79923220 ... and hBack ent are: 7.99278e+08
***
ppt is 2 and trk is 1
***
hSig ent are: 1718952 ... and hBack ent are: 1.71935e+07
***
ppt is 3 and trk is 1
***
hSig ent are: 1030868 ... and hBack ent are: 1.03137e+07
***
ppt is 1 and trk is 2
***
hSig ent are: 678206572 ... and hBack ent are: 6.7821e+09
***
ppt is 2 and trk is 2
***
hSig ent are: 30450604 ... and hBack ent are: 3.0452e+08
***
ppt is 3 and trk is 2
***
hSig ent are: 35024672 ... and hBack ent are: 3.5027e+08
***
ppt is 1 and trk is 3
***
hSig ent are: 703522500 ... and hBack ent are: 7.03527e+09
***
ppt is 2 and trk is 3
***
hSig ent are: 52237684 ... and hBack ent are: 5.2242e+08
***
ppt is 3 and trk is 3
***
hSig ent are: 76874300 ... and hBack ent are: 7.68759e+08
***
ppt is 1 and trk is 4
***
hSig ent are: 260519708 ... and hBack ent are: 2.60523e+09
***
ppt is 2 and trk is 4
***
hSig ent are: 25243320 ... and hBack ent are: 2.52444e+08
***
ppt is 3 and trk is 4
***
hSig ent are: 41317252 ... and hBack ent are: 4.13207e+08
***
ppt is 1 and trk is 5
***
hSig ent are: 48879764 ... and hBack ent are: 4.8883e+08
***
ppt is 2 and trk is 5
***
hSig ent are: 5386788 ... and hBack ent are: 5.38683e+07
***
ppt is 3 and trk is 5
***
hSig ent are: 9304524 ... and hBack ent are: 9.3055e+07
***
ppt is 1 and trk is 6
***
hSig ent are: 6206084 ... and hBack ent are: 6.20708e+07
***
ppt is 2 and trk is 6
***
hSig ent are: 710436 ... and hBack ent are: 7.10489e+06
***
ppt is 3 and trk is 6
***
hSig ent are: 1310064 ... and hBack ent are: 1.31008e+07
***
ppt is 1 and trk is 7
***
hSig ent are: 619040 ... and hBack ent are: 6.19263e+06
***
ppt is 2 and trk is 7
***
hSig ent are: 66200 ... and hBack ent are: 663410
***
ppt is 3 and trk is 7
***
hSig ent are: 132680 ... and hBack ent are: 1.32826e+06
***
Time: 4137.79 seconds.
Split Times (in seconds)...
Start Up        0          (0 %)
Opening Files   0.228      (0.00551 %)
Loading Events  1.66e+03   (40.1 %)
Event Selection 957        (23.1 %)
Jet Selection   0.359      (0.00868 %)
Track Loops     831        (20.1 %)
EndJob          689        (16.7 %)
Split Total: 4.14e+03s
