Starting event loop
Total Number of Files in this Job: 68
File 1 out of 68
Total Entries is:
27183
0/27183
1000/27183
2000/27183
3000/27183
4000/27183
5000/27183
6000/27183
7000/27183
8000/27183
9000/27183
10000/27183
11000/27183
12000/27183
13000/27183
14000/27183
15000/27183
16000/27183
17000/27183
18000/27183
19000/27183
20000/27183
21000/27183
22000/27183
23000/27183
24000/27183
25000/27183
26000/27183
27000/27183
File 2 out of 68
Total Entries is:
27191
0/27191
1000/27191
2000/27191
3000/27191
4000/27191
5000/27191
6000/27191
7000/27191
8000/27191
9000/27191
10000/27191
11000/27191
12000/27191
13000/27191
14000/27191
15000/27191
16000/27191
17000/27191
18000/27191
19000/27191
20000/27191
21000/27191
22000/27191
23000/27191
24000/27191
25000/27191
26000/27191
27000/27191
File 3 out of 68
Total Entries is:
30159
0/30159
1000/30159
2000/30159
3000/30159
4000/30159
5000/30159
6000/30159
7000/30159
8000/30159
9000/30159
10000/30159
11000/30159
12000/30159
13000/30159
14000/30159
15000/30159
16000/30159
17000/30159
18000/30159
19000/30159
20000/30159
21000/30159
22000/30159
23000/30159
24000/30159
25000/30159
26000/30159
27000/30159
28000/30159
29000/30159
30000/30159
File 4 out of 68
Total Entries is:
28705
0/28705
1000/28705
2000/28705
3000/28705
4000/28705
5000/28705
6000/28705
7000/28705
8000/28705
9000/28705
10000/28705
11000/28705
12000/28705
13000/28705
14000/28705
15000/28705
16000/28705
17000/28705
18000/28705
19000/28705
20000/28705
21000/28705
22000/28705
23000/28705
24000/28705
25000/28705
26000/28705
27000/28705
28000/28705
File 5 out of 68
Total Entries is:
25126
0/25126
1000/25126
2000/25126
3000/25126
4000/25126
5000/25126
6000/25126
7000/25126
8000/25126
9000/25126
10000/25126
11000/25126
12000/25126
13000/25126
14000/25126
15000/25126
16000/25126
17000/25126
18000/25126
19000/25126
20000/25126
21000/25126
22000/25126
23000/25126
24000/25126
25000/25126
File 6 out of 68
Total Entries is:
24219
0/24219
1000/24219
2000/24219
3000/24219
4000/24219
5000/24219
6000/24219
7000/24219
8000/24219
9000/24219
10000/24219
11000/24219
12000/24219
13000/24219
14000/24219
15000/24219
16000/24219
17000/24219
18000/24219
19000/24219
20000/24219
21000/24219
22000/24219
23000/24219
24000/24219
File 7 out of 68
Total Entries is:
32181
0/32181
1000/32181
2000/32181
3000/32181
4000/32181
5000/32181
6000/32181
7000/32181
8000/32181
9000/32181
10000/32181
11000/32181
12000/32181
13000/32181
14000/32181
15000/32181
16000/32181
17000/32181
18000/32181
19000/32181
20000/32181
21000/32181
22000/32181
23000/32181
24000/32181
25000/32181
26000/32181
27000/32181
28000/32181
29000/32181
30000/32181
31000/32181
32000/32181
File 8 out of 68
Total Entries is:
18550
0/18550
1000/18550
2000/18550
3000/18550
4000/18550
5000/18550
6000/18550
7000/18550
8000/18550
9000/18550
10000/18550
11000/18550
12000/18550
13000/18550
14000/18550
15000/18550
16000/18550
17000/18550
18000/18550
File 9 out of 68
Total Entries is:
32486
0/32486
1000/32486
2000/32486
3000/32486
4000/32486
5000/32486
6000/32486
7000/32486
8000/32486
9000/32486
10000/32486
11000/32486
12000/32486
13000/32486
14000/32486
15000/32486
16000/32486
17000/32486
18000/32486
19000/32486
20000/32486
21000/32486
22000/32486
23000/32486
24000/32486
25000/32486
26000/32486
27000/32486
28000/32486
29000/32486
30000/32486
31000/32486
32000/32486
File 10 out of 68
Total Entries is:
32103
0/32103
1000/32103
2000/32103
3000/32103
4000/32103
5000/32103
6000/32103
7000/32103
8000/32103
9000/32103
10000/32103
11000/32103
12000/32103
13000/32103
14000/32103
15000/32103
16000/32103
17000/32103
18000/32103
19000/32103
20000/32103
21000/32103
22000/32103
23000/32103
24000/32103
25000/32103
26000/32103
27000/32103
28000/32103
29000/32103
30000/32103
31000/32103
32000/32103
File 11 out of 68
Total Entries is:
27153
0/27153
1000/27153
2000/27153
3000/27153
4000/27153
5000/27153
6000/27153
7000/27153
8000/27153
9000/27153
10000/27153
11000/27153
12000/27153
13000/27153
14000/27153
15000/27153
16000/27153
17000/27153
18000/27153
19000/27153
20000/27153
21000/27153
22000/27153
23000/27153
24000/27153
25000/27153
26000/27153
27000/27153
File 12 out of 68
Total Entries is:
28129
0/28129
1000/28129
2000/28129
3000/28129
4000/28129
5000/28129
6000/28129
7000/28129
8000/28129
9000/28129
10000/28129
11000/28129
12000/28129
13000/28129
14000/28129
15000/28129
16000/28129
17000/28129
18000/28129
19000/28129
20000/28129
21000/28129
22000/28129
23000/28129
24000/28129
25000/28129
26000/28129
27000/28129
28000/28129
File 13 out of 68
Total Entries is:
27107
0/27107
1000/27107
2000/27107
3000/27107
4000/27107
5000/27107
6000/27107
7000/27107
8000/27107
9000/27107
10000/27107
11000/27107
12000/27107
13000/27107
14000/27107
15000/27107
16000/27107
17000/27107
18000/27107
19000/27107
20000/27107
21000/27107
22000/27107
23000/27107
24000/27107
25000/27107
26000/27107
27000/27107
File 14 out of 68
Total Entries is:
25279
0/25279
1000/25279
2000/25279
3000/25279
4000/25279
5000/25279
6000/25279
7000/25279
8000/25279
9000/25279
10000/25279
11000/25279
12000/25279
13000/25279
14000/25279
15000/25279
16000/25279
17000/25279
18000/25279
19000/25279
20000/25279
21000/25279
22000/25279
23000/25279
24000/25279
25000/25279
File 15 out of 68
Total Entries is:
28007
0/28007
1000/28007
2000/28007
3000/28007
4000/28007
5000/28007
6000/28007
7000/28007
8000/28007
9000/28007
10000/28007
11000/28007
12000/28007
13000/28007
14000/28007
15000/28007
16000/28007
17000/28007
18000/28007
19000/28007
20000/28007
21000/28007
22000/28007
23000/28007
24000/28007
25000/28007
26000/28007
27000/28007
28000/28007
File 16 out of 68
Total Entries is:
32691
0/32691
1000/32691
2000/32691
3000/32691
4000/32691
5000/32691
6000/32691
7000/32691
8000/32691
9000/32691
10000/32691
11000/32691
12000/32691
13000/32691
14000/32691
15000/32691
16000/32691
17000/32691
18000/32691
19000/32691
20000/32691
21000/32691
22000/32691
23000/32691
24000/32691
25000/32691
26000/32691
27000/32691
28000/32691
29000/32691
30000/32691
31000/32691
32000/32691
File 17 out of 68
Total Entries is:
29259
0/29259
1000/29259
2000/29259
3000/29259
4000/29259
5000/29259
6000/29259
7000/29259
8000/29259
9000/29259
10000/29259
11000/29259
12000/29259
13000/29259
14000/29259
15000/29259
16000/29259
17000/29259
18000/29259
19000/29259
20000/29259
21000/29259
22000/29259
23000/29259
24000/29259
25000/29259
26000/29259
27000/29259
28000/29259
29000/29259
File 18 out of 68
Total Entries is:
25155
0/25155
1000/25155
2000/25155
3000/25155
4000/25155
5000/25155
6000/25155
7000/25155
8000/25155
9000/25155
10000/25155
11000/25155
12000/25155
13000/25155
14000/25155
15000/25155
16000/25155
17000/25155
18000/25155
19000/25155
20000/25155
21000/25155
22000/25155
23000/25155
24000/25155
25000/25155
File 19 out of 68
Total Entries is:
28365
0/28365
1000/28365
2000/28365
3000/28365
4000/28365
5000/28365
6000/28365
7000/28365
8000/28365
9000/28365
10000/28365
11000/28365
12000/28365
13000/28365
14000/28365
15000/28365
16000/28365
17000/28365
18000/28365
19000/28365
20000/28365
21000/28365
22000/28365
23000/28365
24000/28365
25000/28365
26000/28365
27000/28365
28000/28365
File 20 out of 68
Total Entries is:
29410
0/29410
1000/29410
2000/29410
3000/29410
4000/29410
5000/29410
6000/29410
7000/29410
8000/29410
9000/29410
10000/29410
11000/29410
12000/29410
13000/29410
14000/29410
15000/29410
16000/29410
17000/29410
18000/29410
19000/29410
20000/29410
21000/29410
22000/29410
23000/29410
24000/29410
25000/29410
26000/29410
27000/29410
28000/29410
29000/29410
File 21 out of 68
Total Entries is:
31768
0/31768
1000/31768
2000/31768
3000/31768
4000/31768
5000/31768
6000/31768
7000/31768
8000/31768
9000/31768
10000/31768
11000/31768
12000/31768
13000/31768
14000/31768
15000/31768
16000/31768
17000/31768
18000/31768
19000/31768
20000/31768
21000/31768
22000/31768
23000/31768
24000/31768
25000/31768
26000/31768
27000/31768
28000/31768
29000/31768
30000/31768
31000/31768
File 22 out of 68
Total Entries is:
25446
0/25446
1000/25446
2000/25446
3000/25446
4000/25446
5000/25446
6000/25446
7000/25446
8000/25446
9000/25446
10000/25446
11000/25446
12000/25446
13000/25446
14000/25446
15000/25446
16000/25446
17000/25446
18000/25446
19000/25446
20000/25446
21000/25446
22000/25446
23000/25446
24000/25446
25000/25446
File 23 out of 68
Total Entries is:
30387
0/30387
1000/30387
2000/30387
3000/30387
4000/30387
5000/30387
6000/30387
7000/30387
8000/30387
9000/30387
10000/30387
11000/30387
12000/30387
13000/30387
14000/30387
15000/30387
16000/30387
17000/30387
18000/30387
19000/30387
20000/30387
21000/30387
22000/30387
23000/30387
24000/30387
25000/30387
26000/30387
27000/30387
28000/30387
29000/30387
30000/30387
File 24 out of 68
Total Entries is:
29279
0/29279
1000/29279
2000/29279
3000/29279
4000/29279
5000/29279
6000/29279
7000/29279
8000/29279
9000/29279
10000/29279
11000/29279
12000/29279
13000/29279
14000/29279
15000/29279
16000/29279
17000/29279
18000/29279
19000/29279
20000/29279
21000/29279
22000/29279
23000/29279
24000/29279
25000/29279
26000/29279
27000/29279
28000/29279
29000/29279
File 25 out of 68
Total Entries is:
25063
0/25063
1000/25063
2000/25063
3000/25063
4000/25063
5000/25063
6000/25063
7000/25063
8000/25063
9000/25063
10000/25063
11000/25063
12000/25063
13000/25063
14000/25063
15000/25063
16000/25063
17000/25063
18000/25063
19000/25063
20000/25063
21000/25063
22000/25063
23000/25063
24000/25063
25000/25063
File 26 out of 68
Total Entries is:
30753
0/30753
1000/30753
2000/30753
3000/30753
4000/30753
5000/30753
6000/30753
7000/30753
8000/30753
9000/30753
10000/30753
11000/30753
12000/30753
13000/30753
14000/30753
15000/30753
16000/30753
17000/30753
18000/30753
19000/30753
20000/30753
21000/30753
22000/30753
23000/30753
24000/30753
25000/30753
26000/30753
27000/30753
28000/30753
29000/30753
30000/30753
File 27 out of 68
Total Entries is:
28557
0/28557
1000/28557
2000/28557
3000/28557
4000/28557
5000/28557
6000/28557
7000/28557
8000/28557
9000/28557
10000/28557
11000/28557
12000/28557
13000/28557
14000/28557
15000/28557
16000/28557
17000/28557
18000/28557
19000/28557
20000/28557
21000/28557
22000/28557
23000/28557
24000/28557
25000/28557
26000/28557
27000/28557
28000/28557
File 28 out of 68
Total Entries is:
25834
0/25834
1000/25834
2000/25834
3000/25834
4000/25834
5000/25834
6000/25834
7000/25834
8000/25834
9000/25834
10000/25834
11000/25834
12000/25834
13000/25834
14000/25834
15000/25834
16000/25834
17000/25834
18000/25834
19000/25834
20000/25834
21000/25834
22000/25834
23000/25834
24000/25834
25000/25834
File 29 out of 68
Total Entries is:
21255
0/21255
1000/21255
2000/21255
3000/21255
4000/21255
5000/21255
6000/21255
7000/21255
8000/21255
9000/21255
10000/21255
11000/21255
12000/21255
13000/21255
14000/21255
15000/21255
16000/21255
17000/21255
18000/21255
19000/21255
20000/21255
21000/21255
File 30 out of 68
Total Entries is:
28499
0/28499
1000/28499
2000/28499
3000/28499
4000/28499
5000/28499
6000/28499
7000/28499
8000/28499
9000/28499
10000/28499
11000/28499
12000/28499
13000/28499
14000/28499
15000/28499
16000/28499
17000/28499
18000/28499
19000/28499
20000/28499
21000/28499
22000/28499
23000/28499
24000/28499
25000/28499
26000/28499
27000/28499
28000/28499
File 31 out of 68
Total Entries is:
28625
0/28625
1000/28625
2000/28625
3000/28625
4000/28625
5000/28625
6000/28625
7000/28625
8000/28625
9000/28625
10000/28625
11000/28625
12000/28625
13000/28625
14000/28625
15000/28625
16000/28625
17000/28625
18000/28625
19000/28625
20000/28625
21000/28625
22000/28625
23000/28625
24000/28625
25000/28625
26000/28625
27000/28625
28000/28625
File 32 out of 68
Total Entries is:
30570
0/30570
1000/30570
2000/30570
3000/30570
4000/30570
5000/30570
6000/30570
7000/30570
8000/30570
9000/30570
10000/30570
11000/30570
12000/30570
13000/30570
14000/30570
15000/30570
16000/30570
17000/30570
18000/30570
19000/30570
20000/30570
21000/30570
22000/30570
23000/30570
24000/30570
25000/30570
26000/30570
27000/30570
28000/30570
29000/30570
30000/30570
File 33 out of 68
Total Entries is:
28089
0/28089
1000/28089
2000/28089
3000/28089
4000/28089
5000/28089
6000/28089
7000/28089
8000/28089
9000/28089
10000/28089
11000/28089
12000/28089
13000/28089
14000/28089
15000/28089
16000/28089
17000/28089
18000/28089
19000/28089
20000/28089
21000/28089
22000/28089
23000/28089
24000/28089
25000/28089
26000/28089
27000/28089
28000/28089
File 34 out of 68
Total Entries is:
31589
0/31589
1000/31589
2000/31589
3000/31589
4000/31589
5000/31589
6000/31589
7000/31589
8000/31589
9000/31589
10000/31589
11000/31589
12000/31589
13000/31589
14000/31589
15000/31589
16000/31589
17000/31589
18000/31589
19000/31589
20000/31589
21000/31589
22000/31589
23000/31589
24000/31589
25000/31589
26000/31589
27000/31589
28000/31589
29000/31589
30000/31589
31000/31589
File 35 out of 68
Total Entries is:
29480
0/29480
1000/29480
2000/29480
3000/29480
4000/29480
5000/29480
6000/29480
7000/29480
8000/29480
9000/29480
10000/29480
11000/29480
12000/29480
13000/29480
14000/29480
15000/29480
16000/29480
17000/29480
18000/29480
19000/29480
20000/29480
21000/29480
22000/29480
23000/29480
24000/29480
25000/29480
26000/29480
27000/29480
28000/29480
29000/29480
File 36 out of 68
Total Entries is:
29722
0/29722
1000/29722
2000/29722
3000/29722
4000/29722
5000/29722
6000/29722
7000/29722
8000/29722
9000/29722
10000/29722
11000/29722
12000/29722
13000/29722
14000/29722
15000/29722
16000/29722
17000/29722
18000/29722
19000/29722
20000/29722
21000/29722
22000/29722
23000/29722
24000/29722
25000/29722
26000/29722
27000/29722
28000/29722
29000/29722
File 37 out of 68
Total Entries is:
34151
0/34151
1000/34151
2000/34151
3000/34151
4000/34151
5000/34151
6000/34151
7000/34151
8000/34151
9000/34151
10000/34151
11000/34151
12000/34151
13000/34151
14000/34151
15000/34151
16000/34151
17000/34151
18000/34151
19000/34151
20000/34151
21000/34151
22000/34151
23000/34151
24000/34151
25000/34151
26000/34151
27000/34151
28000/34151
29000/34151
30000/34151
31000/34151
32000/34151
33000/34151
34000/34151
File 38 out of 68
Total Entries is:
32051
0/32051
1000/32051
2000/32051
3000/32051
4000/32051
5000/32051
6000/32051
7000/32051
8000/32051
9000/32051
10000/32051
11000/32051
12000/32051
13000/32051
14000/32051
15000/32051
16000/32051
17000/32051
18000/32051
19000/32051
20000/32051
21000/32051
22000/32051
23000/32051
24000/32051
25000/32051
26000/32051
27000/32051
28000/32051
29000/32051
30000/32051
31000/32051
32000/32051
File 39 out of 68
Total Entries is:
31362
0/31362
1000/31362
2000/31362
3000/31362
4000/31362
5000/31362
6000/31362
7000/31362
8000/31362
9000/31362
10000/31362
11000/31362
12000/31362
13000/31362
14000/31362
15000/31362
16000/31362
17000/31362
18000/31362
19000/31362
20000/31362
21000/31362
22000/31362
23000/31362
24000/31362
25000/31362
26000/31362
27000/31362
28000/31362
29000/31362
30000/31362
31000/31362
File 40 out of 68
Total Entries is:
27647
0/27647
1000/27647
2000/27647
3000/27647
4000/27647
5000/27647
6000/27647
7000/27647
8000/27647
9000/27647
10000/27647
11000/27647
12000/27647
13000/27647
14000/27647
15000/27647
16000/27647
17000/27647
18000/27647
19000/27647
20000/27647
21000/27647
22000/27647
23000/27647
24000/27647
25000/27647
26000/27647
27000/27647
File 41 out of 68
Total Entries is:
30917
0/30917
1000/30917
2000/30917
3000/30917
4000/30917
5000/30917
6000/30917
7000/30917
8000/30917
9000/30917
10000/30917
11000/30917
12000/30917
13000/30917
14000/30917
15000/30917
16000/30917
17000/30917
18000/30917
19000/30917
20000/30917
21000/30917
22000/30917
23000/30917
24000/30917
25000/30917
26000/30917
27000/30917
28000/30917
29000/30917
30000/30917
File 42 out of 68
Total Entries is:
27827
0/27827
1000/27827
2000/27827
3000/27827
4000/27827
5000/27827
6000/27827
7000/27827
8000/27827
9000/27827
10000/27827
11000/27827
12000/27827
13000/27827
14000/27827
15000/27827
16000/27827
17000/27827
18000/27827
19000/27827
20000/27827
21000/27827
22000/27827
23000/27827
24000/27827
25000/27827
26000/27827
27000/27827
File 43 out of 68
Total Entries is:
28776
0/28776
1000/28776
2000/28776
3000/28776
4000/28776
5000/28776
6000/28776
7000/28776
8000/28776
9000/28776
10000/28776
11000/28776
12000/28776
13000/28776
14000/28776
15000/28776
16000/28776
17000/28776
18000/28776
19000/28776
20000/28776
21000/28776
22000/28776
23000/28776
24000/28776
25000/28776
26000/28776
27000/28776
28000/28776
File 44 out of 68
Total Entries is:
29188
0/29188
1000/29188
2000/29188
3000/29188
4000/29188
5000/29188
6000/29188
7000/29188
8000/29188
9000/29188
10000/29188
11000/29188
12000/29188
13000/29188
14000/29188
15000/29188
16000/29188
17000/29188
18000/29188
19000/29188
20000/29188
21000/29188
22000/29188
23000/29188
24000/29188
25000/29188
26000/29188
27000/29188
28000/29188
29000/29188
File 45 out of 68
Total Entries is:
17394
0/17394
1000/17394
2000/17394
3000/17394
4000/17394
5000/17394
6000/17394
7000/17394
8000/17394
9000/17394
10000/17394
11000/17394
12000/17394
13000/17394
14000/17394
15000/17394
16000/17394
17000/17394
File 46 out of 68
Total Entries is:
25965
0/25965
1000/25965
2000/25965
3000/25965
4000/25965
5000/25965
6000/25965
7000/25965
8000/25965
9000/25965
10000/25965
11000/25965
12000/25965
13000/25965
14000/25965
15000/25965
16000/25965
17000/25965
18000/25965
19000/25965
20000/25965
21000/25965
22000/25965
23000/25965
24000/25965
25000/25965
File 47 out of 68
Total Entries is:
29774
0/29774
1000/29774
2000/29774
3000/29774
4000/29774
5000/29774
6000/29774
7000/29774
8000/29774
9000/29774
10000/29774
11000/29774
12000/29774
13000/29774
14000/29774
15000/29774
16000/29774
17000/29774
18000/29774
19000/29774
20000/29774
21000/29774
22000/29774
23000/29774
24000/29774
25000/29774
26000/29774
27000/29774
28000/29774
29000/29774
File 48 out of 68
Total Entries is:
25880
0/25880
1000/25880
2000/25880
3000/25880
4000/25880
5000/25880
6000/25880
7000/25880
8000/25880
9000/25880
10000/25880
11000/25880
12000/25880
13000/25880
14000/25880
15000/25880
16000/25880
17000/25880
18000/25880
19000/25880
20000/25880
21000/25880
22000/25880
23000/25880
24000/25880
25000/25880
File 49 out of 68
Total Entries is:
27032
0/27032
1000/27032
2000/27032
3000/27032
4000/27032
5000/27032
6000/27032
7000/27032
8000/27032
9000/27032
10000/27032
11000/27032
12000/27032
13000/27032
14000/27032
15000/27032
16000/27032
17000/27032
18000/27032
19000/27032
20000/27032
21000/27032
22000/27032
23000/27032
24000/27032
25000/27032
26000/27032
27000/27032
File 50 out of 68
Total Entries is:
29169
0/29169
1000/29169
2000/29169
3000/29169
4000/29169
5000/29169
6000/29169
7000/29169
8000/29169
9000/29169
10000/29169
11000/29169
12000/29169
13000/29169
14000/29169
15000/29169
16000/29169
17000/29169
18000/29169
19000/29169
20000/29169
21000/29169
22000/29169
23000/29169
24000/29169
25000/29169
26000/29169
27000/29169
28000/29169
29000/29169
File 51 out of 68
Total Entries is:
33785
0/33785
1000/33785
2000/33785
3000/33785
4000/33785
5000/33785
6000/33785
7000/33785
8000/33785
9000/33785
10000/33785
11000/33785
12000/33785
13000/33785
14000/33785
15000/33785
16000/33785
17000/33785
18000/33785
19000/33785
20000/33785
21000/33785
22000/33785
23000/33785
24000/33785
25000/33785
26000/33785
27000/33785
28000/33785
29000/33785
30000/33785
31000/33785
32000/33785
33000/33785
File 52 out of 68
Total Entries is:
34238
0/34238
1000/34238
2000/34238
3000/34238
4000/34238
5000/34238
6000/34238
7000/34238
8000/34238
9000/34238
10000/34238
11000/34238
12000/34238
13000/34238
14000/34238
15000/34238
16000/34238
17000/34238
18000/34238
19000/34238
20000/34238
21000/34238
22000/34238
23000/34238
24000/34238
25000/34238
26000/34238
27000/34238
28000/34238
29000/34238
30000/34238
31000/34238
32000/34238
33000/34238
34000/34238
File 53 out of 68
Total Entries is:
25949
0/25949
1000/25949
2000/25949
3000/25949
4000/25949
5000/25949
6000/25949
7000/25949
8000/25949
9000/25949
10000/25949
11000/25949
12000/25949
13000/25949
14000/25949
15000/25949
16000/25949
17000/25949
18000/25949
19000/25949
20000/25949
21000/25949
22000/25949
23000/25949
24000/25949
25000/25949
File 54 out of 68
Total Entries is:
30176
0/30176
1000/30176
2000/30176
3000/30176
4000/30176
5000/30176
6000/30176
7000/30176
8000/30176
9000/30176
10000/30176
11000/30176
12000/30176
13000/30176
14000/30176
15000/30176
16000/30176
17000/30176
18000/30176
19000/30176
20000/30176
21000/30176
22000/30176
23000/30176
24000/30176
25000/30176
26000/30176
27000/30176
28000/30176
29000/30176
30000/30176
File 55 out of 68
Total Entries is:
30623
0/30623
1000/30623
2000/30623
3000/30623
4000/30623
5000/30623
6000/30623
7000/30623
8000/30623
9000/30623
10000/30623
11000/30623
12000/30623
13000/30623
14000/30623
15000/30623
16000/30623
17000/30623
18000/30623
19000/30623
20000/30623
21000/30623
22000/30623
23000/30623
24000/30623
25000/30623
26000/30623
27000/30623
28000/30623
29000/30623
30000/30623
File 56 out of 68
Total Entries is:
24398
0/24398
1000/24398
2000/24398
3000/24398
4000/24398
5000/24398
6000/24398
7000/24398
8000/24398
9000/24398
10000/24398
11000/24398
12000/24398
13000/24398
14000/24398
15000/24398
16000/24398
17000/24398
18000/24398
19000/24398
20000/24398
21000/24398
22000/24398
23000/24398
24000/24398
File 57 out of 68
Total Entries is:
28337
0/28337
1000/28337
2000/28337
3000/28337
4000/28337
5000/28337
6000/28337
7000/28337
8000/28337
9000/28337
10000/28337
11000/28337
12000/28337
13000/28337
14000/28337
15000/28337
16000/28337
17000/28337
18000/28337
19000/28337
20000/28337
21000/28337
22000/28337
23000/28337
24000/28337
25000/28337
26000/28337
27000/28337
28000/28337
File 58 out of 68
Total Entries is:
31171
0/31171
1000/31171
2000/31171
3000/31171
4000/31171
5000/31171
6000/31171
7000/31171
8000/31171
9000/31171
10000/31171
11000/31171
12000/31171
13000/31171
14000/31171
15000/31171
16000/31171
17000/31171
18000/31171
19000/31171
20000/31171
21000/31171
22000/31171
23000/31171
24000/31171
25000/31171
26000/31171
27000/31171
28000/31171
29000/31171
30000/31171
31000/31171
File 59 out of 68
Total Entries is:
25327
0/25327
1000/25327
2000/25327
3000/25327
4000/25327
5000/25327
6000/25327
7000/25327
8000/25327
9000/25327
10000/25327
11000/25327
12000/25327
13000/25327
14000/25327
15000/25327
16000/25327
17000/25327
18000/25327
19000/25327
20000/25327
21000/25327
22000/25327
23000/25327
24000/25327
25000/25327
File 60 out of 68
Total Entries is:
29897
0/29897
1000/29897
2000/29897
3000/29897
4000/29897
5000/29897
6000/29897
7000/29897
8000/29897
9000/29897
10000/29897
11000/29897
12000/29897
13000/29897
14000/29897
15000/29897
16000/29897
17000/29897
18000/29897
19000/29897
20000/29897
21000/29897
22000/29897
23000/29897
24000/29897
25000/29897
26000/29897
27000/29897
28000/29897
29000/29897
File 61 out of 68
Total Entries is:
29742
0/29742
1000/29742
2000/29742
3000/29742
4000/29742
5000/29742
6000/29742
7000/29742
8000/29742
9000/29742
10000/29742
11000/29742
12000/29742
13000/29742
14000/29742
15000/29742
16000/29742
17000/29742
18000/29742
19000/29742
20000/29742
21000/29742
22000/29742
23000/29742
24000/29742
25000/29742
26000/29742
27000/29742
28000/29742
29000/29742
File 62 out of 68
Total Entries is:
30530
0/30530
1000/30530
2000/30530
3000/30530
4000/30530
5000/30530
6000/30530
7000/30530
8000/30530
9000/30530
10000/30530
11000/30530
12000/30530
13000/30530
14000/30530
15000/30530
16000/30530
17000/30530
18000/30530
19000/30530
20000/30530
21000/30530
22000/30530
23000/30530
24000/30530
25000/30530
26000/30530
27000/30530
28000/30530
29000/30530
30000/30530
File 63 out of 68
Total Entries is:
19602
0/19602
1000/19602
2000/19602
3000/19602
4000/19602
5000/19602
6000/19602
7000/19602
8000/19602
9000/19602
10000/19602
11000/19602
12000/19602
13000/19602
14000/19602
15000/19602
16000/19602
17000/19602
18000/19602
19000/19602
File 64 out of 68
Total Entries is:
24219
0/24219
1000/24219
2000/24219
3000/24219
4000/24219
5000/24219
6000/24219
7000/24219
8000/24219
9000/24219
10000/24219
11000/24219
12000/24219
13000/24219
14000/24219
15000/24219
16000/24219
17000/24219
18000/24219
19000/24219
20000/24219
21000/24219
22000/24219
23000/24219
24000/24219
File 65 out of 68
Total Entries is:
23847
0/23847
1000/23847
2000/23847
3000/23847
4000/23847
5000/23847
6000/23847
7000/23847
8000/23847
9000/23847
10000/23847
11000/23847
12000/23847
13000/23847
14000/23847
15000/23847
16000/23847
17000/23847
18000/23847
19000/23847
20000/23847
21000/23847
22000/23847
23000/23847
File 66 out of 68
Total Entries is:
22852
0/22852
1000/22852
2000/22852
3000/22852
4000/22852
5000/22852
6000/22852
7000/22852
8000/22852
9000/22852
10000/22852
11000/22852
12000/22852
13000/22852
14000/22852
15000/22852
16000/22852
17000/22852
18000/22852
19000/22852
20000/22852
21000/22852
22000/22852
File 67 out of 68
Total Entries is:
27050
0/27050
1000/27050
2000/27050
3000/27050
4000/27050
5000/27050
6000/27050
7000/27050
8000/27050
9000/27050
10000/27050
11000/27050
12000/27050
13000/27050
14000/27050
15000/27050
16000/27050
17000/27050
18000/27050
19000/27050
20000/27050
21000/27050
22000/27050
23000/27050
24000/27050
25000/27050
26000/27050
27000/27050
File 68 out of 68
Total Entries is:
26616
0/26616
1000/26616
2000/26616
3000/26616
4000/26616
5000/26616
6000/26616
7000/26616
8000/26616
9000/26616
10000/26616
11000/26616
12000/26616
13000/26616
14000/26616
15000/26616
16000/26616
17000/26616
18000/26616
19000/26616
20000/26616
21000/26616
22000/26616
23000/26616
24000/26616
25000/26616
26000/26616
skipper is: 920650608
tripper is: 1010270022
ppt is 1 and trk is 1
***
hSig ent are: 78213476 ... and hBack ent are: 7.82181e+08
***
ppt is 2 and trk is 1
***
hSig ent are: 1686600 ... and hBack ent are: 1.68716e+07
***
ppt is 3 and trk is 1
***
hSig ent are: 1007140 ... and hBack ent are: 1.00774e+07
***
ppt is 1 and trk is 2
***
hSig ent are: 664274936 ... and hBack ent are: 6.64282e+09
***
ppt is 2 and trk is 2
***
hSig ent are: 29845636 ... and hBack ent are: 2.98477e+08
***
ppt is 3 and trk is 2
***
hSig ent are: 34466844 ... and hBack ent are: 3.44678e+08
***
ppt is 1 and trk is 3
***
hSig ent are: 690594664 ... and hBack ent are: 6.90603e+09
***
ppt is 2 and trk is 3
***
hSig ent are: 51379700 ... and hBack ent are: 5.13816e+08
***
ppt is 3 and trk is 3
***
hSig ent are: 75393500 ... and hBack ent are: 7.53969e+08
***
ppt is 1 and trk is 4
***
hSig ent are: 256646836 ... and hBack ent are: 2.56649e+09
***
ppt is 2 and trk is 4
***
hSig ent are: 24806448 ... and hBack ent are: 2.48078e+08
***
ppt is 3 and trk is 4
***
hSig ent are: 40631212 ... and hBack ent are: 4.06325e+08
***
ppt is 1 and trk is 5
***
hSig ent are: 48265340 ... and hBack ent are: 4.82659e+08
***
ppt is 2 and trk is 5
***
hSig ent are: 5223540 ... and hBack ent are: 5.22368e+07
***
ppt is 3 and trk is 5
***
hSig ent are: 9132316 ... and hBack ent are: 9.13267e+07
***
ppt is 1 and trk is 6
***
hSig ent are: 6116240 ... and hBack ent are: 6.11759e+07
***
ppt is 2 and trk is 6
***
hSig ent are: 693492 ... and hBack ent are: 6.93532e+06
***
ppt is 3 and trk is 6
***
hSig ent are: 1224848 ... and hBack ent are: 1.22535e+07
***
ppt is 1 and trk is 7
***
hSig ent are: 643624 ... and hBack ent are: 6.43891e+06
***
ppt is 2 and trk is 7
***
hSig ent are: 93356 ... and hBack ent are: 934122
***
ppt is 3 and trk is 7
***
hSig ent are: 200296 ... and hBack ent are: 2.00364e+06
***
Time: 4097.65 seconds.
Split Times (in seconds)...
Start Up        0          (0 %)
Opening Files   0.249      (0.00609 %)
Loading Events  1.65e+03   (40.3 %)
Event Selection 944        (23 %)
Jet Selection   0.416      (0.0102 %)
Track Loops     828        (20.2 %)
EndJob          675        (16.5 %)
Split Total: 4.1e+03s
