Starting event loop
Total Number of Files in this Job: 25
File 1 out of 25
Total Entries is:
32052
0/32052
1000/32052
2000/32052
3000/32052
4000/32052
5000/32052
6000/32052
7000/32052
8000/32052
9000/32052
10000/32052
11000/32052
12000/32052
13000/32052
14000/32052
15000/32052
16000/32052
17000/32052
18000/32052
19000/32052
20000/32052
21000/32052
22000/32052
23000/32052
24000/32052
25000/32052
26000/32052
27000/32052
28000/32052
29000/32052
30000/32052
31000/32052
32000/32052
File 2 out of 25
Total Entries is:
21601
0/21601
1000/21601
2000/21601
3000/21601
4000/21601
5000/21601
6000/21601
7000/21601
8000/21601
9000/21601
10000/21601
11000/21601
12000/21601
13000/21601
14000/21601
15000/21601
16000/21601
17000/21601
18000/21601
19000/21601
20000/21601
21000/21601
File 3 out of 25
Total Entries is:
22885
0/22885
1000/22885
2000/22885
3000/22885
4000/22885
5000/22885
6000/22885
7000/22885
8000/22885
9000/22885
10000/22885
11000/22885
12000/22885
13000/22885
14000/22885
15000/22885
16000/22885
17000/22885
18000/22885
19000/22885
20000/22885
21000/22885
22000/22885
File 4 out of 25
Total Entries is:
28461
0/28461
1000/28461
2000/28461
3000/28461
4000/28461
5000/28461
6000/28461
7000/28461
8000/28461
9000/28461
10000/28461
11000/28461
12000/28461
13000/28461
14000/28461
15000/28461
16000/28461
17000/28461
18000/28461
19000/28461
20000/28461
21000/28461
22000/28461
23000/28461
24000/28461
25000/28461
26000/28461
27000/28461
28000/28461
File 5 out of 25
Total Entries is:
26343
0/26343
1000/26343
2000/26343
3000/26343
4000/26343
5000/26343
6000/26343
7000/26343
8000/26343
9000/26343
10000/26343
11000/26343
12000/26343
13000/26343
14000/26343
15000/26343
16000/26343
17000/26343
18000/26343
19000/26343
20000/26343
21000/26343
22000/26343
23000/26343
24000/26343
25000/26343
26000/26343
File 6 out of 25
Total Entries is:
29612
0/29612
1000/29612
2000/29612
3000/29612
4000/29612
5000/29612
6000/29612
7000/29612
8000/29612
9000/29612
10000/29612
11000/29612
12000/29612
13000/29612
14000/29612
15000/29612
16000/29612
17000/29612
18000/29612
19000/29612
20000/29612
21000/29612
22000/29612
23000/29612
24000/29612
25000/29612
26000/29612
27000/29612
28000/29612
29000/29612
File 7 out of 25
Total Entries is:
28457
0/28457
1000/28457
2000/28457
3000/28457
4000/28457
5000/28457
6000/28457
7000/28457
8000/28457
9000/28457
10000/28457
11000/28457
12000/28457
13000/28457
14000/28457
15000/28457
16000/28457
17000/28457
18000/28457
19000/28457
20000/28457
21000/28457
22000/28457
23000/28457
24000/28457
25000/28457
26000/28457
27000/28457
28000/28457
File 8 out of 25
Total Entries is:
28527
0/28527
1000/28527
2000/28527
3000/28527
4000/28527
5000/28527
6000/28527
7000/28527
8000/28527
9000/28527
10000/28527
11000/28527
12000/28527
13000/28527
14000/28527
15000/28527
16000/28527
17000/28527
18000/28527
19000/28527
20000/28527
21000/28527
22000/28527
23000/28527
24000/28527
25000/28527
26000/28527
27000/28527
28000/28527
File 9 out of 25
Total Entries is:
22499
0/22499
1000/22499
2000/22499
3000/22499
4000/22499
5000/22499
6000/22499
7000/22499
8000/22499
9000/22499
10000/22499
11000/22499
12000/22499
13000/22499
14000/22499
15000/22499
16000/22499
17000/22499
18000/22499
19000/22499
20000/22499
21000/22499
22000/22499
File 10 out of 25
Total Entries is:
19489
0/19489
1000/19489
2000/19489
3000/19489
4000/19489
5000/19489
6000/19489
7000/19489
8000/19489
9000/19489
10000/19489
11000/19489
12000/19489
13000/19489
14000/19489
15000/19489
16000/19489
17000/19489
18000/19489
19000/19489
File 11 out of 25
Total Entries is:
33463
0/33463
1000/33463
2000/33463
3000/33463
4000/33463
5000/33463
6000/33463
7000/33463
8000/33463
9000/33463
10000/33463
11000/33463
12000/33463
13000/33463
14000/33463
15000/33463
16000/33463
17000/33463
18000/33463
19000/33463
20000/33463
21000/33463
22000/33463
23000/33463
24000/33463
25000/33463
26000/33463
27000/33463
28000/33463
29000/33463
30000/33463
31000/33463
32000/33463
33000/33463
File 12 out of 25
Total Entries is:
28615
0/28615
1000/28615
2000/28615
3000/28615
4000/28615
5000/28615
6000/28615
7000/28615
8000/28615
9000/28615
10000/28615
11000/28615
12000/28615
13000/28615
14000/28615
15000/28615
16000/28615
17000/28615
18000/28615
19000/28615
20000/28615
21000/28615
22000/28615
23000/28615
24000/28615
25000/28615
26000/28615
27000/28615
28000/28615
File 13 out of 25
Total Entries is:
28787
0/28787
1000/28787
2000/28787
3000/28787
4000/28787
5000/28787
6000/28787
7000/28787
8000/28787
9000/28787
10000/28787
11000/28787
12000/28787
13000/28787
14000/28787
15000/28787
16000/28787
17000/28787
18000/28787
19000/28787
20000/28787
21000/28787
22000/28787
23000/28787
24000/28787
25000/28787
26000/28787
27000/28787
28000/28787
File 14 out of 25
Total Entries is:
32605
0/32605
1000/32605
2000/32605
3000/32605
4000/32605
5000/32605
6000/32605
7000/32605
8000/32605
9000/32605
10000/32605
11000/32605
12000/32605
13000/32605
14000/32605
15000/32605
16000/32605
17000/32605
18000/32605
19000/32605
20000/32605
21000/32605
22000/32605
23000/32605
24000/32605
25000/32605
26000/32605
27000/32605
28000/32605
29000/32605
30000/32605
31000/32605
32000/32605
File 15 out of 25
Total Entries is:
29875
0/29875
1000/29875
2000/29875
3000/29875
4000/29875
5000/29875
6000/29875
7000/29875
8000/29875
9000/29875
10000/29875
11000/29875
12000/29875
13000/29875
14000/29875
15000/29875
16000/29875
17000/29875
18000/29875
19000/29875
20000/29875
21000/29875
22000/29875
23000/29875
24000/29875
25000/29875
26000/29875
27000/29875
28000/29875
29000/29875
File 16 out of 25
Total Entries is:
26177
0/26177
1000/26177
2000/26177
3000/26177
4000/26177
5000/26177
6000/26177
7000/26177
8000/26177
9000/26177
10000/26177
11000/26177
12000/26177
13000/26177
14000/26177
15000/26177
16000/26177
17000/26177
18000/26177
19000/26177
20000/26177
21000/26177
22000/26177
23000/26177
24000/26177
25000/26177
26000/26177
File 17 out of 25
Total Entries is:
23022
0/23022
1000/23022
2000/23022
3000/23022
4000/23022
5000/23022
6000/23022
7000/23022
8000/23022
9000/23022
10000/23022
11000/23022
12000/23022
13000/23022
14000/23022
15000/23022
16000/23022
17000/23022
18000/23022
19000/23022
20000/23022
21000/23022
22000/23022
23000/23022
File 18 out of 25
Total Entries is:
27125
0/27125
1000/27125
2000/27125
3000/27125
4000/27125
5000/27125
6000/27125
7000/27125
8000/27125
9000/27125
10000/27125
11000/27125
12000/27125
13000/27125
14000/27125
15000/27125
16000/27125
17000/27125
18000/27125
19000/27125
20000/27125
21000/27125
22000/27125
23000/27125
24000/27125
25000/27125
26000/27125
27000/27125
File 19 out of 25
Total Entries is:
29888
0/29888
1000/29888
2000/29888
3000/29888
4000/29888
5000/29888
6000/29888
7000/29888
8000/29888
9000/29888
10000/29888
11000/29888
12000/29888
13000/29888
14000/29888
15000/29888
16000/29888
17000/29888
18000/29888
19000/29888
20000/29888
21000/29888
22000/29888
23000/29888
24000/29888
25000/29888
26000/29888
27000/29888
28000/29888
29000/29888
File 20 out of 25
Total Entries is:
27779
0/27779
1000/27779
2000/27779
3000/27779
4000/27779
5000/27779
6000/27779
7000/27779
8000/27779
9000/27779
10000/27779
11000/27779
12000/27779
13000/27779
14000/27779
15000/27779
16000/27779
17000/27779
18000/27779
19000/27779
20000/27779
21000/27779
22000/27779
23000/27779
24000/27779
25000/27779
26000/27779
27000/27779
File 21 out of 25
Total Entries is:
21220
0/21220
1000/21220
2000/21220
3000/21220
4000/21220
5000/21220
6000/21220
7000/21220
8000/21220
9000/21220
10000/21220
11000/21220
12000/21220
13000/21220
14000/21220
15000/21220
16000/21220
17000/21220
18000/21220
19000/21220
20000/21220
21000/21220
File 22 out of 25
Total Entries is:
25991
0/25991
1000/25991
2000/25991
3000/25991
4000/25991
5000/25991
6000/25991
7000/25991
8000/25991
9000/25991
10000/25991
11000/25991
12000/25991
13000/25991
14000/25991
15000/25991
16000/25991
17000/25991
18000/25991
19000/25991
20000/25991
21000/25991
22000/25991
23000/25991
24000/25991
25000/25991
File 23 out of 25
Total Entries is:
27939
0/27939
1000/27939
2000/27939
3000/27939
4000/27939
5000/27939
6000/27939
7000/27939
8000/27939
9000/27939
10000/27939
11000/27939
12000/27939
13000/27939
14000/27939
15000/27939
16000/27939
17000/27939
18000/27939
19000/27939
20000/27939
21000/27939
22000/27939
23000/27939
24000/27939
25000/27939
26000/27939
27000/27939
File 24 out of 25
Total Entries is:
24170
0/24170
1000/24170
2000/24170
3000/24170
4000/24170
5000/24170
6000/24170
7000/24170
8000/24170
9000/24170
10000/24170
11000/24170
12000/24170
13000/24170
14000/24170
15000/24170
16000/24170
17000/24170
18000/24170
19000/24170
20000/24170
21000/24170
22000/24170
23000/24170
24000/24170
File 25 out of 25
Total Entries is:
29609
0/29609
1000/29609
2000/29609
3000/29609
4000/29609
5000/29609
6000/29609
7000/29609
8000/29609
9000/29609
10000/29609
11000/29609
12000/29609
13000/29609
14000/29609
15000/29609
16000/29609
17000/29609
18000/29609
19000/29609
20000/29609
21000/29609
22000/29609
23000/29609
24000/29609
25000/29609
26000/29609
27000/29609
28000/29609
29000/29609
skipper is: 347125962
tripper is: 381459752
ppt is 1 and trk is 1
***
hSig ent are: 27980732 ... and hBack ent are: 2.79809e+08
***
ppt is 2 and trk is 1
***
hSig ent are: 588408 ... and hBack ent are: 5.8879e+06
***
ppt is 3 and trk is 1
***
hSig ent are: 353200 ... and hBack ent are: 3.53252e+06
***
ppt is 1 and trk is 2
***
hSig ent are: 246715184 ... and hBack ent are: 2.46716e+09
***
ppt is 2 and trk is 2
***
hSig ent are: 10919752 ... and hBack ent are: 1.09213e+08
***
ppt is 3 and trk is 2
***
hSig ent are: 12532628 ... and hBack ent are: 1.25339e+08
***
ppt is 1 and trk is 3
***
hSig ent are: 261617560 ... and hBack ent are: 2.61627e+09
***
ppt is 2 and trk is 3
***
hSig ent are: 19192040 ... and hBack ent are: 1.91947e+08
***
ppt is 3 and trk is 3
***
hSig ent are: 28193860 ... and hBack ent are: 2.81954e+08
***
ppt is 1 and trk is 4
***
hSig ent are: 100368600 ... and hBack ent are: 1.00372e+09
***
ppt is 2 and trk is 4
***
hSig ent are: 9596748 ... and hBack ent are: 9.59714e+07
***
ppt is 3 and trk is 4
***
hSig ent are: 15874552 ... and hBack ent are: 1.58747e+08
***
ppt is 1 and trk is 5
***
hSig ent are: 19468536 ... and hBack ent are: 1.947e+08
***
ppt is 2 and trk is 5
***
hSig ent are: 2091004 ... and hBack ent are: 2.09169e+07
***
ppt is 3 and trk is 5
***
hSig ent are: 3641428 ... and hBack ent are: 3.64152e+07
***
ppt is 1 and trk is 6
***
hSig ent are: 2614876 ... and hBack ent are: 2.61581e+07
***
ppt is 2 and trk is 6
***
hSig ent are: 291384 ... and hBack ent are: 2.91556e+06
***
ppt is 3 and trk is 6
***
hSig ent are: 517404 ... and hBack ent are: 5.1779e+06
***
ppt is 1 and trk is 7
***
hSig ent are: 275700 ... and hBack ent are: 2.75726e+06
***
ppt is 2 and trk is 7
***
hSig ent are: 25972 ... and hBack ent are: 260610
***
ppt is 3 and trk is 7
***
hSig ent are: 59936 ... and hBack ent are: 599850
***
Time: 1906.7 seconds.
Split Times (in seconds)...
Start Up        0          (0 %)
Opening Files   0.143      (0.00748 %)
Loading Events  783        (41.1 %)
Event Selection 387        (20.3 %)
Jet Selection   0.184      (0.00963 %)
Track Loops     405        (21.2 %)
EndJob          331        (17.4 %)
Split Total: 1.91e+03s
