Starting event loop
Total Number of Files in this Job: 25
File 1 out of 25
Total Entries is:
31880
0/31880
1000/31880
2000/31880
3000/31880
4000/31880
5000/31880
6000/31880
7000/31880
8000/31880
9000/31880
10000/31880
11000/31880
12000/31880
13000/31880
14000/31880
15000/31880
16000/31880
17000/31880
18000/31880
19000/31880
20000/31880
21000/31880
22000/31880
23000/31880
24000/31880
25000/31880
26000/31880
27000/31880
28000/31880
29000/31880
30000/31880
31000/31880
File 2 out of 25
Total Entries is:
21803
0/21803
1000/21803
2000/21803
3000/21803
4000/21803
5000/21803
6000/21803
7000/21803
8000/21803
9000/21803
10000/21803
11000/21803
12000/21803
13000/21803
14000/21803
15000/21803
16000/21803
17000/21803
18000/21803
19000/21803
20000/21803
21000/21803
File 3 out of 25
Total Entries is:
20164
0/20164
1000/20164
2000/20164
3000/20164
4000/20164
5000/20164
6000/20164
7000/20164
8000/20164
9000/20164
10000/20164
11000/20164
12000/20164
13000/20164
14000/20164
15000/20164
16000/20164
17000/20164
18000/20164
19000/20164
20000/20164
File 4 out of 25
Total Entries is:
29151
0/29151
1000/29151
2000/29151
3000/29151
4000/29151
5000/29151
6000/29151
7000/29151
8000/29151
9000/29151
10000/29151
11000/29151
12000/29151
13000/29151
14000/29151
15000/29151
16000/29151
17000/29151
18000/29151
19000/29151
20000/29151
21000/29151
22000/29151
23000/29151
24000/29151
25000/29151
26000/29151
27000/29151
28000/29151
29000/29151
File 5 out of 25
Total Entries is:
23697
0/23697
1000/23697
2000/23697
3000/23697
4000/23697
5000/23697
6000/23697
7000/23697
8000/23697
9000/23697
10000/23697
11000/23697
12000/23697
13000/23697
14000/23697
15000/23697
16000/23697
17000/23697
18000/23697
19000/23697
20000/23697
21000/23697
22000/23697
23000/23697
File 6 out of 25
Total Entries is:
28929
0/28929
1000/28929
2000/28929
3000/28929
4000/28929
5000/28929
6000/28929
7000/28929
8000/28929
9000/28929
10000/28929
11000/28929
12000/28929
13000/28929
14000/28929
15000/28929
16000/28929
17000/28929
18000/28929
19000/28929
20000/28929
21000/28929
22000/28929
23000/28929
24000/28929
25000/28929
26000/28929
27000/28929
28000/28929
File 7 out of 25
Total Entries is:
23950
0/23950
1000/23950
2000/23950
3000/23950
4000/23950
5000/23950
6000/23950
7000/23950
8000/23950
9000/23950
10000/23950
11000/23950
12000/23950
13000/23950
14000/23950
15000/23950
16000/23950
17000/23950
18000/23950
19000/23950
20000/23950
21000/23950
22000/23950
23000/23950
File 8 out of 25
Total Entries is:
30853
0/30853
1000/30853
2000/30853
3000/30853
4000/30853
5000/30853
6000/30853
7000/30853
8000/30853
9000/30853
10000/30853
11000/30853
12000/30853
13000/30853
14000/30853
15000/30853
16000/30853
17000/30853
18000/30853
19000/30853
20000/30853
21000/30853
22000/30853
23000/30853
24000/30853
25000/30853
26000/30853
27000/30853
28000/30853
29000/30853
30000/30853
File 9 out of 25
Total Entries is:
28591
0/28591
1000/28591
2000/28591
3000/28591
4000/28591
5000/28591
6000/28591
7000/28591
8000/28591
9000/28591
10000/28591
11000/28591
12000/28591
13000/28591
14000/28591
15000/28591
16000/28591
17000/28591
18000/28591
19000/28591
20000/28591
21000/28591
22000/28591
23000/28591
24000/28591
25000/28591
26000/28591
27000/28591
28000/28591
File 10 out of 25
Total Entries is:
23871
0/23871
1000/23871
2000/23871
3000/23871
4000/23871
5000/23871
6000/23871
7000/23871
8000/23871
9000/23871
10000/23871
11000/23871
12000/23871
13000/23871
14000/23871
15000/23871
16000/23871
17000/23871
18000/23871
19000/23871
20000/23871
21000/23871
22000/23871
23000/23871
File 11 out of 25
Total Entries is:
16992
0/16992
1000/16992
2000/16992
3000/16992
4000/16992
5000/16992
6000/16992
7000/16992
8000/16992
9000/16992
10000/16992
11000/16992
12000/16992
13000/16992
14000/16992
15000/16992
16000/16992
File 12 out of 25
Total Entries is:
30844
0/30844
1000/30844
2000/30844
3000/30844
4000/30844
5000/30844
6000/30844
7000/30844
8000/30844
9000/30844
10000/30844
11000/30844
12000/30844
13000/30844
14000/30844
15000/30844
16000/30844
17000/30844
18000/30844
19000/30844
20000/30844
21000/30844
22000/30844
23000/30844
24000/30844
25000/30844
26000/30844
27000/30844
28000/30844
29000/30844
30000/30844
File 13 out of 25
Total Entries is:
28055
0/28055
1000/28055
2000/28055
3000/28055
4000/28055
5000/28055
6000/28055
7000/28055
8000/28055
9000/28055
10000/28055
11000/28055
12000/28055
13000/28055
14000/28055
15000/28055
16000/28055
17000/28055
18000/28055
19000/28055
20000/28055
21000/28055
22000/28055
23000/28055
24000/28055
25000/28055
26000/28055
27000/28055
28000/28055
File 14 out of 25
Total Entries is:
36174
0/36174
1000/36174
2000/36174
3000/36174
4000/36174
5000/36174
6000/36174
7000/36174
8000/36174
9000/36174
10000/36174
11000/36174
12000/36174
13000/36174
14000/36174
15000/36174
16000/36174
17000/36174
18000/36174
19000/36174
20000/36174
21000/36174
22000/36174
23000/36174
24000/36174
25000/36174
26000/36174
27000/36174
28000/36174
29000/36174
30000/36174
31000/36174
32000/36174
33000/36174
34000/36174
35000/36174
36000/36174
File 15 out of 25
Total Entries is:
27321
0/27321
1000/27321
2000/27321
3000/27321
4000/27321
5000/27321
6000/27321
7000/27321
8000/27321
9000/27321
10000/27321
11000/27321
12000/27321
13000/27321
14000/27321
15000/27321
16000/27321
17000/27321
18000/27321
19000/27321
20000/27321
21000/27321
22000/27321
23000/27321
24000/27321
25000/27321
26000/27321
27000/27321
File 16 out of 25
Total Entries is:
26442
0/26442
1000/26442
2000/26442
3000/26442
4000/26442
5000/26442
6000/26442
7000/26442
8000/26442
9000/26442
10000/26442
11000/26442
12000/26442
13000/26442
14000/26442
15000/26442
16000/26442
17000/26442
18000/26442
19000/26442
20000/26442
21000/26442
22000/26442
23000/26442
24000/26442
25000/26442
26000/26442
File 17 out of 25
Total Entries is:
27686
0/27686
1000/27686
2000/27686
3000/27686
4000/27686
5000/27686
6000/27686
7000/27686
8000/27686
9000/27686
10000/27686
11000/27686
12000/27686
13000/27686
14000/27686
15000/27686
16000/27686
17000/27686
18000/27686
19000/27686
20000/27686
21000/27686
22000/27686
23000/27686
24000/27686
25000/27686
26000/27686
27000/27686
File 18 out of 25
Total Entries is:
30199
0/30199
1000/30199
2000/30199
3000/30199
4000/30199
5000/30199
6000/30199
7000/30199
8000/30199
9000/30199
10000/30199
11000/30199
12000/30199
13000/30199
14000/30199
15000/30199
16000/30199
17000/30199
18000/30199
19000/30199
20000/30199
21000/30199
22000/30199
23000/30199
24000/30199
25000/30199
26000/30199
27000/30199
28000/30199
29000/30199
30000/30199
File 19 out of 25
Total Entries is:
23488
0/23488
1000/23488
2000/23488
3000/23488
4000/23488
5000/23488
6000/23488
7000/23488
8000/23488
9000/23488
10000/23488
11000/23488
12000/23488
13000/23488
14000/23488
15000/23488
16000/23488
17000/23488
18000/23488
19000/23488
20000/23488
21000/23488
22000/23488
23000/23488
File 20 out of 25
Total Entries is:
28980
0/28980
1000/28980
2000/28980
3000/28980
4000/28980
5000/28980
6000/28980
7000/28980
8000/28980
9000/28980
10000/28980
11000/28980
12000/28980
13000/28980
14000/28980
15000/28980
16000/28980
17000/28980
18000/28980
19000/28980
20000/28980
21000/28980
22000/28980
23000/28980
24000/28980
25000/28980
26000/28980
27000/28980
28000/28980
File 21 out of 25
Total Entries is:
18917
0/18917
1000/18917
2000/18917
3000/18917
4000/18917
5000/18917
6000/18917
7000/18917
8000/18917
9000/18917
10000/18917
11000/18917
12000/18917
13000/18917
14000/18917
15000/18917
16000/18917
17000/18917
18000/18917
File 22 out of 25
Total Entries is:
26529
0/26529
1000/26529
2000/26529
3000/26529
4000/26529
5000/26529
6000/26529
7000/26529
8000/26529
9000/26529
10000/26529
11000/26529
12000/26529
13000/26529
14000/26529
15000/26529
16000/26529
17000/26529
18000/26529
19000/26529
20000/26529
21000/26529
22000/26529
23000/26529
24000/26529
25000/26529
26000/26529
File 23 out of 25
Total Entries is:
27419
0/27419
1000/27419
2000/27419
3000/27419
4000/27419
5000/27419
6000/27419
7000/27419
8000/27419
9000/27419
10000/27419
11000/27419
12000/27419
13000/27419
14000/27419
15000/27419
16000/27419
17000/27419
18000/27419
19000/27419
20000/27419
21000/27419
22000/27419
23000/27419
24000/27419
25000/27419
26000/27419
27000/27419
File 24 out of 25
Total Entries is:
27312
0/27312
1000/27312
2000/27312
3000/27312
4000/27312
5000/27312
6000/27312
7000/27312
8000/27312
9000/27312
10000/27312
11000/27312
12000/27312
13000/27312
14000/27312
15000/27312
16000/27312
17000/27312
18000/27312
19000/27312
20000/27312
21000/27312
22000/27312
23000/27312
24000/27312
25000/27312
26000/27312
27000/27312
File 25 out of 25
Total Entries is:
32621
0/32621
1000/32621
2000/32621
3000/32621
4000/32621
5000/32621
6000/32621
7000/32621
8000/32621
9000/32621
10000/32621
11000/32621
12000/32621
13000/32621
14000/32621
15000/32621
16000/32621
17000/32621
18000/32621
19000/32621
20000/32621
21000/32621
22000/32621
23000/32621
24000/32621
25000/32621
26000/32621
27000/32621
28000/32621
29000/32621
30000/32621
31000/32621
32000/32621
skipper is: 342589210
tripper is: 377183226
ppt is 1 and trk is 1
***
hSig ent are: 27983556 ... and hBack ent are: 2.79843e+08
***
ppt is 2 and trk is 1
***
hSig ent are: 593692 ... and hBack ent are: 5.94141e+06
***
ppt is 3 and trk is 1
***
hSig ent are: 353268 ... and hBack ent are: 3.53628e+06
***
ppt is 1 and trk is 2
***
hSig ent are: 244490044 ... and hBack ent are: 2.44496e+09
***
ppt is 2 and trk is 2
***
hSig ent are: 10729884 ... and hBack ent are: 1.07319e+08
***
ppt is 3 and trk is 2
***
hSig ent are: 12395220 ... and hBack ent are: 1.23955e+08
***
ppt is 1 and trk is 3
***
hSig ent are: 259218056 ... and hBack ent are: 2.59218e+09
***
ppt is 2 and trk is 3
***
hSig ent are: 19001844 ... and hBack ent are: 1.9004e+08
***
ppt is 3 and trk is 3
***
hSig ent are: 27993252 ... and hBack ent are: 2.79943e+08
***
ppt is 1 and trk is 4
***
hSig ent are: 98717932 ... and hBack ent are: 9.87185e+08
***
ppt is 2 and trk is 4
***
hSig ent are: 9438160 ... and hBack ent are: 9.43909e+07
***
ppt is 3 and trk is 4
***
hSig ent are: 15551528 ... and hBack ent are: 1.55538e+08
***
ppt is 1 and trk is 5
***
hSig ent are: 18788900 ... and hBack ent are: 1.87896e+08
***
ppt is 2 and trk is 5
***
hSig ent are: 2000200 ... and hBack ent are: 2.00033e+07
***
ppt is 3 and trk is 5
***
hSig ent are: 3474564 ... and hBack ent are: 3.47569e+07
***
ppt is 1 and trk is 6
***
hSig ent are: 2434756 ... and hBack ent are: 2.43493e+07
***
ppt is 2 and trk is 6
***
hSig ent are: 287540 ... and hBack ent are: 2.87811e+06
***
ppt is 3 and trk is 6
***
hSig ent are: 522740 ... and hBack ent are: 5.22808e+06
***
ppt is 1 and trk is 7
***
hSig ent are: 300272 ... and hBack ent are: 3.00502e+06
***
ppt is 2 and trk is 7
***
hSig ent are: 32440 ... and hBack ent are: 325470
***
ppt is 3 and trk is 7
***
hSig ent are: 58604 ... and hBack ent are: 587522
***
Time: 1907.74 seconds.
Split Times (in seconds)...
Start Up        0          (0 %)
Opening Files   0.158      (0.00829 %)
Loading Events  780        (40.9 %)
Event Selection 400        (20.9 %)
Jet Selection   0.162      (0.00851 %)
Track Loops     401        (21 %)
EndJob          327        (17.2 %)
Split Total: 1.91e+03s
