Starting event loop
Total Number of Files in this Job: 25
File 1 out of 25
Total Entries is:
28418
0/28418
1000/28418
2000/28418
3000/28418
4000/28418
5000/28418
6000/28418
7000/28418
8000/28418
9000/28418
10000/28418
11000/28418
12000/28418
13000/28418
14000/28418
15000/28418
16000/28418
17000/28418
18000/28418
19000/28418
20000/28418
21000/28418
22000/28418
23000/28418
24000/28418
25000/28418
26000/28418
27000/28418
28000/28418
File 2 out of 25
Total Entries is:
26716
0/26716
1000/26716
2000/26716
3000/26716
4000/26716
5000/26716
6000/26716
7000/26716
8000/26716
9000/26716
10000/26716
11000/26716
12000/26716
13000/26716
14000/26716
15000/26716
16000/26716
17000/26716
18000/26716
19000/26716
20000/26716
21000/26716
22000/26716
23000/26716
24000/26716
25000/26716
26000/26716
File 3 out of 25
Total Entries is:
21534
0/21534
1000/21534
2000/21534
3000/21534
4000/21534
5000/21534
6000/21534
7000/21534
8000/21534
9000/21534
10000/21534
11000/21534
12000/21534
13000/21534
14000/21534
15000/21534
16000/21534
17000/21534
18000/21534
19000/21534
20000/21534
21000/21534
File 4 out of 25
Total Entries is:
30341
0/30341
1000/30341
2000/30341
3000/30341
4000/30341
5000/30341
6000/30341
7000/30341
8000/30341
9000/30341
10000/30341
11000/30341
12000/30341
13000/30341
14000/30341
15000/30341
16000/30341
17000/30341
18000/30341
19000/30341
20000/30341
21000/30341
22000/30341
23000/30341
24000/30341
25000/30341
26000/30341
27000/30341
28000/30341
29000/30341
30000/30341
File 5 out of 25
Total Entries is:
28759
0/28759
1000/28759
2000/28759
3000/28759
4000/28759
5000/28759
6000/28759
7000/28759
8000/28759
9000/28759
10000/28759
11000/28759
12000/28759
13000/28759
14000/28759
15000/28759
16000/28759
17000/28759
18000/28759
19000/28759
20000/28759
21000/28759
22000/28759
23000/28759
24000/28759
25000/28759
26000/28759
27000/28759
28000/28759
File 6 out of 25
Total Entries is:
31396
0/31396
1000/31396
2000/31396
3000/31396
4000/31396
5000/31396
6000/31396
7000/31396
8000/31396
9000/31396
10000/31396
11000/31396
12000/31396
13000/31396
14000/31396
15000/31396
16000/31396
17000/31396
18000/31396
19000/31396
20000/31396
21000/31396
22000/31396
23000/31396
24000/31396
25000/31396
26000/31396
27000/31396
28000/31396
29000/31396
30000/31396
31000/31396
File 7 out of 25
Total Entries is:
29238
0/29238
1000/29238
2000/29238
3000/29238
4000/29238
5000/29238
6000/29238
7000/29238
8000/29238
9000/29238
10000/29238
11000/29238
12000/29238
13000/29238
14000/29238
15000/29238
16000/29238
17000/29238
18000/29238
19000/29238
20000/29238
21000/29238
22000/29238
23000/29238
24000/29238
25000/29238
26000/29238
27000/29238
28000/29238
29000/29238
File 8 out of 25
Total Entries is:
32920
0/32920
1000/32920
2000/32920
3000/32920
4000/32920
5000/32920
6000/32920
7000/32920
8000/32920
9000/32920
10000/32920
11000/32920
12000/32920
13000/32920
14000/32920
15000/32920
16000/32920
17000/32920
18000/32920
19000/32920
20000/32920
21000/32920
22000/32920
23000/32920
24000/32920
25000/32920
26000/32920
27000/32920
28000/32920
29000/32920
30000/32920
31000/32920
32000/32920
File 9 out of 25
Total Entries is:
27359
0/27359
1000/27359
2000/27359
3000/27359
4000/27359
5000/27359
6000/27359
7000/27359
8000/27359
9000/27359
10000/27359
11000/27359
12000/27359
13000/27359
14000/27359
15000/27359
16000/27359
17000/27359
18000/27359
19000/27359
20000/27359
21000/27359
22000/27359
23000/27359
24000/27359
25000/27359
26000/27359
27000/27359
File 10 out of 25
Total Entries is:
38160
0/38160
1000/38160
2000/38160
3000/38160
4000/38160
5000/38160
6000/38160
7000/38160
8000/38160
9000/38160
10000/38160
11000/38160
12000/38160
13000/38160
14000/38160
15000/38160
16000/38160
17000/38160
18000/38160
19000/38160
20000/38160
21000/38160
22000/38160
23000/38160
24000/38160
25000/38160
26000/38160
27000/38160
28000/38160
29000/38160
30000/38160
31000/38160
32000/38160
33000/38160
34000/38160
35000/38160
36000/38160
37000/38160
38000/38160
File 11 out of 25
Total Entries is:
25852
0/25852
1000/25852
2000/25852
3000/25852
4000/25852
5000/25852
6000/25852
7000/25852
8000/25852
9000/25852
10000/25852
11000/25852
12000/25852
13000/25852
14000/25852
15000/25852
16000/25852
17000/25852
18000/25852
19000/25852
20000/25852
21000/25852
22000/25852
23000/25852
24000/25852
25000/25852
File 12 out of 25
Total Entries is:
25892
0/25892
1000/25892
2000/25892
3000/25892
4000/25892
5000/25892
6000/25892
7000/25892
8000/25892
9000/25892
10000/25892
11000/25892
12000/25892
13000/25892
14000/25892
15000/25892
16000/25892
17000/25892
18000/25892
19000/25892
20000/25892
21000/25892
22000/25892
23000/25892
24000/25892
25000/25892
File 13 out of 25
Total Entries is:
25520
0/25520
1000/25520
2000/25520
3000/25520
4000/25520
5000/25520
6000/25520
7000/25520
8000/25520
9000/25520
10000/25520
11000/25520
12000/25520
13000/25520
14000/25520
15000/25520
16000/25520
17000/25520
18000/25520
19000/25520
20000/25520
21000/25520
22000/25520
23000/25520
24000/25520
25000/25520
File 14 out of 25
Total Entries is:
27450
0/27450
1000/27450
2000/27450
3000/27450
4000/27450
5000/27450
6000/27450
7000/27450
8000/27450
9000/27450
10000/27450
11000/27450
12000/27450
13000/27450
14000/27450
15000/27450
16000/27450
17000/27450
18000/27450
19000/27450
20000/27450
21000/27450
22000/27450
23000/27450
24000/27450
25000/27450
26000/27450
27000/27450
File 15 out of 25
Total Entries is:
29928
0/29928
1000/29928
2000/29928
3000/29928
4000/29928
5000/29928
6000/29928
7000/29928
8000/29928
9000/29928
10000/29928
11000/29928
12000/29928
13000/29928
14000/29928
15000/29928
16000/29928
17000/29928
18000/29928
19000/29928
20000/29928
21000/29928
22000/29928
23000/29928
24000/29928
25000/29928
26000/29928
27000/29928
28000/29928
29000/29928
File 16 out of 25
Total Entries is:
27366
0/27366
1000/27366
2000/27366
3000/27366
4000/27366
5000/27366
6000/27366
7000/27366
8000/27366
9000/27366
10000/27366
11000/27366
12000/27366
13000/27366
14000/27366
15000/27366
16000/27366
17000/27366
18000/27366
19000/27366
20000/27366
21000/27366
22000/27366
23000/27366
24000/27366
25000/27366
26000/27366
27000/27366
File 17 out of 25
Total Entries is:
30484
0/30484
1000/30484
2000/30484
3000/30484
4000/30484
5000/30484
6000/30484
7000/30484
8000/30484
9000/30484
10000/30484
11000/30484
12000/30484
13000/30484
14000/30484
15000/30484
16000/30484
17000/30484
18000/30484
19000/30484
20000/30484
21000/30484
22000/30484
23000/30484
24000/30484
25000/30484
26000/30484
27000/30484
28000/30484
29000/30484
30000/30484
File 18 out of 25
Total Entries is:
31546
0/31546
1000/31546
2000/31546
3000/31546
4000/31546
5000/31546
6000/31546
7000/31546
8000/31546
9000/31546
10000/31546
11000/31546
12000/31546
13000/31546
14000/31546
15000/31546
16000/31546
17000/31546
18000/31546
19000/31546
20000/31546
21000/31546
22000/31546
23000/31546
24000/31546
25000/31546
26000/31546
27000/31546
28000/31546
29000/31546
30000/31546
31000/31546
File 19 out of 25
Total Entries is:
20484
0/20484
1000/20484
2000/20484
3000/20484
4000/20484
5000/20484
6000/20484
7000/20484
8000/20484
9000/20484
10000/20484
11000/20484
12000/20484
13000/20484
14000/20484
15000/20484
16000/20484
17000/20484
18000/20484
19000/20484
20000/20484
File 20 out of 25
Total Entries is:
31727
0/31727
1000/31727
2000/31727
3000/31727
4000/31727
5000/31727
6000/31727
7000/31727
8000/31727
9000/31727
10000/31727
11000/31727
12000/31727
13000/31727
14000/31727
15000/31727
16000/31727
17000/31727
18000/31727
19000/31727
20000/31727
21000/31727
22000/31727
23000/31727
24000/31727
25000/31727
26000/31727
27000/31727
28000/31727
29000/31727
30000/31727
31000/31727
File 21 out of 25
Total Entries is:
23515
0/23515
1000/23515
2000/23515
3000/23515
4000/23515
5000/23515
6000/23515
7000/23515
8000/23515
9000/23515
10000/23515
11000/23515
12000/23515
13000/23515
14000/23515
15000/23515
16000/23515
17000/23515
18000/23515
19000/23515
20000/23515
21000/23515
22000/23515
23000/23515
File 22 out of 25
Total Entries is:
31188
0/31188
1000/31188
2000/31188
3000/31188
4000/31188
5000/31188
6000/31188
7000/31188
8000/31188
9000/31188
10000/31188
11000/31188
12000/31188
13000/31188
14000/31188
15000/31188
16000/31188
17000/31188
18000/31188
19000/31188
20000/31188
21000/31188
22000/31188
23000/31188
24000/31188
25000/31188
26000/31188
27000/31188
28000/31188
29000/31188
30000/31188
31000/31188
File 23 out of 25
Total Entries is:
28067
0/28067
1000/28067
2000/28067
3000/28067
4000/28067
5000/28067
6000/28067
7000/28067
8000/28067
9000/28067
10000/28067
11000/28067
12000/28067
13000/28067
14000/28067
15000/28067
16000/28067
17000/28067
18000/28067
19000/28067
20000/28067
21000/28067
22000/28067
23000/28067
24000/28067
25000/28067
26000/28067
27000/28067
28000/28067
File 24 out of 25
Total Entries is:
27944
0/27944
1000/27944
2000/27944
3000/27944
4000/27944
5000/27944
6000/27944
7000/27944
8000/27944
9000/27944
10000/27944
11000/27944
12000/27944
13000/27944
14000/27944
15000/27944
16000/27944
17000/27944
18000/27944
19000/27944
20000/27944
21000/27944
22000/27944
23000/27944
24000/27944
25000/27944
26000/27944
27000/27944
File 25 out of 25
Total Entries is:
34127
0/34127
1000/34127
2000/34127
3000/34127
4000/34127
5000/34127
6000/34127
7000/34127
8000/34127
9000/34127
10000/34127
11000/34127
12000/34127
13000/34127
14000/34127
15000/34127
16000/34127
17000/34127
18000/34127
19000/34127
20000/34127
21000/34127
22000/34127
23000/34127
24000/34127
25000/34127
26000/34127
27000/34127
28000/34127
29000/34127
30000/34127
31000/34127
32000/34127
33000/34127
34000/34127
skipper is: 365005664
tripper is: 402042524
ppt is 1 and trk is 1
***
hSig ent are: 29824032 ... and hBack ent are: 2.9827e+08
***
ppt is 2 and trk is 1
***
hSig ent are: 635320 ... and hBack ent are: 6.35796e+06
***
ppt is 3 and trk is 1
***
hSig ent are: 376224 ... and hBack ent are: 3.76554e+06
***
ppt is 1 and trk is 2
***
hSig ent are: 260679832 ... and hBack ent are: 2.60687e+09
***
ppt is 2 and trk is 2
***
hSig ent are: 11427780 ... and hBack ent are: 1.14287e+08
***
ppt is 3 and trk is 2
***
hSig ent are: 13215660 ... and hBack ent are: 1.3217e+08
***
ppt is 1 and trk is 3
***
hSig ent are: 277027032 ... and hBack ent are: 2.77029e+09
***
ppt is 2 and trk is 3
***
hSig ent are: 20198132 ... and hBack ent are: 2.01995e+08
***
ppt is 3 and trk is 3
***
hSig ent are: 29633488 ... and hBack ent are: 2.96339e+08
***
ppt is 1 and trk is 4
***
hSig ent are: 104916156 ... and hBack ent are: 1.04921e+09
***
ppt is 2 and trk is 4
***
hSig ent are: 10054772 ... and hBack ent are: 1.00551e+08
***
ppt is 3 and trk is 4
***
hSig ent are: 16561272 ... and hBack ent are: 1.65624e+08
***
ppt is 1 and trk is 5
***
hSig ent are: 19835616 ... and hBack ent are: 1.98373e+08
***
ppt is 2 and trk is 5
***
hSig ent are: 2162508 ... and hBack ent are: 2.16272e+07
***
ppt is 3 and trk is 5
***
hSig ent are: 3816744 ... and hBack ent are: 3.81739e+07
***
ppt is 1 and trk is 6
***
hSig ent are: 2524696 ... and hBack ent are: 2.52556e+07
***
ppt is 2 and trk is 6
***
hSig ent are: 288956 ... and hBack ent are: 2.8917e+06
***
ppt is 3 and trk is 6
***
hSig ent are: 577840 ... and hBack ent are: 5.78162e+06
***
ppt is 1 and trk is 7
***
hSig ent are: 256136 ... and hBack ent are: 2.5616e+06
***
ppt is 2 and trk is 7
***
hSig ent are: 26728 ... and hBack ent are: 267806
***
ppt is 3 and trk is 7
***
hSig ent are: 46124 ... and hBack ent are: 461720
***
Time: 2064.06 seconds.
Split Times (in seconds)...
Start Up        0          (0 %)
Opening Files   0.11       (0.00532 %)
Loading Events  855        (41.4 %)
Event Selection 432        (20.9 %)
Jet Selection   0.168      (0.00812 %)
Track Loops     439        (21.3 %)
EndJob          338        (16.4 %)
Split Total: 2.06e+03s
