Starting event loop
Total Number of Files in this Job: 25
File 1 out of 25
Total Entries is:
30926
0/30926
1000/30926
2000/30926
3000/30926
4000/30926
5000/30926
6000/30926
7000/30926
8000/30926
9000/30926
10000/30926
11000/30926
12000/30926
13000/30926
14000/30926
15000/30926
16000/30926
17000/30926
18000/30926
19000/30926
20000/30926
21000/30926
22000/30926
23000/30926
24000/30926
25000/30926
26000/30926
27000/30926
28000/30926
29000/30926
30000/30926
File 2 out of 25
Total Entries is:
23131
0/23131
1000/23131
2000/23131
3000/23131
4000/23131
5000/23131
6000/23131
7000/23131
8000/23131
9000/23131
10000/23131
11000/23131
12000/23131
13000/23131
14000/23131
15000/23131
16000/23131
17000/23131
18000/23131
19000/23131
20000/23131
21000/23131
22000/23131
23000/23131
File 3 out of 25
Total Entries is:
17927
0/17927
1000/17927
2000/17927
3000/17927
4000/17927
5000/17927
6000/17927
7000/17927
8000/17927
9000/17927
10000/17927
11000/17927
12000/17927
13000/17927
14000/17927
15000/17927
16000/17927
17000/17927
File 4 out of 25
Total Entries is:
26324
0/26324
1000/26324
2000/26324
3000/26324
4000/26324
5000/26324
6000/26324
7000/26324
8000/26324
9000/26324
10000/26324
11000/26324
12000/26324
13000/26324
14000/26324
15000/26324
16000/26324
17000/26324
18000/26324
19000/26324
20000/26324
21000/26324
22000/26324
23000/26324
24000/26324
25000/26324
26000/26324
File 5 out of 25
Total Entries is:
23423
0/23423
1000/23423
2000/23423
3000/23423
4000/23423
5000/23423
6000/23423
7000/23423
8000/23423
9000/23423
10000/23423
11000/23423
12000/23423
13000/23423
14000/23423
15000/23423
16000/23423
17000/23423
18000/23423
19000/23423
20000/23423
21000/23423
22000/23423
23000/23423
File 6 out of 25
Total Entries is:
28554
0/28554
1000/28554
2000/28554
3000/28554
4000/28554
5000/28554
6000/28554
7000/28554
8000/28554
9000/28554
10000/28554
11000/28554
12000/28554
13000/28554
14000/28554
15000/28554
16000/28554
17000/28554
18000/28554
19000/28554
20000/28554
21000/28554
22000/28554
23000/28554
24000/28554
25000/28554
26000/28554
27000/28554
28000/28554
File 7 out of 25
Total Entries is:
26612
0/26612
1000/26612
2000/26612
3000/26612
4000/26612
5000/26612
6000/26612
7000/26612
8000/26612
9000/26612
10000/26612
11000/26612
12000/26612
13000/26612
14000/26612
15000/26612
16000/26612
17000/26612
18000/26612
19000/26612
20000/26612
21000/26612
22000/26612
23000/26612
24000/26612
25000/26612
26000/26612
File 8 out of 25
Total Entries is:
28745
0/28745
1000/28745
2000/28745
3000/28745
4000/28745
5000/28745
6000/28745
7000/28745
8000/28745
9000/28745
10000/28745
11000/28745
12000/28745
13000/28745
14000/28745
15000/28745
16000/28745
17000/28745
18000/28745
19000/28745
20000/28745
21000/28745
22000/28745
23000/28745
24000/28745
25000/28745
26000/28745
27000/28745
28000/28745
File 9 out of 25
Total Entries is:
22276
0/22276
1000/22276
2000/22276
3000/22276
4000/22276
5000/22276
6000/22276
7000/22276
8000/22276
9000/22276
10000/22276
11000/22276
12000/22276
13000/22276
14000/22276
15000/22276
16000/22276
17000/22276
18000/22276
19000/22276
20000/22276
21000/22276
22000/22276
File 10 out of 25
Total Entries is:
24500
0/24500
1000/24500
2000/24500
3000/24500
4000/24500
5000/24500
6000/24500
7000/24500
8000/24500
9000/24500
10000/24500
11000/24500
12000/24500
13000/24500
14000/24500
15000/24500
16000/24500
17000/24500
18000/24500
19000/24500
20000/24500
21000/24500
22000/24500
23000/24500
24000/24500
File 11 out of 25
Total Entries is:
32210
0/32210
1000/32210
2000/32210
3000/32210
4000/32210
5000/32210
6000/32210
7000/32210
8000/32210
9000/32210
10000/32210
11000/32210
12000/32210
13000/32210
14000/32210
15000/32210
16000/32210
17000/32210
18000/32210
19000/32210
20000/32210
21000/32210
22000/32210
23000/32210
24000/32210
25000/32210
26000/32210
27000/32210
28000/32210
29000/32210
30000/32210
31000/32210
32000/32210
File 12 out of 25
Total Entries is:
30718
0/30718
1000/30718
2000/30718
3000/30718
4000/30718
5000/30718
6000/30718
7000/30718
8000/30718
9000/30718
10000/30718
11000/30718
12000/30718
13000/30718
14000/30718
15000/30718
16000/30718
17000/30718
18000/30718
19000/30718
20000/30718
21000/30718
22000/30718
23000/30718
24000/30718
25000/30718
26000/30718
27000/30718
28000/30718
29000/30718
30000/30718
File 13 out of 25
Total Entries is:
27808
0/27808
1000/27808
2000/27808
3000/27808
4000/27808
5000/27808
6000/27808
7000/27808
8000/27808
9000/27808
10000/27808
11000/27808
12000/27808
13000/27808
14000/27808
15000/27808
16000/27808
17000/27808
18000/27808
19000/27808
20000/27808
21000/27808
22000/27808
23000/27808
24000/27808
25000/27808
26000/27808
27000/27808
File 14 out of 25
Total Entries is:
29794
0/29794
1000/29794
2000/29794
3000/29794
4000/29794
5000/29794
6000/29794
7000/29794
8000/29794
9000/29794
10000/29794
11000/29794
12000/29794
13000/29794
14000/29794
15000/29794
16000/29794
17000/29794
18000/29794
19000/29794
20000/29794
21000/29794
22000/29794
23000/29794
24000/29794
25000/29794
26000/29794
27000/29794
28000/29794
29000/29794
File 15 out of 25
Total Entries is:
24246
0/24246
1000/24246
2000/24246
3000/24246
4000/24246
5000/24246
6000/24246
7000/24246
8000/24246
9000/24246
10000/24246
11000/24246
12000/24246
13000/24246
14000/24246
15000/24246
16000/24246
17000/24246
18000/24246
19000/24246
20000/24246
21000/24246
22000/24246
23000/24246
24000/24246
File 16 out of 25
Total Entries is:
25155
0/25155
1000/25155
2000/25155
3000/25155
4000/25155
5000/25155
6000/25155
7000/25155
8000/25155
9000/25155
10000/25155
11000/25155
12000/25155
13000/25155
14000/25155
15000/25155
16000/25155
17000/25155
18000/25155
19000/25155
20000/25155
21000/25155
22000/25155
23000/25155
24000/25155
25000/25155
File 17 out of 25
Total Entries is:
24966
0/24966
1000/24966
2000/24966
3000/24966
4000/24966
5000/24966
6000/24966
7000/24966
8000/24966
9000/24966
10000/24966
11000/24966
12000/24966
13000/24966
14000/24966
15000/24966
16000/24966
17000/24966
18000/24966
19000/24966
20000/24966
21000/24966
22000/24966
23000/24966
24000/24966
File 18 out of 25
Total Entries is:
18031
0/18031
1000/18031
2000/18031
3000/18031
4000/18031
5000/18031
6000/18031
7000/18031
8000/18031
9000/18031
10000/18031
11000/18031
12000/18031
13000/18031
14000/18031
15000/18031
16000/18031
17000/18031
18000/18031
File 19 out of 25
Total Entries is:
32625
0/32625
1000/32625
2000/32625
3000/32625
4000/32625
5000/32625
6000/32625
7000/32625
8000/32625
9000/32625
10000/32625
11000/32625
12000/32625
13000/32625
14000/32625
15000/32625
16000/32625
17000/32625
18000/32625
19000/32625
20000/32625
21000/32625
22000/32625
23000/32625
24000/32625
25000/32625
26000/32625
27000/32625
28000/32625
29000/32625
30000/32625
31000/32625
32000/32625
File 20 out of 25
Total Entries is:
29823
0/29823
1000/29823
2000/29823
3000/29823
4000/29823
5000/29823
6000/29823
7000/29823
8000/29823
9000/29823
10000/29823
11000/29823
12000/29823
13000/29823
14000/29823
15000/29823
16000/29823
17000/29823
18000/29823
19000/29823
20000/29823
21000/29823
22000/29823
23000/29823
24000/29823
25000/29823
26000/29823
27000/29823
28000/29823
29000/29823
File 21 out of 25
Total Entries is:
27080
0/27080
1000/27080
2000/27080
3000/27080
4000/27080
5000/27080
6000/27080
7000/27080
8000/27080
9000/27080
10000/27080
11000/27080
12000/27080
13000/27080
14000/27080
15000/27080
16000/27080
17000/27080
18000/27080
19000/27080
20000/27080
21000/27080
22000/27080
23000/27080
24000/27080
25000/27080
26000/27080
27000/27080
File 22 out of 25
Total Entries is:
29152
0/29152
1000/29152
2000/29152
3000/29152
4000/29152
5000/29152
6000/29152
7000/29152
8000/29152
9000/29152
10000/29152
11000/29152
12000/29152
13000/29152
14000/29152
15000/29152
16000/29152
17000/29152
18000/29152
19000/29152
20000/29152
21000/29152
22000/29152
23000/29152
24000/29152
25000/29152
26000/29152
27000/29152
28000/29152
29000/29152
File 23 out of 25
Total Entries is:
18990
0/18990
1000/18990
2000/18990
3000/18990
4000/18990
5000/18990
6000/18990
7000/18990
8000/18990
9000/18990
10000/18990
11000/18990
12000/18990
13000/18990
14000/18990
15000/18990
16000/18990
17000/18990
18000/18990
File 24 out of 25
Total Entries is:
22953
0/22953
1000/22953
2000/22953
3000/22953
4000/22953
5000/22953
6000/22953
7000/22953
8000/22953
9000/22953
10000/22953
11000/22953
12000/22953
13000/22953
14000/22953
15000/22953
16000/22953
17000/22953
18000/22953
19000/22953
20000/22953
21000/22953
22000/22953
File 25 out of 25
Total Entries is:
32593
0/32593
1000/32593
2000/32593
3000/32593
4000/32593
5000/32593
6000/32593
7000/32593
8000/32593
9000/32593
10000/32593
11000/32593
12000/32593
13000/32593
14000/32593
15000/32593
16000/32593
17000/32593
18000/32593
19000/32593
20000/32593
21000/32593
22000/32593
23000/32593
24000/32593
25000/32593
26000/32593
27000/32593
28000/32593
29000/32593
30000/32593
31000/32593
32000/32593
skipper is: 337833800
tripper is: 371505438
ppt is 1 and trk is 1
***
hSig ent are: 27468572 ... and hBack ent are: 2.74714e+08
***
ppt is 2 and trk is 1
***
hSig ent are: 569532 ... and hBack ent are: 5.69538e+06
***
ppt is 3 and trk is 1
***
hSig ent are: 337660 ... and hBack ent are: 3.38008e+06
***
ppt is 1 and trk is 2
***
hSig ent are: 239873868 ... and hBack ent are: 2.3988e+09
***
ppt is 2 and trk is 2
***
hSig ent are: 10599312 ... and hBack ent are: 1.05997e+08
***
ppt is 3 and trk is 2
***
hSig ent are: 12159428 ... and hBack ent are: 1.21606e+08
***
ppt is 1 and trk is 3
***
hSig ent are: 255514852 ... and hBack ent are: 2.55515e+09
***
ppt is 2 and trk is 3
***
hSig ent are: 18756692 ... and hBack ent are: 1.87594e+08
***
ppt is 3 and trk is 3
***
hSig ent are: 27449556 ... and hBack ent are: 2.74515e+08
***
ppt is 1 and trk is 4
***
hSig ent are: 97734516 ... and hBack ent are: 9.77406e+08
***
ppt is 2 and trk is 4
***
hSig ent are: 9384908 ... and hBack ent are: 9.3867e+07
***
ppt is 3 and trk is 4
***
hSig ent are: 15315232 ... and hBack ent are: 1.53153e+08
***
ppt is 1 and trk is 5
***
hSig ent are: 18644220 ... and hBack ent are: 1.86445e+08
***
ppt is 2 and trk is 5
***
hSig ent are: 2022596 ... and hBack ent are: 2.02275e+07
***
ppt is 3 and trk is 5
***
hSig ent are: 3452068 ... and hBack ent are: 3.45215e+07
***
ppt is 1 and trk is 6
***
hSig ent are: 2472516 ... and hBack ent are: 2.47258e+07
***
ppt is 2 and trk is 6
***
hSig ent are: 283672 ... and hBack ent are: 2.83754e+06
***
ppt is 3 and trk is 6
***
hSig ent are: 517660 ... and hBack ent are: 5.1779e+06
***
ppt is 1 and trk is 7
***
hSig ent are: 352968 ... and hBack ent are: 3.53252e+06
***
ppt is 2 and trk is 7
***
hSig ent are: 36584 ... and hBack ent are: 366630
***
ppt is 3 and trk is 7
***
hSig ent are: 64464 ... and hBack ent are: 645612
***
Time: 1895.77 seconds.
Split Times (in seconds)...
Start Up        0          (0 %)
Opening Files   0.133      (0.00701 %)
Loading Events  782        (41.3 %)
Event Selection 397        (20.9 %)
Jet Selection   0.18       (0.00952 %)
Track Loops     402        (21.2 %)
EndJob          313        (16.5 %)
Split Total: 1.9e+03s
