Starting event loop
Total Number of Files in this Job: 24
File 1 out of 24
Total Entries is:
26197
0/26197
1000/26197
2000/26197
3000/26197
4000/26197
5000/26197
6000/26197
7000/26197
8000/26197
9000/26197
10000/26197
11000/26197
12000/26197
13000/26197
14000/26197
15000/26197
16000/26197
17000/26197
18000/26197
19000/26197
20000/26197
21000/26197
22000/26197
23000/26197
24000/26197
25000/26197
26000/26197
File 2 out of 24
Total Entries is:
20358
0/20358
1000/20358
2000/20358
3000/20358
4000/20358
5000/20358
6000/20358
7000/20358
8000/20358
9000/20358
10000/20358
11000/20358
12000/20358
13000/20358
14000/20358
15000/20358
16000/20358
17000/20358
18000/20358
19000/20358
20000/20358
File 3 out of 24
Total Entries is:
21828
0/21828
1000/21828
2000/21828
3000/21828
4000/21828
5000/21828
6000/21828
7000/21828
8000/21828
9000/21828
10000/21828
11000/21828
12000/21828
13000/21828
14000/21828
15000/21828
16000/21828
17000/21828
18000/21828
19000/21828
20000/21828
21000/21828
File 4 out of 24
Total Entries is:
26103
0/26103
1000/26103
2000/26103
3000/26103
4000/26103
5000/26103
6000/26103
7000/26103
8000/26103
9000/26103
10000/26103
11000/26103
12000/26103
13000/26103
14000/26103
15000/26103
16000/26103
17000/26103
18000/26103
19000/26103
20000/26103
21000/26103
22000/26103
23000/26103
24000/26103
25000/26103
26000/26103
File 5 out of 24
Total Entries is:
22636
0/22636
1000/22636
2000/22636
3000/22636
4000/22636
5000/22636
6000/22636
7000/22636
8000/22636
9000/22636
10000/22636
11000/22636
12000/22636
13000/22636
14000/22636
15000/22636
16000/22636
17000/22636
18000/22636
19000/22636
20000/22636
21000/22636
22000/22636
File 6 out of 24
Total Entries is:
31724
0/31724
1000/31724
2000/31724
3000/31724
4000/31724
5000/31724
6000/31724
7000/31724
8000/31724
9000/31724
10000/31724
11000/31724
12000/31724
13000/31724
14000/31724
15000/31724
16000/31724
17000/31724
18000/31724
19000/31724
20000/31724
21000/31724
22000/31724
23000/31724
24000/31724
25000/31724
26000/31724
27000/31724
28000/31724
29000/31724
30000/31724
31000/31724
File 7 out of 24
Total Entries is:
33158
0/33158
1000/33158
2000/33158
3000/33158
4000/33158
5000/33158
6000/33158
7000/33158
8000/33158
9000/33158
10000/33158
11000/33158
12000/33158
13000/33158
14000/33158
15000/33158
16000/33158
17000/33158
18000/33158
19000/33158
20000/33158
21000/33158
22000/33158
23000/33158
24000/33158
25000/33158
26000/33158
27000/33158
28000/33158
29000/33158
30000/33158
31000/33158
32000/33158
33000/33158
File 8 out of 24
Total Entries is:
24660
0/24660
1000/24660
2000/24660
3000/24660
4000/24660
5000/24660
6000/24660
7000/24660
8000/24660
9000/24660
10000/24660
11000/24660
12000/24660
13000/24660
14000/24660
15000/24660
16000/24660
17000/24660
18000/24660
19000/24660
20000/24660
21000/24660
22000/24660
23000/24660
24000/24660
File 9 out of 24
Total Entries is:
33870
0/33870
1000/33870
2000/33870
3000/33870
4000/33870
5000/33870
6000/33870
7000/33870
8000/33870
9000/33870
10000/33870
11000/33870
12000/33870
13000/33870
14000/33870
15000/33870
16000/33870
17000/33870
18000/33870
19000/33870
20000/33870
21000/33870
22000/33870
23000/33870
24000/33870
25000/33870
26000/33870
27000/33870
28000/33870
29000/33870
30000/33870
31000/33870
32000/33870
33000/33870
File 10 out of 24
Total Entries is:
26461
0/26461
1000/26461
2000/26461
3000/26461
4000/26461
5000/26461
6000/26461
7000/26461
8000/26461
9000/26461
10000/26461
11000/26461
12000/26461
13000/26461
14000/26461
15000/26461
16000/26461
17000/26461
18000/26461
19000/26461
20000/26461
21000/26461
22000/26461
23000/26461
24000/26461
25000/26461
26000/26461
File 11 out of 24
Total Entries is:
26759
0/26759
1000/26759
2000/26759
3000/26759
4000/26759
5000/26759
6000/26759
7000/26759
8000/26759
9000/26759
10000/26759
11000/26759
12000/26759
13000/26759
14000/26759
15000/26759
16000/26759
17000/26759
18000/26759
19000/26759
20000/26759
21000/26759
22000/26759
23000/26759
24000/26759
25000/26759
26000/26759
File 12 out of 24
Total Entries is:
13189
0/13189
1000/13189
2000/13189
3000/13189
4000/13189
5000/13189
6000/13189
7000/13189
8000/13189
9000/13189
10000/13189
11000/13189
12000/13189
13000/13189
File 13 out of 24
Total Entries is:
34114
0/34114
1000/34114
2000/34114
3000/34114
4000/34114
5000/34114
6000/34114
7000/34114
8000/34114
9000/34114
10000/34114
11000/34114
12000/34114
13000/34114
14000/34114
15000/34114
16000/34114
17000/34114
18000/34114
19000/34114
20000/34114
21000/34114
22000/34114
23000/34114
24000/34114
25000/34114
26000/34114
27000/34114
28000/34114
29000/34114
30000/34114
31000/34114
32000/34114
33000/34114
34000/34114
File 14 out of 24
Total Entries is:
26838
0/26838
1000/26838
2000/26838
3000/26838
4000/26838
5000/26838
6000/26838
7000/26838
8000/26838
9000/26838
10000/26838
11000/26838
12000/26838
13000/26838
14000/26838
15000/26838
16000/26838
17000/26838
18000/26838
19000/26838
20000/26838
21000/26838
22000/26838
23000/26838
24000/26838
25000/26838
26000/26838
File 15 out of 24
Total Entries is:
25982
0/25982
1000/25982
2000/25982
3000/25982
4000/25982
5000/25982
6000/25982
7000/25982
8000/25982
9000/25982
10000/25982
11000/25982
12000/25982
13000/25982
14000/25982
15000/25982
16000/25982
17000/25982
18000/25982
19000/25982
20000/25982
21000/25982
22000/25982
23000/25982
24000/25982
25000/25982
File 16 out of 24
Total Entries is:
24559
0/24559
1000/24559
2000/24559
3000/24559
4000/24559
5000/24559
6000/24559
7000/24559
8000/24559
9000/24559
10000/24559
11000/24559
12000/24559
13000/24559
14000/24559
15000/24559
16000/24559
17000/24559
18000/24559
19000/24559
20000/24559
21000/24559
22000/24559
23000/24559
24000/24559
File 17 out of 24
Total Entries is:
29712
0/29712
1000/29712
2000/29712
3000/29712
4000/29712
5000/29712
6000/29712
7000/29712
8000/29712
9000/29712
10000/29712
11000/29712
12000/29712
13000/29712
14000/29712
15000/29712
16000/29712
17000/29712
18000/29712
19000/29712
20000/29712
21000/29712
22000/29712
23000/29712
24000/29712
25000/29712
26000/29712
27000/29712
28000/29712
29000/29712
File 18 out of 24
Total Entries is:
20772
0/20772
1000/20772
2000/20772
3000/20772
4000/20772
5000/20772
6000/20772
7000/20772
8000/20772
9000/20772
10000/20772
11000/20772
12000/20772
13000/20772
14000/20772
15000/20772
16000/20772
17000/20772
18000/20772
19000/20772
20000/20772
File 19 out of 24
Total Entries is:
27660
0/27660
1000/27660
2000/27660
3000/27660
4000/27660
5000/27660
6000/27660
7000/27660
8000/27660
9000/27660
10000/27660
11000/27660
12000/27660
13000/27660
14000/27660
15000/27660
16000/27660
17000/27660
18000/27660
19000/27660
20000/27660
21000/27660
22000/27660
23000/27660
24000/27660
25000/27660
26000/27660
27000/27660
File 20 out of 24
Total Entries is:
26762
0/26762
1000/26762
2000/26762
3000/26762
4000/26762
5000/26762
6000/26762
7000/26762
8000/26762
9000/26762
10000/26762
11000/26762
12000/26762
13000/26762
14000/26762
15000/26762
16000/26762
17000/26762
18000/26762
19000/26762
20000/26762
21000/26762
22000/26762
23000/26762
24000/26762
25000/26762
26000/26762
File 21 out of 24
Total Entries is:
28151
0/28151
1000/28151
2000/28151
3000/28151
4000/28151
5000/28151
6000/28151
7000/28151
8000/28151
9000/28151
10000/28151
11000/28151
12000/28151
13000/28151
14000/28151
15000/28151
16000/28151
17000/28151
18000/28151
19000/28151
20000/28151
21000/28151
22000/28151
23000/28151
24000/28151
25000/28151
26000/28151
27000/28151
28000/28151
File 22 out of 24
Total Entries is:
29289
0/29289
1000/29289
2000/29289
3000/29289
4000/29289
5000/29289
6000/29289
7000/29289
8000/29289
9000/29289
10000/29289
11000/29289
12000/29289
13000/29289
14000/29289
15000/29289
16000/29289
17000/29289
18000/29289
19000/29289
20000/29289
21000/29289
22000/29289
23000/29289
24000/29289
25000/29289
26000/29289
27000/29289
28000/29289
29000/29289
File 23 out of 24
Total Entries is:
20726
0/20726
1000/20726
2000/20726
3000/20726
4000/20726
5000/20726
6000/20726
7000/20726
8000/20726
9000/20726
10000/20726
11000/20726
12000/20726
13000/20726
14000/20726
15000/20726
16000/20726
17000/20726
18000/20726
19000/20726
20000/20726
File 24 out of 24
Total Entries is:
24737
0/24737
1000/24737
2000/24737
3000/24737
4000/24737
5000/24737
6000/24737
7000/24737
8000/24737
9000/24737
10000/24737
11000/24737
12000/24737
13000/24737
14000/24737
15000/24737
16000/24737
17000/24737
18000/24737
19000/24737
20000/24737
21000/24737
22000/24737
23000/24737
24000/24737
skipper is: 320953262
tripper is: 352956032
ppt is 1 and trk is 1
***
hSig ent are: 25916484 ... and hBack ent are: 2.59194e+08
***
ppt is 2 and trk is 1
***
hSig ent are: 547788 ... and hBack ent are: 5.47794e+06
***
ppt is 3 and trk is 1
***
hSig ent are: 329728 ... and hBack ent are: 3.29967e+06
***
ppt is 1 and trk is 2
***
hSig ent are: 228302576 ... and hBack ent are: 2.28307e+09
***
ppt is 2 and trk is 2
***
hSig ent are: 10055636 ... and hBack ent are: 1.00571e+08
***
ppt is 3 and trk is 2
***
hSig ent are: 11577720 ... and hBack ent are: 1.15788e+08
***
ppt is 1 and trk is 3
***
hSig ent are: 242137912 ... and hBack ent are: 2.42148e+09
***
ppt is 2 and trk is 3
***
hSig ent are: 17741792 ... and hBack ent are: 1.77436e+08
***
ppt is 3 and trk is 3
***
hSig ent are: 26107456 ... and hBack ent are: 2.61097e+08
***
ppt is 1 and trk is 4
***
hSig ent are: 92934016 ... and hBack ent are: 9.29366e+08
***
ppt is 2 and trk is 4
***
hSig ent are: 8846136 ... and hBack ent are: 8.84634e+07
***
ppt is 3 and trk is 4
***
hSig ent are: 14572176 ... and hBack ent are: 1.45745e+08
***
ppt is 1 and trk is 5
***
hSig ent are: 18193108 ... and hBack ent are: 1.8194e+08
***
ppt is 2 and trk is 5
***
hSig ent are: 1973144 ... and hBack ent are: 1.97358e+07
***
ppt is 3 and trk is 5
***
hSig ent are: 3369396 ... and hBack ent are: 3.37038e+07
***
ppt is 1 and trk is 6
***
hSig ent are: 2255468 ... and hBack ent are: 2.25578e+07
***
ppt is 2 and trk is 6
***
hSig ent are: 246324 ... and hBack ent are: 2.46333e+06
***
ppt is 3 and trk is 6
***
hSig ent are: 470380 ... and hBack ent are: 4.70673e+06
***
ppt is 1 and trk is 7
***
hSig ent are: 251092 ... and hBack ent are: 2.51381e+06
***
ppt is 2 and trk is 7
***
hSig ent are: 33576 ... and hBack ent are: 335820
***
ppt is 3 and trk is 7
***
hSig ent are: 50156 ... and hBack ent are: 501972
***
Time: 1774.89 seconds.
Split Times (in seconds)...
Start Up        0          (0 %)
Opening Files   0.11       (0.00622 %)
Loading Events  732        (41.2 %)
Event Selection 366        (20.6 %)
Jet Selection   0.171      (0.00962 %)
Track Loops     376        (21.2 %)
EndJob          301        (16.9 %)
Split Total: 1.77e+03s
