Starting event loop
Total Number of Files in this Job: 25
File 1 out of 25
Total Entries is:
26178
0/26178
1000/26178
2000/26178
3000/26178
4000/26178
5000/26178
6000/26178
7000/26178
8000/26178
9000/26178
10000/26178
11000/26178
12000/26178
13000/26178
14000/26178
15000/26178
16000/26178
17000/26178
18000/26178
19000/26178
20000/26178
21000/26178
22000/26178
23000/26178
24000/26178
25000/26178
26000/26178
File 2 out of 25
Total Entries is:
24368
0/24368
1000/24368
2000/24368
3000/24368
4000/24368
5000/24368
6000/24368
7000/24368
8000/24368
9000/24368
10000/24368
11000/24368
12000/24368
13000/24368
14000/24368
15000/24368
16000/24368
17000/24368
18000/24368
19000/24368
20000/24368
21000/24368
22000/24368
23000/24368
24000/24368
File 3 out of 25
Total Entries is:
21472
0/21472
1000/21472
2000/21472
3000/21472
4000/21472
5000/21472
6000/21472
7000/21472
8000/21472
9000/21472
10000/21472
11000/21472
12000/21472
13000/21472
14000/21472
15000/21472
16000/21472
17000/21472
18000/21472
19000/21472
20000/21472
21000/21472
File 4 out of 25
Total Entries is:
25649
0/25649
1000/25649
2000/25649
3000/25649
4000/25649
5000/25649
6000/25649
7000/25649
8000/25649
9000/25649
10000/25649
11000/25649
12000/25649
13000/25649
14000/25649
15000/25649
16000/25649
17000/25649
18000/25649
19000/25649
20000/25649
21000/25649
22000/25649
23000/25649
24000/25649
25000/25649
File 5 out of 25
Total Entries is:
24844
0/24844
1000/24844
2000/24844
3000/24844
4000/24844
5000/24844
6000/24844
7000/24844
8000/24844
9000/24844
10000/24844
11000/24844
12000/24844
13000/24844
14000/24844
15000/24844
16000/24844
17000/24844
18000/24844
19000/24844
20000/24844
21000/24844
22000/24844
23000/24844
24000/24844
File 6 out of 25
Total Entries is:
28802
0/28802
1000/28802
2000/28802
3000/28802
4000/28802
5000/28802
6000/28802
7000/28802
8000/28802
9000/28802
10000/28802
11000/28802
12000/28802
13000/28802
14000/28802
15000/28802
16000/28802
17000/28802
18000/28802
19000/28802
20000/28802
21000/28802
22000/28802
23000/28802
24000/28802
25000/28802
26000/28802
27000/28802
28000/28802
File 7 out of 25
Total Entries is:
29702
0/29702
1000/29702
2000/29702
3000/29702
4000/29702
5000/29702
6000/29702
7000/29702
8000/29702
9000/29702
10000/29702
11000/29702
12000/29702
13000/29702
14000/29702
15000/29702
16000/29702
17000/29702
18000/29702
19000/29702
20000/29702
21000/29702
22000/29702
23000/29702
24000/29702
25000/29702
26000/29702
27000/29702
28000/29702
29000/29702
File 8 out of 25
Total Entries is:
30561
0/30561
1000/30561
2000/30561
3000/30561
4000/30561
5000/30561
6000/30561
7000/30561
8000/30561
9000/30561
10000/30561
11000/30561
12000/30561
13000/30561
14000/30561
15000/30561
16000/30561
17000/30561
18000/30561
19000/30561
20000/30561
21000/30561
22000/30561
23000/30561
24000/30561
25000/30561
26000/30561
27000/30561
28000/30561
29000/30561
30000/30561
File 9 out of 25
Total Entries is:
28549
0/28549
1000/28549
2000/28549
3000/28549
4000/28549
5000/28549
6000/28549
7000/28549
8000/28549
9000/28549
10000/28549
11000/28549
12000/28549
13000/28549
14000/28549
15000/28549
16000/28549
17000/28549
18000/28549
19000/28549
20000/28549
21000/28549
22000/28549
23000/28549
24000/28549
25000/28549
26000/28549
27000/28549
28000/28549
File 10 out of 25
Total Entries is:
29347
0/29347
1000/29347
2000/29347
3000/29347
4000/29347
5000/29347
6000/29347
7000/29347
8000/29347
9000/29347
10000/29347
11000/29347
12000/29347
13000/29347
14000/29347
15000/29347
16000/29347
17000/29347
18000/29347
19000/29347
20000/29347
21000/29347
22000/29347
23000/29347
24000/29347
25000/29347
26000/29347
27000/29347
28000/29347
29000/29347
File 11 out of 25
Total Entries is:
23141
0/23141
1000/23141
2000/23141
3000/23141
4000/23141
5000/23141
6000/23141
7000/23141
8000/23141
9000/23141
10000/23141
11000/23141
12000/23141
13000/23141
14000/23141
15000/23141
16000/23141
17000/23141
18000/23141
19000/23141
20000/23141
21000/23141
22000/23141
23000/23141
File 12 out of 25
Total Entries is:
25966
0/25966
1000/25966
2000/25966
3000/25966
4000/25966
5000/25966
6000/25966
7000/25966
8000/25966
9000/25966
10000/25966
11000/25966
12000/25966
13000/25966
14000/25966
15000/25966
16000/25966
17000/25966
18000/25966
19000/25966
20000/25966
21000/25966
22000/25966
23000/25966
24000/25966
25000/25966
File 13 out of 25
Total Entries is:
26345
0/26345
1000/26345
2000/26345
3000/26345
4000/26345
5000/26345
6000/26345
7000/26345
8000/26345
9000/26345
10000/26345
11000/26345
12000/26345
13000/26345
14000/26345
15000/26345
16000/26345
17000/26345
18000/26345
19000/26345
20000/26345
21000/26345
22000/26345
23000/26345
24000/26345
25000/26345
26000/26345
File 14 out of 25
Total Entries is:
27716
0/27716
1000/27716
2000/27716
3000/27716
4000/27716
5000/27716
6000/27716
7000/27716
8000/27716
9000/27716
10000/27716
11000/27716
12000/27716
13000/27716
14000/27716
15000/27716
16000/27716
17000/27716
18000/27716
19000/27716
20000/27716
21000/27716
22000/27716
23000/27716
24000/27716
25000/27716
26000/27716
27000/27716
File 15 out of 25
Total Entries is:
27837
0/27837
1000/27837
2000/27837
3000/27837
4000/27837
5000/27837
6000/27837
7000/27837
8000/27837
9000/27837
10000/27837
11000/27837
12000/27837
13000/27837
14000/27837
15000/27837
16000/27837
17000/27837
18000/27837
19000/27837
20000/27837
21000/27837
22000/27837
23000/27837
24000/27837
25000/27837
26000/27837
27000/27837
File 16 out of 25
Total Entries is:
27625
0/27625
1000/27625
2000/27625
3000/27625
4000/27625
5000/27625
6000/27625
7000/27625
8000/27625
9000/27625
10000/27625
11000/27625
12000/27625
13000/27625
14000/27625
15000/27625
16000/27625
17000/27625
18000/27625
19000/27625
20000/27625
21000/27625
22000/27625
23000/27625
24000/27625
25000/27625
26000/27625
27000/27625
File 17 out of 25
Total Entries is:
28244
0/28244
1000/28244
2000/28244
3000/28244
4000/28244
5000/28244
6000/28244
7000/28244
8000/28244
9000/28244
10000/28244
11000/28244
12000/28244
13000/28244
14000/28244
15000/28244
16000/28244
17000/28244
18000/28244
19000/28244
20000/28244
21000/28244
22000/28244
23000/28244
24000/28244
25000/28244
26000/28244
27000/28244
28000/28244
File 18 out of 25
Total Entries is:
35640
0/35640
1000/35640
2000/35640
3000/35640
4000/35640
5000/35640
6000/35640
7000/35640
8000/35640
9000/35640
10000/35640
11000/35640
12000/35640
13000/35640
14000/35640
15000/35640
16000/35640
17000/35640
18000/35640
19000/35640
20000/35640
21000/35640
22000/35640
23000/35640
24000/35640
25000/35640
26000/35640
27000/35640
28000/35640
29000/35640
30000/35640
31000/35640
32000/35640
33000/35640
34000/35640
35000/35640
File 19 out of 25
Total Entries is:
19535
0/19535
1000/19535
2000/19535
3000/19535
4000/19535
5000/19535
6000/19535
7000/19535
8000/19535
9000/19535
10000/19535
11000/19535
12000/19535
13000/19535
14000/19535
15000/19535
16000/19535
17000/19535
18000/19535
19000/19535
File 20 out of 25
Total Entries is:
33166
0/33166
1000/33166
2000/33166
3000/33166
4000/33166
5000/33166
6000/33166
7000/33166
8000/33166
9000/33166
10000/33166
11000/33166
12000/33166
13000/33166
14000/33166
15000/33166
16000/33166
17000/33166
18000/33166
19000/33166
20000/33166
21000/33166
22000/33166
23000/33166
24000/33166
25000/33166
26000/33166
27000/33166
28000/33166
29000/33166
30000/33166
31000/33166
32000/33166
33000/33166
File 21 out of 25
Total Entries is:
28441
0/28441
1000/28441
2000/28441
3000/28441
4000/28441
5000/28441
6000/28441
7000/28441
8000/28441
9000/28441
10000/28441
11000/28441
12000/28441
13000/28441
14000/28441
15000/28441
16000/28441
17000/28441
18000/28441
19000/28441
20000/28441
21000/28441
22000/28441
23000/28441
24000/28441
25000/28441
26000/28441
27000/28441
28000/28441
File 22 out of 25
Total Entries is:
32366
0/32366
1000/32366
2000/32366
3000/32366
4000/32366
5000/32366
6000/32366
7000/32366
8000/32366
9000/32366
10000/32366
11000/32366
12000/32366
13000/32366
14000/32366
15000/32366
16000/32366
17000/32366
18000/32366
19000/32366
20000/32366
21000/32366
22000/32366
23000/32366
24000/32366
25000/32366
26000/32366
27000/32366
28000/32366
29000/32366
30000/32366
31000/32366
32000/32366
File 23 out of 25
Total Entries is:
29649
0/29649
1000/29649
2000/29649
3000/29649
4000/29649
5000/29649
6000/29649
7000/29649
8000/29649
9000/29649
10000/29649
11000/29649
12000/29649
13000/29649
14000/29649
15000/29649
16000/29649
17000/29649
18000/29649
19000/29649
20000/29649
21000/29649
22000/29649
23000/29649
24000/29649
25000/29649
26000/29649
27000/29649
28000/29649
29000/29649
File 24 out of 25
Total Entries is:
25000
0/25000
1000/25000
2000/25000
3000/25000
4000/25000
5000/25000
6000/25000
7000/25000
8000/25000
9000/25000
10000/25000
11000/25000
12000/25000
13000/25000
14000/25000
15000/25000
16000/25000
17000/25000
18000/25000
19000/25000
20000/25000
21000/25000
22000/25000
23000/25000
24000/25000
File 25 out of 25
Total Entries is:
32507
0/32507
1000/32507
2000/32507
3000/32507
4000/32507
5000/32507
6000/32507
7000/32507
8000/32507
9000/32507
10000/32507
11000/32507
12000/32507
13000/32507
14000/32507
15000/32507
16000/32507
17000/32507
18000/32507
19000/32507
20000/32507
21000/32507
22000/32507
23000/32507
24000/32507
25000/32507
26000/32507
27000/32507
28000/32507
29000/32507
30000/32507
31000/32507
32000/32507
skipper is: 353899446
tripper is: 389606264
ppt is 1 and trk is 1
***
hSig ent are: 28845744 ... and hBack ent are: 2.88473e+08
***
ppt is 2 and trk is 1
***
hSig ent are: 602808 ... and hBack ent are: 6.02948e+06
***
ppt is 3 and trk is 1
***
hSig ent are: 356560 ... and hBack ent are: 3.56643e+06
***
ppt is 1 and trk is 2
***
hSig ent are: 252742052 ... and hBack ent are: 2.52742e+09
***
ppt is 2 and trk is 2
***
hSig ent are: 11105504 ... and hBack ent are: 1.1106e+08
***
ppt is 3 and trk is 2
***
hSig ent are: 12749856 ... and hBack ent are: 1.27521e+08
***
ppt is 1 and trk is 3
***
hSig ent are: 267554856 ... and hBack ent are: 2.67563e+09
***
ppt is 2 and trk is 3
***
hSig ent are: 19593880 ... and hBack ent are: 1.95958e+08
***
ppt is 3 and trk is 3
***
hSig ent are: 28720276 ... and hBack ent are: 2.87218e+08
***
ppt is 1 and trk is 4
***
hSig ent are: 102161748 ... and hBack ent are: 1.02167e+09
***
ppt is 2 and trk is 4
***
hSig ent are: 9806152 ... and hBack ent are: 9.80793e+07
***
ppt is 3 and trk is 4
***
hSig ent are: 16090028 ... and hBack ent are: 1.60922e+08
***
ppt is 1 and trk is 5
***
hSig ent are: 19422848 ... and hBack ent are: 1.94254e+08
***
ppt is 2 and trk is 5
***
hSig ent are: 2126328 ... and hBack ent are: 2.12659e+07
***
ppt is 3 and trk is 5
***
hSig ent are: 3645920 ... and hBack ent are: 3.64635e+07
***
ppt is 1 and trk is 6
***
hSig ent are: 2538876 ... and hBack ent are: 2.53966e+07
***
ppt is 2 and trk is 6
***
hSig ent are: 278024 ... and hBack ent are: 2.78056e+06
***
ppt is 3 and trk is 6
***
hSig ent are: 520936 ... and hBack ent are: 5.20981e+06
***
ppt is 1 and trk is 7
***
hSig ent are: 258392 ... and hBack ent are: 2.58406e+06
***
ppt is 2 and trk is 7
***
hSig ent are: 29504 ... and hBack ent are: 295392
***
ppt is 3 and trk is 7
***
hSig ent are: 62236 ... and hBack ent are: 623310
***
Time: 1978.18 seconds.
Split Times (in seconds)...
Start Up        0          (0 %)
Opening Files   0.106      (0.00537 %)
Loading Events  806        (40.7 %)
Event Selection 421        (21.3 %)
Jet Selection   0.181      (0.00913 %)
Track Loops     414        (20.9 %)
EndJob          337        (17.1 %)
Split Total: 1.98e+03s
