Starting event loop
Total Number of Files in this Job: 25
File 1 out of 25
Total Entries is:
34695
0/34695
1000/34695
2000/34695
3000/34695
4000/34695
5000/34695
6000/34695
7000/34695
8000/34695
9000/34695
10000/34695
11000/34695
12000/34695
13000/34695
14000/34695
15000/34695
16000/34695
17000/34695
18000/34695
19000/34695
20000/34695
21000/34695
22000/34695
23000/34695
24000/34695
25000/34695
26000/34695
27000/34695
28000/34695
29000/34695
30000/34695
31000/34695
32000/34695
33000/34695
34000/34695
File 2 out of 25
Total Entries is:
22182
0/22182
1000/22182
2000/22182
3000/22182
4000/22182
5000/22182
6000/22182
7000/22182
8000/22182
9000/22182
10000/22182
11000/22182
12000/22182
13000/22182
14000/22182
15000/22182
16000/22182
17000/22182
18000/22182
19000/22182
20000/22182
21000/22182
22000/22182
File 3 out of 25
Total Entries is:
22103
0/22103
1000/22103
2000/22103
3000/22103
4000/22103
5000/22103
6000/22103
7000/22103
8000/22103
9000/22103
10000/22103
11000/22103
12000/22103
13000/22103
14000/22103
15000/22103
16000/22103
17000/22103
18000/22103
19000/22103
20000/22103
21000/22103
22000/22103
File 4 out of 25
Total Entries is:
24385
0/24385
1000/24385
2000/24385
3000/24385
4000/24385
5000/24385
6000/24385
7000/24385
8000/24385
9000/24385
10000/24385
11000/24385
12000/24385
13000/24385
14000/24385
15000/24385
16000/24385
17000/24385
18000/24385
19000/24385
20000/24385
21000/24385
22000/24385
23000/24385
24000/24385
File 5 out of 25
Total Entries is:
22021
0/22021
1000/22021
2000/22021
3000/22021
4000/22021
5000/22021
6000/22021
7000/22021
8000/22021
9000/22021
10000/22021
11000/22021
12000/22021
13000/22021
14000/22021
15000/22021
16000/22021
17000/22021
18000/22021
19000/22021
20000/22021
21000/22021
22000/22021
File 6 out of 25
Total Entries is:
28464
0/28464
1000/28464
2000/28464
3000/28464
4000/28464
5000/28464
6000/28464
7000/28464
8000/28464
9000/28464
10000/28464
11000/28464
12000/28464
13000/28464
14000/28464
15000/28464
16000/28464
17000/28464
18000/28464
19000/28464
20000/28464
21000/28464
22000/28464
23000/28464
24000/28464
25000/28464
26000/28464
27000/28464
28000/28464
File 7 out of 25
Total Entries is:
26830
0/26830
1000/26830
2000/26830
3000/26830
4000/26830
5000/26830
6000/26830
7000/26830
8000/26830
9000/26830
10000/26830
11000/26830
12000/26830
13000/26830
14000/26830
15000/26830
16000/26830
17000/26830
18000/26830
19000/26830
20000/26830
21000/26830
22000/26830
23000/26830
24000/26830
25000/26830
26000/26830
File 8 out of 25
Total Entries is:
28983
0/28983
1000/28983
2000/28983
3000/28983
4000/28983
5000/28983
6000/28983
7000/28983
8000/28983
9000/28983
10000/28983
11000/28983
12000/28983
13000/28983
14000/28983
15000/28983
16000/28983
17000/28983
18000/28983
19000/28983
20000/28983
21000/28983
22000/28983
23000/28983
24000/28983
25000/28983
26000/28983
27000/28983
28000/28983
File 9 out of 25
Total Entries is:
22583
0/22583
1000/22583
2000/22583
3000/22583
4000/22583
5000/22583
6000/22583
7000/22583
8000/22583
9000/22583
10000/22583
11000/22583
12000/22583
13000/22583
14000/22583
15000/22583
16000/22583
17000/22583
18000/22583
19000/22583
20000/22583
21000/22583
22000/22583
File 10 out of 25
Total Entries is:
22068
0/22068
1000/22068
2000/22068
3000/22068
4000/22068
5000/22068
6000/22068
7000/22068
8000/22068
9000/22068
10000/22068
11000/22068
12000/22068
13000/22068
14000/22068
15000/22068
16000/22068
17000/22068
18000/22068
19000/22068
20000/22068
21000/22068
22000/22068
File 11 out of 25
Total Entries is:
22216
0/22216
1000/22216
2000/22216
3000/22216
4000/22216
5000/22216
6000/22216
7000/22216
8000/22216
9000/22216
10000/22216
11000/22216
12000/22216
13000/22216
14000/22216
15000/22216
16000/22216
17000/22216
18000/22216
19000/22216
20000/22216
21000/22216
22000/22216
File 12 out of 25
Total Entries is:
37881
0/37881
1000/37881
2000/37881
3000/37881
4000/37881
5000/37881
6000/37881
7000/37881
8000/37881
9000/37881
10000/37881
11000/37881
12000/37881
13000/37881
14000/37881
15000/37881
16000/37881
17000/37881
18000/37881
19000/37881
20000/37881
21000/37881
22000/37881
23000/37881
24000/37881
25000/37881
26000/37881
27000/37881
28000/37881
29000/37881
30000/37881
31000/37881
32000/37881
33000/37881
34000/37881
35000/37881
36000/37881
37000/37881
File 13 out of 25
Total Entries is:
27745
0/27745
1000/27745
2000/27745
3000/27745
4000/27745
5000/27745
6000/27745
7000/27745
8000/27745
9000/27745
10000/27745
11000/27745
12000/27745
13000/27745
14000/27745
15000/27745
16000/27745
17000/27745
18000/27745
19000/27745
20000/27745
21000/27745
22000/27745
23000/27745
24000/27745
25000/27745
26000/27745
27000/27745
File 14 out of 25
Total Entries is:
32959
0/32959
1000/32959
2000/32959
3000/32959
4000/32959
5000/32959
6000/32959
7000/32959
8000/32959
9000/32959
10000/32959
11000/32959
12000/32959
13000/32959
14000/32959
15000/32959
16000/32959
17000/32959
18000/32959
19000/32959
20000/32959
21000/32959
22000/32959
23000/32959
24000/32959
25000/32959
26000/32959
27000/32959
28000/32959
29000/32959
30000/32959
31000/32959
32000/32959
File 15 out of 25
Total Entries is:
25154
0/25154
1000/25154
2000/25154
3000/25154
4000/25154
5000/25154
6000/25154
7000/25154
8000/25154
9000/25154
10000/25154
11000/25154
12000/25154
13000/25154
14000/25154
15000/25154
16000/25154
17000/25154
18000/25154
19000/25154
20000/25154
21000/25154
22000/25154
23000/25154
24000/25154
25000/25154
File 16 out of 25
Total Entries is:
33321
0/33321
1000/33321
2000/33321
3000/33321
4000/33321
5000/33321
6000/33321
7000/33321
8000/33321
9000/33321
10000/33321
11000/33321
12000/33321
13000/33321
14000/33321
15000/33321
16000/33321
17000/33321
18000/33321
19000/33321
20000/33321
21000/33321
22000/33321
23000/33321
24000/33321
25000/33321
26000/33321
27000/33321
28000/33321
29000/33321
30000/33321
31000/33321
32000/33321
33000/33321
File 17 out of 25
Total Entries is:
23344
0/23344
1000/23344
2000/23344
3000/23344
4000/23344
5000/23344
6000/23344
7000/23344
8000/23344
9000/23344
10000/23344
11000/23344
12000/23344
13000/23344
14000/23344
15000/23344
16000/23344
17000/23344
18000/23344
19000/23344
20000/23344
21000/23344
22000/23344
23000/23344
File 18 out of 25
Total Entries is:
29449
0/29449
1000/29449
2000/29449
3000/29449
4000/29449
5000/29449
6000/29449
7000/29449
8000/29449
9000/29449
10000/29449
11000/29449
12000/29449
13000/29449
14000/29449
15000/29449
16000/29449
17000/29449
18000/29449
19000/29449
20000/29449
21000/29449
22000/29449
23000/29449
24000/29449
25000/29449
26000/29449
27000/29449
28000/29449
29000/29449
File 19 out of 25
Total Entries is:
28385
0/28385
1000/28385
2000/28385
3000/28385
4000/28385
5000/28385
6000/28385
7000/28385
8000/28385
9000/28385
10000/28385
11000/28385
12000/28385
13000/28385
14000/28385
15000/28385
16000/28385
17000/28385
18000/28385
19000/28385
20000/28385
21000/28385
22000/28385
23000/28385
24000/28385
25000/28385
26000/28385
27000/28385
28000/28385
File 20 out of 25
Total Entries is:
30224
0/30224
1000/30224
2000/30224
3000/30224
4000/30224
5000/30224
6000/30224
7000/30224
8000/30224
9000/30224
10000/30224
11000/30224
12000/30224
13000/30224
14000/30224
15000/30224
16000/30224
17000/30224
18000/30224
19000/30224
20000/30224
21000/30224
22000/30224
23000/30224
24000/30224
25000/30224
26000/30224
27000/30224
28000/30224
29000/30224
30000/30224
File 21 out of 25
Total Entries is:
20326
0/20326
1000/20326
2000/20326
3000/20326
4000/20326
5000/20326
6000/20326
7000/20326
8000/20326
9000/20326
10000/20326
11000/20326
12000/20326
13000/20326
14000/20326
15000/20326
16000/20326
17000/20326
18000/20326
19000/20326
20000/20326
File 22 out of 25
Total Entries is:
24375
0/24375
1000/24375
2000/24375
3000/24375
4000/24375
5000/24375
6000/24375
7000/24375
8000/24375
9000/24375
10000/24375
11000/24375
12000/24375
13000/24375
14000/24375
15000/24375
16000/24375
17000/24375
18000/24375
19000/24375
20000/24375
21000/24375
22000/24375
23000/24375
24000/24375
File 23 out of 25
Total Entries is:
24710
0/24710
1000/24710
2000/24710
3000/24710
4000/24710
5000/24710
6000/24710
7000/24710
8000/24710
9000/24710
10000/24710
11000/24710
12000/24710
13000/24710
14000/24710
15000/24710
16000/24710
17000/24710
18000/24710
19000/24710
20000/24710
21000/24710
22000/24710
23000/24710
24000/24710
File 24 out of 25
Total Entries is:
23542
0/23542
1000/23542
2000/23542
3000/23542
4000/23542
5000/23542
6000/23542
7000/23542
8000/23542
9000/23542
10000/23542
11000/23542
12000/23542
13000/23542
14000/23542
15000/23542
16000/23542
17000/23542
18000/23542
19000/23542
20000/23542
21000/23542
22000/23542
23000/23542
File 25 out of 25
Total Entries is:
29121
0/29121
1000/29121
2000/29121
3000/29121
4000/29121
5000/29121
6000/29121
7000/29121
8000/29121
9000/29121
10000/29121
11000/29121
12000/29121
13000/29121
14000/29121
15000/29121
16000/29121
17000/29121
18000/29121
19000/29121
20000/29121
21000/29121
22000/29121
23000/29121
24000/29121
25000/29121
26000/29121
27000/29121
28000/29121
29000/29121
skipper is: 341990780
tripper is: 375571552
ppt is 1 and trk is 1
***
hSig ent are: 27897144 ... and hBack ent are: 2.78974e+08
***
ppt is 2 and trk is 1
***
hSig ent are: 584968 ... and hBack ent are: 5.85398e+06
***
ppt is 3 and trk is 1
***
hSig ent are: 340888 ... and hBack ent are: 3.40956e+06
***
ppt is 1 and trk is 2
***
hSig ent are: 242075768 ... and hBack ent are: 2.42079e+09
***
ppt is 2 and trk is 2
***
hSig ent are: 10744812 ... and hBack ent are: 1.07464e+08
***
ppt is 3 and trk is 2
***
hSig ent are: 12350376 ... and hBack ent are: 1.2351e+08
***
ppt is 1 and trk is 3
***
hSig ent are: 258555792 ... and hBack ent are: 2.58557e+09
***
ppt is 2 and trk is 3
***
hSig ent are: 18918288 ... and hBack ent are: 1.89186e+08
***
ppt is 3 and trk is 3
***
hSig ent are: 27839564 ... and hBack ent are: 2.78406e+08
***
ppt is 1 and trk is 4
***
hSig ent are: 98278052 ... and hBack ent are: 9.82791e+08
***
ppt is 2 and trk is 4
***
hSig ent are: 9516248 ... and hBack ent are: 9.51698e+07
***
ppt is 3 and trk is 4
***
hSig ent are: 15595660 ... and hBack ent are: 1.55963e+08
***
ppt is 1 and trk is 5
***
hSig ent are: 19233964 ... and hBack ent are: 1.92363e+08
***
ppt is 2 and trk is 5
***
hSig ent are: 2083580 ... and hBack ent are: 2.08438e+07
***
ppt is 3 and trk is 5
***
hSig ent are: 3678708 ... and hBack ent are: 3.67903e+07
***
ppt is 1 and trk is 6
***
hSig ent are: 2410828 ... and hBack ent are: 2.4113e+07
***
ppt is 2 and trk is 6
***
hSig ent are: 268300 ... and hBack ent are: 2.68468e+06
***
ppt is 3 and trk is 6
***
hSig ent are: 452140 ... and hBack ent are: 4.522e+06
***
ppt is 1 and trk is 7
***
hSig ent are: 233972 ... and hBack ent are: 2.34243e+06
***
ppt is 2 and trk is 7
***
hSig ent are: 28904 ... and hBack ent are: 289982
***
ppt is 3 and trk is 7
***
hSig ent are: 55148 ... and hBack ent are: 552792
***
Time: 1900.61 seconds.
Split Times (in seconds)...
Start Up        0          (0 %)
Opening Files   0.134      (0.00703 %)
Loading Events  778        (40.9 %)
Event Selection 402        (21.2 %)
Jet Selection   0.167      (0.00879 %)
Track Loops     401        (21.1 %)
EndJob          319        (16.8 %)
Split Total: 1.9e+03s
