Starting event loop
Total Number of Files in this Job: 25
File 1 out of 25
Total Entries is:
17263
0/17263
1000/17263
2000/17263
3000/17263
4000/17263
5000/17263
6000/17263
7000/17263
8000/17263
9000/17263
10000/17263
11000/17263
12000/17263
13000/17263
14000/17263
15000/17263
16000/17263
17000/17263
File 2 out of 25
Total Entries is:
29660
0/29660
1000/29660
2000/29660
3000/29660
4000/29660
5000/29660
6000/29660
7000/29660
8000/29660
9000/29660
10000/29660
11000/29660
12000/29660
13000/29660
14000/29660
15000/29660
16000/29660
17000/29660
18000/29660
19000/29660
20000/29660
21000/29660
22000/29660
23000/29660
24000/29660
25000/29660
26000/29660
27000/29660
28000/29660
29000/29660
File 3 out of 25
Total Entries is:
28435
0/28435
1000/28435
2000/28435
3000/28435
4000/28435
5000/28435
6000/28435
7000/28435
8000/28435
9000/28435
10000/28435
11000/28435
12000/28435
13000/28435
14000/28435
15000/28435
16000/28435
17000/28435
18000/28435
19000/28435
20000/28435
21000/28435
22000/28435
23000/28435
24000/28435
25000/28435
26000/28435
27000/28435
28000/28435
File 4 out of 25
Total Entries is:
23010
0/23010
1000/23010
2000/23010
3000/23010
4000/23010
5000/23010
6000/23010
7000/23010
8000/23010
9000/23010
10000/23010
11000/23010
12000/23010
13000/23010
14000/23010
15000/23010
16000/23010
17000/23010
18000/23010
19000/23010
20000/23010
21000/23010
22000/23010
23000/23010
File 5 out of 25
Total Entries is:
23325
0/23325
1000/23325
2000/23325
3000/23325
4000/23325
5000/23325
6000/23325
7000/23325
8000/23325
9000/23325
10000/23325
11000/23325
12000/23325
13000/23325
14000/23325
15000/23325
16000/23325
17000/23325
18000/23325
19000/23325
20000/23325
21000/23325
22000/23325
23000/23325
File 6 out of 25
Total Entries is:
28502
0/28502
1000/28502
2000/28502
3000/28502
4000/28502
5000/28502
6000/28502
7000/28502
8000/28502
9000/28502
10000/28502
11000/28502
12000/28502
13000/28502
14000/28502
15000/28502
16000/28502
17000/28502
18000/28502
19000/28502
20000/28502
21000/28502
22000/28502
23000/28502
24000/28502
25000/28502
26000/28502
27000/28502
28000/28502
File 7 out of 25
Total Entries is:
29082
0/29082
1000/29082
2000/29082
3000/29082
4000/29082
5000/29082
6000/29082
7000/29082
8000/29082
9000/29082
10000/29082
11000/29082
12000/29082
13000/29082
14000/29082
15000/29082
16000/29082
17000/29082
18000/29082
19000/29082
20000/29082
21000/29082
22000/29082
23000/29082
24000/29082
25000/29082
26000/29082
27000/29082
28000/29082
29000/29082
File 8 out of 25
Total Entries is:
27587
0/27587
1000/27587
2000/27587
3000/27587
4000/27587
5000/27587
6000/27587
7000/27587
8000/27587
9000/27587
10000/27587
11000/27587
12000/27587
13000/27587
14000/27587
15000/27587
16000/27587
17000/27587
18000/27587
19000/27587
20000/27587
21000/27587
22000/27587
23000/27587
24000/27587
25000/27587
26000/27587
27000/27587
File 9 out of 25
Total Entries is:
12763
0/12763
1000/12763
2000/12763
3000/12763
4000/12763
5000/12763
6000/12763
7000/12763
8000/12763
9000/12763
10000/12763
11000/12763
12000/12763
File 10 out of 25
Total Entries is:
18352
0/18352
1000/18352
2000/18352
3000/18352
4000/18352
5000/18352
6000/18352
7000/18352
8000/18352
9000/18352
10000/18352
11000/18352
12000/18352
13000/18352
14000/18352
15000/18352
16000/18352
17000/18352
18000/18352
File 11 out of 25
Total Entries is:
22348
0/22348
1000/22348
2000/22348
3000/22348
4000/22348
5000/22348
6000/22348
7000/22348
8000/22348
9000/22348
10000/22348
11000/22348
12000/22348
13000/22348
14000/22348
15000/22348
16000/22348
17000/22348
18000/22348
19000/22348
20000/22348
21000/22348
22000/22348
File 12 out of 25
Total Entries is:
28011
0/28011
1000/28011
2000/28011
3000/28011
4000/28011
5000/28011
6000/28011
7000/28011
8000/28011
9000/28011
10000/28011
11000/28011
12000/28011
13000/28011
14000/28011
15000/28011
16000/28011
17000/28011
18000/28011
19000/28011
20000/28011
21000/28011
22000/28011
23000/28011
24000/28011
25000/28011
26000/28011
27000/28011
28000/28011
File 13 out of 25
Total Entries is:
13180
0/13180
1000/13180
2000/13180
3000/13180
4000/13180
5000/13180
6000/13180
7000/13180
8000/13180
9000/13180
10000/13180
11000/13180
12000/13180
13000/13180
File 14 out of 25
Total Entries is:
27371
0/27371
1000/27371
2000/27371
3000/27371
4000/27371
5000/27371
6000/27371
7000/27371
8000/27371
9000/27371
10000/27371
11000/27371
12000/27371
13000/27371
14000/27371
15000/27371
16000/27371
17000/27371
18000/27371
19000/27371
20000/27371
21000/27371
22000/27371
23000/27371
24000/27371
25000/27371
26000/27371
27000/27371
File 15 out of 25
Total Entries is:
18390
0/18390
1000/18390
2000/18390
3000/18390
4000/18390
5000/18390
6000/18390
7000/18390
8000/18390
9000/18390
10000/18390
11000/18390
12000/18390
13000/18390
14000/18390
15000/18390
16000/18390
17000/18390
18000/18390
File 16 out of 25
Total Entries is:
24203
0/24203
1000/24203
2000/24203
3000/24203
4000/24203
5000/24203
6000/24203
7000/24203
8000/24203
9000/24203
10000/24203
11000/24203
12000/24203
13000/24203
14000/24203
15000/24203
16000/24203
17000/24203
18000/24203
19000/24203
20000/24203
21000/24203
22000/24203
23000/24203
24000/24203
File 17 out of 25
Total Entries is:
27647
0/27647
1000/27647
2000/27647
3000/27647
4000/27647
5000/27647
6000/27647
7000/27647
8000/27647
9000/27647
10000/27647
11000/27647
12000/27647
13000/27647
14000/27647
15000/27647
16000/27647
17000/27647
18000/27647
19000/27647
20000/27647
21000/27647
22000/27647
23000/27647
24000/27647
25000/27647
26000/27647
27000/27647
File 18 out of 25
Total Entries is:
21176
0/21176
1000/21176
2000/21176
3000/21176
4000/21176
5000/21176
6000/21176
7000/21176
8000/21176
9000/21176
10000/21176
11000/21176
12000/21176
13000/21176
14000/21176
15000/21176
16000/21176
17000/21176
18000/21176
19000/21176
20000/21176
21000/21176
File 19 out of 25
Total Entries is:
31406
0/31406
1000/31406
2000/31406
3000/31406
4000/31406
5000/31406
6000/31406
7000/31406
8000/31406
9000/31406
10000/31406
11000/31406
12000/31406
13000/31406
14000/31406
15000/31406
16000/31406
17000/31406
18000/31406
19000/31406
20000/31406
21000/31406
22000/31406
23000/31406
24000/31406
25000/31406
26000/31406
27000/31406
28000/31406
29000/31406
30000/31406
31000/31406
File 20 out of 25
Total Entries is:
30832
0/30832
1000/30832
2000/30832
3000/30832
4000/30832
5000/30832
6000/30832
7000/30832
8000/30832
9000/30832
10000/30832
11000/30832
12000/30832
13000/30832
14000/30832
15000/30832
16000/30832
17000/30832
18000/30832
19000/30832
20000/30832
21000/30832
22000/30832
23000/30832
24000/30832
25000/30832
26000/30832
27000/30832
28000/30832
29000/30832
30000/30832
File 21 out of 25
Total Entries is:
24622
0/24622
1000/24622
2000/24622
3000/24622
4000/24622
5000/24622
6000/24622
7000/24622
8000/24622
9000/24622
10000/24622
11000/24622
12000/24622
13000/24622
14000/24622
15000/24622
16000/24622
17000/24622
18000/24622
19000/24622
20000/24622
21000/24622
22000/24622
23000/24622
24000/24622
File 22 out of 25
Total Entries is:
33324
0/33324
1000/33324
2000/33324
3000/33324
4000/33324
5000/33324
6000/33324
7000/33324
8000/33324
9000/33324
10000/33324
11000/33324
12000/33324
13000/33324
14000/33324
15000/33324
16000/33324
17000/33324
18000/33324
19000/33324
20000/33324
21000/33324
22000/33324
23000/33324
24000/33324
25000/33324
26000/33324
27000/33324
28000/33324
29000/33324
30000/33324
31000/33324
32000/33324
33000/33324
File 23 out of 25
Total Entries is:
26256
0/26256
1000/26256
2000/26256
3000/26256
4000/26256
5000/26256
6000/26256
7000/26256
8000/26256
9000/26256
10000/26256
11000/26256
12000/26256
13000/26256
14000/26256
15000/26256
16000/26256
17000/26256
18000/26256
19000/26256
20000/26256
21000/26256
22000/26256
23000/26256
24000/26256
25000/26256
26000/26256
File 24 out of 25
Total Entries is:
18087
0/18087
1000/18087
2000/18087
3000/18087
4000/18087
5000/18087
6000/18087
7000/18087
8000/18087
9000/18087
10000/18087
11000/18087
12000/18087
13000/18087
14000/18087
15000/18087
16000/18087
17000/18087
18000/18087
File 25 out of 25
Total Entries is:
20950
0/20950
1000/20950
2000/20950
3000/20950
4000/20950
5000/20950
6000/20950
7000/20950
8000/20950
9000/20950
10000/20950
11000/20950
12000/20950
13000/20950
14000/20950
15000/20950
16000/20950
17000/20950
18000/20950
19000/20950
20000/20950
skipper is: 314760378
tripper is: 345262586
ppt is 1 and trk is 1
***
hSig ent are: 25367800 ... and hBack ent are: 2.53685e+08
***
ppt is 2 and trk is 1
***
hSig ent are: 541780 ... and hBack ent are: 5.42191e+06
***
ppt is 3 and trk is 1
***
hSig ent are: 321148 ... and hBack ent are: 3.21306e+06
***
ppt is 1 and trk is 2
***
hSig ent are: 222080464 ... and hBack ent are: 2.22081e+09
***
ppt is 2 and trk is 2
***
hSig ent are: 9874860 ... and hBack ent are: 9.87539e+07
***
ppt is 3 and trk is 2
***
hSig ent are: 11350892 ... and hBack ent are: 1.13518e+08
***
ppt is 1 and trk is 3
***
hSig ent are: 237615044 ... and hBack ent are: 2.37622e+09
***
ppt is 2 and trk is 3
***
hSig ent are: 17492416 ... and hBack ent are: 1.7494e+08
***
ppt is 3 and trk is 3
***
hSig ent are: 25690612 ... and hBack ent are: 2.56913e+08
***
ppt is 1 and trk is 4
***
hSig ent are: 90877904 ... and hBack ent are: 9.08811e+08
***
ppt is 2 and trk is 4
***
hSig ent are: 8753460 ... and hBack ent are: 8.75441e+07
***
ppt is 3 and trk is 4
***
hSig ent are: 14311416 ... and hBack ent are: 1.43125e+08
***
ppt is 1 and trk is 5
***
hSig ent are: 17652624 ... and hBack ent are: 1.76531e+08
***
ppt is 2 and trk is 5
***
hSig ent are: 1922104 ... and hBack ent are: 1.92238e+07
***
ppt is 3 and trk is 5
***
hSig ent are: 3337872 ... and hBack ent are: 3.33795e+07
***
ppt is 1 and trk is 6
***
hSig ent are: 2318608 ... and hBack ent are: 2.3189e+07
***
ppt is 2 and trk is 6
***
hSig ent are: 258904 ... and hBack ent are: 2.59049e+06
***
ppt is 3 and trk is 6
***
hSig ent are: 473024 ... and hBack ent are: 4.7328e+06
***
ppt is 1 and trk is 7
***
hSig ent are: 198252 ... and hBack ent are: 1.98387e+06
***
ppt is 2 and trk is 7
***
hSig ent are: 26920 ... and hBack ent are: 269880
***
ppt is 3 and trk is 7
***
hSig ent are: 59068 ... and hBack ent are: 592130
***
Time: 1761.09 seconds.
Split Times (in seconds)...
Start Up        0          (0 %)
Opening Files   0.119      (0.00673 %)
Loading Events  719        (40.8 %)
Event Selection 376        (21.4 %)
Jet Selection   0.167      (0.00946 %)
Track Loops     372        (21.1 %)
EndJob          293        (16.7 %)
Split Total: 1.76e+03s
