Starting event loop
Total Number of Files in this Job: 25
File 1 out of 25
Total Entries is:
16000
0/16000
1000/16000
2000/16000
3000/16000
4000/16000
5000/16000
6000/16000
7000/16000
8000/16000
9000/16000
10000/16000
11000/16000
12000/16000
13000/16000
14000/16000
15000/16000
File 2 out of 25
Total Entries is:
24427
0/24427
1000/24427
2000/24427
3000/24427
4000/24427
5000/24427
6000/24427
7000/24427
8000/24427
9000/24427
10000/24427
11000/24427
12000/24427
13000/24427
14000/24427
15000/24427
16000/24427
17000/24427
18000/24427
19000/24427
20000/24427
21000/24427
22000/24427
23000/24427
24000/24427
File 3 out of 25
Total Entries is:
27933
0/27933
1000/27933
2000/27933
3000/27933
4000/27933
5000/27933
6000/27933
7000/27933
8000/27933
9000/27933
10000/27933
11000/27933
12000/27933
13000/27933
14000/27933
15000/27933
16000/27933
17000/27933
18000/27933
19000/27933
20000/27933
21000/27933
22000/27933
23000/27933
24000/27933
25000/27933
26000/27933
27000/27933
File 4 out of 25
Total Entries is:
22934
0/22934
1000/22934
2000/22934
3000/22934
4000/22934
5000/22934
6000/22934
7000/22934
8000/22934
9000/22934
10000/22934
11000/22934
12000/22934
13000/22934
14000/22934
15000/22934
16000/22934
17000/22934
18000/22934
19000/22934
20000/22934
21000/22934
22000/22934
File 5 out of 25
Total Entries is:
32295
0/32295
1000/32295
2000/32295
3000/32295
4000/32295
5000/32295
6000/32295
7000/32295
8000/32295
9000/32295
10000/32295
11000/32295
12000/32295
13000/32295
14000/32295
15000/32295
16000/32295
17000/32295
18000/32295
19000/32295
20000/32295
21000/32295
22000/32295
23000/32295
24000/32295
25000/32295
26000/32295
27000/32295
28000/32295
29000/32295
30000/32295
31000/32295
32000/32295
File 6 out of 25
Total Entries is:
22947
0/22947
1000/22947
2000/22947
3000/22947
4000/22947
5000/22947
6000/22947
7000/22947
8000/22947
9000/22947
10000/22947
11000/22947
12000/22947
13000/22947
14000/22947
15000/22947
16000/22947
17000/22947
18000/22947
19000/22947
20000/22947
21000/22947
22000/22947
File 7 out of 25
Total Entries is:
29499
0/29499
1000/29499
2000/29499
3000/29499
4000/29499
5000/29499
6000/29499
7000/29499
8000/29499
9000/29499
10000/29499
11000/29499
12000/29499
13000/29499
14000/29499
15000/29499
16000/29499
17000/29499
18000/29499
19000/29499
20000/29499
21000/29499
22000/29499
23000/29499
24000/29499
25000/29499
26000/29499
27000/29499
28000/29499
29000/29499
File 8 out of 25
Total Entries is:
25222
0/25222
1000/25222
2000/25222
3000/25222
4000/25222
5000/25222
6000/25222
7000/25222
8000/25222
9000/25222
10000/25222
11000/25222
12000/25222
13000/25222
14000/25222
15000/25222
16000/25222
17000/25222
18000/25222
19000/25222
20000/25222
21000/25222
22000/25222
23000/25222
24000/25222
25000/25222
File 9 out of 25
Total Entries is:
31379
0/31379
1000/31379
2000/31379
3000/31379
4000/31379
5000/31379
6000/31379
7000/31379
8000/31379
9000/31379
10000/31379
11000/31379
12000/31379
13000/31379
14000/31379
15000/31379
16000/31379
17000/31379
18000/31379
19000/31379
20000/31379
21000/31379
22000/31379
23000/31379
24000/31379
25000/31379
26000/31379
27000/31379
28000/31379
29000/31379
30000/31379
31000/31379
File 10 out of 25
Total Entries is:
20273
0/20273
1000/20273
2000/20273
3000/20273
4000/20273
5000/20273
6000/20273
7000/20273
8000/20273
9000/20273
10000/20273
11000/20273
12000/20273
13000/20273
14000/20273
15000/20273
16000/20273
17000/20273
18000/20273
19000/20273
20000/20273
File 11 out of 25
Total Entries is:
20257
0/20257
1000/20257
2000/20257
3000/20257
4000/20257
5000/20257
6000/20257
7000/20257
8000/20257
9000/20257
10000/20257
11000/20257
12000/20257
13000/20257
14000/20257
15000/20257
16000/20257
17000/20257
18000/20257
19000/20257
20000/20257
File 12 out of 25
Total Entries is:
9785
0/9785
1000/9785
2000/9785
3000/9785
4000/9785
5000/9785
6000/9785
7000/9785
8000/9785
9000/9785
File 13 out of 25
Total Entries is:
11907
0/11907
1000/11907
2000/11907
3000/11907
4000/11907
5000/11907
6000/11907
7000/11907
8000/11907
9000/11907
10000/11907
11000/11907
File 14 out of 25
Total Entries is:
32555
0/32555
1000/32555
2000/32555
3000/32555
4000/32555
5000/32555
6000/32555
7000/32555
8000/32555
9000/32555
10000/32555
11000/32555
12000/32555
13000/32555
14000/32555
15000/32555
16000/32555
17000/32555
18000/32555
19000/32555
20000/32555
21000/32555
22000/32555
23000/32555
24000/32555
25000/32555
26000/32555
27000/32555
28000/32555
29000/32555
30000/32555
31000/32555
32000/32555
File 15 out of 25
Total Entries is:
30066
0/30066
1000/30066
2000/30066
3000/30066
4000/30066
5000/30066
6000/30066
7000/30066
8000/30066
9000/30066
10000/30066
11000/30066
12000/30066
13000/30066
14000/30066
15000/30066
16000/30066
17000/30066
18000/30066
19000/30066
20000/30066
21000/30066
22000/30066
23000/30066
24000/30066
25000/30066
26000/30066
27000/30066
28000/30066
29000/30066
30000/30066
File 16 out of 25
Total Entries is:
34150
0/34150
1000/34150
2000/34150
3000/34150
4000/34150
5000/34150
6000/34150
7000/34150
8000/34150
9000/34150
10000/34150
11000/34150
12000/34150
13000/34150
14000/34150
15000/34150
16000/34150
17000/34150
18000/34150
19000/34150
20000/34150
21000/34150
22000/34150
23000/34150
24000/34150
25000/34150
26000/34150
27000/34150
28000/34150
29000/34150
30000/34150
31000/34150
32000/34150
33000/34150
34000/34150
File 17 out of 25
Total Entries is:
27593
0/27593
1000/27593
2000/27593
3000/27593
4000/27593
5000/27593
6000/27593
7000/27593
8000/27593
9000/27593
10000/27593
11000/27593
12000/27593
13000/27593
14000/27593
15000/27593
16000/27593
17000/27593
18000/27593
19000/27593
20000/27593
21000/27593
22000/27593
23000/27593
24000/27593
25000/27593
26000/27593
27000/27593
File 18 out of 25
Total Entries is:
23708
0/23708
1000/23708
2000/23708
3000/23708
4000/23708
5000/23708
6000/23708
7000/23708
8000/23708
9000/23708
10000/23708
11000/23708
12000/23708
13000/23708
14000/23708
15000/23708
16000/23708
17000/23708
18000/23708
19000/23708
20000/23708
21000/23708
22000/23708
23000/23708
File 19 out of 25
Total Entries is:
33982
0/33982
1000/33982
2000/33982
3000/33982
4000/33982
5000/33982
6000/33982
7000/33982
8000/33982
9000/33982
10000/33982
11000/33982
12000/33982
13000/33982
14000/33982
15000/33982
16000/33982
17000/33982
18000/33982
19000/33982
20000/33982
21000/33982
22000/33982
23000/33982
24000/33982
25000/33982
26000/33982
27000/33982
28000/33982
29000/33982
30000/33982
31000/33982
32000/33982
33000/33982
File 20 out of 25
Total Entries is:
29146
0/29146
1000/29146
2000/29146
3000/29146
4000/29146
5000/29146
6000/29146
7000/29146
8000/29146
9000/29146
10000/29146
11000/29146
12000/29146
13000/29146
14000/29146
15000/29146
16000/29146
17000/29146
18000/29146
19000/29146
20000/29146
21000/29146
22000/29146
23000/29146
24000/29146
25000/29146
26000/29146
27000/29146
28000/29146
29000/29146
File 21 out of 25
Total Entries is:
15967
0/15967
1000/15967
2000/15967
3000/15967
4000/15967
5000/15967
6000/15967
7000/15967
8000/15967
9000/15967
10000/15967
11000/15967
12000/15967
13000/15967
14000/15967
15000/15967
File 22 out of 25
Total Entries is:
29925
0/29925
1000/29925
2000/29925
3000/29925
4000/29925
5000/29925
6000/29925
7000/29925
8000/29925
9000/29925
10000/29925
11000/29925
12000/29925
13000/29925
14000/29925
15000/29925
16000/29925
17000/29925
18000/29925
19000/29925
20000/29925
21000/29925
22000/29925
23000/29925
24000/29925
25000/29925
26000/29925
27000/29925
28000/29925
29000/29925
File 23 out of 25
Total Entries is:
19110
0/19110
1000/19110
2000/19110
3000/19110
4000/19110
5000/19110
6000/19110
7000/19110
8000/19110
9000/19110
10000/19110
11000/19110
12000/19110
13000/19110
14000/19110
15000/19110
16000/19110
17000/19110
18000/19110
19000/19110
File 24 out of 25
Total Entries is:
15575
0/15575
1000/15575
2000/15575
3000/15575
4000/15575
5000/15575
6000/15575
7000/15575
8000/15575
9000/15575
10000/15575
11000/15575
12000/15575
13000/15575
14000/15575
15000/15575
File 25 out of 25
Total Entries is:
19357
0/19357
1000/19357
2000/19357
3000/19357
4000/19357
5000/19357
6000/19357
7000/19357
8000/19357
9000/19357
10000/19357
11000/19357
12000/19357
13000/19357
14000/19357
15000/19357
16000/19357
17000/19357
18000/19357
19000/19357
skipper is: 313007148
tripper is: 343989970
ppt is 1 and trk is 1
***
hSig ent are: 25427216 ... and hBack ent are: 2.54291e+08
***
ppt is 2 and trk is 1
***
hSig ent are: 537012 ... and hBack ent are: 5.37081e+06
***
ppt is 3 and trk is 1
***
hSig ent are: 318200 ... and hBack ent are: 3.18444e+06
***
ppt is 1 and trk is 2
***
hSig ent are: 221879280 ... and hBack ent are: 2.21883e+09
***
ppt is 2 and trk is 2
***
hSig ent are: 9825784 ... and hBack ent are: 9.82775e+07
***
ppt is 3 and trk is 2
***
hSig ent are: 11244492 ... and hBack ent are: 1.12455e+08
***
ppt is 1 and trk is 3
***
hSig ent are: 237110944 ... and hBack ent are: 2.37115e+09
***
ppt is 2 and trk is 3
***
hSig ent are: 17408476 ... and hBack ent are: 1.74095e+08
***
ppt is 3 and trk is 3
***
hSig ent are: 25559296 ... and hBack ent are: 2.556e+08
***
ppt is 1 and trk is 4
***
hSig ent are: 89974988 ... and hBack ent are: 8.9979e+08
***
ppt is 2 and trk is 4
***
hSig ent are: 8596736 ... and hBack ent are: 8.59793e+07
***
ppt is 3 and trk is 4
***
hSig ent are: 14048692 ... and hBack ent are: 1.40505e+08
***
ppt is 1 and trk is 5
***
hSig ent are: 17489492 ... and hBack ent are: 1.74914e+08
***
ppt is 2 and trk is 5
***
hSig ent are: 1893496 ... and hBack ent are: 1.89356e+07
***
ppt is 3 and trk is 5
***
hSig ent are: 3302636 ... and hBack ent are: 3.30338e+07
***
ppt is 1 and trk is 6
***
hSig ent are: 2261388 ... and hBack ent are: 2.26148e+07
***
ppt is 2 and trk is 6
***
hSig ent are: 265640 ... and hBack ent are: 2.65853e+06
***
ppt is 3 and trk is 6
***
hSig ent are: 509880 ... and hBack ent are: 5.10082e+06
***
ppt is 1 and trk is 7
***
hSig ent are: 239300 ... and hBack ent are: 2.39476e+06
***
ppt is 2 and trk is 7
***
hSig ent are: 27684 ... and hBack ent are: 277202
***
ppt is 3 and trk is 7
***
hSig ent are: 59308 ... and hBack ent are: 593670
***
Time: 1779.29 seconds.
Split Times (in seconds)...
Start Up        0          (0 %)
Opening Files   0.131      (0.00734 %)
Loading Events  722        (40.6 %)
Event Selection 391        (22 %)
Jet Selection   0.165      (0.00926 %)
Track Loops     374        (21 %)
EndJob          291        (16.3 %)
Split Total: 1.78e+03s
