Starting event loop
Total Number of Files in this Job: 25
File 1 out of 25
Total Entries is:
31662
0/31662
1000/31662
2000/31662
3000/31662
4000/31662
5000/31662
6000/31662
7000/31662
8000/31662
9000/31662
10000/31662
11000/31662
12000/31662
13000/31662
14000/31662
15000/31662
16000/31662
17000/31662
18000/31662
19000/31662
20000/31662
21000/31662
22000/31662
23000/31662
24000/31662
25000/31662
26000/31662
27000/31662
28000/31662
29000/31662
30000/31662
31000/31662
File 2 out of 25
Total Entries is:
23826
0/23826
1000/23826
2000/23826
3000/23826
4000/23826
5000/23826
6000/23826
7000/23826
8000/23826
9000/23826
10000/23826
11000/23826
12000/23826
13000/23826
14000/23826
15000/23826
16000/23826
17000/23826
18000/23826
19000/23826
20000/23826
21000/23826
22000/23826
23000/23826
File 3 out of 25
Total Entries is:
26646
0/26646
1000/26646
2000/26646
3000/26646
4000/26646
5000/26646
6000/26646
7000/26646
8000/26646
9000/26646
10000/26646
11000/26646
12000/26646
13000/26646
14000/26646
15000/26646
16000/26646
17000/26646
18000/26646
19000/26646
20000/26646
21000/26646
22000/26646
23000/26646
24000/26646
25000/26646
26000/26646
File 4 out of 25
Total Entries is:
22684
0/22684
1000/22684
2000/22684
3000/22684
4000/22684
5000/22684
6000/22684
7000/22684
8000/22684
9000/22684
10000/22684
11000/22684
12000/22684
13000/22684
14000/22684
15000/22684
16000/22684
17000/22684
18000/22684
19000/22684
20000/22684
21000/22684
22000/22684
File 5 out of 25
Total Entries is:
28918
0/28918
1000/28918
2000/28918
3000/28918
4000/28918
5000/28918
6000/28918
7000/28918
8000/28918
9000/28918
10000/28918
11000/28918
12000/28918
13000/28918
14000/28918
15000/28918
16000/28918
17000/28918
18000/28918
19000/28918
20000/28918
21000/28918
22000/28918
23000/28918
24000/28918
25000/28918
26000/28918
27000/28918
28000/28918
File 6 out of 25
Total Entries is:
20555
0/20555
1000/20555
2000/20555
3000/20555
4000/20555
5000/20555
6000/20555
7000/20555
8000/20555
9000/20555
10000/20555
11000/20555
12000/20555
13000/20555
14000/20555
15000/20555
16000/20555
17000/20555
18000/20555
19000/20555
20000/20555
File 7 out of 25
Total Entries is:
10902
0/10902
1000/10902
2000/10902
3000/10902
4000/10902
5000/10902
6000/10902
7000/10902
8000/10902
9000/10902
10000/10902
File 8 out of 25
Total Entries is:
30035
0/30035
1000/30035
2000/30035
3000/30035
4000/30035
5000/30035
6000/30035
7000/30035
8000/30035
9000/30035
10000/30035
11000/30035
12000/30035
13000/30035
14000/30035
15000/30035
16000/30035
17000/30035
18000/30035
19000/30035
20000/30035
21000/30035
22000/30035
23000/30035
24000/30035
25000/30035
26000/30035
27000/30035
28000/30035
29000/30035
30000/30035
File 9 out of 25
Total Entries is:
25347
0/25347
1000/25347
2000/25347
3000/25347
4000/25347
5000/25347
6000/25347
7000/25347
8000/25347
9000/25347
10000/25347
11000/25347
12000/25347
13000/25347
14000/25347
15000/25347
16000/25347
17000/25347
18000/25347
19000/25347
20000/25347
21000/25347
22000/25347
23000/25347
24000/25347
25000/25347
File 10 out of 25
Total Entries is:
36323
0/36323
1000/36323
2000/36323
3000/36323
4000/36323
5000/36323
6000/36323
7000/36323
8000/36323
9000/36323
10000/36323
11000/36323
12000/36323
13000/36323
14000/36323
15000/36323
16000/36323
17000/36323
18000/36323
19000/36323
20000/36323
21000/36323
22000/36323
23000/36323
24000/36323
25000/36323
26000/36323
27000/36323
28000/36323
29000/36323
30000/36323
31000/36323
32000/36323
33000/36323
34000/36323
35000/36323
36000/36323
File 11 out of 25
Total Entries is:
33710
0/33710
1000/33710
2000/33710
3000/33710
4000/33710
5000/33710
6000/33710
7000/33710
8000/33710
9000/33710
10000/33710
11000/33710
12000/33710
13000/33710
14000/33710
15000/33710
16000/33710
17000/33710
18000/33710
19000/33710
20000/33710
21000/33710
22000/33710
23000/33710
24000/33710
25000/33710
26000/33710
27000/33710
28000/33710
29000/33710
30000/33710
31000/33710
32000/33710
33000/33710
File 12 out of 25
Total Entries is:
27206
0/27206
1000/27206
2000/27206
3000/27206
4000/27206
5000/27206
6000/27206
7000/27206
8000/27206
9000/27206
10000/27206
11000/27206
12000/27206
13000/27206
14000/27206
15000/27206
16000/27206
17000/27206
18000/27206
19000/27206
20000/27206
21000/27206
22000/27206
23000/27206
24000/27206
25000/27206
26000/27206
27000/27206
File 13 out of 25
Total Entries is:
21564
0/21564
1000/21564
2000/21564
3000/21564
4000/21564
5000/21564
6000/21564
7000/21564
8000/21564
9000/21564
10000/21564
11000/21564
12000/21564
13000/21564
14000/21564
15000/21564
16000/21564
17000/21564
18000/21564
19000/21564
20000/21564
21000/21564
File 14 out of 25
Total Entries is:
30560
0/30560
1000/30560
2000/30560
3000/30560
4000/30560
5000/30560
6000/30560
7000/30560
8000/30560
9000/30560
10000/30560
11000/30560
12000/30560
13000/30560
14000/30560
15000/30560
16000/30560
17000/30560
18000/30560
19000/30560
20000/30560
21000/30560
22000/30560
23000/30560
24000/30560
25000/30560
26000/30560
27000/30560
28000/30560
29000/30560
30000/30560
File 15 out of 25
Total Entries is:
28464
0/28464
1000/28464
2000/28464
3000/28464
4000/28464
5000/28464
6000/28464
7000/28464
8000/28464
9000/28464
10000/28464
11000/28464
12000/28464
13000/28464
14000/28464
15000/28464
16000/28464
17000/28464
18000/28464
19000/28464
20000/28464
21000/28464
22000/28464
23000/28464
24000/28464
25000/28464
26000/28464
27000/28464
28000/28464
File 16 out of 25
Total Entries is:
31273
0/31273
1000/31273
2000/31273
3000/31273
4000/31273
5000/31273
6000/31273
7000/31273
8000/31273
9000/31273
10000/31273
11000/31273
12000/31273
13000/31273
14000/31273
15000/31273
16000/31273
17000/31273
18000/31273
19000/31273
20000/31273
21000/31273
22000/31273
23000/31273
24000/31273
25000/31273
26000/31273
27000/31273
28000/31273
29000/31273
30000/31273
31000/31273
File 17 out of 25
Total Entries is:
27763
0/27763
1000/27763
2000/27763
3000/27763
4000/27763
5000/27763
6000/27763
7000/27763
8000/27763
9000/27763
10000/27763
11000/27763
12000/27763
13000/27763
14000/27763
15000/27763
16000/27763
17000/27763
18000/27763
19000/27763
20000/27763
21000/27763
22000/27763
23000/27763
24000/27763
25000/27763
26000/27763
27000/27763
File 18 out of 25
Total Entries is:
28436
0/28436
1000/28436
2000/28436
3000/28436
4000/28436
5000/28436
6000/28436
7000/28436
8000/28436
9000/28436
10000/28436
11000/28436
12000/28436
13000/28436
14000/28436
15000/28436
16000/28436
17000/28436
18000/28436
19000/28436
20000/28436
21000/28436
22000/28436
23000/28436
24000/28436
25000/28436
26000/28436
27000/28436
28000/28436
File 19 out of 25
Total Entries is:
35146
0/35146
1000/35146
2000/35146
3000/35146
4000/35146
5000/35146
6000/35146
7000/35146
8000/35146
9000/35146
10000/35146
11000/35146
12000/35146
13000/35146
14000/35146
15000/35146
16000/35146
17000/35146
18000/35146
19000/35146
20000/35146
21000/35146
22000/35146
23000/35146
24000/35146
25000/35146
26000/35146
27000/35146
28000/35146
29000/35146
30000/35146
31000/35146
32000/35146
33000/35146
34000/35146
35000/35146
File 20 out of 25
Total Entries is:
28675
0/28675
1000/28675
2000/28675
3000/28675
4000/28675
5000/28675
6000/28675
7000/28675
8000/28675
9000/28675
10000/28675
11000/28675
12000/28675
13000/28675
14000/28675
15000/28675
16000/28675
17000/28675
18000/28675
19000/28675
20000/28675
21000/28675
22000/28675
23000/28675
24000/28675
25000/28675
26000/28675
27000/28675
28000/28675
File 21 out of 25
Total Entries is:
25208
0/25208
1000/25208
2000/25208
3000/25208
4000/25208
5000/25208
6000/25208
7000/25208
8000/25208
9000/25208
10000/25208
11000/25208
12000/25208
13000/25208
14000/25208
15000/25208
16000/25208
17000/25208
18000/25208
19000/25208
20000/25208
21000/25208
22000/25208
23000/25208
24000/25208
25000/25208
File 22 out of 25
Total Entries is:
24895
0/24895
1000/24895
2000/24895
3000/24895
4000/24895
5000/24895
6000/24895
7000/24895
8000/24895
9000/24895
10000/24895
11000/24895
12000/24895
13000/24895
14000/24895
15000/24895
16000/24895
17000/24895
18000/24895
19000/24895
20000/24895
21000/24895
22000/24895
23000/24895
24000/24895
File 23 out of 25
Total Entries is:
25282
0/25282
1000/25282
2000/25282
3000/25282
4000/25282
5000/25282
6000/25282
7000/25282
8000/25282
9000/25282
10000/25282
11000/25282
12000/25282
13000/25282
14000/25282
15000/25282
16000/25282
17000/25282
18000/25282
19000/25282
20000/25282
21000/25282
22000/25282
23000/25282
24000/25282
25000/25282
File 24 out of 25
Total Entries is:
20448
0/20448
1000/20448
2000/20448
3000/20448
4000/20448
5000/20448
6000/20448
7000/20448
8000/20448
9000/20448
10000/20448
11000/20448
12000/20448
13000/20448
14000/20448
15000/20448
16000/20448
17000/20448
18000/20448
19000/20448
20000/20448
File 25 out of 25
Total Entries is:
28502
0/28502
1000/28502
2000/28502
3000/28502
4000/28502
5000/28502
6000/28502
7000/28502
8000/28502
9000/28502
10000/28502
11000/28502
12000/28502
13000/28502
14000/28502
15000/28502
16000/28502
17000/28502
18000/28502
19000/28502
20000/28502
21000/28502
22000/28502
23000/28502
24000/28502
25000/28502
26000/28502
27000/28502
28000/28502
skipper is: 346155418
tripper is: 380677942
ppt is 1 and trk is 1
***
hSig ent are: 28314328 ... and hBack ent are: 2.83165e+08
***
ppt is 2 and trk is 1
***
hSig ent are: 595236 ... and hBack ent are: 5.95604e+06
***
ppt is 3 and trk is 1
***
hSig ent are: 358444 ... and hBack ent are: 3.58534e+06
***
ppt is 1 and trk is 2
***
hSig ent are: 246968660 ... and hBack ent are: 2.46974e+09
***
ppt is 2 and trk is 2
***
hSig ent are: 10958428 ... and hBack ent are: 1.09589e+08
***
ppt is 3 and trk is 2
***
hSig ent are: 12586800 ... and hBack ent are: 1.25877e+08
***
ppt is 1 and trk is 3
***
hSig ent are: 262091404 ... and hBack ent are: 2.62098e+09
***
ppt is 2 and trk is 3
***
hSig ent are: 19264780 ... and hBack ent are: 1.92668e+08
***
ppt is 3 and trk is 3
***
hSig ent are: 28386224 ... and hBack ent are: 2.83872e+08
***
ppt is 1 and trk is 4
***
hSig ent are: 99194932 ... and hBack ent are: 9.91967e+08
***
ppt is 2 and trk is 4
***
hSig ent are: 9458004 ... and hBack ent are: 9.45854e+07
***
ppt is 3 and trk is 4
***
hSig ent are: 15523956 ... and hBack ent are: 1.55264e+08
***
ppt is 1 and trk is 5
***
hSig ent are: 18603612 ... and hBack ent are: 1.86063e+08
***
ppt is 2 and trk is 5
***
hSig ent are: 2006092 ... and hBack ent are: 2.00659e+07
***
ppt is 3 and trk is 5
***
hSig ent are: 3502272 ... and hBack ent are: 3.50286e+07
***
ppt is 1 and trk is 6
***
hSig ent are: 2463240 ... and hBack ent are: 2.46363e+07
***
ppt is 2 and trk is 6
***
hSig ent are: 283608 ... and hBack ent are: 2.83754e+06
***
ppt is 3 and trk is 6
***
hSig ent are: 499064 ... and hBack ent are: 4.99299e+06
***
ppt is 1 and trk is 7
***
hSig ent are: 213208 ... and hBack ent are: 2.13306e+06
***
ppt is 2 and trk is 7
***
hSig ent are: 26528 ... and hBack ent are: 265740
***
ppt is 3 and trk is 7
***
hSig ent are: 57064 ... and hBack ent are: 570780
***
Time: 1936.03 seconds.
Split Times (in seconds)...
Start Up        0          (0 %)
Opening Files   0.125      (0.00645 %)
Loading Events  787        (40.7 %)
Event Selection 414        (21.4 %)
Jet Selection   0.178      (0.00921 %)
Track Loops     410        (21.2 %)
EndJob          324        (16.7 %)
Split Total: 1.94e+03s
