Starting event loop
Total Number of Files in this Job: 24
File 1 out of 24
Total Entries is:
32266
0/32266
1000/32266
2000/32266
3000/32266
4000/32266
5000/32266
6000/32266
7000/32266
8000/32266
9000/32266
10000/32266
11000/32266
12000/32266
13000/32266
14000/32266
15000/32266
16000/32266
17000/32266
18000/32266
19000/32266
20000/32266
21000/32266
22000/32266
23000/32266
24000/32266
25000/32266
26000/32266
27000/32266
28000/32266
29000/32266
30000/32266
31000/32266
32000/32266
File 2 out of 24
Total Entries is:
13667
0/13667
1000/13667
2000/13667
3000/13667
4000/13667
5000/13667
6000/13667
7000/13667
8000/13667
9000/13667
10000/13667
11000/13667
12000/13667
13000/13667
File 3 out of 24
Total Entries is:
31106
0/31106
1000/31106
2000/31106
3000/31106
4000/31106
5000/31106
6000/31106
7000/31106
8000/31106
9000/31106
10000/31106
11000/31106
12000/31106
13000/31106
14000/31106
15000/31106
16000/31106
17000/31106
18000/31106
19000/31106
20000/31106
21000/31106
22000/31106
23000/31106
24000/31106
25000/31106
26000/31106
27000/31106
28000/31106
29000/31106
30000/31106
31000/31106
File 4 out of 24
Total Entries is:
20878
0/20878
1000/20878
2000/20878
3000/20878
4000/20878
5000/20878
6000/20878
7000/20878
8000/20878
9000/20878
10000/20878
11000/20878
12000/20878
13000/20878
14000/20878
15000/20878
16000/20878
17000/20878
18000/20878
19000/20878
20000/20878
File 5 out of 24
Total Entries is:
33623
0/33623
1000/33623
2000/33623
3000/33623
4000/33623
5000/33623
6000/33623
7000/33623
8000/33623
9000/33623
10000/33623
11000/33623
12000/33623
13000/33623
14000/33623
15000/33623
16000/33623
17000/33623
18000/33623
19000/33623
20000/33623
21000/33623
22000/33623
23000/33623
24000/33623
25000/33623
26000/33623
27000/33623
28000/33623
29000/33623
30000/33623
31000/33623
32000/33623
33000/33623
File 6 out of 24
Total Entries is:
31686
0/31686
1000/31686
2000/31686
3000/31686
4000/31686
5000/31686
6000/31686
7000/31686
8000/31686
9000/31686
10000/31686
11000/31686
12000/31686
13000/31686
14000/31686
15000/31686
16000/31686
17000/31686
18000/31686
19000/31686
20000/31686
21000/31686
22000/31686
23000/31686
24000/31686
25000/31686
26000/31686
27000/31686
28000/31686
29000/31686
30000/31686
31000/31686
File 7 out of 24
Total Entries is:
30159
0/30159
1000/30159
2000/30159
3000/30159
4000/30159
5000/30159
6000/30159
7000/30159
8000/30159
9000/30159
10000/30159
11000/30159
12000/30159
13000/30159
14000/30159
15000/30159
16000/30159
17000/30159
18000/30159
19000/30159
20000/30159
21000/30159
22000/30159
23000/30159
24000/30159
25000/30159
26000/30159
27000/30159
28000/30159
29000/30159
30000/30159
File 8 out of 24
Total Entries is:
36848
0/36848
1000/36848
2000/36848
3000/36848
4000/36848
5000/36848
6000/36848
7000/36848
8000/36848
9000/36848
10000/36848
11000/36848
12000/36848
13000/36848
14000/36848
15000/36848
16000/36848
17000/36848
18000/36848
19000/36848
20000/36848
21000/36848
22000/36848
23000/36848
24000/36848
25000/36848
26000/36848
27000/36848
28000/36848
29000/36848
30000/36848
31000/36848
32000/36848
33000/36848
34000/36848
35000/36848
36000/36848
File 9 out of 24
Total Entries is:
21663
0/21663
1000/21663
2000/21663
3000/21663
4000/21663
5000/21663
6000/21663
7000/21663
8000/21663
9000/21663
10000/21663
11000/21663
12000/21663
13000/21663
14000/21663
15000/21663
16000/21663
17000/21663
18000/21663
19000/21663
20000/21663
21000/21663
File 10 out of 24
Total Entries is:
33282
0/33282
1000/33282
2000/33282
3000/33282
4000/33282
5000/33282
6000/33282
7000/33282
8000/33282
9000/33282
10000/33282
11000/33282
12000/33282
13000/33282
14000/33282
15000/33282
16000/33282
17000/33282
18000/33282
19000/33282
20000/33282
21000/33282
22000/33282
23000/33282
24000/33282
25000/33282
26000/33282
27000/33282
28000/33282
29000/33282
30000/33282
31000/33282
32000/33282
33000/33282
File 11 out of 24
Total Entries is:
28418
0/28418
1000/28418
2000/28418
3000/28418
4000/28418
5000/28418
6000/28418
7000/28418
8000/28418
9000/28418
10000/28418
11000/28418
12000/28418
13000/28418
14000/28418
15000/28418
16000/28418
17000/28418
18000/28418
19000/28418
20000/28418
21000/28418
22000/28418
23000/28418
24000/28418
25000/28418
26000/28418
27000/28418
28000/28418
File 12 out of 24
Total Entries is:
28056
0/28056
1000/28056
2000/28056
3000/28056
4000/28056
5000/28056
6000/28056
7000/28056
8000/28056
9000/28056
10000/28056
11000/28056
12000/28056
13000/28056
14000/28056
15000/28056
16000/28056
17000/28056
18000/28056
19000/28056
20000/28056
21000/28056
22000/28056
23000/28056
24000/28056
25000/28056
26000/28056
27000/28056
28000/28056
File 13 out of 24
Total Entries is:
20906
0/20906
1000/20906
2000/20906
3000/20906
4000/20906
5000/20906
6000/20906
7000/20906
8000/20906
9000/20906
10000/20906
11000/20906
12000/20906
13000/20906
14000/20906
15000/20906
16000/20906
17000/20906
18000/20906
19000/20906
20000/20906
File 14 out of 24
Total Entries is:
27986
0/27986
1000/27986
2000/27986
3000/27986
4000/27986
5000/27986
6000/27986
7000/27986
8000/27986
9000/27986
10000/27986
11000/27986
12000/27986
13000/27986
14000/27986
15000/27986
16000/27986
17000/27986
18000/27986
19000/27986
20000/27986
21000/27986
22000/27986
23000/27986
24000/27986
25000/27986
26000/27986
27000/27986
File 15 out of 24
Total Entries is:
36414
0/36414
1000/36414
2000/36414
3000/36414
4000/36414
5000/36414
6000/36414
7000/36414
8000/36414
9000/36414
10000/36414
11000/36414
12000/36414
13000/36414
14000/36414
15000/36414
16000/36414
17000/36414
18000/36414
19000/36414
20000/36414
21000/36414
22000/36414
23000/36414
24000/36414
25000/36414
26000/36414
27000/36414
28000/36414
29000/36414
30000/36414
31000/36414
32000/36414
33000/36414
34000/36414
35000/36414
36000/36414
File 16 out of 24
Total Entries is:
32525
0/32525
1000/32525
2000/32525
3000/32525
4000/32525
5000/32525
6000/32525
7000/32525
8000/32525
9000/32525
10000/32525
11000/32525
12000/32525
13000/32525
14000/32525
15000/32525
16000/32525
17000/32525
18000/32525
19000/32525
20000/32525
21000/32525
22000/32525
23000/32525
24000/32525
25000/32525
26000/32525
27000/32525
28000/32525
29000/32525
30000/32525
31000/32525
32000/32525
File 17 out of 24
Total Entries is:
25341
0/25341
1000/25341
2000/25341
3000/25341
4000/25341
5000/25341
6000/25341
7000/25341
8000/25341
9000/25341
10000/25341
11000/25341
12000/25341
13000/25341
14000/25341
15000/25341
16000/25341
17000/25341
18000/25341
19000/25341
20000/25341
21000/25341
22000/25341
23000/25341
24000/25341
25000/25341
File 18 out of 24
Total Entries is:
33539
0/33539
1000/33539
2000/33539
3000/33539
4000/33539
5000/33539
6000/33539
7000/33539
8000/33539
9000/33539
10000/33539
11000/33539
12000/33539
13000/33539
14000/33539
15000/33539
16000/33539
17000/33539
18000/33539
19000/33539
20000/33539
21000/33539
22000/33539
23000/33539
24000/33539
25000/33539
26000/33539
27000/33539
28000/33539
29000/33539
30000/33539
31000/33539
32000/33539
33000/33539
File 19 out of 24
Total Entries is:
15093
0/15093
1000/15093
2000/15093
3000/15093
4000/15093
5000/15093
6000/15093
7000/15093
8000/15093
9000/15093
10000/15093
11000/15093
12000/15093
13000/15093
14000/15093
15000/15093
File 20 out of 24
Total Entries is:
26785
0/26785
1000/26785
2000/26785
3000/26785
4000/26785
5000/26785
6000/26785
7000/26785
8000/26785
9000/26785
10000/26785
11000/26785
12000/26785
13000/26785
14000/26785
15000/26785
16000/26785
17000/26785
18000/26785
19000/26785
20000/26785
21000/26785
22000/26785
23000/26785
24000/26785
25000/26785
26000/26785
File 21 out of 24
Total Entries is:
34139
0/34139
1000/34139
2000/34139
3000/34139
4000/34139
5000/34139
6000/34139
7000/34139
8000/34139
9000/34139
10000/34139
11000/34139
12000/34139
13000/34139
14000/34139
15000/34139
16000/34139
17000/34139
18000/34139
19000/34139
20000/34139
21000/34139
22000/34139
23000/34139
24000/34139
25000/34139
26000/34139
27000/34139
28000/34139
29000/34139
30000/34139
31000/34139
32000/34139
33000/34139
34000/34139
File 22 out of 24
Total Entries is:
30016
0/30016
1000/30016
2000/30016
3000/30016
4000/30016
5000/30016
6000/30016
7000/30016
8000/30016
9000/30016
10000/30016
11000/30016
12000/30016
13000/30016
14000/30016
15000/30016
16000/30016
17000/30016
18000/30016
19000/30016
20000/30016
21000/30016
22000/30016
23000/30016
24000/30016
25000/30016
26000/30016
27000/30016
28000/30016
29000/30016
30000/30016
File 23 out of 24
Total Entries is:
24099
0/24099
1000/24099
2000/24099
3000/24099
4000/24099
5000/24099
6000/24099
7000/24099
8000/24099
9000/24099
10000/24099
11000/24099
12000/24099
13000/24099
14000/24099
15000/24099
16000/24099
17000/24099
18000/24099
19000/24099
20000/24099
21000/24099
22000/24099
23000/24099
24000/24099
File 24 out of 24
Total Entries is:
22899
0/22899
1000/22899
2000/22899
3000/22899
4000/22899
5000/22899
6000/22899
7000/22899
8000/22899
9000/22899
10000/22899
11000/22899
12000/22899
13000/22899
14000/22899
15000/22899
16000/22899
17000/22899
18000/22899
19000/22899
20000/22899
21000/22899
22000/22899
skipper is: 343755416
tripper is: 377831308
ppt is 1 and trk is 1
***
hSig ent are: 28247904 ... and hBack ent are: 2.82492e+08
***
ppt is 2 and trk is 1
***
hSig ent are: 596848 ... and hBack ent are: 5.97069e+06
***
ppt is 3 and trk is 1
***
hSig ent are: 360536 ... and hBack ent are: 3.6081e+06
***
ppt is 1 and trk is 2
***
hSig ent are: 245429556 ... and hBack ent are: 2.45436e+09
***
ppt is 2 and trk is 2
***
hSig ent are: 10912136 ... and hBack ent are: 1.09129e+08
***
ppt is 3 and trk is 2
***
hSig ent are: 12533096 ... and hBack ent are: 1.25339e+08
***
ppt is 1 and trk is 3
***
hSig ent are: 258924576 ... and hBack ent are: 2.58933e+09
***
ppt is 2 and trk is 3
***
hSig ent are: 18908576 ... and hBack ent are: 1.89104e+08
***
ppt is 3 and trk is 3
***
hSig ent are: 27929904 ... and hBack ent are: 2.79308e+08
***
ppt is 1 and trk is 4
***
hSig ent are: 98888984 ... and hBack ent are: 9.88945e+08
***
ppt is 2 and trk is 4
***
hSig ent are: 9503504 ... and hBack ent are: 9.50528e+07
***
ppt is 3 and trk is 4
***
hSig ent are: 15509600 ... and hBack ent are: 1.55115e+08
***
ppt is 1 and trk is 5
***
hSig ent are: 18752508 ... and hBack ent are: 1.87539e+08
***
ppt is 2 and trk is 5
***
hSig ent are: 2049104 ... and hBack ent are: 2.04983e+07
***
ppt is 3 and trk is 5
***
hSig ent are: 3609808 ... and hBack ent are: 3.61021e+07
***
ppt is 1 and trk is 6
***
hSig ent are: 2450592 ... and hBack ent are: 2.45074e+07
***
ppt is 2 and trk is 6
***
hSig ent are: 268216 ... and hBack ent are: 2.68468e+06
***
ppt is 3 and trk is 6
***
hSig ent are: 489768 ... and hBack ent are: 4.89958e+06
***
ppt is 1 and trk is 7
***
hSig ent are: 217624 ... and hBack ent are: 2.1771e+06
***
ppt is 2 and trk is 7
***
hSig ent are: 26644 ... and hBack ent are: 266772
***
ppt is 3 and trk is 7
***
hSig ent are: 53132 ... and hBack ent are: 532170
***
Time: 1904.15 seconds.
Split Times (in seconds)...
Start Up        0          (0 %)
Opening Files   0.104      (0.00545 %)
Loading Events  771        (40.5 %)
Event Selection 411        (21.6 %)
Jet Selection   0.164      (0.00863 %)
Track Loops     401        (21.1 %)
EndJob          320        (16.8 %)
Split Total: 1.9e+03s
