Starting event loop
Total Number of Files in this Job: 25
File 1 out of 25
Total Entries is:
35728
0/35728
1000/35728
2000/35728
3000/35728
4000/35728
5000/35728
6000/35728
7000/35728
8000/35728
9000/35728
10000/35728
11000/35728
12000/35728
13000/35728
14000/35728
15000/35728
16000/35728
17000/35728
18000/35728
19000/35728
20000/35728
21000/35728
22000/35728
23000/35728
24000/35728
25000/35728
26000/35728
27000/35728
28000/35728
29000/35728
30000/35728
31000/35728
32000/35728
33000/35728
34000/35728
35000/35728
File 2 out of 25
Total Entries is:
26233
0/26233
1000/26233
2000/26233
3000/26233
4000/26233
5000/26233
6000/26233
7000/26233
8000/26233
9000/26233
10000/26233
11000/26233
12000/26233
13000/26233
14000/26233
15000/26233
16000/26233
17000/26233
18000/26233
19000/26233
20000/26233
21000/26233
22000/26233
23000/26233
24000/26233
25000/26233
26000/26233
File 3 out of 25
Total Entries is:
30681
0/30681
1000/30681
2000/30681
3000/30681
4000/30681
5000/30681
6000/30681
7000/30681
8000/30681
9000/30681
10000/30681
11000/30681
12000/30681
13000/30681
14000/30681
15000/30681
16000/30681
17000/30681
18000/30681
19000/30681
20000/30681
21000/30681
22000/30681
23000/30681
24000/30681
25000/30681
26000/30681
27000/30681
28000/30681
29000/30681
30000/30681
File 4 out of 25
Total Entries is:
18908
0/18908
1000/18908
2000/18908
3000/18908
4000/18908
5000/18908
6000/18908
7000/18908
8000/18908
9000/18908
10000/18908
11000/18908
12000/18908
13000/18908
14000/18908
15000/18908
16000/18908
17000/18908
18000/18908
File 5 out of 25
Total Entries is:
30972
0/30972
1000/30972
2000/30972
3000/30972
4000/30972
5000/30972
6000/30972
7000/30972
8000/30972
9000/30972
10000/30972
11000/30972
12000/30972
13000/30972
14000/30972
15000/30972
16000/30972
17000/30972
18000/30972
19000/30972
20000/30972
21000/30972
22000/30972
23000/30972
24000/30972
25000/30972
26000/30972
27000/30972
28000/30972
29000/30972
30000/30972
File 6 out of 25
Total Entries is:
24863
0/24863
1000/24863
2000/24863
3000/24863
4000/24863
5000/24863
6000/24863
7000/24863
8000/24863
9000/24863
10000/24863
11000/24863
12000/24863
13000/24863
14000/24863
15000/24863
16000/24863
17000/24863
18000/24863
19000/24863
20000/24863
21000/24863
22000/24863
23000/24863
24000/24863
File 7 out of 25
Total Entries is:
26668
0/26668
1000/26668
2000/26668
3000/26668
4000/26668
5000/26668
6000/26668
7000/26668
8000/26668
9000/26668
10000/26668
11000/26668
12000/26668
13000/26668
14000/26668
15000/26668
16000/26668
17000/26668
18000/26668
19000/26668
20000/26668
21000/26668
22000/26668
23000/26668
24000/26668
25000/26668
26000/26668
File 8 out of 25
Total Entries is:
25470
0/25470
1000/25470
2000/25470
3000/25470
4000/25470
5000/25470
6000/25470
7000/25470
8000/25470
9000/25470
10000/25470
11000/25470
12000/25470
13000/25470
14000/25470
15000/25470
16000/25470
17000/25470
18000/25470
19000/25470
20000/25470
21000/25470
22000/25470
23000/25470
24000/25470
25000/25470
File 9 out of 25
Total Entries is:
26182
0/26182
1000/26182
2000/26182
3000/26182
4000/26182
5000/26182
6000/26182
7000/26182
8000/26182
9000/26182
10000/26182
11000/26182
12000/26182
13000/26182
14000/26182
15000/26182
16000/26182
17000/26182
18000/26182
19000/26182
20000/26182
21000/26182
22000/26182
23000/26182
24000/26182
25000/26182
26000/26182
File 10 out of 25
Total Entries is:
21118
0/21118
1000/21118
2000/21118
3000/21118
4000/21118
5000/21118
6000/21118
7000/21118
8000/21118
9000/21118
10000/21118
11000/21118
12000/21118
13000/21118
14000/21118
15000/21118
16000/21118
17000/21118
18000/21118
19000/21118
20000/21118
21000/21118
File 11 out of 25
Total Entries is:
31422
0/31422
1000/31422
2000/31422
3000/31422
4000/31422
5000/31422
6000/31422
7000/31422
8000/31422
9000/31422
10000/31422
11000/31422
12000/31422
13000/31422
14000/31422
15000/31422
16000/31422
17000/31422
18000/31422
19000/31422
20000/31422
21000/31422
22000/31422
23000/31422
24000/31422
25000/31422
26000/31422
27000/31422
28000/31422
29000/31422
30000/31422
31000/31422
File 12 out of 25
Total Entries is:
28858
0/28858
1000/28858
2000/28858
3000/28858
4000/28858
5000/28858
6000/28858
7000/28858
8000/28858
9000/28858
10000/28858
11000/28858
12000/28858
13000/28858
14000/28858
15000/28858
16000/28858
17000/28858
18000/28858
19000/28858
20000/28858
21000/28858
22000/28858
23000/28858
24000/28858
25000/28858
26000/28858
27000/28858
28000/28858
File 13 out of 25
Total Entries is:
8769
0/8769
1000/8769
2000/8769
3000/8769
4000/8769
5000/8769
6000/8769
7000/8769
8000/8769
File 14 out of 25
Total Entries is:
30045
0/30045
1000/30045
2000/30045
3000/30045
4000/30045
5000/30045
6000/30045
7000/30045
8000/30045
9000/30045
10000/30045
11000/30045
12000/30045
13000/30045
14000/30045
15000/30045
16000/30045
17000/30045
18000/30045
19000/30045
20000/30045
21000/30045
22000/30045
23000/30045
24000/30045
25000/30045
26000/30045
27000/30045
28000/30045
29000/30045
30000/30045
File 15 out of 25
Total Entries is:
28068
0/28068
1000/28068
2000/28068
3000/28068
4000/28068
5000/28068
6000/28068
7000/28068
8000/28068
9000/28068
10000/28068
11000/28068
12000/28068
13000/28068
14000/28068
15000/28068
16000/28068
17000/28068
18000/28068
19000/28068
20000/28068
21000/28068
22000/28068
23000/28068
24000/28068
25000/28068
26000/28068
27000/28068
28000/28068
File 16 out of 25
Total Entries is:
28571
0/28571
1000/28571
2000/28571
3000/28571
4000/28571
5000/28571
6000/28571
7000/28571
8000/28571
9000/28571
10000/28571
11000/28571
12000/28571
13000/28571
14000/28571
15000/28571
16000/28571
17000/28571
18000/28571
19000/28571
20000/28571
21000/28571
22000/28571
23000/28571
24000/28571
25000/28571
26000/28571
27000/28571
28000/28571
File 17 out of 25
Total Entries is:
27213
0/27213
1000/27213
2000/27213
3000/27213
4000/27213
5000/27213
6000/27213
7000/27213
8000/27213
9000/27213
10000/27213
11000/27213
12000/27213
13000/27213
14000/27213
15000/27213
16000/27213
17000/27213
18000/27213
19000/27213
20000/27213
21000/27213
22000/27213
23000/27213
24000/27213
25000/27213
26000/27213
27000/27213
File 18 out of 25
Total Entries is:
19925
0/19925
1000/19925
2000/19925
3000/19925
4000/19925
5000/19925
6000/19925
7000/19925
8000/19925
9000/19925
10000/19925
11000/19925
12000/19925
13000/19925
14000/19925
15000/19925
16000/19925
17000/19925
18000/19925
19000/19925
File 19 out of 25
Total Entries is:
38763
0/38763
1000/38763
2000/38763
3000/38763
4000/38763
5000/38763
6000/38763
7000/38763
8000/38763
9000/38763
10000/38763
11000/38763
12000/38763
13000/38763
14000/38763
15000/38763
16000/38763
17000/38763
18000/38763
19000/38763
20000/38763
21000/38763
22000/38763
23000/38763
24000/38763
25000/38763
26000/38763
27000/38763
28000/38763
29000/38763
30000/38763
31000/38763
32000/38763
33000/38763
34000/38763
35000/38763
36000/38763
37000/38763
38000/38763
File 20 out of 25
Total Entries is:
23829
0/23829
1000/23829
2000/23829
3000/23829
4000/23829
5000/23829
6000/23829
7000/23829
8000/23829
9000/23829
10000/23829
11000/23829
12000/23829
13000/23829
14000/23829
15000/23829
16000/23829
17000/23829
18000/23829
19000/23829
20000/23829
21000/23829
22000/23829
23000/23829
File 21 out of 25
Total Entries is:
22905
0/22905
1000/22905
2000/22905
3000/22905
4000/22905
5000/22905
6000/22905
7000/22905
8000/22905
9000/22905
10000/22905
11000/22905
12000/22905
13000/22905
14000/22905
15000/22905
16000/22905
17000/22905
18000/22905
19000/22905
20000/22905
21000/22905
22000/22905
File 22 out of 25
Total Entries is:
29198
0/29198
1000/29198
2000/29198
3000/29198
4000/29198
5000/29198
6000/29198
7000/29198
8000/29198
9000/29198
10000/29198
11000/29198
12000/29198
13000/29198
14000/29198
15000/29198
16000/29198
17000/29198
18000/29198
19000/29198
20000/29198
21000/29198
22000/29198
23000/29198
24000/29198
25000/29198
26000/29198
27000/29198
28000/29198
29000/29198
File 23 out of 25
Total Entries is:
25585
0/25585
1000/25585
2000/25585
3000/25585
4000/25585
5000/25585
6000/25585
7000/25585
8000/25585
9000/25585
10000/25585
11000/25585
12000/25585
13000/25585
14000/25585
15000/25585
16000/25585
17000/25585
18000/25585
19000/25585
20000/25585
21000/25585
22000/25585
23000/25585
24000/25585
25000/25585
File 24 out of 25
Total Entries is:
21808
0/21808
1000/21808
2000/21808
3000/21808
4000/21808
5000/21808
6000/21808
7000/21808
8000/21808
9000/21808
10000/21808
11000/21808
12000/21808
13000/21808
14000/21808
15000/21808
16000/21808
17000/21808
18000/21808
19000/21808
20000/21808
21000/21808
File 25 out of 25
Total Entries is:
16626
0/16626
1000/16626
2000/16626
3000/16626
4000/16626
5000/16626
6000/16626
7000/16626
8000/16626
9000/16626
10000/16626
11000/16626
12000/16626
13000/16626
14000/16626
15000/16626
16000/16626
skipper is: 333888302
tripper is: 366675034
ppt is 1 and trk is 1
***
hSig ent are: 27264052 ... and hBack ent are: 2.72663e+08
***
ppt is 2 and trk is 1
***
hSig ent are: 581456 ... and hBack ent are: 5.81533e+06
***
ppt is 3 and trk is 1
***
hSig ent are: 351780 ... and hBack ent are: 3.52125e+06
***
ppt is 1 and trk is 2
***
hSig ent are: 237689500 ... and hBack ent are: 2.3769e+09
***
ppt is 2 and trk is 2
***
hSig ent are: 10556668 ... and hBack ent are: 1.05586e+08
***
ppt is 3 and trk is 2
***
hSig ent are: 12114724 ... and hBack ent are: 1.21165e+08
***
ppt is 1 and trk is 3
***
hSig ent are: 251791792 ... and hBack ent are: 2.51798e+09
***
ppt is 2 and trk is 3
***
hSig ent are: 18537720 ... and hBack ent are: 1.85382e+08
***
ppt is 3 and trk is 3
***
hSig ent are: 27248224 ... and hBack ent are: 2.72498e+08
***
ppt is 1 and trk is 4
***
hSig ent are: 95577476 ... and hBack ent are: 9.5583e+08
***
ppt is 2 and trk is 4
***
hSig ent are: 9178076 ... and hBack ent are: 9.1786e+07
***
ppt is 3 and trk is 4
***
hSig ent are: 15135996 ... and hBack ent are: 1.51376e+08
***
ppt is 1 and trk is 5
***
hSig ent are: 18424580 ... and hBack ent are: 1.84267e+08
***
ppt is 2 and trk is 5
***
hSig ent are: 1987968 ... and hBack ent are: 1.98871e+07
***
ppt is 3 and trk is 5
***
hSig ent are: 3440788 ... and hBack ent are: 3.44158e+07
***
ppt is 1 and trk is 6
***
hSig ent are: 2385116 ... and hBack ent are: 2.38583e+07
***
ppt is 2 and trk is 6
***
hSig ent are: 269636 ... and hBack ent are: 2.69781e+06
***
ppt is 3 and trk is 6
***
hSig ent are: 521796 ... and hBack ent are: 5.21894e+06
***
ppt is 1 and trk is 7
***
hSig ent are: 200792 ... and hBack ent are: 2.00931e+06
***
ppt is 2 and trk is 7
***
hSig ent are: 33048 ... and hBack ent are: 331200
***
ppt is 3 and trk is 7
***
hSig ent are: 58880 ... and hBack ent are: 589056
***
Time: 1843.78 seconds.
Split Times (in seconds)...
Start Up        0          (0 %)
Opening Files   0.113      (0.00612 %)
Loading Events  750        (40.7 %)
Event Selection 393        (21.3 %)
Jet Selection   0.147      (0.008 %)
Track Loops     389        (21.1 %)
EndJob          311        (16.9 %)
Split Total: 1.84e+03s
