Starting event loop
Total Number of Files in this Job: 24
File 1 out of 24
Total Entries is:
32720
0/32720
1000/32720
2000/32720
3000/32720
4000/32720
5000/32720
6000/32720
7000/32720
8000/32720
9000/32720
10000/32720
11000/32720
12000/32720
13000/32720
14000/32720
15000/32720
16000/32720
17000/32720
18000/32720
19000/32720
20000/32720
21000/32720
22000/32720
23000/32720
24000/32720
25000/32720
26000/32720
27000/32720
28000/32720
29000/32720
30000/32720
31000/32720
32000/32720
File 2 out of 24
Total Entries is:
22827
0/22827
1000/22827
2000/22827
3000/22827
4000/22827
5000/22827
6000/22827
7000/22827
8000/22827
9000/22827
10000/22827
11000/22827
12000/22827
13000/22827
14000/22827
15000/22827
16000/22827
17000/22827
18000/22827
19000/22827
20000/22827
21000/22827
22000/22827
File 3 out of 24
Total Entries is:
26626
0/26626
1000/26626
2000/26626
3000/26626
4000/26626
5000/26626
6000/26626
7000/26626
8000/26626
9000/26626
10000/26626
11000/26626
12000/26626
13000/26626
14000/26626
15000/26626
16000/26626
17000/26626
18000/26626
19000/26626
20000/26626
21000/26626
22000/26626
23000/26626
24000/26626
25000/26626
26000/26626
File 4 out of 24
Total Entries is:
17214
0/17214
1000/17214
2000/17214
3000/17214
4000/17214
5000/17214
6000/17214
7000/17214
8000/17214
9000/17214
10000/17214
11000/17214
12000/17214
13000/17214
14000/17214
15000/17214
16000/17214
17000/17214
File 5 out of 24
Total Entries is:
9727
0/9727
1000/9727
2000/9727
3000/9727
4000/9727
5000/9727
6000/9727
7000/9727
8000/9727
9000/9727
File 6 out of 24
Total Entries is:
34161
0/34161
1000/34161
2000/34161
3000/34161
4000/34161
5000/34161
6000/34161
7000/34161
8000/34161
9000/34161
10000/34161
11000/34161
12000/34161
13000/34161
14000/34161
15000/34161
16000/34161
17000/34161
18000/34161
19000/34161
20000/34161
21000/34161
22000/34161
23000/34161
24000/34161
25000/34161
26000/34161
27000/34161
28000/34161
29000/34161
30000/34161
31000/34161
32000/34161
33000/34161
34000/34161
File 7 out of 24
Total Entries is:
30908
0/30908
1000/30908
2000/30908
3000/30908
4000/30908
5000/30908
6000/30908
7000/30908
8000/30908
9000/30908
10000/30908
11000/30908
12000/30908
13000/30908
14000/30908
15000/30908
16000/30908
17000/30908
18000/30908
19000/30908
20000/30908
21000/30908
22000/30908
23000/30908
24000/30908
25000/30908
26000/30908
27000/30908
28000/30908
29000/30908
30000/30908
File 8 out of 24
Total Entries is:
33229
0/33229
1000/33229
2000/33229
3000/33229
4000/33229
5000/33229
6000/33229
7000/33229
8000/33229
9000/33229
10000/33229
11000/33229
12000/33229
13000/33229
14000/33229
15000/33229
16000/33229
17000/33229
18000/33229
19000/33229
20000/33229
21000/33229
22000/33229
23000/33229
24000/33229
25000/33229
26000/33229
27000/33229
28000/33229
29000/33229
30000/33229
31000/33229
32000/33229
33000/33229
File 9 out of 24
Total Entries is:
22216
0/22216
1000/22216
2000/22216
3000/22216
4000/22216
5000/22216
6000/22216
7000/22216
8000/22216
9000/22216
10000/22216
11000/22216
12000/22216
13000/22216
14000/22216
15000/22216
16000/22216
17000/22216
18000/22216
19000/22216
20000/22216
21000/22216
22000/22216
File 10 out of 24
Total Entries is:
21750
0/21750
1000/21750
2000/21750
3000/21750
4000/21750
5000/21750
6000/21750
7000/21750
8000/21750
9000/21750
10000/21750
11000/21750
12000/21750
13000/21750
14000/21750
15000/21750
16000/21750
17000/21750
18000/21750
19000/21750
20000/21750
21000/21750
File 11 out of 24
Total Entries is:
33685
0/33685
1000/33685
2000/33685
3000/33685
4000/33685
5000/33685
6000/33685
7000/33685
8000/33685
9000/33685
10000/33685
11000/33685
12000/33685
13000/33685
14000/33685
15000/33685
16000/33685
17000/33685
18000/33685
19000/33685
20000/33685
21000/33685
22000/33685
23000/33685
24000/33685
25000/33685
26000/33685
27000/33685
28000/33685
29000/33685
30000/33685
31000/33685
32000/33685
33000/33685
File 12 out of 24
Total Entries is:
23734
0/23734
1000/23734
2000/23734
3000/23734
4000/23734
5000/23734
6000/23734
7000/23734
8000/23734
9000/23734
10000/23734
11000/23734
12000/23734
13000/23734
14000/23734
15000/23734
16000/23734
17000/23734
18000/23734
19000/23734
20000/23734
21000/23734
22000/23734
23000/23734
File 13 out of 24
Total Entries is:
33861
0/33861
1000/33861
2000/33861
3000/33861
4000/33861
5000/33861
6000/33861
7000/33861
8000/33861
9000/33861
10000/33861
11000/33861
12000/33861
13000/33861
14000/33861
15000/33861
16000/33861
17000/33861
18000/33861
19000/33861
20000/33861
21000/33861
22000/33861
23000/33861
24000/33861
25000/33861
26000/33861
27000/33861
28000/33861
29000/33861
30000/33861
31000/33861
32000/33861
33000/33861
File 14 out of 24
Total Entries is:
31042
0/31042
1000/31042
2000/31042
3000/31042
4000/31042
5000/31042
6000/31042
7000/31042
8000/31042
9000/31042
10000/31042
11000/31042
12000/31042
13000/31042
14000/31042
15000/31042
16000/31042
17000/31042
18000/31042
19000/31042
20000/31042
21000/31042
22000/31042
23000/31042
24000/31042
25000/31042
26000/31042
27000/31042
28000/31042
29000/31042
30000/31042
31000/31042
File 15 out of 24
Total Entries is:
27224
0/27224
1000/27224
2000/27224
3000/27224
4000/27224
5000/27224
6000/27224
7000/27224
8000/27224
9000/27224
10000/27224
11000/27224
12000/27224
13000/27224
14000/27224
15000/27224
16000/27224
17000/27224
18000/27224
19000/27224
20000/27224
21000/27224
22000/27224
23000/27224
24000/27224
25000/27224
26000/27224
27000/27224
File 16 out of 24
Total Entries is:
31205
0/31205
1000/31205
2000/31205
3000/31205
4000/31205
5000/31205
6000/31205
7000/31205
8000/31205
9000/31205
10000/31205
11000/31205
12000/31205
13000/31205
14000/31205
15000/31205
16000/31205
17000/31205
18000/31205
19000/31205
20000/31205
21000/31205
22000/31205
23000/31205
24000/31205
25000/31205
26000/31205
27000/31205
28000/31205
29000/31205
30000/31205
31000/31205
File 17 out of 24
Total Entries is:
20700
0/20700
1000/20700
2000/20700
3000/20700
4000/20700
5000/20700
6000/20700
7000/20700
8000/20700
9000/20700
10000/20700
11000/20700
12000/20700
13000/20700
14000/20700
15000/20700
16000/20700
17000/20700
18000/20700
19000/20700
20000/20700
File 18 out of 24
Total Entries is:
33115
0/33115
1000/33115
2000/33115
3000/33115
4000/33115
5000/33115
6000/33115
7000/33115
8000/33115
9000/33115
10000/33115
11000/33115
12000/33115
13000/33115
14000/33115
15000/33115
16000/33115
17000/33115
18000/33115
19000/33115
20000/33115
21000/33115
22000/33115
23000/33115
24000/33115
25000/33115
26000/33115
27000/33115
28000/33115
29000/33115
30000/33115
31000/33115
32000/33115
33000/33115
File 19 out of 24
Total Entries is:
28279
0/28279
1000/28279
2000/28279
3000/28279
4000/28279
5000/28279
6000/28279
7000/28279
8000/28279
9000/28279
10000/28279
11000/28279
12000/28279
13000/28279
14000/28279
15000/28279
16000/28279
17000/28279
18000/28279
19000/28279
20000/28279
21000/28279
22000/28279
23000/28279
24000/28279
25000/28279
26000/28279
27000/28279
28000/28279
File 20 out of 24
Total Entries is:
23560
0/23560
1000/23560
2000/23560
3000/23560
4000/23560
5000/23560
6000/23560
7000/23560
8000/23560
9000/23560
10000/23560
11000/23560
12000/23560
13000/23560
14000/23560
15000/23560
16000/23560
17000/23560
18000/23560
19000/23560
20000/23560
21000/23560
22000/23560
23000/23560
File 21 out of 24
Total Entries is:
35286
0/35286
1000/35286
2000/35286
3000/35286
4000/35286
5000/35286
6000/35286
7000/35286
8000/35286
9000/35286
10000/35286
11000/35286
12000/35286
13000/35286
14000/35286
15000/35286
16000/35286
17000/35286
18000/35286
19000/35286
20000/35286
21000/35286
22000/35286
23000/35286
24000/35286
25000/35286
26000/35286
27000/35286
28000/35286
29000/35286
30000/35286
31000/35286
32000/35286
33000/35286
34000/35286
35000/35286
File 22 out of 24
Total Entries is:
30237
0/30237
1000/30237
2000/30237
3000/30237
4000/30237
5000/30237
6000/30237
7000/30237
8000/30237
9000/30237
10000/30237
11000/30237
12000/30237
13000/30237
14000/30237
15000/30237
16000/30237
17000/30237
18000/30237
19000/30237
20000/30237
21000/30237
22000/30237
23000/30237
24000/30237
25000/30237
26000/30237
27000/30237
28000/30237
29000/30237
30000/30237
File 23 out of 24
Total Entries is:
23217
0/23217
1000/23217
2000/23217
3000/23217
4000/23217
5000/23217
6000/23217
7000/23217
8000/23217
9000/23217
10000/23217
11000/23217
12000/23217
13000/23217
14000/23217
15000/23217
16000/23217
17000/23217
18000/23217
19000/23217
20000/23217
21000/23217
22000/23217
23000/23217
File 24 out of 24
Total Entries is:
23854
0/23854
1000/23854
2000/23854
3000/23854
4000/23854
5000/23854
6000/23854
7000/23854
8000/23854
9000/23854
10000/23854
11000/23854
12000/23854
13000/23854
14000/23854
15000/23854
16000/23854
17000/23854
18000/23854
19000/23854
20000/23854
21000/23854
22000/23854
23000/23854
skipper is: 334523110
tripper is: 367179754
ppt is 1 and trk is 1
***
hSig ent are: 27318776 ... and hBack ent are: 2.73191e+08
***
ppt is 2 and trk is 1
***
hSig ent are: 580144 ... and hBack ent are: 5.80569e+06
***
ppt is 3 and trk is 1
***
hSig ent are: 353796 ... and hBack ent are: 3.54004e+06
***
ppt is 1 and trk is 2
***
hSig ent are: 237916024 ... and hBack ent are: 2.37924e+09
***
ppt is 2 and trk is 2
***
hSig ent are: 10598216 ... and hBack ent are: 1.05997e+08
***
ppt is 3 and trk is 2
***
hSig ent are: 12174352 ... and hBack ent are: 1.2176e+08
***
ppt is 1 and trk is 3
***
hSig ent are: 252380720 ... and hBack ent are: 2.52391e+09
***
ppt is 2 and trk is 3
***
hSig ent are: 18514368 ... and hBack ent are: 1.85164e+08
***
ppt is 3 and trk is 3
***
hSig ent are: 27182876 ... and hBack ent are: 2.71838e+08
***
ppt is 1 and trk is 4
***
hSig ent are: 95735924 ... and hBack ent are: 9.57376e+08
***
ppt is 2 and trk is 4
***
hSig ent are: 9179412 ... and hBack ent are: 9.18051e+07
***
ppt is 3 and trk is 4
***
hSig ent are: 15178688 ... and hBack ent are: 1.51795e+08
***
ppt is 1 and trk is 5
***
hSig ent are: 18319356 ... and hBack ent are: 1.8321e+08
***
ppt is 2 and trk is 5
***
hSig ent are: 2003664 ... and hBack ent are: 2.00391e+07
***
ppt is 3 and trk is 5
***
hSig ent are: 3472616 ... and hBack ent are: 3.47333e+07
***
ppt is 1 and trk is 6
***
hSig ent are: 2259200 ... and hBack ent are: 2.25958e+07
***
ppt is 2 and trk is 6
***
hSig ent are: 260540 ... and hBack ent are: 2.60661e+06
***
ppt is 3 and trk is 6
***
hSig ent are: 496200 ... and hBack ent are: 4.96621e+06
***
ppt is 1 and trk is 7
***
hSig ent are: 336984 ... and hBack ent are: 3.37273e+06
***
ppt is 2 and trk is 7
***
hSig ent are: 36572 ... and hBack ent are: 366630
***
ppt is 3 and trk is 7
***
hSig ent are: 61080 ... and hBack ent are: 612306
***
Time: 1899.73 seconds.
Split Times (in seconds)...
Start Up        0          (0 %)
Opening Files   0.0996     (0.00524 %)
Loading Events  776        (40.8 %)
Event Selection 403        (21.2 %)
Jet Selection   0.169      (0.0089 %)
Track Loops     407        (21.4 %)
EndJob          314        (16.5 %)
Split Total: 1.9e+03s
