Starting event loop
Total Number of Files in this Job: 25
File 1 out of 25
Total Entries is:
35229
0/35229
1000/35229
2000/35229
3000/35229
4000/35229
5000/35229
6000/35229
7000/35229
8000/35229
9000/35229
10000/35229
11000/35229
12000/35229
13000/35229
14000/35229
15000/35229
16000/35229
17000/35229
18000/35229
19000/35229
20000/35229
21000/35229
22000/35229
23000/35229
24000/35229
25000/35229
26000/35229
27000/35229
28000/35229
29000/35229
30000/35229
31000/35229
32000/35229
33000/35229
34000/35229
35000/35229
File 2 out of 25
Total Entries is:
21643
0/21643
1000/21643
2000/21643
3000/21643
4000/21643
5000/21643
6000/21643
7000/21643
8000/21643
9000/21643
10000/21643
11000/21643
12000/21643
13000/21643
14000/21643
15000/21643
16000/21643
17000/21643
18000/21643
19000/21643
20000/21643
21000/21643
File 3 out of 25
Total Entries is:
29357
0/29357
1000/29357
2000/29357
3000/29357
4000/29357
5000/29357
6000/29357
7000/29357
8000/29357
9000/29357
10000/29357
11000/29357
12000/29357
13000/29357
14000/29357
15000/29357
16000/29357
17000/29357
18000/29357
19000/29357
20000/29357
21000/29357
22000/29357
23000/29357
24000/29357
25000/29357
26000/29357
27000/29357
28000/29357
29000/29357
File 4 out of 25
Total Entries is:
17488
0/17488
1000/17488
2000/17488
3000/17488
4000/17488
5000/17488
6000/17488
7000/17488
8000/17488
9000/17488
10000/17488
11000/17488
12000/17488
13000/17488
14000/17488
15000/17488
16000/17488
17000/17488
File 5 out of 25
Total Entries is:
32965
0/32965
1000/32965
2000/32965
3000/32965
4000/32965
5000/32965
6000/32965
7000/32965
8000/32965
9000/32965
10000/32965
11000/32965
12000/32965
13000/32965
14000/32965
15000/32965
16000/32965
17000/32965
18000/32965
19000/32965
20000/32965
21000/32965
22000/32965
23000/32965
24000/32965
25000/32965
26000/32965
27000/32965
28000/32965
29000/32965
30000/32965
31000/32965
32000/32965
File 6 out of 25
Total Entries is:
19040
0/19040
1000/19040
2000/19040
3000/19040
4000/19040
5000/19040
6000/19040
7000/19040
8000/19040
9000/19040
10000/19040
11000/19040
12000/19040
13000/19040
14000/19040
15000/19040
16000/19040
17000/19040
18000/19040
19000/19040
File 7 out of 25
Total Entries is:
32788
0/32788
1000/32788
2000/32788
3000/32788
4000/32788
5000/32788
6000/32788
7000/32788
8000/32788
9000/32788
10000/32788
11000/32788
12000/32788
13000/32788
14000/32788
15000/32788
16000/32788
17000/32788
18000/32788
19000/32788
20000/32788
21000/32788
22000/32788
23000/32788
24000/32788
25000/32788
26000/32788
27000/32788
28000/32788
29000/32788
30000/32788
31000/32788
32000/32788
File 8 out of 25
Total Entries is:
38907
0/38907
1000/38907
2000/38907
3000/38907
4000/38907
5000/38907
6000/38907
7000/38907
8000/38907
9000/38907
10000/38907
11000/38907
12000/38907
13000/38907
14000/38907
15000/38907
16000/38907
17000/38907
18000/38907
19000/38907
20000/38907
21000/38907
22000/38907
23000/38907
24000/38907
25000/38907
26000/38907
27000/38907
28000/38907
29000/38907
30000/38907
31000/38907
32000/38907
33000/38907
34000/38907
35000/38907
36000/38907
37000/38907
38000/38907
File 9 out of 25
Total Entries is:
23635
0/23635
1000/23635
2000/23635
3000/23635
4000/23635
5000/23635
6000/23635
7000/23635
8000/23635
9000/23635
10000/23635
11000/23635
12000/23635
13000/23635
14000/23635
15000/23635
16000/23635
17000/23635
18000/23635
19000/23635
20000/23635
21000/23635
22000/23635
23000/23635
File 10 out of 25
Total Entries is:
11438
0/11438
1000/11438
2000/11438
3000/11438
4000/11438
5000/11438
6000/11438
7000/11438
8000/11438
9000/11438
10000/11438
11000/11438
File 11 out of 25
Total Entries is:
27431
0/27431
1000/27431
2000/27431
3000/27431
4000/27431
5000/27431
6000/27431
7000/27431
8000/27431
9000/27431
10000/27431
11000/27431
12000/27431
13000/27431
14000/27431
15000/27431
16000/27431
17000/27431
18000/27431
19000/27431
20000/27431
21000/27431
22000/27431
23000/27431
24000/27431
25000/27431
26000/27431
27000/27431
File 12 out of 25
Total Entries is:
29417
0/29417
1000/29417
2000/29417
3000/29417
4000/29417
5000/29417
6000/29417
7000/29417
8000/29417
9000/29417
10000/29417
11000/29417
12000/29417
13000/29417
14000/29417
15000/29417
16000/29417
17000/29417
18000/29417
19000/29417
20000/29417
21000/29417
22000/29417
23000/29417
24000/29417
25000/29417
26000/29417
27000/29417
28000/29417
29000/29417
File 13 out of 25
Total Entries is:
16204
0/16204
1000/16204
2000/16204
3000/16204
4000/16204
5000/16204
6000/16204
7000/16204
8000/16204
9000/16204
10000/16204
11000/16204
12000/16204
13000/16204
14000/16204
15000/16204
16000/16204
File 14 out of 25
Total Entries is:
32633
0/32633
1000/32633
2000/32633
3000/32633
4000/32633
5000/32633
6000/32633
7000/32633
8000/32633
9000/32633
10000/32633
11000/32633
12000/32633
13000/32633
14000/32633
15000/32633
16000/32633
17000/32633
18000/32633
19000/32633
20000/32633
21000/32633
22000/32633
23000/32633
24000/32633
25000/32633
26000/32633
27000/32633
28000/32633
29000/32633
30000/32633
31000/32633
32000/32633
File 15 out of 25
Total Entries is:
33229
0/33229
1000/33229
2000/33229
3000/33229
4000/33229
5000/33229
6000/33229
7000/33229
8000/33229
9000/33229
10000/33229
11000/33229
12000/33229
13000/33229
14000/33229
15000/33229
16000/33229
17000/33229
18000/33229
19000/33229
20000/33229
21000/33229
22000/33229
23000/33229
24000/33229
25000/33229
26000/33229
27000/33229
28000/33229
29000/33229
30000/33229
31000/33229
32000/33229
33000/33229
File 16 out of 25
Total Entries is:
18227
0/18227
1000/18227
2000/18227
3000/18227
4000/18227
5000/18227
6000/18227
7000/18227
8000/18227
9000/18227
10000/18227
11000/18227
12000/18227
13000/18227
14000/18227
15000/18227
16000/18227
17000/18227
18000/18227
File 17 out of 25
Total Entries is:
24556
0/24556
1000/24556
2000/24556
3000/24556
4000/24556
5000/24556
6000/24556
7000/24556
8000/24556
9000/24556
10000/24556
11000/24556
12000/24556
13000/24556
14000/24556
15000/24556
16000/24556
17000/24556
18000/24556
19000/24556
20000/24556
21000/24556
22000/24556
23000/24556
24000/24556
File 18 out of 25
Total Entries is:
31375
0/31375
1000/31375
2000/31375
3000/31375
4000/31375
5000/31375
6000/31375
7000/31375
8000/31375
9000/31375
10000/31375
11000/31375
12000/31375
13000/31375
14000/31375
15000/31375
16000/31375
17000/31375
18000/31375
19000/31375
20000/31375
21000/31375
22000/31375
23000/31375
24000/31375
25000/31375
26000/31375
27000/31375
28000/31375
29000/31375
30000/31375
31000/31375
File 19 out of 25
Total Entries is:
34194
0/34194
1000/34194
2000/34194
3000/34194
4000/34194
5000/34194
6000/34194
7000/34194
8000/34194
9000/34194
10000/34194
11000/34194
12000/34194
13000/34194
14000/34194
15000/34194
16000/34194
17000/34194
18000/34194
19000/34194
20000/34194
21000/34194
22000/34194
23000/34194
24000/34194
25000/34194
26000/34194
27000/34194
28000/34194
29000/34194
30000/34194
31000/34194
32000/34194
33000/34194
34000/34194
File 20 out of 25
Total Entries is:
29221
0/29221
1000/29221
2000/29221
3000/29221
4000/29221
5000/29221
6000/29221
7000/29221
8000/29221
9000/29221
10000/29221
11000/29221
12000/29221
13000/29221
14000/29221
15000/29221
16000/29221
17000/29221
18000/29221
19000/29221
20000/29221
21000/29221
22000/29221
23000/29221
24000/29221
25000/29221
26000/29221
27000/29221
28000/29221
29000/29221
File 21 out of 25
Total Entries is:
30160
0/30160
1000/30160
2000/30160
3000/30160
4000/30160
5000/30160
6000/30160
7000/30160
8000/30160
9000/30160
10000/30160
11000/30160
12000/30160
13000/30160
14000/30160
15000/30160
16000/30160
17000/30160
18000/30160
19000/30160
20000/30160
21000/30160
22000/30160
23000/30160
24000/30160
25000/30160
26000/30160
27000/30160
28000/30160
29000/30160
30000/30160
File 22 out of 25
Total Entries is:
17940
0/17940
1000/17940
2000/17940
3000/17940
4000/17940
5000/17940
6000/17940
7000/17940
8000/17940
9000/17940
10000/17940
11000/17940
12000/17940
13000/17940
14000/17940
15000/17940
16000/17940
17000/17940
File 23 out of 25
Total Entries is:
25915
0/25915
1000/25915
2000/25915
3000/25915
4000/25915
5000/25915
6000/25915
7000/25915
8000/25915
9000/25915
10000/25915
11000/25915
12000/25915
13000/25915
14000/25915
15000/25915
16000/25915
17000/25915
18000/25915
19000/25915
20000/25915
21000/25915
22000/25915
23000/25915
24000/25915
25000/25915
File 24 out of 25
Total Entries is:
23713
0/23713
1000/23713
2000/23713
3000/23713
4000/23713
5000/23713
6000/23713
7000/23713
8000/23713
9000/23713
10000/23713
11000/23713
12000/23713
13000/23713
14000/23713
15000/23713
16000/23713
17000/23713
18000/23713
19000/23713
20000/23713
21000/23713
22000/23713
23000/23713
File 25 out of 25
Total Entries is:
36400
0/36400
1000/36400
2000/36400
3000/36400
4000/36400
5000/36400
6000/36400
7000/36400
8000/36400
9000/36400
10000/36400
11000/36400
12000/36400
13000/36400
14000/36400
15000/36400
16000/36400
17000/36400
18000/36400
19000/36400
20000/36400
21000/36400
22000/36400
23000/36400
24000/36400
25000/36400
26000/36400
27000/36400
28000/36400
29000/36400
30000/36400
31000/36400
32000/36400
33000/36400
34000/36400
35000/36400
36000/36400
skipper is: 344792454
tripper is: 378857416
ppt is 1 and trk is 1
***
hSig ent are: 28390592 ... and hBack ent are: 2.83939e+08
***
ppt is 2 and trk is 1
***
hSig ent are: 598180 ... and hBack ent are: 5.98536e+06
***
ppt is 3 and trk is 1
***
hSig ent are: 355720 ... and hBack ent are: 3.55888e+06
***
ppt is 1 and trk is 2
***
hSig ent are: 246495644 ... and hBack ent are: 2.46497e+09
***
ppt is 2 and trk is 2
***
hSig ent are: 10968936 ... and hBack ent are: 1.09694e+08
***
ppt is 3 and trk is 2
***
hSig ent are: 12614764 ... and hBack ent are: 1.26169e+08
***
ppt is 1 and trk is 3
***
hSig ent are: 260127380 ... and hBack ent are: 2.60136e+09
***
ppt is 2 and trk is 3
***
hSig ent are: 19129024 ... and hBack ent are: 1.9131e+08
***
ppt is 3 and trk is 3
***
hSig ent are: 28129616 ... and hBack ent are: 2.81317e+08
***
ppt is 1 and trk is 4
***
hSig ent are: 98226668 ... and hBack ent are: 9.8229e+08
***
ppt is 2 and trk is 4
***
hSig ent are: 9437516 ... and hBack ent are: 9.43909e+07
***
ppt is 3 and trk is 4
***
hSig ent are: 15464612 ... and hBack ent are: 1.54667e+08
***
ppt is 1 and trk is 5
***
hSig ent are: 18807424 ... and hBack ent are: 1.88088e+08
***
ppt is 2 and trk is 5
***
hSig ent are: 2010436 ... and hBack ent are: 2.01107e+07
***
ppt is 3 and trk is 5
***
hSig ent are: 3459116 ... and hBack ent are: 3.4592e+07
***
ppt is 1 and trk is 6
***
hSig ent are: 2330228 ... and hBack ent are: 2.33048e+07
***
ppt is 2 and trk is 6
***
hSig ent are: 269384 ... and hBack ent are: 2.69452e+06
***
ppt is 3 and trk is 6
***
hSig ent are: 523836 ... and hBack ent are: 5.24181e+06
***
ppt is 1 and trk is 7
***
hSig ent are: 289988 ... and hBack ent are: 2.90191e+06
***
ppt is 2 and trk is 7
***
hSig ent are: 31420 ... and hBack ent are: 315282
***
ppt is 3 and trk is 7
***
hSig ent are: 54348 ... and hBack ent are: 543906
***
Time: 1939.51 seconds.
Split Times (in seconds)...
Start Up        0          (0 %)
Opening Files   0.125      (0.00647 %)
Loading Events  793        (40.9 %)
Event Selection 410        (21.2 %)
Jet Selection   0.153      (0.0079 %)
Track Loops     413        (21.3 %)
EndJob          323        (16.6 %)
Split Total: 1.94e+03s
